============================================================
  Generated by:           Genus(TM) Synthesis Solution 21.18-s082_1
  Generated on:           Sep 15 2025  10:24:59 pm
  Module:                 Square_root
  Operating conditions:   PVT_0P9V_125C 
  Operating conditions:   PVT_1P32V_0C 
  Interconnect mode:      global
  Area mode:              physical library
============================================================

                                              Library 
   Gate    Instances    Area       Library     Domain 
------------------------------------------------------
ADDHX1             1     3.762    slow_vdd1v0   worst 
ADDHX2             4    20.520    slow_vdd1v0   worst 
AND2X1             4     5.472    slow_vdd1v0   worst 
AND2X4             2     5.472    slow_vdd1v0   worst 
AND2X8             1     4.446    slow_vdd1v0   worst 
AO21X1             1     2.394    slow_vdd1v0   worst 
AO21X2             1     2.736    slow_vdd1v0   worst 
AOI211X4           1     6.498    slow_vdd1v0   worst 
AOI21X1            1     1.710    slow_vdd1v0   worst 
AOI21X2            2     5.472    slow_vdd1v0   worst 
AOI21X4            3    15.390    slow_vdd1v0   worst 
AOI2BB1X2          1     3.078    slow_vdd1v0   worst 
AOI2BB1X4          1     4.104    slow_vdd1v0   worst 
AOI2BB2X4          2    15.048    slow_vdd1v0   worst 
BUFX20             1     8.208    slow_vdd1v0   worst 
BUFX3              1     2.052    slow_vdd1v0   worst 
BUFX6             10    30.780    slow_vdd1v0   worst 
BUFX8              4    15.048    slow_vdd1v0   worst 
CLKAND2X2          4     8.208    slow_vdd1v0   worst 
CLKAND2X3          3     9.234    slow_vdd1v0   worst 
CLKAND2X6          1     4.788    slow_vdd1v0   worst 
CLKBUFX16          4    27.360    slow_vdd1v0   worst 
CLKBUFX20          2    16.416    slow_vdd1v0   worst 
CLKINVX12          1     4.104    slow_vdd1v0   worst 
CLKINVX16          1     5.472    slow_vdd1v0   worst 
CLKINVX2           2     2.736    slow_vdd1v0   worst 
CLKINVX20          1     6.498    slow_vdd1v0   worst 
CLKINVX3           2     3.420    slow_vdd1v0   worst 
CLKINVX4           4     6.840    slow_vdd1v0   worst 
CLKINVX6           2     4.788    slow_vdd1v0   worst 
CLKINVX8           5    15.390    slow_vdd1v0   worst 
CLKMX2X2           1     3.078    slow_vdd1v0   worst 
CLKMX2X3           4    16.416    slow_vdd1v0   worst 
CLKXOR2X1          8    21.888    slow_vdd1v0   worst 
DFFRHQX1          79   486.324    slow_vdd1v0   worst 
DFFRHQX2           2    15.732    slow_vdd1v0   worst 
DFFRHQX4           9    86.184    slow_vdd1v0   worst 
DFFRHQX8           2    22.572    slow_vdd1v0   worst 
DFFRX1             4    27.360    slow_vdd1v0   worst 
DFFRX2             3    22.572    slow_vdd1v0   worst 
DFFRX4             5    47.880    slow_vdd1v0   worst 
DFFRXL             1     8.550    slow_vdd1v0   worst 
DFFSHQX1           5    32.490    slow_vdd1v0   worst 
DFFSHQX8           2    21.204    slow_vdd1v0   worst 
INVX1              5     3.420    slow_vdd1v0   worst 
INVX2              7     7.182    slow_vdd1v0   worst 
INVX3              2     2.736    slow_vdd1v0   worst 
MX2X1             97   232.218    slow_vdd1v0   worst 
MX3X1              2    10.260    slow_vdd1v0   worst 
MXI3X1             1     6.498    slow_vdd1v0   worst 
NAND2X1            3     3.078    slow_vdd1v0   worst 
NAND2X2            2     3.420    slow_vdd1v0   worst 
NAND2X4            4    13.680    slow_vdd1v0   worst 
NAND2X6            4    19.152    slow_vdd1v0   worst 
NOR2BX2            1     2.736    slow_vdd1v0   worst 
NOR2X1             2     2.052    slow_vdd1v0   worst 
NOR2X2             4     6.840    slow_vdd1v0   worst 
NOR2X4             8    24.624    slow_vdd1v0   worst 
NOR2X6             3    12.312    slow_vdd1v0   worst 
NOR2X8             3    16.416    slow_vdd1v0   worst 
OAI21X1            3     5.130    slow_vdd1v0   worst 
OAI21X2            2     6.156    slow_vdd1v0   worst 
OAI21X4            4    19.152    slow_vdd1v0   worst 
OAI22X4            2    12.996    slow_vdd1v0   worst 
OAI2BB1X1          1     1.710    slow_vdd1v0   worst 
OAI31X2            1     3.762    slow_vdd1v0   worst 
OR2X1              2     2.736    slow_vdd1v0   worst 
OR2X2              1     1.710    slow_vdd1v0   worst 
OR2X4              1     2.736    slow_vdd1v0   worst 
OR2X6              2     7.524    slow_vdd1v0   worst 
XNOR2X1            7    16.758    slow_vdd1v0   worst 
XNOR2X2            1     3.078    slow_vdd1v0   worst 
------------------------------------------------------
total            373  1529.766                


                                         
     Type      Instances   Area   Area % 
-----------------------------------------
sequential           112  770.868   50.4 
inverter              32   62.586    4.1 
buffer                22   99.864    6.5 
unresolved             1    0.000    0.0 
logic                207  596.448   39.0 
physical_cells         0    0.000    0.0 
-----------------------------------------
total                374 1529.766  100.0 

