============================================================
  Generated by:           Genus(TM) Synthesis Solution 21.18-s082_1
  Generated on:           Sep 15 2025  10:24:59 pm
  Module:                 Square_root
  Operating conditions:   PVT_0P9V_125C 
  Operating conditions:   PVT_1P32V_0C 
  Interconnect mode:      global
  Area mode:              physical library
============================================================


Path 1: MET (1 ps) Setup Check with Pin DATA_PATH/PIPELINE_STAGE4_Co_Square_S4_reg_sig_q_reg/CK->D
          Group: clk
     Startpoint: (R) CONTROL_PATH_CurrentState_reg[1]/CK
          Clock: (R) clk
       Endpoint: (R) DATA_PATH/PIPELINE_STAGE4_Co_Square_S4_reg_sig_q_reg/D
          Clock: (R) clk

                     Capture       Launch     
        Clock Edge:+    1290            0     
       Src Latency:+       0            0     
       Net Latency:+     100 (I)      100 (I) 
           Arrival:=    1390          100     
                                              
             Setup:-     146                  
       Uncertainty:-      50                  
     Required Time:=    1194                  
      Launch Clock:-     100                  
         Data Path:-    1094                  
             Slack:=       1                  

#-------------------------------------------------------------------------------------------------------------------------------
#                     Timing Point                       Flags   Arc   Edge   Cell     Fanout Load Trans Delay Arrival Instance 
#                                                                                             (fF)  (ps)  (ps)   (ps)  Location 
#-------------------------------------------------------------------------------------------------------------------------------
  CONTROL_PATH_CurrentState_reg[1]/CK                    -       -     R     (arrival)    112    -     0     0     100    (-,-) 
  CONTROL_PATH_CurrentState_reg[1]/Q                     -       CK->Q R     DFFRHQX4       7 18.1   119   309     409    (-,-) 
  fopt3/Y                                                -       A->Y  F     CLKINVX4       2  6.5    69    92     501    (-,-) 
  g94__5526/Y                                            -       B->Y  R     NOR2X4         1  3.7    70    73     574    (-,-) 
  g92__4319/Y                                            -       B->Y  R     OR2X6          6 16.0    73   125     699    (-,-) 
  DATA_PATH/fopt6971/Y                                   -       A->Y  F     CLKINVX8       8 21.7    94    84     783    (-,-) 
  DATA_PATH/g6756__9945/Y                                -       B->Y  F     OR2X2          1  4.3    82   192     976    (-,-) 
  DATA_PATH/g6616__8428/Y                                -       B0->Y R     AOI21X4        1  3.1    70    83    1058    (-,-) 
  DATA_PATH/g6605__6417/Y                                -       B0->Y R     AO21X2         1  3.2    66   135    1194    (-,-) 
  DATA_PATH/PIPELINE_STAGE4_Co_Square_S4_reg_sig_q_reg/D <<<     -     R     DFFRHQX4       1    -     -     0    1194    (-,-) 
#-------------------------------------------------------------------------------------------------------------------------------

