============================================================
  Generated by:           Genus(TM) Synthesis Solution 21.18-s082_1
  Generated on:           Sep 15 2025  10:24:59 pm
  Module:                 Square_root
  Operating conditions:   PVT_0P9V_125C 
  Operating conditions:   PVT_1P32V_0C 
  Interconnect mode:      global
  Area mode:              physical library
============================================================

Timing
--------

Clock Period 
-------------
clk   1290.0 


  Cost    Critical         Violating 
 Group   Path Slack  TNS     Paths   
-------------------------------------
clk             0.7   0.0          0 
default    No paths   0.0            
-------------------------------------
Total                 0.0          0 

Instance Count
--------------
Leaf Instance Count             373 
Physical Instance count           0 
Sequential Instance Count       112 
Combinational Instance Count    261 
Hierarchical Instance Count       2 

Area
----
Cell Area                          1529.766
Physical Cell Area                 0.000
Total Cell Area (Cell+Physical)    1529.766
Net Area                           428.297
Total Area (Cell+Physical+Net)     1958.063

Max Fanout                         112 (clk)
Min Fanout                         0 (rst_n)
Average Fanout                     2.2
Terms to net ratio                 3.3201
Terms to instance ratio            3.5871
Runtime                            22.115242000000002 seconds
Elapsed Runtime                    23 seconds
Genus peak memory usage            1453.36 
Innovus peak memory usage          no_value 
Hostname                           gmicro02
