============================================================
  Generated by:           Genus(TM) Synthesis Solution 21.18-s082_1
  Generated on:           Sep 30 2025  10:15:09 pm
  Module:                 BubbleSort
  Operating conditions:   PVT_0P9V_125C 
  Operating conditions:   PVT_1P32V_0C 
  Interconnect mode:      global
  Area mode:              physical library
============================================================

                                               Library 
   Gate     Instances    Area       Library     Domain 
-------------------------------------------------------
ADDHX1              1     3.762    slow_vdd1v0   worst 
AND2X1              7     9.576    slow_vdd1v0   worst 
AND2X2              1     1.710    slow_vdd1v0   worst 
AND2X6              1     3.762    slow_vdd1v0   worst 
AND2X8              1     4.446    slow_vdd1v0   worst 
AND3X1              1     2.394    slow_vdd1v0   worst 
AND4X8              1     6.156    slow_vdd1v0   worst 
AO21X1              2     4.788    slow_vdd1v0   worst 
AO22X1              1     2.736    slow_vdd1v0   worst 
AOI211X2            1     3.420    slow_vdd1v0   worst 
AOI21X1             2     3.420    slow_vdd1v0   worst 
AOI221X4            1     7.866    slow_vdd1v0   worst 
AOI22X1            34    69.768    slow_vdd1v0   worst 
AOI2BB1X1           2     4.104    slow_vdd1v0   worst 
AOI32X2             2     8.892    slow_vdd1v0   worst 
BUFX6              22    67.716    slow_vdd1v0   worst 
BUFX8              12    45.144    slow_vdd1v0   worst 
CLKAND2X12          1     7.524    slow_vdd1v0   worst 
CLKINVX16           3    16.416    slow_vdd1v0   worst 
CLKXOR2X1          66   180.576    slow_vdd1v0   worst 
DFFRHQX1          332  2043.792    slow_vdd1v0   worst 
DFFRHQX4           22   210.672    slow_vdd1v0   worst 
DFFRX1              4    27.360    slow_vdd1v0   worst 
DFFRX2             35   263.340    slow_vdd1v0   worst 
INVX1              24    16.416    slow_vdd1v0   worst 
INVX2               8     8.208    slow_vdd1v0   worst 
INVX20              1     6.498    slow_vdd1v0   worst 
INVX3               2     2.736    slow_vdd1v0   worst 
INVX6               1     2.394    slow_vdd1v0   worst 
MX2X1             387   926.478    slow_vdd1v0   worst 
NAND2BX1            5     6.840    slow_vdd1v0   worst 
NAND2BX2            7    16.758    slow_vdd1v0   worst 
NAND2X1             1     1.026    slow_vdd1v0   worst 
NAND2X2             5     8.550    slow_vdd1v0   worst 
NAND3BX4            1     5.130    slow_vdd1v0   worst 
NAND3X2             2     5.472    slow_vdd1v0   worst 
NAND4BX4            1     7.524    slow_vdd1v0   worst 
NAND4X6             1     8.550    slow_vdd1v0   worst 
NOR2BX1            10    13.680    slow_vdd1v0   worst 
NOR2BX2             2     5.472    slow_vdd1v0   worst 
NOR2X1              8     8.208    slow_vdd1v0   worst 
NOR2X2              4     6.840    slow_vdd1v0   worst 
NOR3BX1             1     2.052    slow_vdd1v0   worst 
NOR3X1              1     1.710    slow_vdd1v0   worst 
NOR4X2              3    10.260    slow_vdd1v0   worst 
NOR4X4              1     6.498    slow_vdd1v0   worst 
OA21X1              4     8.208    slow_vdd1v0   worst 
OA22X1              5    11.970    slow_vdd1v0   worst 
OAI211X4            2    12.996    slow_vdd1v0   worst 
OAI21X1             4     6.840    slow_vdd1v0   worst 
OAI21X2             4    12.312    slow_vdd1v0   worst 
OAI22X1             2     4.104    slow_vdd1v0   worst 
OAI22X2             1     3.420    slow_vdd1v0   worst 
OAI2BB1X1          40    68.400    slow_vdd1v0   worst 
OAI2BB1X2           1     3.078    slow_vdd1v0   worst 
OR2X1               8    10.944    slow_vdd1v0   worst 
OR2X6               1     3.762    slow_vdd1v0   worst 
OR2X8               1     4.446    slow_vdd1v0   worst 
OR3X1               7    14.364    slow_vdd1v0   worst 
OR4X1              17    34.884    slow_vdd1v0   worst 
-------------------------------------------------------
total            1128  4276.368                


                                         
     Type      Instances   Area   Area % 
-----------------------------------------
sequential           393 2545.164   59.5 
inverter              39   52.668    1.2 
buffer                34  112.860    2.6 
logic                662 1565.676   36.6 
physical_cells         0    0.000    0.0 
-----------------------------------------
total               1128 4276.368  100.0 

