============================================================
  Generated by:           Genus(TM) Synthesis Solution 21.18-s082_1
  Generated on:           Sep 30 2025  10:15:09 pm
  Module:                 BubbleSort
  Operating conditions:   PVT_0P9V_125C 
  Operating conditions:   PVT_1P32V_0C 
  Interconnect mode:      global
  Area mode:              physical library
============================================================

Timing
--------

Clock Period 
-------------
clk   3330.0 


  Cost    Critical         Violating 
 Group   Path Slack  TNS     Paths   
-------------------------------------
clk           145.8   0.0          0 
default    No paths   0.0            
-------------------------------------
Total                 0.0          0 

Instance Count
--------------
Leaf Instance Count             1128 
Physical Instance count            0 
Sequential Instance Count        393 
Combinational Instance Count     735 
Hierarchical Instance Count        0 

Area
----
Cell Area                          4276.368
Physical Cell Area                 0.000
Total Cell Area (Cell+Physical)    4276.368
Net Area                           1318.115
Total Area (Cell+Physical+Net)     5594.483

Max Fanout                         393 (clk)
Min Fanout                         0 (n_11)
Average Fanout                     2.4
Terms to net ratio                 3.7260
Terms to instance ratio            3.8582
Runtime                            27.759980000000006 seconds
Elapsed Runtime                    29 seconds
Genus peak memory usage            1400.05 
Innovus peak memory usage          no_value 
Hostname                           gmicro02
