============================================================
  Generated by:           Genus(TM) Synthesis Solution 21.18-s082_1
  Generated on:           Sep 08 2025  01:14:35 am
  Module:                 square_root_pipe
  Operating conditions:   PVT_0P9V_125C 
  Operating conditions:   PVT_1P32V_0C 
  Interconnect mode:      global
  Area mode:              physical library
============================================================

                                             Library 
   Gate    Instances   Area       Library     Domain 
-----------------------------------------------------
ADDHX1             1    3.762    slow_vdd1v0   worst 
AND2X1             3    4.104    slow_vdd1v0   worst 
AND2X8             1    4.446    slow_vdd1v0   worst 
AOI21X4            2   10.260    slow_vdd1v0   worst 
AOI22X4            2   12.312    slow_vdd1v0   worst 
AOI2BB1X4          2    8.208    slow_vdd1v0   worst 
AOI2BB2X4          1    7.524    slow_vdd1v0   worst 
BUFX2              6   10.260    slow_vdd1v0   worst 
BUFX6              8   24.624    slow_vdd1v0   worst 
CLKAND2X6          1    4.788    slow_vdd1v0   worst 
CLKAND2X8          1    5.814    slow_vdd1v0   worst 
CLKINVX12          1    4.104    slow_vdd1v0   worst 
CLKINVX3           1    1.710    slow_vdd1v0   worst 
CLKINVX4           2    3.420    slow_vdd1v0   worst 
CLKINVX6           3    7.182    slow_vdd1v0   worst 
CLKINVX8           1    3.078    slow_vdd1v0   worst 
CLKMX2X3           1    4.104    slow_vdd1v0   worst 
CLKXOR2X1          2    5.472    slow_vdd1v0   worst 
DFFRHQX1           1    6.156    slow_vdd1v0   worst 
DFFRHQX2           1    7.866    slow_vdd1v0   worst 
DFFRHQX4           7   67.032    slow_vdd1v0   worst 
DFFRHQX8           1   11.286    slow_vdd1v0   worst 
DFFSRHQX1          1   10.944    slow_vdd1v0   worst 
INVX1              2    1.368    slow_vdd1v0   worst 
INVX2              7    7.182    slow_vdd1v0   worst 
INVXL              1    0.684    slow_vdd1v0   worst 
MX2X1              3    7.182    slow_vdd1v0   worst 
MXI3X1             1    6.498    slow_vdd1v0   worst 
NAND2BX4           1    3.762    slow_vdd1v0   worst 
NAND2X1            1    1.026    slow_vdd1v0   worst 
NAND2X4            4   13.680    slow_vdd1v0   worst 
NAND3X2            1    2.736    slow_vdd1v0   worst 
NOR2X1             1    1.026    slow_vdd1v0   worst 
NOR2X2             5    8.550    slow_vdd1v0   worst 
NOR2X4             7   21.546    slow_vdd1v0   worst 
NOR2X6             3   12.312    slow_vdd1v0   worst 
NOR2X8             1    5.472    slow_vdd1v0   worst 
NOR3X4             1    5.130    slow_vdd1v0   worst 
NOR3X6             1    7.182    slow_vdd1v0   worst 
OAI21X2            1    3.078    slow_vdd1v0   worst 
OAI21X4            2    9.576    slow_vdd1v0   worst 
OR2X1              2    2.736    slow_vdd1v0   worst 
OR2X2              1    1.710    slow_vdd1v0   worst 
OR2X4              1    2.736    slow_vdd1v0   worst 
XNOR2X1            1    2.394    slow_vdd1v0   worst 
-----------------------------------------------------
total             98  356.022                


                                        
     Type      Instances   Area  Area % 
----------------------------------------
sequential            11 103.284   29.0 
inverter              18  28.728    8.1 
buffer                14  34.884    9.8 
logic                 55 189.126   53.1 
physical_cells         0   0.000    0.0 
----------------------------------------
total                 98 356.022  100.0 

