============================================================
  Generated by:           Genus(TM) Synthesis Solution 21.18-s082_1
  Generated on:           Sep 05 2025  10:25:04 am
  Module:                 square_root
  Operating conditions:   PVT_0P9V_125C 
  Operating conditions:   PVT_1P32V_0C 
  Interconnect mode:      global
  Area mode:              physical library
============================================================

Timing
--------

Clock Period 
-------------
clk    560.0 


  Cost    Critical         Violating 
 Group   Path Slack  TNS     Paths   
-------------------------------------
clk             0.5   0.0          0 
default    No paths   0.0            
-------------------------------------
Total                 0.0          0 

Instance Count
--------------
Leaf Instance Count             448 
Physical Instance count           0 
Sequential Instance Count        56 
Combinational Instance Count    392 
Hierarchical Instance Count       0 

Area
----
Cell Area                          1382.022
Physical Cell Area                 0.000
Total Cell Area (Cell+Physical)    1382.022
Net Area                           508.255
Total Area (Cell+Physical+Net)     1890.277

Max Fanout                         56 (clk)
Min Fanout                         0 (rst_n)
Average Fanout                     2.0
Terms to net ratio                 3.0329
Terms to instance ratio            3.2902
Runtime                            32.920353 seconds
Elapsed Runtime                    36 seconds
Genus peak memory usage            1630.46 
Innovus peak memory usage          no_value 
Hostname                           gmicro02
