============================================================
  Generated by:           Genus(TM) Synthesis Solution 21.18-s082_1
  Generated on:           Sep 05 2025  10:25:04 am
  Module:                 square_root
  Operating conditions:   PVT_0P9V_125C 
  Operating conditions:   PVT_1P32V_0C 
  Interconnect mode:      global
  Area mode:              physical library
============================================================

                                              Library 
   Gate    Instances    Area       Library     Domain 
------------------------------------------------------
ADDHX1            16    60.192    fast_vdd1v2    best 
ADDHX2             2    10.260    fast_vdd1v2    best 
ADDHX4             2    14.364    fast_vdd1v2    best 
AND2X1             4     5.472    fast_vdd1v2    best 
AND2X2             1     1.710    fast_vdd1v2    best 
AND2X4             4    10.944    fast_vdd1v2    best 
AND3X1             1     2.394    fast_vdd1v2    best 
AND3XL             1     2.052    fast_vdd1v2    best 
AO21X1             1     2.394    fast_vdd1v2    best 
AO22X1            32    87.552    fast_vdd1v2    best 
AOI21X1            1     1.710    fast_vdd1v2    best 
AOI21X2            1     2.736    fast_vdd1v2    best 
AOI21X4            4    20.520    fast_vdd1v2    best 
AOI221X2           1     4.446    fast_vdd1v2    best 
AOI221X4           1     7.866    fast_vdd1v2    best 
AOI22X2            1     3.762    fast_vdd1v2    best 
AOI2BB1X2          2     6.156    fast_vdd1v2    best 
AOI2BB1X4          2     8.208    fast_vdd1v2    best 
AOI31X1            1     2.052    fast_vdd1v2    best 
AOI31X2            3    10.260    fast_vdd1v2    best 
BUFX12             1     5.130    fast_vdd1v2    best 
BUFX2             28    47.880    fast_vdd1v2    best 
BUFX3              2     4.104    fast_vdd1v2    best 
BUFX6              3     9.234    fast_vdd1v2    best 
CLKAND2X2          2     4.104    fast_vdd1v2    best 
CLKAND2X3          2     6.156    fast_vdd1v2    best 
CLKINVX12          1     4.104    fast_vdd1v2    best 
CLKINVX4          10    17.100    fast_vdd1v2    best 
CLKINVX6           6    14.364    fast_vdd1v2    best 
CLKINVX8           4    12.312    fast_vdd1v2    best 
CLKMX2X2           7    21.546    fast_vdd1v2    best 
CLKMX2X3          13    53.352    fast_vdd1v2    best 
CLKXOR2X1          8    21.888    fast_vdd1v2    best 
DFFRHQX1          43   264.708    fast_vdd1v2    best 
DFFRHQX4           1     9.576    fast_vdd1v2    best 
DFFRHQX8           7    79.002    fast_vdd1v2    best 
DFFRX2             5    37.620    fast_vdd1v2    best 
INVX1             30    20.520    fast_vdd1v2    best 
INVX2             33    33.858    fast_vdd1v2    best 
INVX3             12    16.416    fast_vdd1v2    best 
MX2X1             20    47.880    fast_vdd1v2    best 
MXI2X1             1     2.736    fast_vdd1v2    best 
NAND2BX1           2     2.736    fast_vdd1v2    best 
NAND2BX4           3    11.286    fast_vdd1v2    best 
NAND2X1            7     7.182    fast_vdd1v2    best 
NAND2X2            9    15.390    fast_vdd1v2    best 
NAND2X4           20    68.400    fast_vdd1v2    best 
NAND2X6            6    28.728    fast_vdd1v2    best 
NAND3BX2           1     3.078    fast_vdd1v2    best 
NAND3BXL           1     1.710    fast_vdd1v2    best 
NAND3X1            1     1.710    fast_vdd1v2    best 
NAND3X2            1     2.736    fast_vdd1v2    best 
NAND3X4            1     4.788    fast_vdd1v2    best 
NOR2BX1            1     1.368    fast_vdd1v2    best 
NOR2X1             5     5.130    fast_vdd1v2    best 
NOR2X2             4     6.840    fast_vdd1v2    best 
NOR2X4             9    27.702    fast_vdd1v2    best 
NOR2X6             1     4.104    fast_vdd1v2    best 
NOR3X1             1     1.710    fast_vdd1v2    best 
NOR3X4             1     5.130    fast_vdd1v2    best 
NOR3X6             3    21.546    fast_vdd1v2    best 
NOR4BX1            1     2.394    fast_vdd1v2    best 
OAI21X1            1     1.710    fast_vdd1v2    best 
OAI21X2            4    12.312    fast_vdd1v2    best 
OAI21X4            5    23.940    fast_vdd1v2    best 
OAI22X2            2     6.840    fast_vdd1v2    best 
OAI22X4            4    25.992    fast_vdd1v2    best 
OAI2BB1X1          3     5.130    fast_vdd1v2    best 
OAI2BB1X4          3    13.338    fast_vdd1v2    best 
OAI31X1            1     2.052    fast_vdd1v2    best 
OAI32X2            1     4.446    fast_vdd1v2    best 
OR2X1              2     2.736    fast_vdd1v2    best 
OR2X2              3     5.130    fast_vdd1v2    best 
OR2X4              1     2.736    fast_vdd1v2    best 
OR2X6              1     3.762    fast_vdd1v2    best 
OR2X8              1     4.446    fast_vdd1v2    best 
XNOR2X1           15    35.910    fast_vdd1v2    best 
XNOR2X2            3     9.234    fast_vdd1v2    best 
------------------------------------------------------
total            448  1382.022                


                                         
     Type      Instances   Area   Area % 
-----------------------------------------
sequential            56  390.906   28.3 
inverter              96  118.674    8.6 
buffer                34   66.348    4.8 
logic                262  806.094   58.3 
physical_cells         0    0.000    0.0 
-----------------------------------------
total                448 1382.022  100.0 

