============================================================
  Generated by:           Genus(TM) Synthesis Solution 21.18-s082_1
  Generated on:           Sep 04 2025  02:04:17 pm
  Module:                 square_root
  Operating conditions:   PVT_0P9V_125C 
  Operating conditions:   PVT_1P32V_0C 
  Interconnect mode:      global
  Area mode:              physical library
============================================================

Timing
--------

Clock Period 
-------------
clk   2500.0 


  Cost    Critical         Violating 
 Group   Path Slack  TNS     Paths   
-------------------------------------
clk             1.0   0.0          0 
default    No paths   0.0            
-------------------------------------
Total                 0.0          0 

Instance Count
--------------
Leaf Instance Count             592 
Physical Instance count           0 
Sequential Instance Count        56 
Combinational Instance Count    536 
Hierarchical Instance Count       0 

Area
----
Cell Area                          1857.402
Physical Cell Area                 0.000
Total Cell Area (Cell+Physical)    1857.402
Net Area                           630.634
Total Area (Cell+Physical+Net)     2488.036

Max Fanout                         56 (clk)
Min Fanout                         0 (rst_n)
Average Fanout                     1.9
Terms to net ratio                 2.9287
Terms to instance ratio            3.0524
Runtime                            37.214843 seconds
Elapsed Runtime                    111 seconds
Genus peak memory usage            1670.39 
Innovus peak memory usage          no_value 
Hostname                           gmicro02
