============================================================
  Generated by:           Genus(TM) Synthesis Solution 21.18-s082_1
  Generated on:           Sep 04 2025  02:04:17 pm
  Module:                 square_root
  Operating conditions:   PVT_0P9V_125C 
  Operating conditions:   PVT_1P32V_0C 
  Interconnect mode:      global
  Area mode:              physical library
============================================================

                                              Library 
   Gate    Instances    Area       Library     Domain 
------------------------------------------------------
ADDHX1             6    22.572    slow_vdd1v0   worst 
ADDHX2             1     5.130    slow_vdd1v0   worst 
AND2X2             1     1.710    slow_vdd1v0   worst 
AND2X4             2     5.472    slow_vdd1v0   worst 
AND2X6             2     7.524    slow_vdd1v0   worst 
AO21X1             1     2.394    slow_vdd1v0   worst 
AO22X1            25    68.400    slow_vdd1v0   worst 
AO22X4             1     3.762    slow_vdd1v0   worst 
AOI211X2           1     3.420    slow_vdd1v0   worst 
AOI21X1            1     1.710    slow_vdd1v0   worst 
AOI21X4            6    30.780    slow_vdd1v0   worst 
AOI221X2           1     4.446    slow_vdd1v0   worst 
AOI221X4           2    15.732    slow_vdd1v0   worst 
AOI2BB1X1          1     2.052    slow_vdd1v0   worst 
AOI2BB1X4         26   106.704    slow_vdd1v0   worst 
AOI31X4            2    12.996    slow_vdd1v0   worst 
BUFX2             26    44.460    slow_vdd1v0   worst 
BUFX3              6    12.312    slow_vdd1v0   worst 
BUFX4              1     2.394    slow_vdd1v0   worst 
BUFX6             21    64.638    slow_vdd1v0   worst 
CLKAND2X2          2     4.104    slow_vdd1v0   worst 
CLKAND2X3          8    24.624    slow_vdd1v0   worst 
CLKAND2X6         12    57.456    slow_vdd1v0   worst 
CLKAND2X8          1     5.814    slow_vdd1v0   worst 
CLKINVX12          4    16.416    slow_vdd1v0   worst 
CLKINVX16          1     5.472    slow_vdd1v0   worst 
CLKINVX2           1     1.368    slow_vdd1v0   worst 
CLKINVX3           1     1.710    slow_vdd1v0   worst 
CLKINVX4          16    27.360    slow_vdd1v0   worst 
CLKINVX6          12    28.728    slow_vdd1v0   worst 
CLKINVX8           4    12.312    slow_vdd1v0   worst 
CLKMX2X3           7    28.728    slow_vdd1v0   worst 
CLKXOR2X1         10    27.360    slow_vdd1v0   worst 
DFFRHQX1          44   270.864    slow_vdd1v0   worst 
DFFRHQX2           2    15.732    slow_vdd1v0   worst 
DFFRHQX4           4    38.304    slow_vdd1v0   worst 
DFFRX2             6    45.144    slow_vdd1v0   worst 
INVX1             24    16.416    slow_vdd1v0   worst 
INVX2             56    57.456    slow_vdd1v0   worst 
INVX3             28    38.304    slow_vdd1v0   worst 
MX2X1             17    40.698    slow_vdd1v0   worst 
MXI2X4             1     5.130    slow_vdd1v0   worst 
NAND2BX1           1     1.368    slow_vdd1v0   worst 
NAND2X1            6     6.156    slow_vdd1v0   worst 
NAND2X2            9    15.390    slow_vdd1v0   worst 
NAND2X4            9    30.780    slow_vdd1v0   worst 
NAND2X6            7    33.516    slow_vdd1v0   worst 
NAND2X8            9    49.248    slow_vdd1v0   worst 
NAND3BX2           1     3.078    slow_vdd1v0   worst 
NOR2BX1            1     1.368    slow_vdd1v0   worst 
NOR2BX4            4    15.048    slow_vdd1v0   worst 
NOR2X1            10    10.260    slow_vdd1v0   worst 
NOR2X2             6    10.260    slow_vdd1v0   worst 
NOR2X4            39   120.042    slow_vdd1v0   worst 
NOR2X6            27   110.808    slow_vdd1v0   worst 
NOR2X8            13    71.136    slow_vdd1v0   worst 
NOR3BX4            3    17.442    slow_vdd1v0   worst 
NOR3X2             3     8.208    slow_vdd1v0   worst 
NOR3X6             2    14.364    slow_vdd1v0   worst 
OAI21X1            1     1.710    slow_vdd1v0   worst 
OAI21X2            1     3.078    slow_vdd1v0   worst 
OAI21X4            7    33.516    slow_vdd1v0   worst 
OAI22X4            2    12.996    slow_vdd1v0   worst 
OAI2BB1X1          2     3.420    slow_vdd1v0   worst 
OAI2BB1X2          6    18.468    slow_vdd1v0   worst 
OAI2BB1X4          2     8.892    slow_vdd1v0   worst 
OAI32X2            1     4.446    slow_vdd1v0   worst 
OR2X1              3     4.104    slow_vdd1v0   worst 
OR2X2              1     1.710    slow_vdd1v0   worst 
OR2X6              1     3.762    slow_vdd1v0   worst 
OR3X6              1     4.788    slow_vdd1v0   worst 
XNOR2X1           18    43.092    slow_vdd1v0   worst 
XNOR2X2            1     3.078    slow_vdd1v0   worst 
XNOR2X4            1     3.762    slow_vdd1v0   worst 
------------------------------------------------------
total            592  1857.402                


                                         
     Type      Instances   Area   Area % 
-----------------------------------------
sequential            56  370.044   19.9 
inverter             147  205.542   11.1 
buffer                54  123.804    6.7 
logic                335 1158.012   62.3 
physical_cells         0    0.000    0.0 
-----------------------------------------
total                592 1857.402  100.0 

