============================================================
  Generated by:           Genus(TM) Synthesis Solution 21.18-s082_1
  Generated on:           Sep 18 2025  12:23:44 am
  Module:                 Square_root
  Operating conditions:   PVT_0P9V_125C 
  Operating conditions:   PVT_1P32V_0C 
  Interconnect mode:      global
  Area mode:              physical library
============================================================

Timing
--------

Clock Period 
-------------
clk   2850.0 


  Cost    Critical         Violating 
 Group   Path Slack  TNS     Paths   
-------------------------------------
clk           121.3   0.0          0 
default    No paths   0.0            
-------------------------------------
Total                 0.0          0 

Instance Count
--------------
Leaf Instance Count             243 
Physical Instance count           0 
Sequential Instance Count        63 
Combinational Instance Count    180 
Hierarchical Instance Count       0 

Area
----
Cell Area                          838.242
Physical Cell Area                 0.000
Total Cell Area (Cell+Physical)    838.242
Net Area                           292.044
Total Area (Cell+Physical+Net)     1130.286

Max Fanout                         62 (clk)
Min Fanout                         0 (rst_n)
Average Fanout                     2.0
Terms to net ratio                 3.1767
Terms to instance ratio            3.6996
Runtime                            19.731043 seconds
Elapsed Runtime                    21 seconds
Genus peak memory usage            1401.64 
Innovus peak memory usage          no_value 
Hostname                           gmicro02
