============================================================
  Generated by:           Genus(TM) Synthesis Solution 21.18-s082_1
  Generated on:           Sep 18 2025  12:23:44 am
  Module:                 Square_root
  Operating conditions:   PVT_0P9V_125C 
  Operating conditions:   PVT_1P32V_0C 
  Interconnect mode:      global
  Area mode:              physical library
============================================================

                                             Library 
   Gate    Instances   Area       Library     Domain 
-----------------------------------------------------
ADDHX1            22   82.764    slow_vdd1v0   worst 
AND2X1             2    2.736    slow_vdd1v0   worst 
AND2X2             2    3.420    slow_vdd1v0   worst 
AND2X8             1    4.446    slow_vdd1v0   worst 
AOI21X1            4    6.840    slow_vdd1v0   worst 
AOI21X2            1    2.736    slow_vdd1v0   worst 
AOI221X2           1    4.446    slow_vdd1v0   worst 
AOI22X1            1    2.052    slow_vdd1v0   worst 
AOI2BB1X1          2    4.104    slow_vdd1v0   worst 
AOI2BB1X2          1    3.078    slow_vdd1v0   worst 
AOI2BB1X4          1    4.104    slow_vdd1v0   worst 
AOI31X2            1    3.420    slow_vdd1v0   worst 
CLKMX2X3           1    4.104    slow_vdd1v0   worst 
CLKXOR2X1          5   13.680    slow_vdd1v0   worst 
DFFRHQX1          49  301.644    slow_vdd1v0   worst 
DFFRHQX4           1    9.576    slow_vdd1v0   worst 
DFFRHQX8           8   90.288    slow_vdd1v0   worst 
DFFRX2             2   15.048    slow_vdd1v0   worst 
DFFSHQX1           1    6.498    slow_vdd1v0   worst 
DFFSHQX8           1   10.602    slow_vdd1v0   worst 
INVX1             11    7.524    slow_vdd1v0   worst 
INVX2              5    5.130    slow_vdd1v0   worst 
INVXL              1    0.684    slow_vdd1v0   worst 
MX2X1             57  136.458    slow_vdd1v0   worst 
NAND2BX1           3    4.104    slow_vdd1v0   worst 
NAND2BX2           1    2.394    slow_vdd1v0   worst 
NAND2X1            6    6.156    slow_vdd1v0   worst 
NAND2X2            3    5.130    slow_vdd1v0   worst 
NOR2BX1            8   10.944    slow_vdd1v0   worst 
NOR2X1             4    4.104    slow_vdd1v0   worst 
NOR2X2             3    5.130    slow_vdd1v0   worst 
NOR4X2             1    3.420    slow_vdd1v0   worst 
OA21X1             4    8.208    slow_vdd1v0   worst 
OA22X1             1    2.394    slow_vdd1v0   worst 
OAI21X1            1    1.710    slow_vdd1v0   worst 
OAI21X2            1    3.078    slow_vdd1v0   worst 
OAI21X4            1    4.788    slow_vdd1v0   worst 
OAI22X1            2    4.104    slow_vdd1v0   worst 
OAI22X2            1    3.420    slow_vdd1v0   worst 
OAI2BB1X1          3    5.130    slow_vdd1v0   worst 
OR2X1              8   10.944    slow_vdd1v0   worst 
OR3X1              4    8.208    slow_vdd1v0   worst 
OR4X1              1    2.052    slow_vdd1v0   worst 
TLATX1             1    5.472    slow_vdd1v0   worst 
XNOR2X1            5   11.970    slow_vdd1v0   worst 
-----------------------------------------------------
total            243  838.242                


                                        
     Type      Instances   Area  Area % 
----------------------------------------
sequential            63 439.128   52.4 
inverter              17  13.338    1.6 
logic                163 385.776   46.0 
physical_cells         0   0.000    0.0 
----------------------------------------
total                243 838.242  100.0 

