============================================================
  Generated by:           Genus(TM) Synthesis Solution 21.18-s082_1
  Generated on:           Sep 18 2025  12:23:44 am
  Module:                 Square_root
  Operating conditions:   PVT_0P9V_125C 
  Operating conditions:   PVT_1P32V_0C 
  Interconnect mode:      global
  Area mode:              physical library
============================================================


Path 1: MET (121 ps) Setup Check with Pin DATA_PATH_PIPELINE_STAGE2_Co_reg_sig_q_reg/CK->D
          Group: clk
     Startpoint: (R) DATA_PATH_PIPELINE_STAGE1_square_reg_reg[3].dffn_sig_q_reg/CK
          Clock: (R) clk
       Endpoint: (F) DATA_PATH_PIPELINE_STAGE2_Co_reg_sig_q_reg/D
          Clock: (R) clk

                     Capture       Launch     
        Clock Edge:+    2850            0     
       Src Latency:+       0            0     
       Net Latency:+     100 (I)      100 (I) 
           Arrival:=    2950          100     
                                              
             Setup:-      94                  
       Uncertainty:-      50                  
     Required Time:=    2806                  
      Launch Clock:-     100                  
         Data Path:-    2584                  
             Slack:=     121                  

#---------------------------------------------------------------------------------------------------------------------------------------
#                         Timing Point                          Flags    Arc   Edge   Cell     Fanout Load Trans Delay Arrival Instance 
#                                                                                                     (fF)  (ps)  (ps)   (ps)  Location 
#---------------------------------------------------------------------------------------------------------------------------------------
  DATA_PATH_PIPELINE_STAGE1_square_reg_reg[3].dffn_sig_q_reg/CK -       -      R     (arrival)     62    -     0     0     100    (-,-) 
  DATA_PATH_PIPELINE_STAGE1_square_reg_reg[3].dffn_sig_q_reg/QN -       CK->QN F     DFFRX2         4  9.3   133   373     473    (-,-) 
  g5736/Y                                                       -       A->Y   R     INVX2          3  7.2   100   118     591    (-,-) 
  g5702__6260/Y                                                 -       B->Y   R     CLKMX2X3       2  6.4    76   234     825    (-,-) 
  g5576__8246/Y                                                 -       A1->Y  F     OAI21X4        2  5.4   130   120     945    (-,-) 
  g5564__4319/Y                                                 -       B->Y   R     NAND2X2        1  3.3    65    97    1042    (-,-) 
  g5551__9945/Y                                                 -       B->Y   F     NAND2BX1       1  3.4   217   167    1209    (-,-) 
  g5534__2802/CO                                                -       B->CO  F     ADDHX1         1  3.1    91   188    1397    (-,-) 
  g5533__5526/Y                                                 -       B->Y   F     OR2X1          1  3.4   101   170    1567    (-,-) 
  g5521__9945/CO                                                -       B->CO  F     ADDHX1         1  3.1    91   136    1702    (-,-) 
  g5520__4733/Y                                                 -       B->Y   F     OR2X1          1  3.4   101   170    1872    (-,-) 
  g5513__8246/CO                                                -       B->CO  F     ADDHX1         1  3.1    91   136    2007    (-,-) 
  g5511__1705/Y                                                 -       B->Y   F     OR2X1          1  3.4   101   170    2177    (-,-) 
  g5505__6783/CO                                                -       B->CO  F     ADDHX1         1  3.1    91   136    2312    (-,-) 
  g5502__4319/Y                                                 -       B->Y   F     OR2X1          1  3.1    94   166    2478    (-,-) 
  g5498__5107/Y                                                 -       B->Y   F     MX2X1          1  3.2   100   206    2684    (-,-) 
  DATA_PATH_PIPELINE_STAGE2_Co_reg_sig_q_reg/D                  <<<     -      F     DFFRHQX1       1    -     -     0    2684    (-,-) 
#---------------------------------------------------------------------------------------------------------------------------------------

