============================================================
  Generated by:           Genus(TM) Synthesis Solution 21.18-s082_1
  Generated on:           Oct 01 2025  12:22:40 am
  Module:                 BubbleSort
  Operating conditions:   PVT_0P9V_125C 
  Operating conditions:   PVT_1P32V_0C 
  Interconnect mode:      global
  Area mode:              physical library
============================================================

                                              Library 
   Gate    Instances    Area       Library     Domain 
------------------------------------------------------
ADDHX1             1     3.762    fast_vdd1v2    best 
AND2X1             4     5.472    fast_vdd1v2    best 
AND2X2             1     1.710    fast_vdd1v2    best 
AND3X4             1     3.078    fast_vdd1v2    best 
AND4X2             1     3.078    fast_vdd1v2    best 
AOI21X1            5     8.550    fast_vdd1v2    best 
AOI221X1           1     2.394    fast_vdd1v2    best 
AOI22X1           35    71.820    fast_vdd1v2    best 
AOI2BB1X1          1     2.052    fast_vdd1v2    best 
AOI31X1            1     2.052    fast_vdd1v2    best 
AOI32X1            3     7.182    fast_vdd1v2    best 
BUFX2             92   157.320    fast_vdd1v2    best 
BUFX3              1     2.052    fast_vdd1v2    best 
BUFX6              2     6.156    fast_vdd1v2    best 
CLKBUFX2           1     1.710    fast_vdd1v2    best 
CLKXOR2X1          3     8.208    fast_vdd1v2    best 
DFFRHQX1         356  2191.536    fast_vdd1v2    best 
DFFRX1             1     6.840    fast_vdd1v2    best 
DFFRX2            32   240.768    fast_vdd1v2    best 
DFFX1              4    28.728    fast_vdd1v2    best 
INVX1             34    23.256    fast_vdd1v2    best 
INVX2              1     1.026    fast_vdd1v2    best 
INVXL              1     0.684    fast_vdd1v2    best 
MX2X1            384   919.296    fast_vdd1v2    best 
MXI2XL             3     7.182    fast_vdd1v2    best 
NAND2BX1          17    23.256    fast_vdd1v2    best 
NAND2X1            4     4.104    fast_vdd1v2    best 
NAND2X4            1     3.420    fast_vdd1v2    best 
NAND3BXL           3     5.130    fast_vdd1v2    best 
NAND4BX1           1     2.394    fast_vdd1v2    best 
NAND4XL           15    25.650    fast_vdd1v2    best 
NOR2BX1            8    10.944    fast_vdd1v2    best 
NOR2BX4            1     3.762    fast_vdd1v2    best 
NOR2X1            11    11.286    fast_vdd1v2    best 
NOR3BX1            1     2.052    fast_vdd1v2    best 
NOR4BX1            2     4.788    fast_vdd1v2    best 
NOR4X1             3     5.130    fast_vdd1v2    best 
OA21X1             2     4.104    fast_vdd1v2    best 
OA22X1             2     4.788    fast_vdd1v2    best 
OAI211X1           8    13.680    fast_vdd1v2    best 
OAI221X1           1     2.394    fast_vdd1v2    best 
OAI222X1           3     8.208    fast_vdd1v2    best 
OAI22X1            2     4.104    fast_vdd1v2    best 
OAI2BB1X1         40    68.400    fast_vdd1v2    best 
OAI32X1            1     2.394    fast_vdd1v2    best 
OR2X1              4     5.472    fast_vdd1v2    best 
OR3X1              3     6.156    fast_vdd1v2    best 
OR4X1              3     6.156    fast_vdd1v2    best 
XNOR2X1           63   150.822    fast_vdd1v2    best 
------------------------------------------------------
total           1168  4084.506                


                                         
     Type      Instances   Area   Area % 
-----------------------------------------
sequential           393 2467.872   60.4 
inverter              36   24.966    0.6 
buffer                96  167.238    4.1 
logic                643 1424.430   34.9 
physical_cells         0    0.000    0.0 
-----------------------------------------
total               1168 4084.506  100.0 

