============================================================
  Generated by:           Genus(TM) Synthesis Solution 21.18-s082_1
  Generated on:           Oct 01 2025  12:22:40 am
  Module:                 BubbleSort
  Operating conditions:   PVT_0P9V_125C 
  Operating conditions:   PVT_1P32V_0C 
  Interconnect mode:      global
  Area mode:              physical library
============================================================

Timing
--------

Clock Period 
-------------
clk   1000.0 


  Cost    Critical         Violating 
 Group   Path Slack  TNS     Paths   
-------------------------------------
clk           156.3   0.0          0 
default    No paths   0.0            
-------------------------------------
Total                 0.0          0 

Instance Count
--------------
Leaf Instance Count             1168 
Physical Instance count            0 
Sequential Instance Count        393 
Combinational Instance Count     775 
Hierarchical Instance Count        0 

Area
----
Cell Area                          4084.506
Physical Cell Area                 0.000
Total Cell Area (Cell+Physical)    4084.506
Net Area                           1347.099
Total Area (Cell+Physical+Net)     5431.605

Max Fanout                         393 (clk)
Min Fanout                         0 (n_614)
Average Fanout                     2.4
Terms to net ratio                 3.6573
Terms to instance ratio            3.7825
Runtime                            28.89326 seconds
Elapsed Runtime                    31 seconds
Genus peak memory usage            1400.32 
Innovus peak memory usage          no_value 
Hostname                           gmicro02
