============================================================
  Generated by:           Genus(TM) Synthesis Solution 21.18-s082_1
  Generated on:           Sep 04 2025  05:43:31 pm
  Module:                 square_root
  Operating conditions:   PVT_0P9V_125C 
  Operating conditions:   PVT_1P32V_0C 
  Interconnect mode:      global
  Area mode:              physical library
============================================================


Path 1: MET (16 ps) Setup Check with Pin DATA_PATH_2_ROOT_REG_reg[7].dffn_sig_q_reg/CK->D
          Group: clk
     Startpoint: (R) CONTROL_PATH_CurrentState_reg[1]/CK
          Clock: (R) clk
       Endpoint: (F) DATA_PATH_2_ROOT_REG_reg[7].dffn_sig_q_reg/D
          Clock: (R) clk

                     Capture       Launch     
        Clock Edge:+     670            0     
       Src Latency:+       0            0     
       Net Latency:+     100 (I)      100 (I) 
           Arrival:=     770          100     
                                              
             Setup:-      11                  
       Uncertainty:-      50                  
     Required Time:=     709                  
      Launch Clock:-     100                  
         Data Path:-     594                  
             Slack:=      16                  

#----------------------------------------------------------------------------------------------------------------------
#                Timing Point                  Flags    Arc   Edge   Cell     Fanout Load Trans Delay Arrival Instance 
#                                                                                    (fF)  (ps)  (ps)   (ps)  Location 
#----------------------------------------------------------------------------------------------------------------------
  CONTROL_PATH_CurrentState_reg[1]/CK          -       -      R     (arrival)     61    -     0     0     100    (-,-) 
  CONTROL_PATH_CurrentState_reg[1]/Q           -       CK->Q  R     DFFRHQX4       4 19.4    33    62     162    (-,-) 
  g7902/Y                                      -       A->Y   R     BUFX12         7 22.0    17    27     189    (-,-) 
  g7899/Y                                      -       A->Y   F     CLKINVX8       2  9.0    11    10     199    (-,-) 
  g7898/Y                                      -       A->Y   R     CLKINVX6       4 10.9    13    11     210    (-,-) 
  g7825__1666/Y                                -       B->Y   F     XNOR2X1        1  3.5    22    32     242    (-,-) 
  g7695__1617/S                                -       A->S   R     ADDHX1         2  5.8    35    48     290    (-,-) 
  g7647__4319/Y                                -       A0->Y  F     AOI21X2        2  5.9    43    33     323    (-,-) 
  g7623__8246/Y                                -       A1->Y  R     OAI21X2        2  7.0    50    36     360    (-,-) 
  g7602__2883/Y                                -       A1->Y  F     AOI221X4       1  3.4    37    30     390    (-,-) 
  g7585__2802/Y                                -       B->Y   R     XNOR2X2        3  9.8    33    48     438    (-,-) 
  g7558__7482/Y                                -       A->Y   F     NAND2X6        4 10.5    28    23     460    (-,-) 
  g7545__1705/Y                                -       B->Y   R     NOR2X4         2  6.9    27    19     479    (-,-) 
  g7537__6260/Y                                -       B->Y   F     NAND2X4        3  7.7    30    22     501    (-,-) 
  g7534__2346/Y                                -       B->Y   F     OR2X6          4  8.8    16    32     532    (-,-) 
  g7523__7482/Y                                -       B->Y   F     OR2X1          1  3.9    24    32     564    (-,-) 
  g7516__1617/Y                                -       A1->Y  R     AOI21X2        2  5.0    43    26     590    (-,-) 
  g7509__5526/Y                                -       B0->Y  R     OA21X1         2  5.4    33    42     632    (-,-) 
  g7507__6260/Y                                -       B0->Y  F     OAI2BB1X1      1  3.2    38    30     662    (-,-) 
  g7502__2398/Y                                -       A1N->Y F     OAI2BB1X2      1  3.3    24    31     694    (-,-) 
  DATA_PATH_2_ROOT_REG_reg[7].dffn_sig_q_reg/D <<<     -      F     DFFRHQX8       1    -     -     0     694    (-,-) 
#----------------------------------------------------------------------------------------------------------------------

