============================================================
  Generated by:           Genus(TM) Synthesis Solution 21.18-s082_1
  Generated on:           Sep 04 2025  05:43:31 pm
  Module:                 square_root
  Operating conditions:   PVT_0P9V_125C 
  Operating conditions:   PVT_1P32V_0C 
  Interconnect mode:      global
  Area mode:              physical library
============================================================

                                              Library 
   Gate    Instances    Area       Library     Domain 
------------------------------------------------------
ADDHX1            15    56.430    fast_vdd1v2    best 
ADDHX2             4    20.520    fast_vdd1v2    best 
ADDHX4             2    14.364    fast_vdd1v2    best 
AND2X1             1     1.368    fast_vdd1v2    best 
AND2X2             2     3.420    fast_vdd1v2    best 
AND2X4             1     2.736    fast_vdd1v2    best 
AO22X1            29    79.344    fast_vdd1v2    best 
AOI211X4           1     6.498    fast_vdd1v2    best 
AOI21X1            7    11.970    fast_vdd1v2    best 
AOI21X2            5    13.680    fast_vdd1v2    best 
AOI21X4            3    15.390    fast_vdd1v2    best 
AOI221X4           1     7.866    fast_vdd1v2    best 
AOI22X2            2     7.524    fast_vdd1v2    best 
AOI2BB1X1          1     2.052    fast_vdd1v2    best 
AOI2BB1X2          1     3.078    fast_vdd1v2    best 
AOI2BB1X4          2     8.208    fast_vdd1v2    best 
AOI2BB2X4          2    15.048    fast_vdd1v2    best 
BUFX12             2    10.260    fast_vdd1v2    best 
BUFX2             26    44.460    fast_vdd1v2    best 
BUFX3              3     6.156    fast_vdd1v2    best 
BUFX6              1     3.078    fast_vdd1v2    best 
CLKAND2X2          2     4.104    fast_vdd1v2    best 
CLKAND2X3          1     3.078    fast_vdd1v2    best 
CLKAND2X6          3    14.364    fast_vdd1v2    best 
CLKINVX12          1     4.104    fast_vdd1v2    best 
CLKINVX4           7    11.970    fast_vdd1v2    best 
CLKINVX6           5    11.970    fast_vdd1v2    best 
CLKINVX8           2     6.156    fast_vdd1v2    best 
CLKMX2X2           2     6.156    fast_vdd1v2    best 
CLKMX2X3          10    41.040    fast_vdd1v2    best 
CLKXOR2X1          7    19.152    fast_vdd1v2    best 
DFFRHQX1          53   326.268    fast_vdd1v2    best 
DFFRHQX4           1     9.576    fast_vdd1v2    best 
DFFRHQX8           7    79.002    fast_vdd1v2    best 
INVX1             29    19.836    fast_vdd1v2    best 
INVX2             27    27.702    fast_vdd1v2    best 
INVX3             10    13.680    fast_vdd1v2    best 
MX2X1             21    50.274    fast_vdd1v2    best 
MXI2XL             1     2.394    fast_vdd1v2    best 
NAND2BX1           2     2.736    fast_vdd1v2    best 
NAND2BX2           1     2.394    fast_vdd1v2    best 
NAND2BX4           2     7.524    fast_vdd1v2    best 
NAND2X1            9     9.234    fast_vdd1v2    best 
NAND2X2            4     6.840    fast_vdd1v2    best 
NAND2X4            8    27.360    fast_vdd1v2    best 
NAND2X6            4    19.152    fast_vdd1v2    best 
NAND3BX1           1     2.052    fast_vdd1v2    best 
NAND3X1            1     1.710    fast_vdd1v2    best 
NAND4X2            1     3.762    fast_vdd1v2    best 
NAND4X4            1     6.840    fast_vdd1v2    best 
NOR2BX1            1     1.368    fast_vdd1v2    best 
NOR2BX4            1     3.762    fast_vdd1v2    best 
NOR2X1             5     5.130    fast_vdd1v2    best 
NOR2X2             3     5.130    fast_vdd1v2    best 
NOR2X4            11    33.858    fast_vdd1v2    best 
NOR2X6             2     8.208    fast_vdd1v2    best 
NOR3BX4            1     5.814    fast_vdd1v2    best 
OA21X1             4     8.208    fast_vdd1v2    best 
OA21X4             1     3.762    fast_vdd1v2    best 
OAI21X1            4     6.840    fast_vdd1v2    best 
OAI21X2            1     3.078    fast_vdd1v2    best 
OAI21X4            3    14.364    fast_vdd1v2    best 
OAI22X1            4     8.208    fast_vdd1v2    best 
OAI22X2            3    10.260    fast_vdd1v2    best 
OAI22X4            4    25.992    fast_vdd1v2    best 
OAI2BB1X1          4     6.840    fast_vdd1v2    best 
OAI2BB1X2          3     9.234    fast_vdd1v2    best 
OAI2BB1X4          1     4.446    fast_vdd1v2    best 
OAI31X1            4     8.208    fast_vdd1v2    best 
OAI31X2            2     7.524    fast_vdd1v2    best 
OAI31X4            1     6.840    fast_vdd1v2    best 
OAI32X1            5    11.970    fast_vdd1v2    best 
OR2X1              6     8.208    fast_vdd1v2    best 
OR2X4              2     5.472    fast_vdd1v2    best 
OR2X6              2     7.524    fast_vdd1v2    best 
OR3X1              1     2.052    fast_vdd1v2    best 
OR4X1              1     2.052    fast_vdd1v2    best 
XNOR2X1           25    59.850    fast_vdd1v2    best 
XNOR2X2            3     9.234    fast_vdd1v2    best 
XOR2X4             1     4.104    fast_vdd1v2    best 
------------------------------------------------------
total            443  1371.420                


                                         
     Type      Instances   Area   Area % 
-----------------------------------------
sequential            61  414.846   30.2 
inverter              81   95.418    7.0 
buffer                32   63.954    4.7 
logic                269  797.202   58.1 
physical_cells         0    0.000    0.0 
-----------------------------------------
total                443 1371.420  100.0 

