============================================================
  Generated by:           Genus(TM) Synthesis Solution 21.18-s082_1
  Generated on:           Sep 04 2025  05:43:31 pm
  Module:                 square_root
  Operating conditions:   PVT_0P9V_125C 
  Operating conditions:   PVT_1P32V_0C 
  Interconnect mode:      global
  Area mode:              physical library
============================================================

Timing
--------

Clock Period 
-------------
clk    670.0 


  Cost    Critical         Violating 
 Group   Path Slack  TNS     Paths   
-------------------------------------
clk            15.5   0.0          0 
default    No paths   0.0            
-------------------------------------
Total                 0.0          0 

Instance Count
--------------
Leaf Instance Count             443 
Physical Instance count           0 
Sequential Instance Count        61 
Combinational Instance Count    382 
Hierarchical Instance Count       0 

Area
----
Cell Area                          1371.420
Physical Cell Area                 0.000
Total Cell Area (Cell+Physical)    1371.420
Net Area                           517.207
Total Area (Cell+Physical+Net)     1888.627

Max Fanout                         61 (clk)
Min Fanout                         0 (rst_n)
Average Fanout                     2.0
Terms to net ratio                 3.1203
Terms to instance ratio            3.3950
Runtime                            36.719697 seconds
Elapsed Runtime                    39 seconds
Genus peak memory usage            1680.66 
Innovus peak memory usage          no_value 
Hostname                           gmicro02
