============================================================
  Generated by:           Genus(TM) Synthesis Solution 21.18-s082_1
  Generated on:           Sep 08 2025  12:26:46 am
  Module:                 square_root
  Operating conditions:   PVT_0P9V_125C 
  Operating conditions:   PVT_1P32V_0C 
  Interconnect mode:      global
  Area mode:              physical library
============================================================

                                               Library 
   Gate     Instances    Area       Library     Domain 
-------------------------------------------------------
ADDHX1              1     3.762    slow_vdd1v0   worst 
ADDHX2              2    10.260    slow_vdd1v0   worst 
AND2X1              5     6.840    slow_vdd1v0   worst 
AND2X4              1     2.736    slow_vdd1v0   worst 
AND2X6              5    18.810    slow_vdd1v0   worst 
AO21X4              2     6.840    slow_vdd1v0   worst 
AO22X1             22    60.192    slow_vdd1v0   worst 
AO22X4              5    18.810    slow_vdd1v0   worst 
AOI211X1            1     2.394    slow_vdd1v0   worst 
AOI21X1             1     1.710    slow_vdd1v0   worst 
AOI21X2             3     8.208    slow_vdd1v0   worst 
AOI21X4             6    30.780    slow_vdd1v0   worst 
AOI221X2            1     4.446    slow_vdd1v0   worst 
AOI22X4             3    18.468    slow_vdd1v0   worst 
AOI2BB1X2           1     3.078    slow_vdd1v0   worst 
AOI2BB1X4          17    69.768    slow_vdd1v0   worst 
AOI31X4             3    19.494    slow_vdd1v0   worst 
BUFX12              1     5.130    slow_vdd1v0   worst 
BUFX2              20    34.200    slow_vdd1v0   worst 
BUFX3               2     4.104    slow_vdd1v0   worst 
BUFX6              13    40.014    slow_vdd1v0   worst 
CLKAND2X12          1     7.524    slow_vdd1v0   worst 
CLKAND2X2           4     8.208    slow_vdd1v0   worst 
CLKAND2X3           8    24.624    slow_vdd1v0   worst 
CLKAND2X4           1     3.420    slow_vdd1v0   worst 
CLKAND2X6           8    38.304    slow_vdd1v0   worst 
CLKAND2X8           1     5.814    slow_vdd1v0   worst 
CLKBUFX4            1     2.394    slow_vdd1v0   worst 
CLKINVX12           4    16.416    slow_vdd1v0   worst 
CLKINVX16           2    10.944    slow_vdd1v0   worst 
CLKINVX3            2     3.420    slow_vdd1v0   worst 
CLKINVX4           20    34.200    slow_vdd1v0   worst 
CLKINVX6           23    55.062    slow_vdd1v0   worst 
CLKINVX8           10    30.780    slow_vdd1v0   worst 
CLKMX2X3           12    49.248    slow_vdd1v0   worst 
CLKXOR2X1           5    13.680    slow_vdd1v0   worst 
DFFRHQX1           36   221.616    slow_vdd1v0   worst 
DFFRHQX2            6    47.196    slow_vdd1v0   worst 
DFFRHQX4            2    19.152    slow_vdd1v0   worst 
DFFRX2             12    90.288    slow_vdd1v0   worst 
INVX1              43    29.412    slow_vdd1v0   worst 
INVX2              42    43.092    slow_vdd1v0   worst 
INVX3              20    27.360    slow_vdd1v0   worst 
INVX4               2     3.420    slow_vdd1v0   worst 
INVX6               1     2.394    slow_vdd1v0   worst 
INVX8               3     9.234    slow_vdd1v0   worst 
INVXL               2     1.368    slow_vdd1v0   worst 
MX2X1              18    43.092    slow_vdd1v0   worst 
NAND2BX1            1     1.368    slow_vdd1v0   worst 
NAND2BX4            2     7.524    slow_vdd1v0   worst 
NAND2X1             5     5.130    slow_vdd1v0   worst 
NAND2X2             8    13.680    slow_vdd1v0   worst 
NAND2X4             9    30.780    slow_vdd1v0   worst 
NAND2X6            10    47.880    slow_vdd1v0   worst 
NAND2X8            13    71.136    slow_vdd1v0   worst 
NAND3BX4            1     5.130    slow_vdd1v0   worst 
NAND3X6             1     7.182    slow_vdd1v0   worst 
NOR2BX1             1     1.368    slow_vdd1v0   worst 
NOR2BX4             2     7.524    slow_vdd1v0   worst 
NOR2X1              3     3.078    slow_vdd1v0   worst 
NOR2X2              6    10.260    slow_vdd1v0   worst 
NOR2X4             29    89.262    slow_vdd1v0   worst 
NOR2X6             40   164.160    slow_vdd1v0   worst 
NOR2X8             30   164.160    slow_vdd1v0   worst 
NOR3BX4             1     5.814    slow_vdd1v0   worst 
NOR3X1              1     1.710    slow_vdd1v0   worst 
NOR3X4              2    10.260    slow_vdd1v0   worst 
NOR3X6              4    28.728    slow_vdd1v0   worst 
OA21X4              1     3.762    slow_vdd1v0   worst 
OAI21X1             1     1.710    slow_vdd1v0   worst 
OAI21X4             5    23.940    slow_vdd1v0   worst 
OAI22X4             8    51.984    slow_vdd1v0   worst 
OAI2BB1X1           1     1.710    slow_vdd1v0   worst 
OAI2BB1X4           4    17.784    slow_vdd1v0   worst 
OAI31X4             2    13.680    slow_vdd1v0   worst 
OAI32X2             2     8.892    slow_vdd1v0   worst 
OR2X1               5     6.840    slow_vdd1v0   worst 
OR2X2               3     5.130    slow_vdd1v0   worst 
OR2X4               1     2.736    slow_vdd1v0   worst 
OR2X6               3    11.286    slow_vdd1v0   worst 
OR2X8               1     4.446    slow_vdd1v0   worst 
OR3X2               1     2.394    slow_vdd1v0   worst 
OR3X6               1     4.788    slow_vdd1v0   worst 
XNOR2X1            24    57.456    slow_vdd1v0   worst 
XNOR2X2             3     9.234    slow_vdd1v0   worst 
-------------------------------------------------------
total             639  2115.612                


                                         
     Type      Instances   Area   Area % 
-----------------------------------------
sequential            56  378.252   17.9 
inverter             174  267.102   12.6 
buffer                37   85.842    4.1 
logic                372 1384.416   65.4 
physical_cells         0    0.000    0.0 
-----------------------------------------
total                639 2115.612  100.0 

