============================================================
  Generated by:           Genus(TM) Synthesis Solution 21.18-s082_1
  Generated on:           Sep 08 2025  12:26:46 am
  Module:                 square_root
  Operating conditions:   PVT_0P9V_125C 
  Operating conditions:   PVT_1P32V_0C 
  Interconnect mode:      global
  Area mode:              physical library
============================================================

Timing
--------

Clock Period 
-------------
clk   2270.0 


  Cost    Critical            Violating 
 Group   Path Slack    TNS      Paths   
----------------------------------------
clk           -14.5   -118.0          9 
default    No paths      0.0            
----------------------------------------
Total                 -118.0          9 

Instance Count
--------------
Leaf Instance Count             639 
Physical Instance count           0 
Sequential Instance Count        56 
Combinational Instance Count    583 
Hierarchical Instance Count       0 

Area
----
Cell Area                          2115.612
Physical Cell Area                 0.000
Total Cell Area (Cell+Physical)    2115.612
Net Area                           683.812
Total Area (Cell+Physical+Net)     2799.424

Max Fanout                         56 (clk)
Min Fanout                         0 (rst_n)
Average Fanout                     1.9
Terms to net ratio                 2.9667
Terms to instance ratio            3.0642
Runtime                            24.975011 seconds
Elapsed Runtime                    26 seconds
Genus peak memory usage            1392.48 
Innovus peak memory usage          no_value 
Hostname                           gmicro02
