============================================================
  Generated by:           Genus(TM) Synthesis Solution 21.18-s082_1
  Generated on:           Sep 08 2025  01:45:12 am
  Module:                 square_root_pipe
  Operating conditions:   PVT_0P9V_125C 
  Operating conditions:   PVT_1P32V_0C 
  Interconnect mode:      global
  Area mode:              physical library
============================================================

Timing
--------

Clock Period 
-------------
clk   1890.0 


  Cost    Critical           Violating 
 Group   Path Slack   TNS      Paths   
---------------------------------------
clk           -28.0   -75.4          3 
default    No paths     0.0            
---------------------------------------
Total                 -75.4          3 

Instance Count
--------------
Leaf Instance Count             394 
Physical Instance count           0 
Sequential Instance Count        80 
Combinational Instance Count    314 
Hierarchical Instance Count       0 

Area
----
Cell Area                          1366.632
Physical Cell Area                 0.000
Total Cell Area (Cell+Physical)    1366.632
Net Area                           437.268
Total Area (Cell+Physical+Net)     1803.900

Max Fanout                         80 (clk)
Min Fanout                         0 (rst_n)
Average Fanout                     2.0
Terms to net ratio                 3.1818
Terms to instance ratio            3.3756
Runtime                            21.347997 seconds
Elapsed Runtime                    22 seconds
Genus peak memory usage            1452.65 
Innovus peak memory usage          no_value 
Hostname                           gmicro02
