============================================================
  Generated by:           Genus(TM) Synthesis Solution 21.18-s082_1
  Generated on:           Sep 08 2025  01:45:12 am
  Module:                 square_root_pipe
  Operating conditions:   PVT_0P9V_125C 
  Operating conditions:   PVT_1P32V_0C 
  Interconnect mode:      global
  Area mode:              physical library
============================================================

                                              Library 
   Gate    Instances    Area       Library     Domain 
------------------------------------------------------
ADDHX1             5    18.810    slow_vdd1v0   worst 
ADDHX2             1     5.130    slow_vdd1v0   worst 
AND2X1             4     5.472    slow_vdd1v0   worst 
AND2X2             2     3.420    slow_vdd1v0   worst 
AND2X6             2     7.524    slow_vdd1v0   worst 
AOI21X1            2     3.420    slow_vdd1v0   worst 
AOI21X2            4    10.944    slow_vdd1v0   worst 
AOI21X4            4    20.520    slow_vdd1v0   worst 
AOI22X1            2     4.104    slow_vdd1v0   worst 
AOI22X4            2    12.312    slow_vdd1v0   worst 
AOI2BB1X1          3     6.156    slow_vdd1v0   worst 
AOI2BB1X2          5    15.390    slow_vdd1v0   worst 
AOI2BB1X4          4    16.416    slow_vdd1v0   worst 
BUFX2             17    29.070    slow_vdd1v0   worst 
BUFX6              7    21.546    slow_vdd1v0   worst 
CLKAND2X2          3     6.156    slow_vdd1v0   worst 
CLKAND2X3          2     6.156    slow_vdd1v0   worst 
CLKAND2X6          5    23.940    slow_vdd1v0   worst 
CLKBUFX8           1     3.762    slow_vdd1v0   worst 
CLKINVX3           1     1.710    slow_vdd1v0   worst 
CLKINVX4           2     3.420    slow_vdd1v0   worst 
CLKINVX6           3     7.182    slow_vdd1v0   worst 
CLKINVX8           4    12.312    slow_vdd1v0   worst 
CLKMX2X3           8    32.832    slow_vdd1v0   worst 
CLKXOR2X1          3     8.208    slow_vdd1v0   worst 
DFFRHQX1          56   344.736    slow_vdd1v0   worst 
DFFRHQX2           6    47.196    slow_vdd1v0   worst 
DFFRHQX4           7    67.032    slow_vdd1v0   worst 
DFFRHQX8           3    33.858    slow_vdd1v0   worst 
DFFRX1             1     6.840    slow_vdd1v0   worst 
DFFRX2             5    37.620    slow_vdd1v0   worst 
DFFSHQX2           1     8.208    slow_vdd1v0   worst 
DFFSHQX8           1    10.602    slow_vdd1v0   worst 
INVX1             26    17.784    slow_vdd1v0   worst 
INVX2             21    21.546    slow_vdd1v0   worst 
INVX3              1     1.368    slow_vdd1v0   worst 
INVX4              1     1.710    slow_vdd1v0   worst 
MX2X1             65   155.610    slow_vdd1v0   worst 
MXI2X1             1     2.736    slow_vdd1v0   worst 
MXI2X2             5    22.230    slow_vdd1v0   worst 
MXI2X4             2    10.260    slow_vdd1v0   worst 
MXI3X1             1     6.498    slow_vdd1v0   worst 
NAND2BX2           1     2.394    slow_vdd1v0   worst 
NAND2BX4           1     3.762    slow_vdd1v0   worst 
NAND2X1            4     4.104    slow_vdd1v0   worst 
NAND2X2            3     5.130    slow_vdd1v0   worst 
NAND2X4            4    13.680    slow_vdd1v0   worst 
NAND2X8            1     5.472    slow_vdd1v0   worst 
NAND3X4            1     4.788    slow_vdd1v0   worst 
NOR2BX2            2     5.472    slow_vdd1v0   worst 
NOR2BX4            2     7.524    slow_vdd1v0   worst 
NOR2X1             3     3.078    slow_vdd1v0   worst 
NOR2X2             7    11.970    slow_vdd1v0   worst 
NOR2X4            11    33.858    slow_vdd1v0   worst 
NOR2X6            13    53.352    slow_vdd1v0   worst 
NOR2X8             2    10.944    slow_vdd1v0   worst 
NOR3BX2            1     3.420    slow_vdd1v0   worst 
OA21X1             2     4.104    slow_vdd1v0   worst 
OA21X4             2     7.524    slow_vdd1v0   worst 
OAI21X2            1     3.078    slow_vdd1v0   worst 
OAI21X4            8    38.304    slow_vdd1v0   worst 
OAI22X2            2     6.840    slow_vdd1v0   worst 
OAI2BB1X1          3     5.130    slow_vdd1v0   worst 
OAI2BB1X2          3     9.234    slow_vdd1v0   worst 
OR2X1              4     5.472    slow_vdd1v0   worst 
OR2X4              1     2.736    slow_vdd1v0   worst 
OR2X8              1     4.446    slow_vdd1v0   worst 
OR3X1              1     2.052    slow_vdd1v0   worst 
XNOR2X1           10    23.940    slow_vdd1v0   worst 
XNOR2X2            1     3.078    slow_vdd1v0   worst 
------------------------------------------------------
total            394  1366.632                


                                         
     Type      Instances   Area   Area % 
-----------------------------------------
sequential            80  556.092   40.7 
inverter              59   67.032    4.9 
buffer                25   54.378    4.0 
logic                230  689.130   50.4 
physical_cells         0    0.000    0.0 
-----------------------------------------
total                394 1366.632  100.0 

