============================================================
  Generated by:           Genus(TM) Synthesis Solution 21.18-s082_1
  Generated on:           Oct 01 2025  12:28:51 am
  Module:                 BubbleSort
  Operating conditions:   PVT_0P9V_125C 
  Operating conditions:   PVT_1P32V_0C 
  Interconnect mode:      global
  Area mode:              physical library
============================================================

Timing
--------

Clock Period 
-------------
clk    590.0 


  Cost    Critical         Violating 
 Group   Path Slack  TNS     Paths   
-------------------------------------
clk            10.3   0.0          0 
default    No paths   0.0            
-------------------------------------
Total                 0.0          0 

Instance Count
--------------
Leaf Instance Count             1208 
Physical Instance count            0 
Sequential Instance Count        393 
Combinational Instance Count     815 
Hierarchical Instance Count        0 

Area
----
Cell Area                          4298.256
Physical Cell Area                 0.000
Total Cell Area (Cell+Physical)    4298.256
Net Area                           1377.090
Total Area (Cell+Physical+Net)     5675.346

Max Fanout                         393 (clk)
Min Fanout                         0 (n_45)
Average Fanout                     2.3
Terms to net ratio                 3.5897
Terms to instance ratio            3.7086
Runtime                            27.895390000000006 seconds
Elapsed Runtime                    29 seconds
Genus peak memory usage            1408.39 
Innovus peak memory usage          no_value 
Hostname                           gmicro02
