============================================================
  Generated by:           Genus(TM) Synthesis Solution 21.18-s082_1
  Generated on:           Oct 01 2025  12:28:51 am
  Module:                 BubbleSort
  Operating conditions:   PVT_0P9V_125C 
  Operating conditions:   PVT_1P32V_0C 
  Interconnect mode:      global
  Area mode:              physical library
============================================================

                                              Library 
   Gate    Instances    Area       Library     Domain 
------------------------------------------------------
ADDHX1             1     3.762    fast_vdd1v2    best 
AND2X1             4     5.472    fast_vdd1v2    best 
AND2X2             1     1.710    fast_vdd1v2    best 
AND4X2             1     3.078    fast_vdd1v2    best 
AO21X1             4     9.576    fast_vdd1v2    best 
AO21X4             1     3.420    fast_vdd1v2    best 
AOI21X1            6    10.260    fast_vdd1v2    best 
AOI21X2            3     8.208    fast_vdd1v2    best 
AOI22X1           33    67.716    fast_vdd1v2    best 
AOI2BB1X1          2     4.104    fast_vdd1v2    best 
AOI31X2            1     3.420    fast_vdd1v2    best 
AOI31X4            1     6.498    fast_vdd1v2    best 
BUFX2             82   140.220    fast_vdd1v2    best 
BUFX4             31    74.214    fast_vdd1v2    best 
CLKBUFX2           1     1.710    fast_vdd1v2    best 
CLKINVX4           1     1.710    fast_vdd1v2    best 
CLKINVX6           1     2.394    fast_vdd1v2    best 
CLKINVX8           1     3.078    fast_vdd1v2    best 
CLKXOR2X1          1     2.736    fast_vdd1v2    best 
DFFRHQX1         345  2123.820    fast_vdd1v2    best 
DFFRHQX4          32   306.432    fast_vdd1v2    best 
DFFRX1             3    20.520    fast_vdd1v2    best 
DFFRX2             9    67.716    fast_vdd1v2    best 
DFFX1              4    28.728    fast_vdd1v2    best 
INVX1             10     6.840    fast_vdd1v2    best 
INVX2              4     4.104    fast_vdd1v2    best 
INVX3              1     1.368    fast_vdd1v2    best 
INVXL              2     1.368    fast_vdd1v2    best 
MX2X1            384   919.296    fast_vdd1v2    best 
MXI2XL             3     7.182    fast_vdd1v2    best 
NAND2BX1          18    24.624    fast_vdd1v2    best 
NAND2BX2           9    21.546    fast_vdd1v2    best 
NAND2X1           11    11.286    fast_vdd1v2    best 
NAND2X2            4     6.840    fast_vdd1v2    best 
NAND2X4            1     3.420    fast_vdd1v2    best 
NAND3BXL           3     5.130    fast_vdd1v2    best 
NAND4X1            4     8.208    fast_vdd1v2    best 
NAND4X2            3    11.286    fast_vdd1v2    best 
NAND4XL            8    13.680    fast_vdd1v2    best 
NOR2BX1           19    25.992    fast_vdd1v2    best 
NOR2BX4            1     3.762    fast_vdd1v2    best 
NOR2X1            13    13.338    fast_vdd1v2    best 
NOR2X2             7    11.970    fast_vdd1v2    best 
NOR2X4             1     3.078    fast_vdd1v2    best 
NOR2X6             1     4.104    fast_vdd1v2    best 
NOR3X2             2     5.472    fast_vdd1v2    best 
NOR4X1             3     5.130    fast_vdd1v2    best 
NOR4X2             2     6.840    fast_vdd1v2    best 
OAI211X1           4     6.840    fast_vdd1v2    best 
OAI21X1            2     3.420    fast_vdd1v2    best 
OAI21X2            2     6.156    fast_vdd1v2    best 
OAI22X1            1     2.052    fast_vdd1v2    best 
OAI2BB1X1         40    68.400    fast_vdd1v2    best 
OAI2BB1X2          4    12.312    fast_vdd1v2    best 
OAI31X1            1     2.052    fast_vdd1v2    best 
OAI31X4            1     6.840    fast_vdd1v2    best 
OR2X1              3     4.104    fast_vdd1v2    best 
OR3X1              2     4.104    fast_vdd1v2    best 
XNOR2X1           65   155.610    fast_vdd1v2    best 
------------------------------------------------------
total           1208  4298.256                


                                         
     Type      Instances   Area   Area % 
-----------------------------------------
sequential           393 2547.216   59.3 
inverter              20   20.862    0.5 
buffer               114  216.144    5.0 
logic                681 1514.034   35.2 
physical_cells         0    0.000    0.0 
-----------------------------------------
total               1208 4298.256  100.0 

