============================================================
  Generated by:           Genus(TM) Synthesis Solution 21.18-s082_1
  Generated on:           Sep 10 2025  03:11:53 pm
  Module:                 Square_root
  Operating conditions:   PVT_0P9V_125C 
  Operating conditions:   PVT_1P32V_0C 
  Interconnect mode:      global
  Area mode:              physical library
============================================================

Timing
--------

Clock Period 
-------------
clk   2100.0 


  Cost    Critical         Violating 
 Group   Path Slack  TNS     Paths   
-------------------------------------
clk             2.0   0.0          0 
default    No paths   0.0            
-------------------------------------
Total                 0.0          0 

Instance Count
--------------
Leaf Instance Count             376 
Physical Instance count           0 
Sequential Instance Count        80 
Combinational Instance Count    296 
Hierarchical Instance Count       0 

Area
----
Cell Area                          1272.582
Physical Cell Area                 0.000
Total Cell Area (Cell+Physical)    1272.582
Net Area                           423.242
Total Area (Cell+Physical+Net)     1695.824

Max Fanout                         80 (clk)
Min Fanout                         0 (rst_n)
Average Fanout                     2.1
Terms to net ratio                 3.2040
Terms to instance ratio            3.4255
Runtime                            20.518527 seconds
Elapsed Runtime                    22 seconds
Genus peak memory usage            1673.71 
Innovus peak memory usage          no_value 
Hostname                           gmicro02
