============================================================
  Generated by:           Genus(TM) Synthesis Solution 21.18-s082_1
  Generated on:           Sep 10 2025  03:11:53 pm
  Module:                 Square_root
  Operating conditions:   PVT_0P9V_125C 
  Operating conditions:   PVT_1P32V_0C 
  Interconnect mode:      global
  Area mode:              physical library
============================================================


Path 1: MET (2 ps) Setup Check with Pin DATA_PATH_PIPELINE_STAGE2_Co_reg_sig_q_reg/CK->D
          Group: clk
     Startpoint: (R) DATA_PATH_PIPELINE_STAGE1_wr_square_s_reg_sig_q_reg/CK
          Clock: (R) clk
       Endpoint: (R) DATA_PATH_PIPELINE_STAGE2_Co_reg_sig_q_reg/D
          Clock: (R) clk

                     Capture       Launch     
        Clock Edge:+    2100            0     
       Src Latency:+       0            0     
       Net Latency:+     100 (I)      100 (I) 
           Arrival:=    2200          100     
                                              
             Setup:-     151                  
       Uncertainty:-      50                  
     Required Time:=    1999                  
      Launch Clock:-     100                  
         Data Path:-    1897                  
             Slack:=       2                  

#-------------------------------------------------------------------------------------------------------------------------------
#                     Timing Point                       Flags   Arc   Edge   Cell     Fanout Load Trans Delay Arrival Instance 
#                                                                                             (fF)  (ps)  (ps)   (ps)  Location 
#-------------------------------------------------------------------------------------------------------------------------------
  DATA_PATH_PIPELINE_STAGE1_wr_square_s_reg_sig_q_reg/CK -       -     R     (arrival)     80    -     0     0     100    (-,-) 
  DATA_PATH_PIPELINE_STAGE1_wr_square_s_reg_sig_q_reg/Q  -       CK->Q R     DFFRHQX4       1  7.8    68   281     381    (-,-) 
  g7020/Y                                                -       A->Y  F     CLKINVX12      9 31.7    94    82     462    (-,-) 
  g7010/Y                                                -       A->Y  R     CLKINVX6       1  5.3    42    60     522    (-,-) 
  g6964__1617/Y                                          -       A->Y  F     NOR2X6         1  5.1    47    52     574    (-,-) 
  g6956__5115/Y                                          -       B->Y  R     NOR2X6         2  6.4    73    66     640    (-,-) 
  g6939/Y                                                -       A->Y  F     CLKINVX4       2  5.2    53    64     704    (-,-) 
  g6789__5477/S                                          -       B->S  R     ADDHX2         2  6.2    97   207     911    (-,-) 
  g6754__8246/Y                                          -       A1->Y F     AOI21X4        2  6.2   140   141    1052    (-,-) 
  g6746__2883/Y                                          -       B->Y  R     NOR2BX4        1  5.3    96   115    1168    (-,-) 
  g6732__8246/Y                                          -       B->Y  F     NOR2X6         2  7.0    66    75    1243    (-,-) 
  g6722__6260/Y                                          -       B->Y  R     NOR2X6         1  5.3    68    70    1313    (-,-) 
  g6711__2346/Y                                          -       B->Y  F     NOR2X6         2  6.2    63    60    1373    (-,-) 
  g6705__5115/Y                                          -       B->Y  R     NOR2BX4        1  3.7    70    71    1443    (-,-) 
  g6696__1705/Y                                          -       B->Y  F     NOR2X2         2  5.5   101    88    1531    (-,-) 
  g6691__8428/Y                                          -       B->Y  R     NOR2BX2        1  3.1   105   110    1641    (-,-) 
  g6682__6260/Y                                          -       B->Y  R     OR2X1          1  3.1    77   138    1778    (-,-) 
  g6677__2398/Y                                          -       B->Y  R     MX2X1          1  3.2    85   219    1997    (-,-) 
  DATA_PATH_PIPELINE_STAGE2_Co_reg_sig_q_reg/D           <<<     -     R     DFFRHQX1       1    -     -     0    1997    (-,-) 
#-------------------------------------------------------------------------------------------------------------------------------

