============================================================
  Generated by:           Genus(TM) Synthesis Solution 21.18-s082_1
  Generated on:           Sep 10 2025  03:11:53 pm
  Module:                 Square_root
  Operating conditions:   PVT_0P9V_125C 
  Operating conditions:   PVT_1P32V_0C 
  Interconnect mode:      global
  Area mode:              physical library
============================================================

                                              Library 
   Gate    Instances    Area       Library     Domain 
------------------------------------------------------
ADDHX1             7    26.334    slow_vdd1v0   worst 
ADDHX2             1     5.130    slow_vdd1v0   worst 
AND2X1             2     2.736    slow_vdd1v0   worst 
AND2X4             1     2.736    slow_vdd1v0   worst 
AO21X1             2     4.788    slow_vdd1v0   worst 
AO21X4             1     3.420    slow_vdd1v0   worst 
AOI211X2           1     3.420    slow_vdd1v0   worst 
AOI21X1            1     1.710    slow_vdd1v0   worst 
AOI21X2            4    10.944    slow_vdd1v0   worst 
AOI21X4            2    10.260    slow_vdd1v0   worst 
AOI22X2            1     3.762    slow_vdd1v0   worst 
AOI22X4            5    30.780    slow_vdd1v0   worst 
AOI2BB1X1          4     8.208    slow_vdd1v0   worst 
AOI2BB1X2          1     3.078    slow_vdd1v0   worst 
AOI2BB1X4          4    16.416    slow_vdd1v0   worst 
AOI2BB2X4          1     7.524    slow_vdd1v0   worst 
AOI31X2            2     6.840    slow_vdd1v0   worst 
BUFX2             11    18.810    slow_vdd1v0   worst 
BUFX4              2     4.788    slow_vdd1v0   worst 
BUFX6              5    15.390    slow_vdd1v0   worst 
CLKAND2X2          2     4.104    slow_vdd1v0   worst 
CLKAND2X3          2     6.156    slow_vdd1v0   worst 
CLKAND2X6          4    19.152    slow_vdd1v0   worst 
CLKINVX12          1     4.104    slow_vdd1v0   worst 
CLKINVX4           6    10.260    slow_vdd1v0   worst 
CLKINVX6           7    16.758    slow_vdd1v0   worst 
CLKINVX8           1     3.078    slow_vdd1v0   worst 
CLKMX2X2           1     3.078    slow_vdd1v0   worst 
CLKMX2X3           4    16.416    slow_vdd1v0   worst 
CLKXOR2X1          3     8.208    slow_vdd1v0   worst 
DFFRHQX1          65   400.140    slow_vdd1v0   worst 
DFFRHQX2           1     7.866    slow_vdd1v0   worst 
DFFRHQX4           5    47.880    slow_vdd1v0   worst 
DFFRHQX8           5    56.430    slow_vdd1v0   worst 
DFFRX2             2    15.048    slow_vdd1v0   worst 
DFFSHQX1           1     6.498    slow_vdd1v0   worst 
DFFSHQX8           1    10.602    slow_vdd1v0   worst 
INVX1             20    13.680    slow_vdd1v0   worst 
INVX2             19    19.494    slow_vdd1v0   worst 
INVX3              6     8.208    slow_vdd1v0   worst 
MX2X1             73   174.762    slow_vdd1v0   worst 
MXI2X1             1     2.736    slow_vdd1v0   worst 
MXI2X2             1     4.446    slow_vdd1v0   worst 
NAND2BX1           1     1.368    slow_vdd1v0   worst 
NAND2BX2           2     4.788    slow_vdd1v0   worst 
NAND2BX4           1     3.762    slow_vdd1v0   worst 
NAND2X1            2     2.052    slow_vdd1v0   worst 
NAND2X2            1     1.710    slow_vdd1v0   worst 
NAND2X4            3    10.260    slow_vdd1v0   worst 
NAND2X6            3    14.364    slow_vdd1v0   worst 
NAND3X4            1     4.788    slow_vdd1v0   worst 
NOR2BX1            4     5.472    slow_vdd1v0   worst 
NOR2BX2            1     2.736    slow_vdd1v0   worst 
NOR2BX4            2     7.524    slow_vdd1v0   worst 
NOR2X1             3     3.078    slow_vdd1v0   worst 
NOR2X2             7    11.970    slow_vdd1v0   worst 
NOR2X4             4    12.312    slow_vdd1v0   worst 
NOR2X6             9    36.936    slow_vdd1v0   worst 
OA21X1             3     6.156    slow_vdd1v0   worst 
OA22X1             1     2.394    slow_vdd1v0   worst 
OAI21X2            3     9.234    slow_vdd1v0   worst 
OAI21X4            1     4.788    slow_vdd1v0   worst 
OAI22X2            5    17.100    slow_vdd1v0   worst 
OAI22X4            1     6.498    slow_vdd1v0   worst 
OAI2BB1X1          4     6.840    slow_vdd1v0   worst 
OAI31X2            1     3.762    slow_vdd1v0   worst 
OR2X1              9    12.312    slow_vdd1v0   worst 
OR2X2              2     3.420    slow_vdd1v0   worst 
OR3X1              1     2.052    slow_vdd1v0   worst 
XNOR2X1           12    28.728    slow_vdd1v0   worst 
------------------------------------------------------
total            376  1272.582                


                                         
     Type      Instances   Area   Area % 
-----------------------------------------
sequential            80  544.464   42.8 
inverter              60   75.582    5.9 
buffer                18   38.988    3.1 
logic                218  613.548   48.2 
physical_cells         0    0.000    0.0 
-----------------------------------------
total                376 1272.582  100.0 

