============================================================
  Generated by:           Genus(TM) Synthesis Solution 21.18-s082_1
  Generated on:           Oct 15 2025  08:03:03 pm
  Module:                 BubbleSort
  Operating conditions:   PVT_0P9V_125C 
  Operating conditions:   PVT_1P32V_0C 
  Interconnect mode:      global
  Area mode:              physical library
============================================================

Timing
--------

Clock Period 
-------------
clk   1740.0 


  Cost    Critical         Violating 
 Group   Path Slack  TNS     Paths   
-------------------------------------
clk            15.8   0.0          0 
default    No paths   0.0            
-------------------------------------
Total                 0.0          0 

Instance Count
--------------
Leaf Instance Count             781 
Physical Instance count           0 
Sequential Instance Count       334 
Combinational Instance Count    447 
Hierarchical Instance Count       0 

Area
----
Cell Area                          3534.912
Physical Cell Area                 0.000
Total Cell Area (Cell+Physical)    3534.912
Net Area                           753.127
Total Area (Cell+Physical+Net)     4288.039

Max Fanout                         333 (clk_gated_s)
Min Fanout                         0 (n_0)
Average Fanout                     1.9
Terms to net ratio                 3.2589
Terms to instance ratio            3.4008
Runtime                            22.568258 seconds
Elapsed Runtime                    286 seconds
Genus peak memory usage            1443.26 
Innovus peak memory usage          no_value 
Hostname                           gmicro02
