============================================================
  Generated by:           Genus(TM) Synthesis Solution 21.18-s082_1
  Generated on:           Oct 15 2025  08:03:03 pm
  Module:                 BubbleSort
  Operating conditions:   PVT_0P9V_125C 
  Operating conditions:   PVT_1P32V_0C 
  Interconnect mode:      global
  Area mode:              physical library
============================================================

                                              Library 
   Gate    Instances    Area       Library     Domain 
------------------------------------------------------
AND2X1             1     1.368    slow_vdd1v0   worst 
AND2X6             1     3.762    slow_vdd1v0   worst 
AND2X8             1     4.446    slow_vdd1v0   worst 
AOI21X2            2     5.472    slow_vdd1v0   worst 
AOI21X4            8    41.040    slow_vdd1v0   worst 
BUFX2             21    35.910    slow_vdd1v0   worst 
BUFX4              1     2.394    slow_vdd1v0   worst 
BUFX6              2     6.156    slow_vdd1v0   worst 
BUFX8             32   120.384    slow_vdd1v0   worst 
CLKAND2X2          3     6.156    slow_vdd1v0   worst 
CLKAND2X6          4    19.152    slow_vdd1v0   worst 
CLKBUFX16          2    13.680    slow_vdd1v0   worst 
CLKBUFX20          2    16.416    slow_vdd1v0   worst 
CLKINVX12          3    12.312    slow_vdd1v0   worst 
CLKINVX16          2    10.944    slow_vdd1v0   worst 
CLKINVX20          3    19.494    slow_vdd1v0   worst 
CLKINVX4          16    27.360    slow_vdd1v0   worst 
CLKINVX6          13    31.122    slow_vdd1v0   worst 
CLKINVX8           2     6.156    slow_vdd1v0   worst 
DFFRHQX1         265  1631.340    slow_vdd1v0   worst 
DFFRHQX2           1     7.866    slow_vdd1v0   worst 
DFFRHQX4          66   632.016    slow_vdd1v0   worst 
DFFRX2             1     7.524    slow_vdd1v0   worst 
INVX1             59    40.356    slow_vdd1v0   worst 
INVX2              7     7.182    slow_vdd1v0   worst 
INVX3              6     8.208    slow_vdd1v0   worst 
MX2X1             45   107.730    slow_vdd1v0   worst 
NAND2BX1           1     1.368    slow_vdd1v0   worst 
NAND2BX4           1     3.762    slow_vdd1v0   worst 
NAND2X1            8     8.208    slow_vdd1v0   worst 
NAND2X2           40    68.400    slow_vdd1v0   worst 
NAND2X4            7    23.940    slow_vdd1v0   worst 
NAND2X6           11    52.668    slow_vdd1v0   worst 
NAND2X8            3    16.416    slow_vdd1v0   worst 
NAND3BX2           1     3.078    slow_vdd1v0   worst 
NOR2BX1            3     4.104    slow_vdd1v0   worst 
NOR2BX2            4    10.944    slow_vdd1v0   worst 
NOR2BX4            4    15.048    slow_vdd1v0   worst 
NOR2X1             3     3.078    slow_vdd1v0   worst 
NOR2X2             6    10.260    slow_vdd1v0   worst 
NOR2X4            18    55.404    slow_vdd1v0   worst 
NOR2X6            20    82.080    slow_vdd1v0   worst 
NOR2X8             9    49.248    slow_vdd1v0   worst 
NOR3X6             2    14.364    slow_vdd1v0   worst 
NOR4X2             1     3.420    slow_vdd1v0   worst 
OA22X1             1     2.394    slow_vdd1v0   worst 
OAI21X1            1     1.710    slow_vdd1v0   worst 
OAI21X2           32    98.496    slow_vdd1v0   worst 
OAI21X4            6    28.728    slow_vdd1v0   worst 
OAI2BB2X2         19   103.968    slow_vdd1v0   worst 
OAI31X4            5    34.200    slow_vdd1v0   worst 
OR2X1              4     5.472    slow_vdd1v0   worst 
TLATNX1            1     5.814    slow_vdd1v0   worst 
XNOR2X1            1     2.394    slow_vdd1v0   worst 
------------------------------------------------------
total            781  3534.912                


                                         
     Type      Instances   Area   Area % 
-----------------------------------------
sequential           334 2284.560   64.6 
inverter             111  163.134    4.6 
buffer                60  194.940    5.5 
logic                276  892.278   25.2 
physical_cells         0    0.000    0.0 
-----------------------------------------
total                781 3534.912  100.0 

