============================================================
  Generated by:           Genus(TM) Synthesis Solution 21.18-s082_1
  Generated on:           Sep 30 2025  10:18:04 pm
  Module:                 BubbleSort
  Operating conditions:   PVT_0P9V_125C 
  Operating conditions:   PVT_1P32V_0C 
  Interconnect mode:      global
  Area mode:              physical library
============================================================

                                               Library 
   Gate     Instances    Area       Library     Domain 
-------------------------------------------------------
ADDHX1              1     3.762    slow_vdd1v0   worst 
AND2X1              2     2.736    slow_vdd1v0   worst 
AND2X4              1     2.736    slow_vdd1v0   worst 
AND3X8              1     5.130    slow_vdd1v0   worst 
AO21X1              1     2.394    slow_vdd1v0   worst 
AOI21X2             4    10.944    slow_vdd1v0   worst 
AOI21X4             7    35.910    slow_vdd1v0   worst 
AOI22X2            32   120.384    slow_vdd1v0   worst 
AOI2BB1X2           4    12.312    slow_vdd1v0   worst 
AOI2BB1X4           6    24.624    slow_vdd1v0   worst 
BUFX2               1     1.710    slow_vdd1v0   worst 
BUFX6              34   104.652    slow_vdd1v0   worst 
BUFX8               2     7.524    slow_vdd1v0   worst 
CLKAND2X12          1     7.524    slow_vdd1v0   worst 
CLKAND2X2           2     4.104    slow_vdd1v0   worst 
CLKAND2X3           1     3.078    slow_vdd1v0   worst 
CLKAND2X6           3    14.364    slow_vdd1v0   worst 
CLKAND2X8           1     5.814    slow_vdd1v0   worst 
CLKBUFX4            1     2.394    slow_vdd1v0   worst 
CLKINVX12           2     8.208    slow_vdd1v0   worst 
CLKINVX16           2    10.944    slow_vdd1v0   worst 
CLKINVX2            2     2.736    slow_vdd1v0   worst 
CLKINVX20           2    12.996    slow_vdd1v0   worst 
CLKINVX4           20    34.200    slow_vdd1v0   worst 
CLKINVX6            7    16.758    slow_vdd1v0   worst 
CLKMX2X3           62   254.448    slow_vdd1v0   worst 
CLKXOR2X1          51   139.536    slow_vdd1v0   worst 
DFFRHQX1          321  1976.076    slow_vdd1v0   worst 
DFFRHQX4            6    57.456    slow_vdd1v0   worst 
DFFRHQX8            4    45.144    slow_vdd1v0   worst 
DFFRX1              2    13.680    slow_vdd1v0   worst 
DFFRX2             30   225.720    slow_vdd1v0   worst 
DFFRX4             30   287.280    slow_vdd1v0   worst 
INVX1              11     7.524    slow_vdd1v0   worst 
INVX2              28    28.728    slow_vdd1v0   worst 
INVX3               8    10.944    slow_vdd1v0   worst 
INVX4               2     3.420    slow_vdd1v0   worst 
MX2X1             325   778.050    slow_vdd1v0   worst 
NAND2BX1           10    13.680    slow_vdd1v0   worst 
NAND2BX2           12    28.728    slow_vdd1v0   worst 
NAND2BX4            2     7.524    slow_vdd1v0   worst 
NAND2X1             9     9.234    slow_vdd1v0   worst 
NAND2X2            15    25.650    slow_vdd1v0   worst 
NAND2X4            21    71.820    slow_vdd1v0   worst 
NAND2X6             2     9.576    slow_vdd1v0   worst 
NAND2X8             2    10.944    slow_vdd1v0   worst 
NAND3X4             1     4.788    slow_vdd1v0   worst 
NAND3X6             1     7.182    slow_vdd1v0   worst 
NOR2BX1             1     1.368    slow_vdd1v0   worst 
NOR2BX2             5    13.680    slow_vdd1v0   worst 
NOR2BX4             7    26.334    slow_vdd1v0   worst 
NOR2X1              8     8.208    slow_vdd1v0   worst 
NOR2X2              9    15.390    slow_vdd1v0   worst 
NOR2X4              8    24.624    slow_vdd1v0   worst 
NOR2X6              6    24.624    slow_vdd1v0   worst 
NOR3X6              1     7.182    slow_vdd1v0   worst 
NOR3X8              1     8.892    slow_vdd1v0   worst 
OA21X1              1     2.052    slow_vdd1v0   worst 
OAI21X1            32    54.720    slow_vdd1v0   worst 
OAI21X2             2     6.156    slow_vdd1v0   worst 
OAI21X4            15    71.820    slow_vdd1v0   worst 
OAI22X1             1     2.052    slow_vdd1v0   worst 
OAI22X2             1     3.420    slow_vdd1v0   worst 
OAI2BB1X1           2     3.420    slow_vdd1v0   worst 
OR2X1               8    10.944    slow_vdd1v0   worst 
OR2X4               1     2.736    slow_vdd1v0   worst 
OR2X6               1     3.762    slow_vdd1v0   worst 
OR2X8               3    13.338    slow_vdd1v0   worst 
OR3X1               1     2.052    slow_vdd1v0   worst 
OR3X6               1     4.788    slow_vdd1v0   worst 
OR4X1               4     8.208    slow_vdd1v0   worst 
OR4X2               1     3.420    slow_vdd1v0   worst 
OR4X6               1     5.472    slow_vdd1v0   worst 
XNOR2X1            14    33.516    slow_vdd1v0   worst 
XNOR2X2             1     3.078    slow_vdd1v0   worst 
-------------------------------------------------------
total            1231  4840.326                


                                         
     Type      Instances   Area   Area % 
-----------------------------------------
sequential           393 2605.356   53.8 
inverter              84  136.458    2.8 
buffer                38  116.280    2.4 
logic                716 1982.232   41.0 
physical_cells         0    0.000    0.0 
-----------------------------------------
total               1231 4840.326  100.0 

