============================================================
  Generated by:           Genus(TM) Synthesis Solution 21.18-s082_1
  Generated on:           Sep 30 2025  10:18:04 pm
  Module:                 BubbleSort
  Operating conditions:   PVT_0P9V_125C 
  Operating conditions:   PVT_1P32V_0C 
  Interconnect mode:      global
  Area mode:              physical library
============================================================

Timing
--------

Clock Period 
-------------
clk   2110.0 


  Cost    Critical          Violating 
 Group   Path Slack   TNS     Paths   
--------------------------------------
clk            -2.1   -7.0         16 
default    No paths    0.0            
--------------------------------------
Total                 -7.0         16 

Instance Count
--------------
Leaf Instance Count             1231 
Physical Instance count            0 
Sequential Instance Count        393 
Combinational Instance Count     838 
Hierarchical Instance Count        0 

Area
----
Cell Area                          4840.326
Physical Cell Area                 0.000
Total Cell Area (Cell+Physical)    4840.326
Net Area                           1413.182
Total Area (Cell+Physical+Net)     6253.508

Max Fanout                         393 (clk)
Min Fanout                         0 (n_67)
Average Fanout                     2.2
Terms to net ratio                 3.4528
Terms to instance ratio            3.7165
Runtime                            29.958739999999995 seconds
Elapsed Runtime                    31 seconds
Genus peak memory usage            1459.95 
Innovus peak memory usage          no_value 
Hostname                           gmicro02
