============================================================
  Generated by:           Genus(TM) Synthesis Solution 21.18-s082_1
  Generated on:           Sep 04 2025  02:16:55 pm
  Module:                 square_root
  Operating conditions:   PVT_0P9V_125C 
  Operating conditions:   PVT_1P32V_0C 
  Interconnect mode:      global
  Area mode:              physical library
============================================================

                                              Library 
   Gate    Instances    Area       Library     Domain 
------------------------------------------------------
ADDHX1             6    22.572    slow_vdd1v0   worst 
ADDHX2             1     5.130    slow_vdd1v0   worst 
ADDHX4             2    14.364    slow_vdd1v0   worst 
AND2X1             1     1.368    slow_vdd1v0   worst 
AND2X6             6    22.572    slow_vdd1v0   worst 
AND2X8             1     4.446    slow_vdd1v0   worst 
AND3XL             1     2.052    slow_vdd1v0   worst 
AO21X1             1     2.394    slow_vdd1v0   worst 
AO22X1            24    65.664    slow_vdd1v0   worst 
AO22X4             6    22.572    slow_vdd1v0   worst 
AOI211X2           1     3.420    slow_vdd1v0   worst 
AOI211X4           1     6.498    slow_vdd1v0   worst 
AOI21X1            1     1.710    slow_vdd1v0   worst 
AOI21X2            1     2.736    slow_vdd1v0   worst 
AOI21X4            5    25.650    slow_vdd1v0   worst 
AOI221X4           1     7.866    slow_vdd1v0   worst 
AOI22X4            3    18.468    slow_vdd1v0   worst 
AOI2BB1X4          9    36.936    slow_vdd1v0   worst 
AOI31X2            1     3.420    slow_vdd1v0   worst 
AOI31X4            2    12.996    slow_vdd1v0   worst 
BUFX2             19    32.490    slow_vdd1v0   worst 
BUFX3              1     2.052    slow_vdd1v0   worst 
BUFX6             21    64.638    slow_vdd1v0   worst 
CLKAND2X2          1     2.052    slow_vdd1v0   worst 
CLKAND2X3          3     9.234    slow_vdd1v0   worst 
CLKAND2X4          1     3.420    slow_vdd1v0   worst 
CLKAND2X6         13    62.244    slow_vdd1v0   worst 
CLKAND2X8          1     5.814    slow_vdd1v0   worst 
CLKBUFX3           1     2.052    slow_vdd1v0   worst 
CLKBUFX4           2     4.788    slow_vdd1v0   worst 
CLKINVX1           1     1.026    slow_vdd1v0   worst 
CLKINVX12          5    20.520    slow_vdd1v0   worst 
CLKINVX4          15    25.650    slow_vdd1v0   worst 
CLKINVX6          18    43.092    slow_vdd1v0   worst 
CLKINVX8           7    21.546    slow_vdd1v0   worst 
CLKMX2X2           1     3.078    slow_vdd1v0   worst 
CLKMX2X3          12    49.248    slow_vdd1v0   worst 
CLKXOR2X1          7    19.152    slow_vdd1v0   worst 
DFFRHQX1          44   270.864    slow_vdd1v0   worst 
DFFRHQX2           1     7.866    slow_vdd1v0   worst 
DFFRHQX4           3    28.728    slow_vdd1v0   worst 
DFFRX1             1     6.840    slow_vdd1v0   worst 
DFFRX2             7    52.668    slow_vdd1v0   worst 
INVX1             17    11.628    slow_vdd1v0   worst 
INVX2             41    42.066    slow_vdd1v0   worst 
INVX3             15    20.520    slow_vdd1v0   worst 
INVX4              1     1.710    slow_vdd1v0   worst 
MX2X1             17    40.698    slow_vdd1v0   worst 
MXI2X2             1     4.446    slow_vdd1v0   worst 
MXI2X4             6    30.780    slow_vdd1v0   worst 
NAND2BX2           1     2.394    slow_vdd1v0   worst 
NAND2BX4           4    15.048    slow_vdd1v0   worst 
NAND2X1            4     4.104    slow_vdd1v0   worst 
NAND2X2            6    10.260    slow_vdd1v0   worst 
NAND2X4           12    41.040    slow_vdd1v0   worst 
NAND2X6            7    33.516    slow_vdd1v0   worst 
NAND2X8           12    65.664    slow_vdd1v0   worst 
NOR2BX2            1     2.736    slow_vdd1v0   worst 
NOR2BX4            1     3.762    slow_vdd1v0   worst 
NOR2X1             3     3.078    slow_vdd1v0   worst 
NOR2X2             7    11.970    slow_vdd1v0   worst 
NOR2X4            26    80.028    slow_vdd1v0   worst 
NOR2X6            33   135.432    slow_vdd1v0   worst 
NOR2X8            36   196.992    slow_vdd1v0   worst 
NOR3BX4            2    11.628    slow_vdd1v0   worst 
NOR3X4             1     5.130    slow_vdd1v0   worst 
NOR3X8             2    17.784    slow_vdd1v0   worst 
OA21X1             3     6.156    slow_vdd1v0   worst 
OAI21X4            4    19.152    slow_vdd1v0   worst 
OAI2BB1X1          1     1.710    slow_vdd1v0   worst 
OAI2BB1X4          7    31.122    slow_vdd1v0   worst 
OAI31X1            1     2.052    slow_vdd1v0   worst 
OAI31X4            1     6.840    slow_vdd1v0   worst 
OAI32X2            1     4.446    slow_vdd1v0   worst 
OAI32X4            1     8.208    slow_vdd1v0   worst 
OR2X1              3     4.104    slow_vdd1v0   worst 
OR2X2              1     1.710    slow_vdd1v0   worst 
OR2X6              6    22.572    slow_vdd1v0   worst 
OR3X1              1     2.052    slow_vdd1v0   worst 
XNOR2X1           20    47.880    slow_vdd1v0   worst 
XNOR2X2            2     6.156    slow_vdd1v0   worst 
------------------------------------------------------
total            567  1978.470                


                                         
     Type      Instances   Area   Area % 
-----------------------------------------
sequential            56  366.966   18.5 
inverter             120  187.758    9.5 
buffer                44  106.020    5.4 
logic                347 1317.726   66.6 
physical_cells         0    0.000    0.0 
-----------------------------------------
total                567 1978.470  100.0 

