============================================================
  Generated by:           Genus(TM) Synthesis Solution 21.18-s082_1
  Generated on:           Sep 04 2025  02:16:55 pm
  Module:                 square_root
  Operating conditions:   PVT_0P9V_125C 
  Operating conditions:   PVT_1P32V_0C 
  Interconnect mode:      global
  Area mode:              physical library
============================================================

Timing
--------

Clock Period 
-------------
clk   2360.0 


  Cost    Critical           Violating 
 Group   Path Slack   TNS      Paths   
---------------------------------------
clk           -11.1   -83.8          9 
default    No paths     0.0            
---------------------------------------
Total                 -83.8          9 

Instance Count
--------------
Leaf Instance Count             567 
Physical Instance count           0 
Sequential Instance Count        56 
Combinational Instance Count    511 
Hierarchical Instance Count       0 

Area
----
Cell Area                          1978.470
Physical Cell Area                 0.000
Total Cell Area (Cell+Physical)    1978.470
Net Area                           616.779
Total Area (Cell+Physical+Net)     2595.249

Max Fanout                         56 (clk)
Min Fanout                         0 (rst_n)
Average Fanout                     1.9
Terms to net ratio                 3.0034
Terms to instance ratio            3.1305
Runtime                            37.112071 seconds
Elapsed Runtime                    81 seconds
Genus peak memory usage            1676.07 
Innovus peak memory usage          no_value 
Hostname                           gmicro02
