============================================================
  Generated by:           Genus(TM) Synthesis Solution 21.18-s082_1
  Generated on:           Sep 15 2025  10:47:15 pm
  Module:                 Square_root
  Operating conditions:   PVT_0P9V_125C 
  Operating conditions:   PVT_1P32V_0C 
  Interconnect mode:      global
  Area mode:              physical library
============================================================

Timing
--------

Clock Period 
-------------
clk    440.0 


  Cost    Critical         Violating 
 Group   Path Slack  TNS     Paths   
-------------------------------------
clk             1.4   0.0          0 
default    No paths   0.0            
-------------------------------------
Total                 0.0          0 

Instance Count
--------------
Leaf Instance Count             258 
Physical Instance count           0 
Sequential Instance Count        60 
Combinational Instance Count    198 
Hierarchical Instance Count       0 

Area
----
Cell Area                          884.412
Physical Cell Area                 0.000
Total Cell Area (Cell+Physical)    884.412
Net Area                           299.799
Total Area (Cell+Physical+Net)     1184.211

Max Fanout                         60 (clk)
Min Fanout                         0 (rst_n)
Average Fanout                     2.0
Terms to net ratio                 3.1478
Terms to instance ratio            3.5504
Runtime                            19.791998 seconds
Elapsed Runtime                    21 seconds
Genus peak memory usage            1328.89 
Innovus peak memory usage          no_value 
Hostname                           gmicro02
