============================================================
  Generated by:           Genus(TM) Synthesis Solution 21.18-s082_1
  Generated on:           Sep 08 2025  01:15:09 am
  Module:                 square_root_pipe
  Operating conditions:   PVT_0P9V_125C 
  Operating conditions:   PVT_1P32V_0C 
  Interconnect mode:      global
  Area mode:              physical library
============================================================

Timing
--------

Clock Period 
-------------
clk   1270.0 


  Cost    Critical         Violating 
 Group   Path Slack  TNS     Paths   
-------------------------------------
clk             1.0   0.0          0 
default    No paths   0.0            
-------------------------------------
Total                 0.0          0 

Instance Count
--------------
Leaf Instance Count             98 
Physical Instance count          0 
Sequential Instance Count       11 
Combinational Instance Count    87 
Hierarchical Instance Count      0 

Area
----
Cell Area                          361.836
Physical Cell Area                 0.000
Total Cell Area (Cell+Physical)    361.836
Net Area                           103.335
Total Area (Cell+Physical+Net)     465.171

Max Fanout                         11 (clk)
Min Fanout                         0 (n_0)
Average Fanout                     1.7
Terms to net ratio                 2.5339
Terms to instance ratio            3.0510
Runtime                            19.605046 seconds
Elapsed Runtime                    22 seconds
Genus peak memory usage            1337.68 
Innovus peak memory usage          no_value 
Hostname                           gmicro02
