============================================================
  Generated by:           Genus(TM) Synthesis Solution 21.18-s082_1
  Generated on:           Sep 08 2025  01:15:09 am
  Module:                 square_root_pipe
  Operating conditions:   PVT_0P9V_125C 
  Operating conditions:   PVT_1P32V_0C 
  Interconnect mode:      global
  Area mode:              physical library
============================================================

                                             Library 
   Gate    Instances   Area       Library     Domain 
-----------------------------------------------------
ADDHX1             1    3.762    slow_vdd1v0   worst 
AND2X1             3    4.104    slow_vdd1v0   worst 
AOI21X4            2   10.260    slow_vdd1v0   worst 
AOI22X4            2   12.312    slow_vdd1v0   worst 
AOI2BB1X4          1    4.104    slow_vdd1v0   worst 
AOI2BB2X4          1    7.524    slow_vdd1v0   worst 
BUFX2              6   10.260    slow_vdd1v0   worst 
BUFX6              8   24.624    slow_vdd1v0   worst 
CLKAND2X2          1    2.052    slow_vdd1v0   worst 
CLKAND2X6          2    9.576    slow_vdd1v0   worst 
CLKINVX12          1    4.104    slow_vdd1v0   worst 
CLKINVX4           1    1.710    slow_vdd1v0   worst 
CLKINVX6           4    9.576    slow_vdd1v0   worst 
CLKINVX8           1    3.078    slow_vdd1v0   worst 
CLKMX2X3           1    4.104    slow_vdd1v0   worst 
CLKXOR2X1          1    2.736    slow_vdd1v0   worst 
DFFRHQX1           1    6.156    slow_vdd1v0   worst 
DFFRHQX2           2   15.732    slow_vdd1v0   worst 
DFFRHQX4           6   57.456    slow_vdd1v0   worst 
DFFRHQX8           1   11.286    slow_vdd1v0   worst 
DFFSRHQX1          1   10.944    slow_vdd1v0   worst 
INVX1              3    2.052    slow_vdd1v0   worst 
INVX2              6    6.156    slow_vdd1v0   worst 
INVX3              1    1.368    slow_vdd1v0   worst 
INVXL              1    0.684    slow_vdd1v0   worst 
MX2X1              2    4.788    slow_vdd1v0   worst 
MX3XL              1    4.788    slow_vdd1v0   worst 
MXI3X1             1    6.498    slow_vdd1v0   worst 
NAND2BX4           1    3.762    slow_vdd1v0   worst 
NAND2X1            1    1.026    slow_vdd1v0   worst 
NAND2X4            3   10.260    slow_vdd1v0   worst 
NAND2X6            1    4.788    slow_vdd1v0   worst 
NAND3X2            1    2.736    slow_vdd1v0   worst 
NOR2X1             1    1.026    slow_vdd1v0   worst 
NOR2X2             6   10.260    slow_vdd1v0   worst 
NOR2X4             5   15.390    slow_vdd1v0   worst 
NOR2X6             5   20.520    slow_vdd1v0   worst 
NOR2X8             2   10.944    slow_vdd1v0   worst 
NOR3X6             1    7.182    slow_vdd1v0   worst 
NOR3X8             1    8.892    slow_vdd1v0   worst 
OAI21X2            1    3.078    slow_vdd1v0   worst 
OAI21X4            2    9.576    slow_vdd1v0   worst 
OR2X1              2    2.736    slow_vdd1v0   worst 
OR2X4              2    5.472    slow_vdd1v0   worst 
XNOR2X1            1    2.394    slow_vdd1v0   worst 
-----------------------------------------------------
total             98  361.836                


                                        
     Type      Instances   Area  Area % 
----------------------------------------
sequential            11 101.574   28.1 
inverter              18  28.728    7.9 
buffer                14  34.884    9.6 
logic                 55 196.650   54.3 
physical_cells         0   0.000    0.0 
----------------------------------------
total                 98 361.836  100.0 

