============================================================
  Generated by:           Genus(TM) Synthesis Solution 21.18-s082_1
  Generated on:           Oct 01 2025  12:38:02 am
  Module:                 BubbleSort
  Operating conditions:   PVT_0P9V_125C 
  Operating conditions:   PVT_1P32V_0C 
  Interconnect mode:      global
  Area mode:              physical library
============================================================

Timing
--------

Clock Period 
-------------
clk    480.0 


  Cost    Critical         Violating 
 Group   Path Slack  TNS     Paths   
-------------------------------------
clk             1.4   0.0          0 
default    No paths   0.0            
-------------------------------------
Total                 0.0          0 

Instance Count
--------------
Leaf Instance Count             1202 
Physical Instance count            0 
Sequential Instance Count        393 
Combinational Instance Count     809 
Hierarchical Instance Count        0 

Area
----
Cell Area                          4578.354
Physical Cell Area                 0.000
Total Cell Area (Cell+Physical)    4578.354
Net Area                           1373.726
Total Area (Cell+Physical+Net)     5952.080

Max Fanout                         393 (clk)
Min Fanout                         0 (n_12)
Average Fanout                     2.3
Terms to net ratio                 3.5918
Terms to instance ratio            3.7113
Runtime                            27.924217999999996 seconds
Elapsed Runtime                    30 seconds
Genus peak memory usage            1454.57 
Innovus peak memory usage          no_value 
Hostname                           gmicro02
