============================================================
  Generated by:           Genus(TM) Synthesis Solution 21.18-s082_1
  Generated on:           Oct 01 2025  12:38:02 am
  Module:                 BubbleSort
  Operating conditions:   PVT_0P9V_125C 
  Operating conditions:   PVT_1P32V_0C 
  Interconnect mode:      global
  Area mode:              physical library
============================================================


Path 1: MET (1 ps) Setup Check with Pin DATA_PATH_SF_0_s_reg[31]/CK->D
          Group: clk
     Startpoint: (R) DATA_PATH_SF_8_s_reg[20]/CK
          Clock: (R) clk
       Endpoint: (R) DATA_PATH_SF_0_s_reg[31]/D
          Clock: (R) clk

                     Capture       Launch     
        Clock Edge:+     480            0     
       Src Latency:+       0            0     
       Net Latency:+     100 (I)      100 (I) 
           Arrival:=     580          100     
                                              
             Setup:-      18                  
       Uncertainty:-      50                  
     Required Time:=     512                  
      Launch Clock:-     100                  
         Data Path:-     411                  
             Slack:=       1                  

#-----------------------------------------------------------------------------------------------------
#        Timing Point         Flags    Arc   Edge   Cell     Fanout Load Trans Delay Arrival Instance 
#                                                                   (fF)  (ps)  (ps)   (ps)  Location 
#-----------------------------------------------------------------------------------------------------
  DATA_PATH_SF_8_s_reg[20]/CK -       -      R     (arrival)    393    -     0     0     100    (-,-) 
  DATA_PATH_SF_8_s_reg[20]/Q  -       CK->Q  F     DFFRHQX4       6 12.3    22    53     153    (-,-) 
  g10087__9945/Y              -       A->Y   R     XNOR2X1        1  4.0    25    43     196    (-,-) 
  g9976__6161/Y               -       A->Y   F     NAND4X2        1  4.9    64    49     245    (-,-) 
  g9538__6161/Y               -       A->Y   R     NOR4X4         1  3.6    41    37     282    (-,-) 
  g9403__1881/Y               -       B->Y   R     CLKAND2X3      2  5.2    14    24     305    (-,-) 
  g9399__5122/Y               -       A0N->Y R     AOI2BB1X4      1  5.0    24    28     333    (-,-) 
  g9395__1617/Y               -       B->Y   F     NOR2X4         1  3.8    18    11     344    (-,-) 
  g9390__4319/Y               -       B->Y   F     OR2X8         33 69.6    61    58     402    (-,-) 
  g9380__1666/Y               -       S0->Y  R     MX2X1          2  5.2    32    44     446    (-,-) 
  g9225__7482/Y               -       A1->Y  F     AOI22X1        1  3.4    57    38     484    (-,-) 
  g9193__7098/Y               -       B0->Y  R     OAI2BB1X1      1  3.3    32    27     511    (-,-) 
  DATA_PATH_SF_0_s_reg[31]/D  <<<     -      R     DFFRHQX1       1    -     -     0     511    (-,-) 
#-----------------------------------------------------------------------------------------------------

