============================================================
  Generated by:           Genus(TM) Synthesis Solution 21.18-s082_1
  Generated on:           Oct 01 2025  12:38:02 am
  Module:                 BubbleSort
  Operating conditions:   PVT_0P9V_125C 
  Operating conditions:   PVT_1P32V_0C 
  Interconnect mode:      global
  Area mode:              physical library
============================================================

                                              Library 
   Gate    Instances    Area       Library     Domain 
------------------------------------------------------
ADDHX1             1     3.762    fast_vdd1v2    best 
AND2X1             3     4.104    fast_vdd1v2    best 
AND2X2             1     1.710    fast_vdd1v2    best 
AND2X4             1     2.736    fast_vdd1v2    best 
AND4X2             1     3.078    fast_vdd1v2    best 
AO21X1             1     2.394    fast_vdd1v2    best 
AOI21X2            2     5.472    fast_vdd1v2    best 
AOI21X4            8    41.040    fast_vdd1v2    best 
AOI22X1           32    65.664    fast_vdd1v2    best 
AOI22X2            1     3.762    fast_vdd1v2    best 
AOI2BB1X4          3    12.312    fast_vdd1v2    best 
AOI31X2            5    17.100    fast_vdd1v2    best 
AOI31X4            3    19.494    fast_vdd1v2    best 
BUFX2             66   112.860    fast_vdd1v2    best 
BUFX3              2     4.104    fast_vdd1v2    best 
BUFX4             31    74.214    fast_vdd1v2    best 
CLKAND2X2          1     2.052    fast_vdd1v2    best 
CLKAND2X3          1     3.078    fast_vdd1v2    best 
CLKAND2X6          2     9.576    fast_vdd1v2    best 
CLKBUFX2           1     1.710    fast_vdd1v2    best 
CLKINVX20          2    12.996    fast_vdd1v2    best 
CLKINVX4           2     3.420    fast_vdd1v2    best 
CLKINVX6           2     4.788    fast_vdd1v2    best 
CLKXOR2X1          1     2.736    fast_vdd1v2    best 
DFFRHQX1         322  1982.232    fast_vdd1v2    best 
DFFRHQX2           3    23.598    fast_vdd1v2    best 
DFFRHQX4          61   584.136    fast_vdd1v2    best 
DFFRHQX8           1    11.286    fast_vdd1v2    best 
DFFRX1             1     6.840    fast_vdd1v2    best 
DFFRX2             1     7.524    fast_vdd1v2    best 
DFFX1              4    28.728    fast_vdd1v2    best 
INVX1              9     6.156    fast_vdd1v2    best 
INVX2              8     8.208    fast_vdd1v2    best 
INVX3              3     4.104    fast_vdd1v2    best 
INVXL              2     1.368    fast_vdd1v2    best 
MX2X1            384   919.296    fast_vdd1v2    best 
MXI2XL             3     7.182    fast_vdd1v2    best 
NAND2BX1          11    15.048    fast_vdd1v2    best 
NAND2BX2          12    28.728    fast_vdd1v2    best 
NAND2BX4          10    37.620    fast_vdd1v2    best 
NAND2X1            1     1.026    fast_vdd1v2    best 
NAND2X2            3     5.130    fast_vdd1v2    best 
NAND2X4            3    10.260    fast_vdd1v2    best 
NAND2X6            3    14.364    fast_vdd1v2    best 
NAND3BX4           1     5.130    fast_vdd1v2    best 
NAND4X2            5    18.810    fast_vdd1v2    best 
NAND4X4            3    20.520    fast_vdd1v2    best 
NAND4XL            9    15.390    fast_vdd1v2    best 
NOR2BX1           12    16.416    fast_vdd1v2    best 
NOR2BX2            5    13.680    fast_vdd1v2    best 
NOR2X1             9     9.234    fast_vdd1v2    best 
NOR2X4             9    27.702    fast_vdd1v2    best 
NOR2X6             1     4.104    fast_vdd1v2    best 
NOR3BX2            1     3.420    fast_vdd1v2    best 
NOR4X1             2     3.420    fast_vdd1v2    best 
NOR4X4             2    12.996    fast_vdd1v2    best 
OAI211X1           1     1.710    fast_vdd1v2    best 
OAI21X4           12    57.456    fast_vdd1v2    best 
OAI22X1            2     4.104    fast_vdd1v2    best 
OAI2BB1X1         34    58.140    fast_vdd1v2    best 
OAI2BB1X4          3    13.338    fast_vdd1v2    best 
OAI31X4            1     6.840    fast_vdd1v2    best 
OR2X1              5     6.840    fast_vdd1v2    best 
OR2X8              1     4.446    fast_vdd1v2    best 
OR3X1              1     2.052    fast_vdd1v2    best 
XNOR2X1           65   155.610    fast_vdd1v2    best 
------------------------------------------------------
total           1202  4578.354                


                                         
     Type      Instances   Area   Area % 
-----------------------------------------
sequential           393 2644.344   57.8 
inverter              28   41.040    0.9 
buffer               100  192.888    4.2 
logic                681 1700.082   37.1 
physical_cells         0    0.000    0.0 
-----------------------------------------
total               1202 4578.354  100.0 

