============================================================
  Generated by:           Genus(TM) Synthesis Solution 21.18-s082_1
  Generated on:           Sep 04 2025  02:18:54 pm
  Module:                 square_root
  Operating conditions:   PVT_0P9V_125C 
  Operating conditions:   PVT_1P32V_0C 
  Interconnect mode:      global
  Area mode:              physical library
============================================================

                                              Library 
   Gate    Instances    Area       Library     Domain 
------------------------------------------------------
ADDHX1             1     3.762    slow_vdd1v0   worst 
ADDHX2             1     5.130    slow_vdd1v0   worst 
AND2X1             8    10.944    slow_vdd1v0   worst 
AND2X2             2     3.420    slow_vdd1v0   worst 
AND2X4             2     5.472    slow_vdd1v0   worst 
AND2X6             2     7.524    slow_vdd1v0   worst 
AND3XL             1     2.052    slow_vdd1v0   worst 
AO21X1             3     7.182    slow_vdd1v0   worst 
AO21X2             1     2.736    slow_vdd1v0   worst 
AO21X4             1     3.420    slow_vdd1v0   worst 
AO22X1            22    60.192    slow_vdd1v0   worst 
AO22X2             1     3.078    slow_vdd1v0   worst 
AO22X4             3    11.286    slow_vdd1v0   worst 
AOI211X1           1     2.394    slow_vdd1v0   worst 
AOI21X1            1     1.710    slow_vdd1v0   worst 
AOI21X2            2     5.472    slow_vdd1v0   worst 
AOI21X4            6    30.780    slow_vdd1v0   worst 
AOI221X4           1     7.866    slow_vdd1v0   worst 
AOI22X4            1     6.156    slow_vdd1v0   worst 
AOI2BB1X4         11    45.144    slow_vdd1v0   worst 
AOI31X2            2     6.840    slow_vdd1v0   worst 
BUFX2             16    27.360    slow_vdd1v0   worst 
BUFX3              1     2.052    slow_vdd1v0   worst 
BUFX6             24    73.872    slow_vdd1v0   worst 
CLKAND2X2          2     4.104    slow_vdd1v0   worst 
CLKAND2X3          4    12.312    slow_vdd1v0   worst 
CLKAND2X4          1     3.420    slow_vdd1v0   worst 
CLKAND2X6         11    52.668    slow_vdd1v0   worst 
CLKAND2X8          1     5.814    slow_vdd1v0   worst 
CLKBUFX3           1     2.052    slow_vdd1v0   worst 
CLKINVX12          3    12.312    slow_vdd1v0   worst 
CLKINVX16          1     5.472    slow_vdd1v0   worst 
CLKINVX3           1     1.710    slow_vdd1v0   worst 
CLKINVX4          16    27.360    slow_vdd1v0   worst 
CLKINVX6          18    43.092    slow_vdd1v0   worst 
CLKINVX8           7    21.546    slow_vdd1v0   worst 
CLKMX2X3          21    86.184    slow_vdd1v0   worst 
CLKXOR2X1          8    21.888    slow_vdd1v0   worst 
DFFRHQX1          45   277.020    slow_vdd1v0   worst 
DFFRHQX2           1     7.866    slow_vdd1v0   worst 
DFFRHQX4           4    38.304    slow_vdd1v0   worst 
DFFRX2             6    45.144    slow_vdd1v0   worst 
INVX1             26    17.784    slow_vdd1v0   worst 
INVX12             1     4.104    slow_vdd1v0   worst 
INVX2             58    59.508    slow_vdd1v0   worst 
INVX3             19    25.992    slow_vdd1v0   worst 
MX2X1             16    38.304    slow_vdd1v0   worst 
MXI2X2             2     8.892    slow_vdd1v0   worst 
MXI2X4             2    10.260    slow_vdd1v0   worst 
NAND2BX1           2     2.736    slow_vdd1v0   worst 
NAND2X1            4     4.104    slow_vdd1v0   worst 
NAND2X2            7    11.970    slow_vdd1v0   worst 
NAND2X4            6    20.520    slow_vdd1v0   worst 
NAND2X6            5    23.940    slow_vdd1v0   worst 
NAND2X8            7    38.304    slow_vdd1v0   worst 
NAND3X6            2    14.364    slow_vdd1v0   worst 
NOR2BX1            1     1.368    slow_vdd1v0   worst 
NOR2BX4            3    11.286    slow_vdd1v0   worst 
NOR2X1             7     7.182    slow_vdd1v0   worst 
NOR2X2             6    10.260    slow_vdd1v0   worst 
NOR2X4            31    95.418    slow_vdd1v0   worst 
NOR2X6            25   102.600    slow_vdd1v0   worst 
NOR2X8            20   109.440    slow_vdd1v0   worst 
NOR3BX2            1     3.420    slow_vdd1v0   worst 
NOR3X2             1     2.736    slow_vdd1v0   worst 
NOR3X4             1     5.130    slow_vdd1v0   worst 
NOR3X6             1     7.182    slow_vdd1v0   worst 
OA21X1             2     4.104    slow_vdd1v0   worst 
OA22X1             1     2.394    slow_vdd1v0   worst 
OAI21X2            1     3.078    slow_vdd1v0   worst 
OAI21X4            4    19.152    slow_vdd1v0   worst 
OAI22X2            5    17.100    slow_vdd1v0   worst 
OAI22X4            2    12.996    slow_vdd1v0   worst 
OAI2BB1X1          2     3.420    slow_vdd1v0   worst 
OAI2BB1X2          2     6.156    slow_vdd1v0   worst 
OAI2BB1X4          3    13.338    slow_vdd1v0   worst 
OAI2BB2X4          1     8.550    slow_vdd1v0   worst 
OAI31X1            1     2.052    slow_vdd1v0   worst 
OAI31X2            1     3.762    slow_vdd1v0   worst 
OR2X1              7     9.576    slow_vdd1v0   worst 
OR2X2              1     1.710    slow_vdd1v0   worst 
OR2X4              2     5.472    slow_vdd1v0   worst 
OR2X6              5    18.810    slow_vdd1v0   worst 
XNOR2X1           20    47.880    slow_vdd1v0   worst 
XNOR2X2            1     3.078    slow_vdd1v0   worst 
------------------------------------------------------
total            580  1823.544                


                                         
     Type      Instances   Area   Area % 
-----------------------------------------
sequential            56  368.334   20.2 
inverter             150  218.880   12.0 
buffer                42  105.336    5.8 
logic                332 1130.994   62.0 
physical_cells         0    0.000    0.0 
-----------------------------------------
total                580 1823.544  100.0 

