============================================================
  Generated by:           Genus(TM) Synthesis Solution 21.18-s082_1
  Generated on:           Sep 04 2025  02:18:54 pm
  Module:                 square_root
  Operating conditions:   PVT_0P9V_125C 
  Operating conditions:   PVT_1P32V_0C 
  Interconnect mode:      global
  Area mode:              physical library
============================================================


Path 1: VIOLATED (-32 ps) Setup Check with Pin DATA_PATH_1_SQUARE_REG_reg[13].dffn_sig_q_reg/CK->D
          Group: clk
     Startpoint: (R) CONTROL_PATH_CurrentState_reg[1]/CK
          Clock: (R) clk
       Endpoint: (R) DATA_PATH_1_SQUARE_REG_reg[13].dffn_sig_q_reg/D
          Clock: (R) clk

                     Capture       Launch     
        Clock Edge:+    2370            0     
       Src Latency:+       0            0     
       Net Latency:+     100 (I)      100 (I) 
           Arrival:=    2470          100     
                                              
             Setup:-     142                  
       Uncertainty:-      50                  
     Required Time:=    2278                  
      Launch Clock:-     100                  
         Data Path:-    2210                  
             Slack:=     -32                  

#-------------------------------------------------------------------------------------------------------------------------
#                  Timing Point                   Flags    Arc   Edge   Cell     Fanout Load Trans Delay Arrival Instance 
#                                                                                       (fF)  (ps)  (ps)   (ps)  Location 
#-------------------------------------------------------------------------------------------------------------------------
  CONTROL_PATH_CurrentState_reg[1]/CK             -       -      R     (arrival)     56    -     0     0     100    (-,-) 
  CONTROL_PATH_CurrentState_reg[1]/Q              -       CK->Q  R     DFFRHQX4       1  7.8    68   281     381    (-,-) 
  g10273/Y                                        -       A->Y   F     CLKINVX12      4 21.6    71    69     450    (-,-) 
  g10217/Y                                        -       A->Y   R     CLKINVX8       2  5.6    35    48     497    (-,-) 
  g10216/Y                                        -       A->Y   R     BUFX6          4  9.8    49    92     589    (-,-) 
  g10108__2398/Y                                  -       A1N->Y R     AOI2BB1X4      1  3.3    65   121     710    (-,-) 
  g9920__1881/S                                   -       A->S   F     ADDHX2         2  5.8   103   265     975    (-,-) 
  g9901__5477/Y                                   -       B->Y   F     CLKAND2X6      2  7.7    53   131    1107    (-,-) 
  g9884__8246/Y                                   -       B->Y   F     CLKAND2X6      2  6.0    47   103    1210    (-,-) 
  g9870__5526/Y                                   -       B->Y   R     NOR2X4         2  7.8   115    89    1299    (-,-) 
  g9861__7098/Y                                   -       B->Y   F     NOR2X8         1  5.8    53    76    1375    (-,-) 
  g9836__5526/Y                                   -       B->Y   R     NOR2X8         2  8.0    72    67    1442    (-,-) 
  g9826__2883/Y                                   -       B->Y   F     NOR2X8         1  5.8    56    57    1499    (-,-) 
  g9801__1881/Y                                   -       B->Y   R     NOR2X8         1  6.1    63    63    1562    (-,-) 
  g9790__4319/Y                                   -       B->Y   F     NOR2X8         1  5.8    49    53    1615    (-,-) 
  g9788__2346/Y                                   -       B->Y   R     NOR2X8         3  9.4    79    70    1685    (-,-) 
  g9774__2802/Y                                   -       B->Y   F     NOR2X8         2  5.7    52    60    1745    (-,-) 
  g9758__7410/Y                                   -       B->Y   F     CLKAND2X6      2  8.0    55   107    1852    (-,-) 
  g9753/Y                                         -       A->Y   R     CLKINVX6       1  3.3    28    39    1892    (-,-) 
  g9734__1705/Y                                   -       B->Y   R     CLKXOR2X1      1  3.3    86   171    2062    (-,-) 
  g9709__5107/Y                                   -       A1->Y  R     AO22X4         1  3.2    67   248    2310    (-,-) 
  DATA_PATH_1_SQUARE_REG_reg[13].dffn_sig_q_reg/D <<<     -      R     DFFRHQX1       1    -     -     0    2310    (-,-) 
#-------------------------------------------------------------------------------------------------------------------------

