============================================================
  Generated by:           Genus(TM) Synthesis Solution 21.18-s082_1
  Generated on:           Sep 04 2025  02:18:54 pm
  Module:                 square_root
  Operating conditions:   PVT_0P9V_125C 
  Operating conditions:   PVT_1P32V_0C 
  Interconnect mode:      global
  Area mode:              physical library
============================================================

Timing
--------

Clock Period 
-------------
clk   2370.0 


  Cost    Critical            Violating 
 Group   Path Slack    TNS      Paths   
----------------------------------------
clk           -31.5   -235.5          9 
default    No paths      0.0            
----------------------------------------
Total                 -235.5          9 

Instance Count
--------------
Leaf Instance Count             580 
Physical Instance count           0 
Sequential Instance Count        56 
Combinational Instance Count    524 
Hierarchical Instance Count       0 

Area
----
Cell Area                          1823.544
Physical Cell Area                 0.000
Total Cell Area (Cell+Physical)    1823.544
Net Area                           622.005
Total Area (Cell+Physical+Net)     2445.549

Max Fanout                         56 (clk)
Min Fanout                         0 (rst_n)
Average Fanout                     1.9
Terms to net ratio                 2.9733
Terms to instance ratio            3.0759
Runtime                            39.205082 seconds
Elapsed Runtime                    72 seconds
Genus peak memory usage            1682.56 
Innovus peak memory usage          no_value 
Hostname                           gmicro02
