============================================================
  Generated by:           Genus(TM) Synthesis Solution 21.18-s082_1
  Generated on:           Sep 08 2025  12:30:26 am
  Module:                 square_root
  Operating conditions:   PVT_0P9V_125C 
  Operating conditions:   PVT_1P32V_0C 
  Interconnect mode:      global
  Area mode:              physical library
============================================================

Timing
--------

Clock Period 
-------------
clk   2290.0 


  Cost    Critical            Violating 
 Group   Path Slack    TNS      Paths   
----------------------------------------
clk           -34.3   -227.5          8 
default    No paths      0.0            
----------------------------------------
Total                 -227.5          8 

Instance Count
--------------
Leaf Instance Count             630 
Physical Instance count           0 
Sequential Instance Count        56 
Combinational Instance Count    574 
Hierarchical Instance Count       0 

Area
----
Cell Area                          2093.382
Physical Cell Area                 0.000
Total Cell Area (Cell+Physical)    2093.382
Net Area                           676.400
Total Area (Cell+Physical+Net)     2769.782

Max Fanout                         56 (clk)
Min Fanout                         0 (rst_n)
Average Fanout                     1.9
Terms to net ratio                 2.9769
Terms to instance ratio            3.0714
Runtime                            24.237365 seconds
Elapsed Runtime                    27 seconds
Genus peak memory usage            1403.27 
Innovus peak memory usage          no_value 
Hostname                           gmicro02
