============================================================
  Generated by:           Genus(TM) Synthesis Solution 21.18-s082_1
  Generated on:           Sep 08 2025  12:30:25 am
  Module:                 square_root
  Operating conditions:   PVT_0P9V_125C 
  Operating conditions:   PVT_1P32V_0C 
  Interconnect mode:      global
  Area mode:              physical library
============================================================


Path 1: VIOLATED (-34 ps) Setup Check with Pin DATA_PATH_1_SQUARE_REG_reg[10].dffn_sig_q_reg/CK->D
          Group: clk
     Startpoint: (R) CONTROL_PATH_CurrentState_reg[1]/CK
          Clock: (R) clk
       Endpoint: (R) DATA_PATH_1_SQUARE_REG_reg[10].dffn_sig_q_reg/D
          Clock: (R) clk

                     Capture       Launch     
        Clock Edge:+    2290            0     
       Src Latency:+       0            0     
       Net Latency:+     100 (I)      100 (I) 
           Arrival:=    2390          100     
                                              
             Setup:-     142                  
       Uncertainty:-      50                  
     Required Time:=    2198                  
      Launch Clock:-     100                  
         Data Path:-    2133                  
             Slack:=     -34                  

#-------------------------------------------------------------------------------------------------------------------------
#                  Timing Point                   Flags    Arc   Edge   Cell     Fanout Load Trans Delay Arrival Instance 
#                                                                                       (fF)  (ps)  (ps)   (ps)  Location 
#-------------------------------------------------------------------------------------------------------------------------
  CONTROL_PATH_CurrentState_reg[1]/CK             -       -      R     (arrival)     56    -     0     0     100    (-,-) 
  CONTROL_PATH_CurrentState_reg[1]/Q              -       CK->Q  R     DFFRHQX4       2  6.8    63   278     378    (-,-) 
  g10799/Y                                        -       A->Y   R     BUFX12         4 22.1    61   121     499    (-,-) 
  g10798/Y                                        -       A->Y   F     CLKINVX12      2 11.6    48    53     552    (-,-) 
  g10797/Y                                        -       A->Y   R     CLKINVX12      2 12.4    38    44     595    (-,-) 
  g10796/Y                                        -       A->Y   F     CLKINVX16      4  9.2    34    38     633    (-,-) 
  g10653__6131/Y                                  -       A1N->Y F     AOI2BB1X4      2  9.5   100   178     812    (-,-) 
  g10634/Y                                        -       A->Y   R     CLKINVX8       1  5.3    39    59     870    (-,-) 
  g10581__9945/Y                                  -       B->Y   F     NOR2X6         3 11.2    91    58     929    (-,-) 
  g10502__8246/Y                                  -       B->Y   R     NOR2X8         3  9.7    87    89    1018    (-,-) 
  g10447__1617/Y                                  -       B->Y   F     NAND2X8        2  8.0   102   101    1118    (-,-) 
  g10385/Y                                        -       A->Y   R     CLKINVX6       1  4.5    40    61    1180    (-,-) 
  g10369__6260/Y                                  -       A1->Y  F     AOI21X4        2  6.8   145   119    1298    (-,-) 
  g10347__6783/Y                                  -       B->Y   R     NAND2X6        2  6.2    58    87    1386    (-,-) 
  g10325__8246/Y                                  -       A1->Y  F     AOI21X4        1  5.1   121   114    1500    (-,-) 
  g10311__7410/Y                                  -       B->Y   R     NOR2X6         1  4.5    69    90    1589    (-,-) 
  g10296__5115/Y                                  -       B->Y   F     NOR2BX4        1  5.8    70    67    1656    (-,-) 
  g10281__6417/Y                                  -       B->Y   R     NOR2X8         1  6.1    65    68    1725    (-,-) 
  g10268__1881/Y                                  -       B->Y   F     NOR2X8         2  5.5    59    53    1778    (-,-) 
  g10242__5477/Y                                  -       B->Y   R     XNOR2X1        1  3.3    86   207    1985    (-,-) 
  g10225__5122/Y                                  -       A1->Y  R     AO22X4         1  3.2    67   248    2233    (-,-) 
  DATA_PATH_1_SQUARE_REG_reg[10].dffn_sig_q_reg/D <<<     -      R     DFFRHQX1       1    -     -     0    2233    (-,-) 
#-------------------------------------------------------------------------------------------------------------------------

