============================================================
  Generated by:           Genus(TM) Synthesis Solution 21.18-s082_1
  Generated on:           Sep 08 2025  12:30:26 am
  Module:                 square_root
  Operating conditions:   PVT_0P9V_125C 
  Operating conditions:   PVT_1P32V_0C 
  Interconnect mode:      global
  Area mode:              physical library
============================================================

                                               Library 
   Gate     Instances    Area       Library     Domain 
-------------------------------------------------------
ADDHX1              1     3.762    slow_vdd1v0   worst 
ADDHX4              1     7.182    slow_vdd1v0   worst 
AND2X1              5     6.840    slow_vdd1v0   worst 
AND2X4              3     8.208    slow_vdd1v0   worst 
AND2X6              4    15.048    slow_vdd1v0   worst 
AO21X1              2     4.788    slow_vdd1v0   worst 
AO22X1             19    51.984    slow_vdd1v0   worst 
AO22X4              5    18.810    slow_vdd1v0   worst 
AOI211X2            1     3.420    slow_vdd1v0   worst 
AOI21X1             1     1.710    slow_vdd1v0   worst 
AOI21X2             1     2.736    slow_vdd1v0   worst 
AOI21X4            11    56.430    slow_vdd1v0   worst 
AOI221X2            1     4.446    slow_vdd1v0   worst 
AOI2BB1X4          14    57.456    slow_vdd1v0   worst 
AOI31X4             3    19.494    slow_vdd1v0   worst 
BUFX12              2    10.260    slow_vdd1v0   worst 
BUFX2              19    32.490    slow_vdd1v0   worst 
BUFX3               3     6.156    slow_vdd1v0   worst 
BUFX6              18    55.404    slow_vdd1v0   worst 
CLKAND2X12          2    15.048    slow_vdd1v0   worst 
CLKAND2X2           5    10.260    slow_vdd1v0   worst 
CLKAND2X3           3     9.234    slow_vdd1v0   worst 
CLKAND2X4           2     6.840    slow_vdd1v0   worst 
CLKAND2X6          12    57.456    slow_vdd1v0   worst 
CLKAND2X8           3    17.442    slow_vdd1v0   worst 
CLKINVX12           3    12.312    slow_vdd1v0   worst 
CLKINVX16           1     5.472    slow_vdd1v0   worst 
CLKINVX2            1     1.368    slow_vdd1v0   worst 
CLKINVX20           2    12.996    slow_vdd1v0   worst 
CLKINVX3            4     6.840    slow_vdd1v0   worst 
CLKINVX4           15    25.650    slow_vdd1v0   worst 
CLKINVX6           21    50.274    slow_vdd1v0   worst 
CLKINVX8            2     6.156    slow_vdd1v0   worst 
CLKMX2X3           12    49.248    slow_vdd1v0   worst 
CLKXOR2X1           5    13.680    slow_vdd1v0   worst 
DFFRHQX1           42   258.552    slow_vdd1v0   worst 
DFFRHQX2            3    23.598    slow_vdd1v0   worst 
DFFRHQX4            2    19.152    slow_vdd1v0   worst 
DFFRX2              9    67.716    slow_vdd1v0   worst 
INVX1              34    23.256    slow_vdd1v0   worst 
INVX2              50    51.300    slow_vdd1v0   worst 
INVX3              16    21.888    slow_vdd1v0   worst 
INVX6               1     2.394    slow_vdd1v0   worst 
INVXL               2     1.368    slow_vdd1v0   worst 
MX2X1              17    40.698    slow_vdd1v0   worst 
MXI2X4              3    15.390    slow_vdd1v0   worst 
NAND2BX1            2     2.736    slow_vdd1v0   worst 
NAND2BX2            1     2.394    slow_vdd1v0   worst 
NAND2BX4            1     3.762    slow_vdd1v0   worst 
NAND2X1             6     6.156    slow_vdd1v0   worst 
NAND2X2            10    17.100    slow_vdd1v0   worst 
NAND2X4            11    37.620    slow_vdd1v0   worst 
NAND2X6            11    52.668    slow_vdd1v0   worst 
NAND2X8            10    54.720    slow_vdd1v0   worst 
NAND3BX2            2     6.156    slow_vdd1v0   worst 
NAND3X4             1     4.788    slow_vdd1v0   worst 
NAND3X6             1     7.182    slow_vdd1v0   worst 
NOR2BX1             1     1.368    slow_vdd1v0   worst 
NOR2BX2             1     2.736    slow_vdd1v0   worst 
NOR2BX4             3    11.286    slow_vdd1v0   worst 
NOR2X1              2     2.052    slow_vdd1v0   worst 
NOR2X2             10    17.100    slow_vdd1v0   worst 
NOR2X4             35   107.730    slow_vdd1v0   worst 
NOR2X6             37   151.848    slow_vdd1v0   worst 
NOR2X8             26   142.272    slow_vdd1v0   worst 
NOR3X1              1     1.710    slow_vdd1v0   worst 
NOR3X4              1     5.130    slow_vdd1v0   worst 
OAI21X1             2     3.420    slow_vdd1v0   worst 
OAI21X2             1     3.078    slow_vdd1v0   worst 
OAI21X4             6    28.728    slow_vdd1v0   worst 
OAI22X4            12    77.976    slow_vdd1v0   worst 
OAI2BB1X1           1     1.710    slow_vdd1v0   worst 
OAI2BB1X4           4    17.784    slow_vdd1v0   worst 
OAI2BB2X4           1     8.550    slow_vdd1v0   worst 
OAI31X4             1     6.840    slow_vdd1v0   worst 
OAI32X4             1     8.208    slow_vdd1v0   worst 
OR2X1               4     5.472    slow_vdd1v0   worst 
OR2X2               3     5.130    slow_vdd1v0   worst 
OR2X6               7    26.334    slow_vdd1v0   worst 
OR3X1               1     2.052    slow_vdd1v0   worst 
XNOR2X1            23    55.062    slow_vdd1v0   worst 
XNOR2X2             4    12.312    slow_vdd1v0   worst 
-------------------------------------------------------
total             630  2093.382                


                                         
     Type      Instances   Area   Area % 
-----------------------------------------
sequential            56  369.018   17.6 
inverter             152  221.274   10.6 
buffer                42  104.310    5.0 
logic                380 1398.780   66.8 
physical_cells         0    0.000    0.0 
-----------------------------------------
total                630 2093.382  100.0 

