============================================================
  Generated by:           Genus(TM) Synthesis Solution 21.18-s082_1
  Generated on:           Sep 08 2025  01:09:03 am
  Module:                 square_root_pipe
  Operating conditions:   PVT_0P9V_125C 
  Operating conditions:   PVT_1P32V_0C 
  Interconnect mode:      global
  Area mode:              physical library
============================================================

Timing
--------

Clock Period 
-------------
clk   2000.0 


  Cost    Critical         Violating 
 Group   Path Slack  TNS     Paths   
-------------------------------------
clk            84.7   0.0          0 
default    No paths   0.0            
-------------------------------------
Total                 0.0          0 

Instance Count
--------------
Leaf Instance Count             41 
Physical Instance count          0 
Sequential Instance Count       11 
Combinational Instance Count    30 
Hierarchical Instance Count      0 

Area
----
Cell Area                          188.442
Physical Cell Area                 0.000
Total Cell Area (Cell+Physical)    188.442
Net Area                           44.113
Total Area (Cell+Physical+Net)     232.555

Max Fanout                         11 (clk)
Min Fanout                         0 (n_1)
Average Fanout                     1.5
Terms to net ratio                 2.2951
Terms to instance ratio            3.4146
Runtime                            17.778963 seconds
Elapsed Runtime                    20 seconds
Genus peak memory usage            1327.12 
Innovus peak memory usage          no_value 
Hostname                           gmicro02
