============================================================
  Generated by:           Genus(TM) Synthesis Solution 21.18-s082_1
  Generated on:           Sep 17 2025  01:40:23 am
  Module:                 Square_root
  Operating conditions:   PVT_0P9V_125C 
  Operating conditions:   PVT_1P32V_0C 
  Interconnect mode:      global
  Area mode:              physical library
============================================================

Timing
--------

Clock Period 
-------------
clk   1380.0 


  Cost    Critical         Violating 
 Group   Path Slack  TNS     Paths   
-------------------------------------
clk             1.3   0.0          0 
default    No paths   0.0            
-------------------------------------
Total                 0.0          0 

Instance Count
--------------
Leaf Instance Count             366 
Physical Instance count           0 
Sequential Instance Count        63 
Combinational Instance Count    303 
Hierarchical Instance Count       0 

Area
----
Cell Area                          1353.978
Physical Cell Area                 0.000
Total Cell Area (Cell+Physical)    1353.978
Net Area                           395.854
Total Area (Cell+Physical+Net)     1749.832

Max Fanout                         62 (clk)
Min Fanout                         0 (rst_n)
Average Fanout                     2.0
Terms to net ratio                 3.0672
Terms to instance ratio            3.2432
Runtime                            22.526032 seconds
Elapsed Runtime                    25 seconds
Genus peak memory usage            1447.34 
Innovus peak memory usage          no_value 
Hostname                           gmicro02
