============================================================
  Generated by:           Genus(TM) Synthesis Solution 21.18-s082_1
  Generated on:           Sep 17 2025  01:40:23 am
  Module:                 Square_root
  Operating conditions:   PVT_0P9V_125C 
  Operating conditions:   PVT_1P32V_0C 
  Interconnect mode:      global
  Area mode:              physical library
============================================================

                                               Library 
   Gate     Instances    Area       Library     Domain 
-------------------------------------------------------
ADDFHX2             1     8.208    slow_vdd1v0   worst 
ADDHX1              2     7.524    slow_vdd1v0   worst 
AND2X1              1     1.368    slow_vdd1v0   worst 
AND2X4              1     2.736    slow_vdd1v0   worst 
AND2X6              1     3.762    slow_vdd1v0   worst 
AO22X1              2     5.472    slow_vdd1v0   worst 
AOI21X1             2     3.420    slow_vdd1v0   worst 
AOI21X2             2     5.472    slow_vdd1v0   worst 
AOI21X4             5    25.650    slow_vdd1v0   worst 
AOI221X4            2    15.732    slow_vdd1v0   worst 
AOI22X1             2     4.104    slow_vdd1v0   worst 
AOI2BB1X1           1     2.052    slow_vdd1v0   worst 
AOI2BB1X2           2     6.156    slow_vdd1v0   worst 
AOI2BB1X4           2     8.208    slow_vdd1v0   worst 
AOI2BB2X4           1     7.524    slow_vdd1v0   worst 
BUFX2              12    20.520    slow_vdd1v0   worst 
BUFX6              11    33.858    slow_vdd1v0   worst 
CLKAND2X12          1     7.524    slow_vdd1v0   worst 
CLKAND2X2           5    10.260    slow_vdd1v0   worst 
CLKAND2X3           4    12.312    slow_vdd1v0   worst 
CLKAND2X6           4    19.152    slow_vdd1v0   worst 
CLKINVX12           4    16.416    slow_vdd1v0   worst 
CLKINVX2            2     2.736    slow_vdd1v0   worst 
CLKINVX4           12    20.520    slow_vdd1v0   worst 
CLKINVX6            8    19.152    slow_vdd1v0   worst 
CLKINVX8            4    12.312    slow_vdd1v0   worst 
CLKMX2X3            5    20.520    slow_vdd1v0   worst 
CLKXOR2X1           9    24.624    slow_vdd1v0   worst 
DFFRHQX1           14    86.184    slow_vdd1v0   worst 
DFFRHQX2            4    31.464    slow_vdd1v0   worst 
DFFRHQX4           32   306.432    slow_vdd1v0   worst 
DFFRHQX8            2    22.572    slow_vdd1v0   worst 
DFFRX2              8    60.192    slow_vdd1v0   worst 
DFFSHQX1            2    12.996    slow_vdd1v0   worst 
INVX1              15    10.260    slow_vdd1v0   worst 
INVX2              22    22.572    slow_vdd1v0   worst 
INVX3              10    13.680    slow_vdd1v0   worst 
INVXL               1     0.684    slow_vdd1v0   worst 
MX2X1              42   100.548    slow_vdd1v0   worst 
MXI2X2              1     4.446    slow_vdd1v0   worst 
MXI3XL              1     5.814    slow_vdd1v0   worst 
NAND2BX1            1     1.368    slow_vdd1v0   worst 
NAND2BX2            1     2.394    slow_vdd1v0   worst 
NAND2X1             2     2.052    slow_vdd1v0   worst 
NAND2X2             7    11.970    slow_vdd1v0   worst 
NAND2X4             8    27.360    slow_vdd1v0   worst 
NAND2X8             3    16.416    slow_vdd1v0   worst 
NAND3X4             1     4.788    slow_vdd1v0   worst 
NAND3X8             1     8.208    slow_vdd1v0   worst 
NOR2X1              1     1.026    slow_vdd1v0   worst 
NOR2X2              9    15.390    slow_vdd1v0   worst 
NOR2X4             14    43.092    slow_vdd1v0   worst 
NOR2X6             10    41.040    slow_vdd1v0   worst 
NOR2X8              3    16.416    slow_vdd1v0   worst 
NOR3X4              3    15.390    slow_vdd1v0   worst 
NOR3X6              1     7.182    slow_vdd1v0   worst 
NOR3X8              1     8.892    slow_vdd1v0   worst 
OA21X1              2     4.104    slow_vdd1v0   worst 
OA22X1              1     2.394    slow_vdd1v0   worst 
OAI21X1             1     1.710    slow_vdd1v0   worst 
OAI21X2             5    15.390    slow_vdd1v0   worst 
OAI21X4             6    28.728    slow_vdd1v0   worst 
OAI22X2             2     6.840    slow_vdd1v0   worst 
OAI22X4             2    12.996    slow_vdd1v0   worst 
OAI2BB1X1           1     1.710    slow_vdd1v0   worst 
OAI2BB1X4           1     4.446    slow_vdd1v0   worst 
OR2X1               3     4.104    slow_vdd1v0   worst 
OR2X4               1     2.736    slow_vdd1v0   worst 
OR2X6               1     3.762    slow_vdd1v0   worst 
OR3X6               1     4.788    slow_vdd1v0   worst 
TLATX1              1     5.472    slow_vdd1v0   worst 
XNOR2X1             6    14.364    slow_vdd1v0   worst 
XNOR2X2             4    12.312    slow_vdd1v0   worst 
-------------------------------------------------------
total             366  1353.978                


                                         
     Type      Instances   Area   Area % 
-----------------------------------------
sequential            63  525.312   38.8 
inverter              78  118.332    8.7 
buffer                23   54.378    4.0 
logic                202  655.956   48.4 
physical_cells         0    0.000    0.0 
-----------------------------------------
total                366 1353.978  100.0 

