============================================================
  Generated by:           Genus(TM) Synthesis Solution 21.18-s082_1
  Generated on:           Oct 16 2025  12:46:36 pm
  Module:                 BubbleSort
  Operating conditions:   PVT_0P9V_125C 
  Operating conditions:   PVT_1P32V_0C 
  Interconnect mode:      global
  Area mode:              physical library
============================================================

Timing
--------

Clock Period 
-------------
clk    340.0 


  Cost    Critical             Violating 
 Group   Path Slack    TNS       Paths   
-----------------------------------------
clk          -105.0   -8184.8         97 
default    No paths       0.0            
-----------------------------------------
Total                 -8184.8         97 

Instance Count
--------------
Leaf Instance Count             684 
Physical Instance count           0 
Sequential Instance Count       334 
Combinational Instance Count    350 
Hierarchical Instance Count       0 

Area
----
Cell Area                          3274.650
Physical Cell Area                 0.000
Total Cell Area (Cell+Physical)    3274.650
Net Area                           674.043
Total Area (Cell+Physical+Net)     3948.693

Max Fanout                         333 (clk_gated_s)
Min Fanout                         0 (n_0)
Average Fanout                     2.0
Terms to net ratio                 3.3936
Terms to instance ratio            3.5673
Runtime                            24.851557000000003 seconds
Elapsed Runtime                    28 seconds
Genus peak memory usage            1757.32 
Innovus peak memory usage          no_value 
Hostname                           gmicro02
