============================================================
  Generated by:           Genus(TM) Synthesis Solution 21.18-s082_1
  Generated on:           Oct 16 2025  12:46:36 pm
  Module:                 BubbleSort
  Operating conditions:   PVT_0P9V_125C 
  Operating conditions:   PVT_1P32V_0C 
  Interconnect mode:      global
  Area mode:              physical library
============================================================

                                               Library 
   Gate     Instances    Area       Library     Domain 
-------------------------------------------------------
AND2X1              1     1.368    fast_vdd1v2    best 
AND2X6              1     3.762    fast_vdd1v2    best 
AOI211X4            3    19.494    fast_vdd1v2    best 
AOI21X2             3     8.208    fast_vdd1v2    best 
AOI21X4             1     5.130    fast_vdd1v2    best 
AOI221X4            1     7.866    fast_vdd1v2    best 
AOI22X1            29    59.508    fast_vdd1v2    best 
AOI22X2             4    15.048    fast_vdd1v2    best 
AOI31X1             4     8.208    fast_vdd1v2    best 
BUFX3               1     2.052    fast_vdd1v2    best 
BUFX6               5    15.390    fast_vdd1v2    best 
CLKAND2X12          2    15.048    fast_vdd1v2    best 
CLKAND2X2           1     2.052    fast_vdd1v2    best 
CLKAND2X3           1     3.078    fast_vdd1v2    best 
CLKBUFX3            5    10.260    fast_vdd1v2    best 
CLKINVX12           2     8.208    fast_vdd1v2    best 
CLKINVX16          31   169.632    fast_vdd1v2    best 
CLKINVX20           1     6.498    fast_vdd1v2    best 
CLKINVX3            1     1.710    fast_vdd1v2    best 
CLKINVX4            4     6.840    fast_vdd1v2    best 
CLKINVX6            3     7.182    fast_vdd1v2    best 
CLKINVX8            2     6.156    fast_vdd1v2    best 
DFFRHQX1          233  1434.348    fast_vdd1v2    best 
DFFRHQX2           59   464.094    fast_vdd1v2    best 
DFFRHQX4            6    57.456    fast_vdd1v2    best 
DFFRHQX8           32   361.152    fast_vdd1v2    best 
DFFRX1              2    13.680    fast_vdd1v2    best 
DFFRX2              1     7.524    fast_vdd1v2    best 
DLY2X4              1     6.840    fast_vdd1v2    best 
INVX1              19    12.996    fast_vdd1v2    best 
INVX2               8     8.208    fast_vdd1v2    best 
INVX3              63    86.184    fast_vdd1v2    best 
INVX4               2     3.420    fast_vdd1v2    best 
INVX6               1     2.394    fast_vdd1v2    best 
INVXL               2     1.368    fast_vdd1v2    best 
MX2X1              32    76.608    fast_vdd1v2    best 
NAND2BX1            6     8.208    fast_vdd1v2    best 
NAND2BX2            4     9.576    fast_vdd1v2    best 
NAND2X1             7     7.182    fast_vdd1v2    best 
NAND2X2             2     3.420    fast_vdd1v2    best 
NAND2X4             1     3.420    fast_vdd1v2    best 
NAND2X8             1     5.472    fast_vdd1v2    best 
NAND3BX2            2     6.156    fast_vdd1v2    best 
NAND3X1             2     3.420    fast_vdd1v2    best 
NAND3X2             1     2.736    fast_vdd1v2    best 
NAND3X4             3    14.364    fast_vdd1v2    best 
NAND4XL             1     1.710    fast_vdd1v2    best 
NOR2BX1            14    19.152    fast_vdd1v2    best 
NOR2BX2             3     8.208    fast_vdd1v2    best 
NOR2X1              5     5.130    fast_vdd1v2    best 
NOR2X2              3     5.130    fast_vdd1v2    best 
NOR2X4              3     9.234    fast_vdd1v2    best 
NOR3BX4             1     5.814    fast_vdd1v2    best 
NOR3X4              4    20.520    fast_vdd1v2    best 
NOR4X2              1     3.420    fast_vdd1v2    best 
OA21X1              1     2.052    fast_vdd1v2    best 
OAI21X1             1     1.710    fast_vdd1v2    best 
OAI21X2             1     3.078    fast_vdd1v2    best 
OAI21X4            33   158.004    fast_vdd1v2    best 
OAI221X1            1     2.394    fast_vdd1v2    best 
OAI222X2            1     5.814    fast_vdd1v2    best 
OAI22X1             6    12.312    fast_vdd1v2    best 
OAI2BB1X1           3     5.130    fast_vdd1v2    best 
OAI2BB1X2           2     6.156    fast_vdd1v2    best 
OAI31X2             3    11.286    fast_vdd1v2    best 
TLATNXL             1     5.472    fast_vdd1v2    best 
-------------------------------------------------------
total             684  3274.650                


                                         
     Type      Instances   Area   Area % 
-----------------------------------------
sequential           334 2343.726   71.6 
inverter             139  320.796    9.8 
buffer                12   34.542    1.1 
logic                199  575.586   17.6 
physical_cells         0    0.000    0.0 
-----------------------------------------
total                684 3274.650  100.0 

