============================================================
  Generated by:           Genus(TM) Synthesis Solution 21.18-s082_1
  Generated on:           Sep 02 2025  03:11:49 pm
  Module:                 Carry_Look_Ahead
  Operating conditions:   PVT_0P9V_125C 
  Operating conditions:   PVT_1P32V_0C 
  Interconnect mode:      global
  Area mode:              physical library
============================================================


Path 1: MET (269 ps) Late External Delay Assertion at pin S_o[16]
          Group: clk_i
     Startpoint: (F) B_i[0]
          Clock: (R) clk_i
       Endpoint: (R) S_o[16]
          Clock: (R) clk_i

                     Capture       Launch     
        Clock Edge:+    2000            0     
        Drv Adjust:+       0            0     
       Src Latency:+       0            0     
       Net Latency:+     100 (I)      100 (I) 
           Arrival:=    2100          100     
                                              
      Output Delay:-     300                  
       Uncertainty:-      50                  
     Required Time:=    1750                  
      Launch Clock:-     100                  
       Input Delay:-     300                  
         Data Path:-    1081                  
             Slack:=     269                  

Exceptions/Constraints:
  input_delay              300             Carry_Look_Ahead.sdc_line_30_34_1 
  output_delay             300             Carry_Look_Ahead.sdc_line_35      

#----------------------------------------------------------------------------------------
# Timing Point   Flags    Arc   Edge   Cell     Fanout Load Trans Delay Arrival Instance 
#                                                      (fF)  (ps)  (ps)   (ps)  Location 
#----------------------------------------------------------------------------------------
  B_i[0]         -       -      F     (arrival)      1  3.2   252     0     400    (-,-) 
  g6438/Y        -       A->Y   F     BUFX2          1  4.0    17    49     449    (-,-) 
  g6408__5107/CO -       A->CO  F     ADDFX1         1  3.7    25    44     493    (-,-) 
  g6407__2398/CO -       CI->CO F     ADDFX1         1  3.6    24    43     536    (-,-) 
  g6406__5477/CO -       B->CO  F     ADDHX1         1  3.2    19    24     560    (-,-) 
  g6405__6417/Y  -       B->Y   F     OR2X1          1  3.6    22    31     591    (-,-) 
  g6404__7410/CO -       B->CO  F     ADDHX1         1  3.2    19    23     614    (-,-) 
  g6403__1666/Y  -       B->Y   F     OR2X1          1  3.6    22    31     645    (-,-) 
  g6402__2346/CO -       B->CO  F     ADDHX1         1  3.2    19    23     669    (-,-) 
  g6401__2883/Y  -       B->Y   F     OR2X1          1  3.6    22    31     700    (-,-) 
  g6400__9945/CO -       B->CO  F     ADDHX1         1  3.2    19    23     723    (-,-) 
  g6399__9315/Y  -       B->Y   F     OR2X1          1  3.6    22    31     754    (-,-) 
  g6398__6161/CO -       B->CO  F     ADDHX1         1  3.2    19    23     778    (-,-) 
  g6397__4733/Y  -       B->Y   F     OR2X1          1  3.6    22    31     809    (-,-) 
  g6396__7482/CO -       B->CO  F     ADDHX1         1  3.2    19    23     832    (-,-) 
  g6395__5115/Y  -       B->Y   F     OR2X1          1  3.6    22    31     863    (-,-) 
  g6394__1881/CO -       B->CO  F     ADDHX1         1  3.2    19    23     887    (-,-) 
  g6393__6131/Y  -       B->Y   F     OR2X1          1  3.6    22    31     918    (-,-) 
  g6392__7098/CO -       B->CO  F     ADDHX1         1  3.2    19    23     941    (-,-) 
  g6391__8246/Y  -       B->Y   F     OR2X1          1  3.6    22    31     972    (-,-) 
  g6390__5122/CO -       B->CO  F     ADDHX1         1  3.2    19    23     996    (-,-) 
  g6389__1705/Y  -       B->Y   F     OR2X1          1  3.6    22    31    1027    (-,-) 
  g6388__2802/CO -       B->CO  F     ADDHX1         1  3.2    19    23    1050    (-,-) 
  g6387__1617/Y  -       B->Y   F     OR2X1          1  3.6    22    31    1081    (-,-) 
  g6386__3680/CO -       B->CO  F     ADDHX1         1  3.2    19    23    1105    (-,-) 
  g6385__6783/Y  -       B->Y   F     OR2X1          1  3.6    22    31    1136    (-,-) 
  g6384__5526/CO -       B->CO  F     ADDHX1         1  3.2    19    23    1159    (-,-) 
  g6383__8428/Y  -       B->Y   F     OR2X1          1  3.6    22    31    1190    (-,-) 
  g6382__4319/CO -       B->CO  F     ADDHX1         1  3.2    19    23    1214    (-,-) 
  g6381__6260/Y  -       B->Y   F     OR2X1          1  3.7    22    31    1245    (-,-) 
  g6380__5107/CO -       CI->CO F     ADDFX1         1  3.7    25    43    1288    (-,-) 
  g6379__2398/S  -       CI->S  R     ADDFX1         1 47.9   267   192    1480    (-,-) 
  S_o[16]        <<<     -      R     (port)         -    -     -     0    1481    (-,-) 
#----------------------------------------------------------------------------------------

