============================================================
  Generated by:           Genus(TM) Synthesis Solution 21.18-s082_1
  Generated on:           Sep 02 2025  03:11:49 pm
  Module:                 Carry_Look_Ahead
  Operating conditions:   PVT_0P9V_125C 
  Operating conditions:   PVT_1P32V_0C 
  Interconnect mode:      global
  Area mode:              physical library
============================================================

                                          Library 
 Gate   Instances   Area       Library     Domain 
--------------------------------------------------
ADDFX1          4   20.520    fast_vdd1v2    best 
ADDHX1         26   97.812    fast_vdd1v2    best 
BUFX2          35   59.850    fast_vdd1v2    best 
OR2X1          13   17.784    fast_vdd1v2    best 
--------------------------------------------------
total          78  195.966                


                                        
     Type      Instances   Area  Area % 
----------------------------------------
buffer                35  59.850   30.5 
logic                 43 136.116   69.5 
physical_cells         0   0.000    0.0 
----------------------------------------
total                 78 195.966  100.0 

