============================================================
  Generated by:           Genus(TM) Synthesis Solution 21.18-s082_1
  Generated on:           Sep 02 2025  03:11:49 pm
  Module:                 Carry_Look_Ahead
  Operating conditions:   PVT_0P9V_125C 
  Operating conditions:   PVT_1P32V_0C 
  Interconnect mode:      global
  Area mode:              physical library
============================================================

Timing
--------

Clock Period 
-------------
clk_i 2000.0 


  Cost    Critical         Violating 
 Group   Path Slack  TNS     Paths   
-------------------------------------
clk_i         269.3   0.0          0 
default    No paths   0.0            
-------------------------------------
Total                 0.0          0 

Instance Count
--------------
Leaf Instance Count             78 
Physical Instance count          0 
Sequential Instance Count        0 
Combinational Instance Count    78 
Hierarchical Instance Count      0 

Area
----
Cell Area                          195.966
Physical Cell Area                 0.000
Total Cell Area (Cell+Physical)    195.966
Net Area                           105.996
Total Area (Cell+Physical+Net)     301.962

Max Fanout                         1 (Ci_i)
Min Fanout                         1 (Ci_i)
Average Fanout                     1.0
Terms to net ratio                 1.6294
Terms to instance ratio            2.9872
Runtime                            22.704743 seconds
Elapsed Runtime                    88 seconds
Genus peak memory usage            1595.20 
Innovus peak memory usage          no_value 
Hostname                           gmicro02
