============================================================
  Generated by:           Genus(TM) Synthesis Solution 21.18-s082_1
  Generated on:           Oct 01 2025  12:35:07 am
  Module:                 BubbleSort
  Operating conditions:   PVT_0P9V_125C 
  Operating conditions:   PVT_1P32V_0C 
  Interconnect mode:      global
  Area mode:              physical library
============================================================

                                              Library 
   Gate    Instances    Area       Library     Domain 
------------------------------------------------------
ADDHX1             1     3.762    fast_vdd1v2    best 
AND2X1             1     1.368    fast_vdd1v2    best 
AND2X4             3     8.208    fast_vdd1v2    best 
AND2X6             1     3.762    fast_vdd1v2    best 
AND4X2             1     3.078    fast_vdd1v2    best 
AO21X1             1     2.394    fast_vdd1v2    best 
AOI21X2            6    16.416    fast_vdd1v2    best 
AOI21X4            7    35.910    fast_vdd1v2    best 
AOI22X1           22    45.144    fast_vdd1v2    best 
AOI22X2           10    37.620    fast_vdd1v2    best 
AOI2BB1X4          4    16.416    fast_vdd1v2    best 
BUFX12             3    15.390    fast_vdd1v2    best 
BUFX2              5     8.550    fast_vdd1v2    best 
BUFX20             7    57.456    fast_vdd1v2    best 
BUFX3              4     8.208    fast_vdd1v2    best 
BUFX6             18    55.404    fast_vdd1v2    best 
BUFX8              4    15.048    fast_vdd1v2    best 
CLKAND2X3          3     9.234    fast_vdd1v2    best 
CLKAND2X6          2     9.576    fast_vdd1v2    best 
CLKBUFX16         11    75.240    fast_vdd1v2    best 
CLKBUFX3          71   145.692    fast_vdd1v2    best 
CLKINVX12          4    16.416    fast_vdd1v2    best 
CLKINVX16          2    10.944    fast_vdd1v2    best 
CLKINVX2           3     4.104    fast_vdd1v2    best 
CLKINVX20          1     6.498    fast_vdd1v2    best 
CLKINVX3           1     1.710    fast_vdd1v2    best 
CLKINVX4          10    17.100    fast_vdd1v2    best 
CLKINVX6           4     9.576    fast_vdd1v2    best 
CLKINVX8           9    27.702    fast_vdd1v2    best 
CLKMX2X2          32    98.496    fast_vdd1v2    best 
CLKXOR2X1          1     2.736    fast_vdd1v2    best 
DFFRHQX1         320  1969.920    fast_vdd1v2    best 
DFFRHQX4          60   574.560    fast_vdd1v2    best 
DFFRHQX8           6    67.716    fast_vdd1v2    best 
DFFRX2             2    15.048    fast_vdd1v2    best 
DFFRX4             1     9.576    fast_vdd1v2    best 
DFFX1              4    28.728    fast_vdd1v2    best 
DLY3X1             3    24.624    fast_vdd1v2    best 
INVX1              5     3.420    fast_vdd1v2    best 
INVX2              5     5.130    fast_vdd1v2    best 
INVX3              4     5.472    fast_vdd1v2    best 
INVX6              1     2.394    fast_vdd1v2    best 
INVX8              2     6.156    fast_vdd1v2    best 
INVXL              2     1.368    fast_vdd1v2    best 
MX2X1            352   842.688    fast_vdd1v2    best 
MXI2X1             3     8.208    fast_vdd1v2    best 
NAND2BX1          16    21.888    fast_vdd1v2    best 
NAND2BX2           7    16.758    fast_vdd1v2    best 
NAND2BX4           2     7.524    fast_vdd1v2    best 
NAND2X1            1     1.026    fast_vdd1v2    best 
NAND2X2            5     8.550    fast_vdd1v2    best 
NAND2X4           15    51.300    fast_vdd1v2    best 
NAND2X6            3    14.364    fast_vdd1v2    best 
NAND4BX1           1     2.394    fast_vdd1v2    best 
NAND4X1            2     4.104    fast_vdd1v2    best 
NAND4X4            8    54.720    fast_vdd1v2    best 
NAND4XL            6    10.260    fast_vdd1v2    best 
NOR2BX1           10    13.680    fast_vdd1v2    best 
NOR2BX2            4    10.944    fast_vdd1v2    best 
NOR2BX4            1     3.762    fast_vdd1v2    best 
NOR2X1            10    10.260    fast_vdd1v2    best 
NOR2X2             5     8.550    fast_vdd1v2    best 
NOR2X4             8    24.624    fast_vdd1v2    best 
NOR2X6             5    20.520    fast_vdd1v2    best 
NOR4X1             2     3.420    fast_vdd1v2    best 
OAI211X1           1     1.710    fast_vdd1v2    best 
OAI21X2            1     3.078    fast_vdd1v2    best 
OAI21X4           10    47.880    fast_vdd1v2    best 
OAI22X1            2     4.104    fast_vdd1v2    best 
OAI2BB1X1          3     5.130    fast_vdd1v2    best 
OAI2BB1X2         31    95.418    fast_vdd1v2    best 
OAI2BB1X4          3    13.338    fast_vdd1v2    best 
OAI31X4            4    27.360    fast_vdd1v2    best 
OR2X1             11    15.048    fast_vdd1v2    best 
OR2X2              2     3.420    fast_vdd1v2    best 
OR2X4              1     2.736    fast_vdd1v2    best 
OR2X8              1     4.446    fast_vdd1v2    best 
XNOR2X1           65   155.610    fast_vdd1v2    best 
------------------------------------------------------
total           1268  5002.092                


                                         
     Type      Instances   Area   Area % 
-----------------------------------------
sequential           393 2665.548   53.3 
inverter              53  117.990    2.4 
buffer               126  405.612    8.1 
logic                696 1812.942   36.2 
physical_cells         0    0.000    0.0 
-----------------------------------------
total               1268 5002.092  100.0 

