============================================================
  Generated by:           Genus(TM) Synthesis Solution 21.18-s082_1
  Generated on:           Oct 01 2025  12:35:07 am
  Module:                 BubbleSort
  Operating conditions:   PVT_0P9V_125C 
  Operating conditions:   PVT_1P32V_0C 
  Interconnect mode:      global
  Area mode:              physical library
============================================================

Timing
--------

Clock Period 
-------------
clk    450.0 


  Cost    Critical            Violating 
 Group   Path Slack    TNS      Paths   
----------------------------------------
clk            -5.9   -183.1         43 
default    No paths      0.0            
----------------------------------------
Total                 -183.1         43 

Instance Count
--------------
Leaf Instance Count             1268 
Physical Instance count            0 
Sequential Instance Count        393 
Combinational Instance Count     875 
Hierarchical Instance Count        0 

Area
----
Cell Area                          5002.092
Physical Cell Area                 0.000
Total Cell Area (Cell+Physical)    5002.092
Net Area                           1423.046
Total Area (Cell+Physical+Net)     6425.138

Max Fanout                         393 (clk)
Min Fanout                         0 (n_33)
Average Fanout                     2.3
Terms to net ratio                 3.5061
Terms to instance ratio            3.6222
Runtime                            30.419653999999987 seconds
Elapsed Runtime                    31 seconds
Genus peak memory usage            1462.31 
Innovus peak memory usage          no_value 
Hostname                           gmicro02
