============================================================
  Generated by:           Genus(TM) Synthesis Solution 21.18-s082_1
  Generated on:           Sep 30 2025  10:18:48 pm
  Module:                 BubbleSort
  Operating conditions:   PVT_0P9V_125C 
  Operating conditions:   PVT_1P32V_0C 
  Interconnect mode:      global
  Area mode:              physical library
============================================================

                                               Library 
   Gate     Instances    Area       Library     Domain 
-------------------------------------------------------
ADDHX1              1     3.762    slow_vdd1v0   worst 
ADDHX2              2    10.260    slow_vdd1v0   worst 
ADDHX4              1     7.182    slow_vdd1v0   worst 
AND2X1              3     4.104    slow_vdd1v0   worst 
AND3X8              1     5.130    slow_vdd1v0   worst 
AO21X1              1     2.394    slow_vdd1v0   worst 
AOI21X2             2     5.472    slow_vdd1v0   worst 
AOI21X4             8    41.040    slow_vdd1v0   worst 
AOI22X1            32    65.664    slow_vdd1v0   worst 
AOI2BB1X2           7    21.546    slow_vdd1v0   worst 
AOI2BB1X4           7    28.728    slow_vdd1v0   worst 
BUFX3               1     2.052    slow_vdd1v0   worst 
BUFX6              32    98.496    slow_vdd1v0   worst 
BUFX8               2     7.524    slow_vdd1v0   worst 
CLKAND2X12          1     7.524    slow_vdd1v0   worst 
CLKAND2X2           2     4.104    slow_vdd1v0   worst 
CLKAND2X4           2     6.840    slow_vdd1v0   worst 
CLKAND2X6           1     4.788    slow_vdd1v0   worst 
CLKAND2X8           1     5.814    slow_vdd1v0   worst 
CLKBUFX6            1     3.078    slow_vdd1v0   worst 
CLKINVX16           4    21.888    slow_vdd1v0   worst 
CLKINVX2            2     2.736    slow_vdd1v0   worst 
CLKINVX20           2    12.996    slow_vdd1v0   worst 
CLKINVX4           20    34.200    slow_vdd1v0   worst 
CLKINVX6            5    11.970    slow_vdd1v0   worst 
CLKINVX8            1     3.078    slow_vdd1v0   worst 
CLKMX2X3           50   205.200    slow_vdd1v0   worst 
CLKXOR2X1          41   112.176    slow_vdd1v0   worst 
DFFRHQX1          320  1969.920    slow_vdd1v0   worst 
DFFRHQX4            5    47.880    slow_vdd1v0   worst 
DFFRHQX8            4    45.144    slow_vdd1v0   worst 
DFFRX1              1     6.840    slow_vdd1v0   worst 
DFFRX2             21   158.004    slow_vdd1v0   worst 
DFFRX4             42   402.192    slow_vdd1v0   worst 
INVX1              15    10.260    slow_vdd1v0   worst 
INVX2              31    31.806    slow_vdd1v0   worst 
INVX3               3     4.104    slow_vdd1v0   worst 
MX2X1             337   806.778    slow_vdd1v0   worst 
NAND2BX1           13    17.784    slow_vdd1v0   worst 
NAND2BX2            8    19.152    slow_vdd1v0   worst 
NAND2X1             9     9.234    slow_vdd1v0   worst 
NAND2X2             8    13.680    slow_vdd1v0   worst 
NAND2X4            19    64.980    slow_vdd1v0   worst 
NAND2X6             4    19.152    slow_vdd1v0   worst 
NAND2X8             1     5.472    slow_vdd1v0   worst 
NAND3X2             1     2.736    slow_vdd1v0   worst 
NOR2BX1             5     6.840    slow_vdd1v0   worst 
NOR2BX2             9    24.624    slow_vdd1v0   worst 
NOR2BX4             4    15.048    slow_vdd1v0   worst 
NOR2X1              5     5.130    slow_vdd1v0   worst 
NOR2X2              8    13.680    slow_vdd1v0   worst 
NOR2X4              8    24.624    slow_vdd1v0   worst 
NOR2X6              5    20.520    slow_vdd1v0   worst 
NOR3X2              2     5.472    slow_vdd1v0   worst 
NOR4X8              2    21.204    slow_vdd1v0   worst 
OAI21X1            32    54.720    slow_vdd1v0   worst 
OAI21X2             2     6.156    slow_vdd1v0   worst 
OAI21X4            15    71.820    slow_vdd1v0   worst 
OAI22X1             2     4.104    slow_vdd1v0   worst 
OAI2BB1X1           2     3.420    slow_vdd1v0   worst 
OR2X1               9    12.312    slow_vdd1v0   worst 
OR2X2               2     3.420    slow_vdd1v0   worst 
OR2X4               3     8.208    slow_vdd1v0   worst 
OR2X8               3    13.338    slow_vdd1v0   worst 
OR3X4               1     3.078    slow_vdd1v0   worst 
OR4X1               5    10.260    slow_vdd1v0   worst 
OR4X2               1     3.420    slow_vdd1v0   worst 
XNOR2X1            22    52.668    slow_vdd1v0   worst 
XNOR2X2             2     6.156    slow_vdd1v0   worst 
-------------------------------------------------------
total            1224  4765.086                


                                         
     Type      Instances   Area   Area % 
-----------------------------------------
sequential           393 2629.980   55.2 
inverter              83  133.038    2.8 
buffer                36  111.150    2.3 
logic                712 1890.918   39.7 
physical_cells         0    0.000    0.0 
-----------------------------------------
total               1224 4765.086  100.0 

