============================================================
  Generated by:           Genus(TM) Synthesis Solution 21.18-s082_1
  Generated on:           Sep 08 2025  01:41:19 am
  Module:                 square_root_pipe
  Operating conditions:   PVT_0P9V_125C 
  Operating conditions:   PVT_1P32V_0C 
  Interconnect mode:      global
  Area mode:              physical library
============================================================

Timing
--------

Clock Period 
-------------
clk   1670.0 


  Cost    Critical           Violating 
 Group   Path Slack   TNS      Paths   
---------------------------------------
clk           -47.4   -94.6          3 
default    No paths     0.0            
---------------------------------------
Total                 -94.6          3 

Instance Count
--------------
Leaf Instance Count             422 
Physical Instance count           0 
Sequential Instance Count        80 
Combinational Instance Count    342 
Hierarchical Instance Count       0 

Area
----
Cell Area                          1502.748
Physical Cell Area                 0.000
Total Cell Area (Cell+Physical)    1502.748
Net Area                           467.374
Total Area (Cell+Physical+Net)     1970.122

Max Fanout                         80 (clk)
Min Fanout                         0 (rst_n)
Average Fanout                     2.0
Terms to net ratio                 3.1892
Terms to instance ratio            3.3555
Runtime                            23.175753999999998 seconds
Elapsed Runtime                    24 seconds
Genus peak memory usage            1456.94 
Innovus peak memory usage          no_value 
Hostname                           gmicro02
