============================================================
  Generated by:           Genus(TM) Synthesis Solution 21.18-s082_1
  Generated on:           Sep 08 2025  01:41:19 am
  Module:                 square_root_pipe
  Operating conditions:   PVT_0P9V_125C 
  Operating conditions:   PVT_1P32V_0C 
  Interconnect mode:      global
  Area mode:              physical library
============================================================

                                              Library 
   Gate    Instances    Area       Library     Domain 
------------------------------------------------------
ACHCONX2           1    12.654    slow_vdd1v0   worst 
ADDHX1             2     7.524    slow_vdd1v0   worst 
ADDHX2             2    10.260    slow_vdd1v0   worst 
AND2X1             4     5.472    slow_vdd1v0   worst 
AND3XL             2     4.104    slow_vdd1v0   worst 
AO21X1             2     4.788    slow_vdd1v0   worst 
AO21X4             1     3.420    slow_vdd1v0   worst 
AOI21X1            1     1.710    slow_vdd1v0   worst 
AOI21X2            5    13.680    slow_vdd1v0   worst 
AOI21X4            2    10.260    slow_vdd1v0   worst 
AOI22X2            1     3.762    slow_vdd1v0   worst 
AOI22X4            3    18.468    slow_vdd1v0   worst 
AOI2BB1X1          3     6.156    slow_vdd1v0   worst 
AOI2BB1X2          4    12.312    slow_vdd1v0   worst 
AOI2BB1X4          6    24.624    slow_vdd1v0   worst 
BUFX2             16    27.360    slow_vdd1v0   worst 
BUFX3              2     4.104    slow_vdd1v0   worst 
BUFX6              6    18.468    slow_vdd1v0   worst 
CLKAND2X2          2     4.104    slow_vdd1v0   worst 
CLKAND2X3          5    15.390    slow_vdd1v0   worst 
CLKAND2X6          6    28.728    slow_vdd1v0   worst 
CLKBUFX16          1     6.840    slow_vdd1v0   worst 
CLKBUFX3           2     4.104    slow_vdd1v0   worst 
CLKBUFX4           1     2.394    slow_vdd1v0   worst 
CLKINVX16          1     5.472    slow_vdd1v0   worst 
CLKINVX2           1     1.368    slow_vdd1v0   worst 
CLKINVX4           7    11.970    slow_vdd1v0   worst 
CLKINVX6           6    14.364    slow_vdd1v0   worst 
CLKINVX8           5    15.390    slow_vdd1v0   worst 
CLKMX2X3           6    24.624    slow_vdd1v0   worst 
CLKXOR2X1          5    13.680    slow_vdd1v0   worst 
DFFRHQX1          45   277.020    slow_vdd1v0   worst 
DFFRHQX2           6    47.196    slow_vdd1v0   worst 
DFFRHQX4          14   134.064    slow_vdd1v0   worst 
DFFRHQX8           3    33.858    slow_vdd1v0   worst 
DFFRX2            10    75.240    slow_vdd1v0   worst 
DFFSHQX1           1     6.498    slow_vdd1v0   worst 
DFFSHQX8           1    10.602    slow_vdd1v0   worst 
INVX1             22    15.048    slow_vdd1v0   worst 
INVX2             24    24.624    slow_vdd1v0   worst 
INVX3              7     9.576    slow_vdd1v0   worst 
MX2X1             64   153.216    slow_vdd1v0   worst 
MXI2X2             5    22.230    slow_vdd1v0   worst 
MXI3X1             2    12.996    slow_vdd1v0   worst 
NAND2BX2           2     4.788    slow_vdd1v0   worst 
NAND2BX4           1     3.762    slow_vdd1v0   worst 
NAND2X1            6     6.156    slow_vdd1v0   worst 
NAND2X2            5     8.550    slow_vdd1v0   worst 
NAND2X4            7    23.940    slow_vdd1v0   worst 
NAND2X6            1     4.788    slow_vdd1v0   worst 
NAND2X8            1     5.472    slow_vdd1v0   worst 
NOR2BX2            1     2.736    slow_vdd1v0   worst 
NOR2X1             4     4.104    slow_vdd1v0   worst 
NOR2X2             8    13.680    slow_vdd1v0   worst 
NOR2X4            15    46.170    slow_vdd1v0   worst 
NOR2X6             7    28.728    slow_vdd1v0   worst 
NOR2X8             1     5.472    slow_vdd1v0   worst 
NOR3X4             2    10.260    slow_vdd1v0   worst 
NOR3X6             1     7.182    slow_vdd1v0   worst 
OAI21X2            1     3.078    slow_vdd1v0   worst 
OAI21X4           12    57.456    slow_vdd1v0   worst 
OAI22X1            1     2.052    slow_vdd1v0   worst 
OAI22X2            2     6.840    slow_vdd1v0   worst 
OAI22X4            3    19.494    slow_vdd1v0   worst 
OAI2BB1X1          2     3.420    slow_vdd1v0   worst 
OAI2BB1X2          3     9.234    slow_vdd1v0   worst 
OAI2BB1X4          2     8.892    slow_vdd1v0   worst 
OAI2BB2X2          2    10.944    slow_vdd1v0   worst 
OAI2BB2X4          1     8.550    slow_vdd1v0   worst 
OR2X1              4     5.472    slow_vdd1v0   worst 
OR2X4              1     2.736    slow_vdd1v0   worst 
OR2X6              1     3.762    slow_vdd1v0   worst 
XNOR2X1            8    19.152    slow_vdd1v0   worst 
XNOR2X2            2     6.156    slow_vdd1v0   worst 
------------------------------------------------------
total            422  1502.748                


                                         
     Type      Instances   Area   Area % 
-----------------------------------------
sequential            80  584.478   38.9 
inverter              73   97.812    6.5 
buffer                28   63.270    4.2 
logic                241  757.188   50.4 
physical_cells         0    0.000    0.0 
-----------------------------------------
total                422 1502.748  100.0 

