============================================================
  Generated by:           Genus(TM) Synthesis Solution 21.18-s082_1
  Generated on:           Sep 08 2025  01:13:58 am
  Module:                 square_root_pipe
  Operating conditions:   PVT_0P9V_125C 
  Operating conditions:   PVT_1P32V_0C 
  Interconnect mode:      global
  Area mode:              physical library
============================================================

                                             Library 
   Gate    Instances   Area       Library     Domain 
-----------------------------------------------------
ADDHX1             1    3.762    slow_vdd1v0   worst 
ADDHX2             1    5.130    slow_vdd1v0   worst 
AND2X1             1    1.368    slow_vdd1v0   worst 
AOI21X2            1    2.736    slow_vdd1v0   worst 
AOI21X4            2   10.260    slow_vdd1v0   worst 
AOI2BB1X4          1    4.104    slow_vdd1v0   worst 
BUFX2              9   15.390    slow_vdd1v0   worst 
BUFX6              9   27.702    slow_vdd1v0   worst 
CLKAND2X3          2    6.156    slow_vdd1v0   worst 
CLKAND2X6          2    9.576    slow_vdd1v0   worst 
CLKINVX16          1    5.472    slow_vdd1v0   worst 
CLKINVX4           2    3.420    slow_vdd1v0   worst 
CLKMX2X3           1    4.104    slow_vdd1v0   worst 
CLKXOR2X1          2    5.472    slow_vdd1v0   worst 
DFFRHQX1           3   18.468    slow_vdd1v0   worst 
DFFRHQX2           1    7.866    slow_vdd1v0   worst 
DFFRHQX4           5   47.880    slow_vdd1v0   worst 
DFFRHQX8           1   11.286    slow_vdd1v0   worst 
DFFSRHQX1          1   10.944    slow_vdd1v0   worst 
INVX1              3    2.052    slow_vdd1v0   worst 
INVX2              7    7.182    slow_vdd1v0   worst 
INVXL              1    0.684    slow_vdd1v0   worst 
MX2X1              4    9.576    slow_vdd1v0   worst 
MXI2X4             1    5.130    slow_vdd1v0   worst 
MXI3X1             1    6.498    slow_vdd1v0   worst 
NAND2X1            1    1.026    slow_vdd1v0   worst 
NAND2X2            2    3.420    slow_vdd1v0   worst 
NAND2X4            2    6.840    slow_vdd1v0   worst 
NAND2X6            1    4.788    slow_vdd1v0   worst 
NAND2X8            1    5.472    slow_vdd1v0   worst 
NOR2X1             1    1.026    slow_vdd1v0   worst 
NOR2X2             3    5.130    slow_vdd1v0   worst 
NOR2X4             8   24.624    slow_vdd1v0   worst 
NOR2X6             5   20.520    slow_vdd1v0   worst 
NOR2X8             1    5.472    slow_vdd1v0   worst 
OAI21X4            2    9.576    slow_vdd1v0   worst 
OAI2BB1X2          1    3.078    slow_vdd1v0   worst 
OR2X1              1    1.368    slow_vdd1v0   worst 
OR2X4              1    2.736    slow_vdd1v0   worst 
XNOR2X1            2    4.788    slow_vdd1v0   worst 
-----------------------------------------------------
total             95  332.082                


                                        
     Type      Instances   Area  Area % 
----------------------------------------
sequential            11  96.444   29.0 
inverter              14  18.810    5.7 
buffer                18  43.092   13.0 
logic                 52 173.736   52.3 
physical_cells         0   0.000    0.0 
----------------------------------------
total                 95 332.082  100.0 

