============================================================
  Generated by:           Genus(TM) Synthesis Solution 21.18-s082_1
  Generated on:           Sep 08 2025  01:13:58 am
  Module:                 square_root_pipe
  Operating conditions:   PVT_0P9V_125C 
  Operating conditions:   PVT_1P32V_0C 
  Interconnect mode:      global
  Area mode:              physical library
============================================================

Timing
--------

Clock Period 
-------------
clk   1330.0 


  Cost    Critical         Violating 
 Group   Path Slack  TNS     Paths   
-------------------------------------
clk             1.6   0.0          0 
default    No paths   0.0            
-------------------------------------
Total                 0.0          0 

Instance Count
--------------
Leaf Instance Count             95 
Physical Instance count          0 
Sequential Instance Count       11 
Combinational Instance Count    84 
Hierarchical Instance Count      0 

Area
----
Cell Area                          332.082
Physical Cell Area                 0.000
Total Cell Area (Cell+Physical)    332.082
Net Area                           97.519
Total Area (Cell+Physical+Net)     429.601

Max Fanout                         11 (clk)
Min Fanout                         0 (n_2)
Average Fanout                     1.6
Terms to net ratio                 2.4397
Terms to instance ratio            2.9789
Runtime                            19.655043 seconds
Elapsed Runtime                    20 seconds
Genus peak memory usage            1338.90 
Innovus peak memory usage          no_value 
Hostname                           gmicro02
