============================================================
  Generated by:           Genus(TM) Synthesis Solution 21.18-s082_1
  Generated on:           Sep 08 2025  12:28:35 am
  Module:                 square_root
  Operating conditions:   PVT_0P9V_125C 
  Operating conditions:   PVT_1P32V_0C 
  Interconnect mode:      global
  Area mode:              physical library
============================================================

                                              Library 
   Gate    Instances    Area       Library     Domain 
------------------------------------------------------
ADDHX2             2    10.260    slow_vdd1v0   worst 
AND2X1             8    10.944    slow_vdd1v0   worst 
AND2X2             1     1.710    slow_vdd1v0   worst 
AND2X4             2     5.472    slow_vdd1v0   worst 
AND2X6             4    15.048    slow_vdd1v0   worst 
AND2X8             1     4.446    slow_vdd1v0   worst 
AO21X1             4     9.576    slow_vdd1v0   worst 
AO21X4             1     3.420    slow_vdd1v0   worst 
AO22X1            17    46.512    slow_vdd1v0   worst 
AO22X4             9    33.858    slow_vdd1v0   worst 
AOI211X1           1     2.394    slow_vdd1v0   worst 
AOI211X4           1     6.498    slow_vdd1v0   worst 
AOI21X1            1     1.710    slow_vdd1v0   worst 
AOI21X2            2     5.472    slow_vdd1v0   worst 
AOI21X4            5    25.650    slow_vdd1v0   worst 
AOI22X4            2    12.312    slow_vdd1v0   worst 
AOI2BB1X2          1     3.078    slow_vdd1v0   worst 
AOI2BB1X4         27   110.808    slow_vdd1v0   worst 
AOI31X4            3    19.494    slow_vdd1v0   worst 
BUFX2             17    29.070    slow_vdd1v0   worst 
BUFX3              3     6.156    slow_vdd1v0   worst 
BUFX6             25    76.950    slow_vdd1v0   worst 
CLKAND2X2          2     4.104    slow_vdd1v0   worst 
CLKAND2X3          6    18.468    slow_vdd1v0   worst 
CLKAND2X6         13    62.244    slow_vdd1v0   worst 
CLKAND2X8          1     5.814    slow_vdd1v0   worst 
CLKBUFX12          1     5.130    slow_vdd1v0   worst 
CLKBUFX16          1     6.840    slow_vdd1v0   worst 
CLKBUFX3           1     2.052    slow_vdd1v0   worst 
CLKINVX1           1     1.026    slow_vdd1v0   worst 
CLKINVX12          4    16.416    slow_vdd1v0   worst 
CLKINVX16          2    10.944    slow_vdd1v0   worst 
CLKINVX2           5     6.840    slow_vdd1v0   worst 
CLKINVX20          2    12.996    slow_vdd1v0   worst 
CLKINVX3           3     5.130    slow_vdd1v0   worst 
CLKINVX4          30    51.300    slow_vdd1v0   worst 
CLKINVX6          14    33.516    slow_vdd1v0   worst 
CLKINVX8          17    52.326    slow_vdd1v0   worst 
CLKMX2X3          11    45.144    slow_vdd1v0   worst 
CLKXOR2X1          6    16.416    slow_vdd1v0   worst 
DFFRHQX1          34   209.304    slow_vdd1v0   worst 
DFFRHQX2           4    31.464    slow_vdd1v0   worst 
DFFRHQX4           6    57.456    slow_vdd1v0   worst 
DFFRX2            12    90.288    slow_vdd1v0   worst 
INVX1             39    26.676    slow_vdd1v0   worst 
INVX12             1     4.104    slow_vdd1v0   worst 
INVX2             51    52.326    slow_vdd1v0   worst 
INVX3             15    20.520    slow_vdd1v0   worst 
INVX6              1     2.394    slow_vdd1v0   worst 
INVX8              3     9.234    slow_vdd1v0   worst 
MX2X1             16    38.304    slow_vdd1v0   worst 
MXI2X4             2    10.260    slow_vdd1v0   worst 
MXI2X6             1     5.130    slow_vdd1v0   worst 
NAND2BX1           1     1.368    slow_vdd1v0   worst 
NAND2BX4           1     3.762    slow_vdd1v0   worst 
NAND2X1            5     5.130    slow_vdd1v0   worst 
NAND2X2            4     6.840    slow_vdd1v0   worst 
NAND2X4            7    23.940    slow_vdd1v0   worst 
NAND2X6            9    43.092    slow_vdd1v0   worst 
NAND2X8           12    65.664    slow_vdd1v0   worst 
NAND3X2            1     2.736    slow_vdd1v0   worst 
NOR2BX1            2     2.736    slow_vdd1v0   worst 
NOR2X1             2     2.052    slow_vdd1v0   worst 
NOR2X2             8    13.680    slow_vdd1v0   worst 
NOR2X4            39   120.042    slow_vdd1v0   worst 
NOR2X6            29   119.016    slow_vdd1v0   worst 
NOR2X8            28   153.216    slow_vdd1v0   worst 
NOR3BX2            1     3.420    slow_vdd1v0   worst 
NOR3BX4            1     5.814    slow_vdd1v0   worst 
NOR3X2             1     2.736    slow_vdd1v0   worst 
NOR3X4             1     5.130    slow_vdd1v0   worst 
NOR3X6             3    21.546    slow_vdd1v0   worst 
NOR3X8             1     8.892    slow_vdd1v0   worst 
NOR4BX2            1     4.788    slow_vdd1v0   worst 
OA21X4             1     3.762    slow_vdd1v0   worst 
OAI211X4           1     6.498    slow_vdd1v0   worst 
OAI21X1            1     1.710    slow_vdd1v0   worst 
OAI21X2            1     3.078    slow_vdd1v0   worst 
OAI21X4            4    19.152    slow_vdd1v0   worst 
OAI22X2            6    20.520    slow_vdd1v0   worst 
OAI22X4            1     6.498    slow_vdd1v0   worst 
OAI2BB1X1          1     1.710    slow_vdd1v0   worst 
OAI2BB1X4          3    13.338    slow_vdd1v0   worst 
OAI31X2            1     3.762    slow_vdd1v0   worst 
OAI31X4            1     6.840    slow_vdd1v0   worst 
OAI32X2            2     8.892    slow_vdd1v0   worst 
OR2X1              5     6.840    slow_vdd1v0   worst 
OR2X2              2     3.420    slow_vdd1v0   worst 
OR2X4              1     2.736    slow_vdd1v0   worst 
OR2X6              4    15.048    slow_vdd1v0   worst 
OR3X1              1     2.052    slow_vdd1v0   worst 
XNOR2X1           23    55.062    slow_vdd1v0   worst 
XNOR2X2            3     9.234    slow_vdd1v0   worst 
------------------------------------------------------
total            661  2160.756                


                                         
     Type      Instances   Area   Area % 
-----------------------------------------
sequential            56  388.512   18.0 
inverter             188  305.748   14.2 
buffer                48  126.198    5.8 
logic                369 1340.298   62.0 
physical_cells         0    0.000    0.0 
-----------------------------------------
total                661 2160.756  100.0 

