============================================================
  Generated by:           Genus(TM) Synthesis Solution 21.18-s082_1
  Generated on:           Sep 08 2025  12:28:35 am
  Module:                 square_root
  Operating conditions:   PVT_0P9V_125C 
  Operating conditions:   PVT_1P32V_0C 
  Interconnect mode:      global
  Area mode:              physical library
============================================================


Path 1: VIOLATED (-82 ps) Setup Check with Pin DATA_PATH_1_ROOT_REG_reg[6].dffn_sig_q_reg/CK->D
          Group: clk
     Startpoint: (R) CONTROL_PATH_CurrentState_reg[1]/CK
          Clock: (R) clk
       Endpoint: (F) DATA_PATH_1_ROOT_REG_reg[6].dffn_sig_q_reg/D
          Clock: (R) clk

                     Capture       Launch     
        Clock Edge:+    2280            0     
       Src Latency:+       0            0     
       Net Latency:+     100 (I)      100 (I) 
           Arrival:=    2380          100     
                                              
             Setup:-     122                  
       Uncertainty:-      50                  
     Required Time:=    2208                  
      Launch Clock:-     100                  
         Data Path:-    2190                  
             Slack:=     -82                  

#----------------------------------------------------------------------------------------------------------------------
#                Timing Point                  Flags    Arc   Edge   Cell     Fanout Load Trans Delay Arrival Instance 
#                                                                                    (fF)  (ps)  (ps)   (ps)  Location 
#----------------------------------------------------------------------------------------------------------------------
  CONTROL_PATH_CurrentState_reg[1]/CK          -       -      R     (arrival)     56    -     0     0     100    (-,-) 
  CONTROL_PATH_CurrentState_reg[1]/Q           -       CK->Q  R     DFFRHQX4       1  9.3    76   285     385    (-,-) 
  fopt60/Y                                     -       A->Y   F     CLKINVX16      4 25.9    70    70     455    (-,-) 
  fopt52/Y                                     -       A->Y   R     CLKINVX8       2  6.4    36    48     502    (-,-) 
  fopt51/Y                                     -       A->Y   R     CLKBUFX16      4 16.8    47   100     603    (-,-) 
  g10579__5107/Y                               -       B->Y   F     NOR2X4         1  4.3    55    51     653    (-,-) 
  g10559__5122/Y                               -       B0->Y  R     AOI2BB1X4      2  8.4   119   110     763    (-,-) 
  g10547/Y                                     -       A->Y   F     CLKINVX4       1  3.2    48    80     843    (-,-) 
  g10430__1705/Y                               -       A1N->Y F     AOI2BB1X4      2  6.9    82   176    1018    (-,-) 
  g10360__3680/Y                               -       A->Y   F     CLKAND2X6      2  6.2    47   126    1145    (-,-) 
  g10326__6783/Y                               -       B->Y   F     CLKAND2X6      2  8.4    56   106    1251    (-,-) 
  g10306__2883/Y                               -       B->Y   R     NAND2X8        2  8.4    55    49    1300    (-,-) 
  g10267__2346/Y                               -       B->Y   F     NOR2X8         1  5.8    54    49    1348    (-,-) 
  g10265__1881/Y                               -       B->Y   R     NOR2X8         1  6.1    62    62    1410    (-,-) 
  g10254__2398/Y                               -       B->Y   F     NOR2X8         1  5.8    46    52    1463    (-,-) 
  g10236__7098/Y                               -       B->Y   R     NOR2X8         1  6.1    61    59    1522    (-,-) 
  g10224__8428/Y                               -       B->Y   F     NAND2X8        7 18.0   173   130    1652    (-,-) 
  g10205__7098/Y                               -       C->Y   R     NOR3X2         1  4.5   213   205    1857    (-,-) 
  g10197__2398/Y                               -       B0->Y  F     AOI31X4        1  5.8   206   138    1995    (-,-) 
  g10165__6131/Y                               -       A->Y   R     NAND2X8        7 17.9    93   131    2126    (-,-) 
  g10141__6260/Y                               -       A1->Y  F     OAI22X2        1  3.2   161   163    2290    (-,-) 
  DATA_PATH_1_ROOT_REG_reg[6].dffn_sig_q_reg/D <<<     -      F     DFFRHQX1       1    -     -     0    2290    (-,-) 
#----------------------------------------------------------------------------------------------------------------------

