============================================================
  Generated by:           Genus(TM) Synthesis Solution 21.18-s082_1
  Generated on:           Sep 08 2025  12:28:35 am
  Module:                 square_root
  Operating conditions:   PVT_0P9V_125C 
  Operating conditions:   PVT_1P32V_0C 
  Interconnect mode:      global
  Area mode:              physical library
============================================================

Timing
--------

Clock Period 
-------------
clk   2280.0 


  Cost    Critical            Violating 
 Group   Path Slack    TNS      Paths   
----------------------------------------
clk           -81.8   -615.7         10 
default    No paths      0.0            
----------------------------------------
Total                 -615.7         10 

Instance Count
--------------
Leaf Instance Count             661 
Physical Instance count           0 
Sequential Instance Count        56 
Combinational Instance Count    605 
Hierarchical Instance Count       0 

Area
----
Cell Area                          2160.756
Physical Cell Area                 0.000
Total Cell Area (Cell+Physical)    2160.756
Net Area                           699.701
Total Area (Cell+Physical+Net)     2860.457

Max Fanout                         56 (clk)
Min Fanout                         0 (rst_n)
Average Fanout                     1.9
Terms to net ratio                 2.9499
Terms to instance ratio            3.0303
Runtime                            24.122163999999998 seconds
Elapsed Runtime                    27 seconds
Genus peak memory usage            1389.62 
Innovus peak memory usage          no_value 
Hostname                           gmicro02
