xrun: 23.03-s005: (c) Copyright 1995-2023 Cadence Design Systems, Inc.
TOOL:	xrun	23.03-s005: Started on Oct 15, 2025 at 18:02:47 -03
xrun
	-v2001
	-v93
	-f /home/schultz/Documents/ARQIII_Works/ACTV_05_Sort/HDL/filelist.flist
		../../HDL/Comparator.v
		../../HDL/ControlPath.v
		../../HDL/DataPath.v
		../../HDL/BubbleSort.v
	/home/schultz/Documents/ARQIII_Works/ACTV_05_Sort/HDL/BubbleSort_tb.sv
	-access +rwc
Recompiling... reason: file '/home/schultz/Documents/ARQIII_Works/ACTV_05_Sort/HDL/BubbleSort_tb.sv' is newer than expected.
	expected: Wed Oct 15 18:02:07 2025
	actual:   Wed Oct 15 18:02:46 2025
file: /home/schultz/Documents/ARQIII_Works/ACTV_05_Sort/HDL/BubbleSort_tb.sv
	module worklib.BubbleSort_tb:sv
		errors: 0, warnings: 0
		Caching library 'worklib' ....... Done
	Elaborating the design hierarchy:
	Top level design units:
		BubbleSort_tb
	Building instance overlay tables: .................... Done
	Generating native compiled code:
		worklib.BubbleSort_tb:sv <0x32a15942>
			streams:  11, words: 28289
	Building instance specific data structures.
	Loading native compiled code:     .................... Done
	Design hierarchy summary:
		              Instances  Unique
		Modules:              5       5
		Registers:           37      37
		Scalar wires:        16       -
		Vectored wires:       7       -
		Always blocks:        9       9
		Initial blocks:       2       2
		Cont. assignments:    6      10
		Pseudo assignments:   7       -
	Writing initial simulation snapshot: worklib.BubbleSort_tb:sv
Loading snapshot worklib.BubbleSort_tb:sv .................... Done
xcelium> source /home/tools/cadence/installs/XCELIUM2303/tools/xcelium/files/xmsimrc
xcelium> run

+----------------------+
|     TEST STARTED     |
+----------------------+
| INTPUT VECTOR:                               
|
| i=0 0000023a (570)
| i=1 fffffea5 (-347)
| i=2 00000000 (0)
| i=3 0000017f (383)
| i=4 fffffea5 (-347)
| i=5 fffffc8f (-881)
| i=6 000000cb (203)
| i=7 fffffee7 (-281)
| i=8 0000031d (797)
| i=9 00000159 (345)
+-----------------------
| OUTPUT VECTOR:
| CYCLES: 103
|
| i=0 fffffc8f (-881)
| i=1 fffffea5 (-347)
| i=2 fffffea5 (-347)
| i=3 fffffee7 (-281)
| i=4 00000000 (0)
| i=5 000000cb (203)
| i=6 00000159 (345)
| i=7 0000017f (383)
| i=8 0000023a (570)
| i=9 0000031d (797)
+----------------------+
|     TEST FINISHED    |
+----------------------+


Simulation complete via $finish(1) at time 1040 NS + 0
/home/schultz/Documents/ARQIII_Works/ACTV_05_Sort/HDL/BubbleSort_tb.sv:180     $finish;
xcelium> exit
TOOL:	xrun	23.03-s005: Exiting on Oct 15, 2025 at 18:02:47 -03  (total: 00:00:00)
