============================================================
  Generated by:           Genus(TM) Synthesis Solution 21.18-s082_1
  Generated on:           Sep 08 2025  01:40:39 am
  Module:                 square_root_pipe
  Operating conditions:   PVT_0P9V_125C 
  Operating conditions:   PVT_1P32V_0C 
  Interconnect mode:      global
  Area mode:              physical library
============================================================

Timing
--------

Clock Period 
-------------
clk   1540.0 


  Cost    Critical            Violating 
 Group   Path Slack    TNS      Paths   
----------------------------------------
clk           -71.7   -262.6          7 
default    No paths      0.0            
----------------------------------------
Total                 -262.6          7 

Instance Count
--------------
Leaf Instance Count             442 
Physical Instance count           0 
Sequential Instance Count        80 
Combinational Instance Count    362 
Hierarchical Instance Count       0 

Area
----
Cell Area                          1640.574
Physical Cell Area                 0.000
Total Cell Area (Cell+Physical)    1640.574
Net Area                           485.106
Total Area (Cell+Physical+Net)     2125.680

Max Fanout                         80 (clk)
Min Fanout                         0 (rst_n)
Average Fanout                     2.0
Terms to net ratio                 3.1763
Terms to instance ratio            3.3416
Runtime                            23.097112 seconds
Elapsed Runtime                    24 seconds
Genus peak memory usage            1446.90 
Innovus peak memory usage          no_value 
Hostname                           gmicro02
