============================================================
  Generated by:           Genus(TM) Synthesis Solution 21.18-s082_1
  Generated on:           Sep 08 2025  01:40:39 am
  Module:                 square_root_pipe
  Operating conditions:   PVT_0P9V_125C 
  Operating conditions:   PVT_1P32V_0C 
  Interconnect mode:      global
  Area mode:              physical library
============================================================

                                              Library 
   Gate    Instances    Area       Library     Domain 
------------------------------------------------------
ACHCONX2           1    12.654    slow_vdd1v0   worst 
ADDHX1             2     7.524    slow_vdd1v0   worst 
ADDHX2             3    15.390    slow_vdd1v0   worst 
AND2X1             2     2.736    slow_vdd1v0   worst 
AND2X4             1     2.736    slow_vdd1v0   worst 
AND2X6             4    15.048    slow_vdd1v0   worst 
AO21X1             2     4.788    slow_vdd1v0   worst 
AO21X4             1     3.420    slow_vdd1v0   worst 
AOI211X4           1     6.498    slow_vdd1v0   worst 
AOI21X2            2     5.472    slow_vdd1v0   worst 
AOI21X4            4    20.520    slow_vdd1v0   worst 
AOI22X4            2    12.312    slow_vdd1v0   worst 
AOI22XL            1     2.052    slow_vdd1v0   worst 
AOI2BB1X2          3     9.234    slow_vdd1v0   worst 
AOI2BB1X4          6    24.624    slow_vdd1v0   worst 
AOI31X4            1     6.498    slow_vdd1v0   worst 
BUFX12             1     5.130    slow_vdd1v0   worst 
BUFX2             17    29.070    slow_vdd1v0   worst 
BUFX3              2     4.104    slow_vdd1v0   worst 
BUFX6              7    21.546    slow_vdd1v0   worst 
CLKAND2X2          4     8.208    slow_vdd1v0   worst 
CLKAND2X3          4    12.312    slow_vdd1v0   worst 
CLKAND2X4          1     3.420    slow_vdd1v0   worst 
CLKAND2X6          8    38.304    slow_vdd1v0   worst 
CLKINVX12          4    16.416    slow_vdd1v0   worst 
CLKINVX3           1     1.710    slow_vdd1v0   worst 
CLKINVX4           3     5.130    slow_vdd1v0   worst 
CLKINVX6           8    19.152    slow_vdd1v0   worst 
CLKINVX8           2     6.156    slow_vdd1v0   worst 
CLKMX2X3           8    32.832    slow_vdd1v0   worst 
CLKXOR2X1          6    16.416    slow_vdd1v0   worst 
DFFRHQX1          32   196.992    slow_vdd1v0   worst 
DFFRHQX2           7    55.062    slow_vdd1v0   worst 
DFFRHQX4          14   134.064    slow_vdd1v0   worst 
DFFRHQX8           2    22.572    slow_vdd1v0   worst 
DFFRX2            23   173.052    slow_vdd1v0   worst 
DFFSHQX2           1     8.208    slow_vdd1v0   worst 
DFFSHQX8           1    10.602    slow_vdd1v0   worst 
INVX1             17    11.628    slow_vdd1v0   worst 
INVX2             33    33.858    slow_vdd1v0   worst 
INVX3              3     4.104    slow_vdd1v0   worst 
MX2X1             53   126.882    slow_vdd1v0   worst 
MXI2X1             1     2.736    slow_vdd1v0   worst 
MXI2X2             2     8.892    slow_vdd1v0   worst 
MXI2X4             2    10.260    slow_vdd1v0   worst 
MXI2X8             1     6.156    slow_vdd1v0   worst 
NAND2BX4           2     7.524    slow_vdd1v0   worst 
NAND2X1            4     4.104    slow_vdd1v0   worst 
NAND2X2           10    17.100    slow_vdd1v0   worst 
NAND2X4           10    34.200    slow_vdd1v0   worst 
NAND2X6            4    19.152    slow_vdd1v0   worst 
NAND2X8            1     5.472    slow_vdd1v0   worst 
NAND3X2            1     2.736    slow_vdd1v0   worst 
NOR2BX1            1     1.368    slow_vdd1v0   worst 
NOR2BX2            3     8.208    slow_vdd1v0   worst 
NOR2X1             1     1.026    slow_vdd1v0   worst 
NOR2X2             8    13.680    slow_vdd1v0   worst 
NOR2X4            22    67.716    slow_vdd1v0   worst 
NOR2X6            13    53.352    slow_vdd1v0   worst 
NOR2X8             5    27.360    slow_vdd1v0   worst 
NOR3X6             1     7.182    slow_vdd1v0   worst 
NOR3X8             1     8.892    slow_vdd1v0   worst 
OA21X4             1     3.762    slow_vdd1v0   worst 
OAI21X1            1     1.710    slow_vdd1v0   worst 
OAI21X2            6    18.468    slow_vdd1v0   worst 
OAI21X4           12    57.456    slow_vdd1v0   worst 
OAI22X4            4    25.992    slow_vdd1v0   worst 
OAI2BB1X1          3     5.130    slow_vdd1v0   worst 
OAI2BB1X2          4    12.312    slow_vdd1v0   worst 
OAI2BB1XL          1     2.052    slow_vdd1v0   worst 
OAI2BB2X2          1     5.472    slow_vdd1v0   worst 
OAI2BB2X4          1     8.550    slow_vdd1v0   worst 
OAI31X4            1     6.840    slow_vdd1v0   worst 
OR2X1              4     5.472    slow_vdd1v0   worst 
OR2X2              1     1.710    slow_vdd1v0   worst 
OR2X4              1     2.736    slow_vdd1v0   worst 
OR2X6              2     7.524    slow_vdd1v0   worst 
XNOR2X1            7    16.758    slow_vdd1v0   worst 
XNOR2X2            1     3.078    slow_vdd1v0   worst 
------------------------------------------------------
total            442  1640.574                


                                         
     Type      Instances   Area   Area % 
-----------------------------------------
sequential            80  600.552   36.6 
inverter              71   98.154    6.0 
buffer                27   59.850    3.6 
logic                264  882.018   53.8 
physical_cells         0    0.000    0.0 
-----------------------------------------
total                442 1640.574  100.0 

