============================================================
  Generated by:           Genus(TM) Synthesis Solution 21.18-s082_1
  Generated on:           Sep 08 2025  01:16:49 am
  Module:                 square_root_pipe
  Operating conditions:   PVT_0P9V_125C 
  Operating conditions:   PVT_1P32V_0C 
  Interconnect mode:      global
  Area mode:              physical library
============================================================

                                             Library 
   Gate    Instances   Area       Library     Domain 
-----------------------------------------------------
ADDHX1             1    3.762    slow_vdd1v0   worst 
AND2X1             2    2.736    slow_vdd1v0   worst 
AO21X4             1    3.420    slow_vdd1v0   worst 
AOI211X4           1    6.498    slow_vdd1v0   worst 
AOI21X4            2   10.260    slow_vdd1v0   worst 
AOI222X4           1    9.576    slow_vdd1v0   worst 
AOI22X4            1    6.156    slow_vdd1v0   worst 
AOI2BB2X4          1    7.524    slow_vdd1v0   worst 
BUFX2              8   13.680    slow_vdd1v0   worst 
BUFX6              8   24.624    slow_vdd1v0   worst 
CLKAND2X3          1    3.078    slow_vdd1v0   worst 
CLKAND2X6          3   14.364    slow_vdd1v0   worst 
CLKINVX12          3   12.312    slow_vdd1v0   worst 
CLKINVX2           1    1.368    slow_vdd1v0   worst 
CLKINVX3           2    3.420    slow_vdd1v0   worst 
CLKINVX4           3    5.130    slow_vdd1v0   worst 
CLKINVX6           6   14.364    slow_vdd1v0   worst 
CLKINVX8           3    9.234    slow_vdd1v0   worst 
CLKMX2X3           3   12.312    slow_vdd1v0   worst 
CLKXOR2X1          1    2.736    slow_vdd1v0   worst 
DFFRHQX1           2   12.312    slow_vdd1v0   worst 
DFFRHQX2           1    7.866    slow_vdd1v0   worst 
DFFRHQX4           7   67.032    slow_vdd1v0   worst 
DFFSRHQX1          1   10.944    slow_vdd1v0   worst 
INVX2              8    8.208    slow_vdd1v0   worst 
INVX3              3    4.104    slow_vdd1v0   worst 
INVXL              2    1.368    slow_vdd1v0   worst 
MX2X1              1    2.394    slow_vdd1v0   worst 
MX3XL              1    4.788    slow_vdd1v0   worst 
NAND2BX4           1    3.762    slow_vdd1v0   worst 
NAND2X1            1    1.026    slow_vdd1v0   worst 
NAND2X4            4   13.680    slow_vdd1v0   worst 
NAND2X6            1    4.788    slow_vdd1v0   worst 
NOR2X2             3    5.130    slow_vdd1v0   worst 
NOR2X4             5   15.390    slow_vdd1v0   worst 
NOR2X6             4   16.416    slow_vdd1v0   worst 
NOR2X8             5   27.360    slow_vdd1v0   worst 
NOR3X2             1    2.736    slow_vdd1v0   worst 
NOR3X4             1    5.130    slow_vdd1v0   worst 
OAI21X4            1    4.788    slow_vdd1v0   worst 
OAI22X4            1    6.498    slow_vdd1v0   worst 
OAI2BB1X4          1    4.446    slow_vdd1v0   worst 
OR2X1              1    1.368    slow_vdd1v0   worst 
OR2X6              1    3.762    slow_vdd1v0   worst 
XNOR2X1            1    2.394    slow_vdd1v0   worst 
XNOR2X2            1    3.078    slow_vdd1v0   worst 
-----------------------------------------------------
total            111  407.322                


                                        
     Type      Instances   Area  Area % 
----------------------------------------
sequential            11  98.154   24.1 
inverter              31  59.508   14.6 
buffer                16  38.304    9.4 
logic                 53 211.356   51.9 
physical_cells         0   0.000    0.0 
----------------------------------------
total                111 407.322  100.0 

