============================================================
  Generated by:           Genus(TM) Synthesis Solution 21.18-s082_1
  Generated on:           Oct 15 2025  06:12:15 pm
  Module:                 BubbleSort
  Operating conditions:   PVT_0P9V_125C 
  Operating conditions:   PVT_1P32V_0C 
  Interconnect mode:      global
  Area mode:              physical library
============================================================

Timing
--------

Clock Period 
-------------
clk   2000.0 


  Cost    Critical         Violating 
 Group   Path Slack  TNS     Paths   
-------------------------------------
clk            84.6   0.0          0 
default    No paths   0.0            
-------------------------------------
Total                 0.0          0 

Instance Count
--------------
Leaf Instance Count             599 
Physical Instance count           0 
Sequential Instance Count       334 
Combinational Instance Count    265 
Hierarchical Instance Count       0 

Area
----
Cell Area                          2984.634
Physical Cell Area                 0.000
Total Cell Area (Cell+Physical)    2984.634
Net Area                           599.806
Total Area (Cell+Physical+Net)     3584.440

Max Fanout                         333 (clk_gated_s)
Min Fanout                         0 (n_0)
Average Fanout                     2.1
Terms to net ratio                 3.6240
Terms to instance ratio            3.8297
Runtime                            22.786851 seconds
Elapsed Runtime                    285 seconds
Genus peak memory usage            1685.87 
Innovus peak memory usage          no_value 
Hostname                           gmicro02
