============================================================
  Generated by:           Genus(TM) Synthesis Solution 21.18-s082_1
  Generated on:           Sep 30 2025  10:16:19 pm
  Module:                 BubbleSort
  Operating conditions:   PVT_0P9V_125C 
  Operating conditions:   PVT_1P32V_0C 
  Interconnect mode:      global
  Area mode:              physical library
============================================================

                                              Library 
   Gate    Instances    Area       Library     Domain 
------------------------------------------------------
ADDHX1             1     3.762    slow_vdd1v0   worst 
AND2X1             2     2.736    slow_vdd1v0   worst 
AND2X4             1     2.736    slow_vdd1v0   worst 
AND2X6             1     3.762    slow_vdd1v0   worst 
AND3X1             1     2.394    slow_vdd1v0   worst 
AND3X8             1     5.130    slow_vdd1v0   worst 
AO21X2             1     2.736    slow_vdd1v0   worst 
AOI21X2            3     8.208    slow_vdd1v0   worst 
AOI21X4            9    46.170    slow_vdd1v0   worst 
AOI22X2           32   120.384    slow_vdd1v0   worst 
AOI2BB1X2          3     9.234    slow_vdd1v0   worst 
AOI2BB1X4          4    16.416    slow_vdd1v0   worst 
BUFX6             38   116.964    slow_vdd1v0   worst 
BUFX8              2     7.524    slow_vdd1v0   worst 
CLKAND2X2          9    18.468    slow_vdd1v0   worst 
CLKAND2X3          2     6.156    slow_vdd1v0   worst 
CLKAND2X6          2     9.576    slow_vdd1v0   worst 
CLKAND2X8          1     5.814    slow_vdd1v0   worst 
CLKINVX12          2     8.208    slow_vdd1v0   worst 
CLKINVX16          4    21.888    slow_vdd1v0   worst 
CLKINVX2           2     2.736    slow_vdd1v0   worst 
CLKINVX20          3    19.494    slow_vdd1v0   worst 
CLKINVX3           1     1.710    slow_vdd1v0   worst 
CLKINVX4          18    30.780    slow_vdd1v0   worst 
CLKINVX6           4     9.576    slow_vdd1v0   worst 
CLKINVX8           4    12.312    slow_vdd1v0   worst 
CLKMX2X3          65   266.760    slow_vdd1v0   worst 
CLKXOR2X1         52   142.272    slow_vdd1v0   worst 
DFFRHQX1         324  1994.544    slow_vdd1v0   worst 
DFFRHQX4          29   277.704    slow_vdd1v0   worst 
DFFRHQX8           3    33.858    slow_vdd1v0   worst 
DFFRX2            18   135.432    slow_vdd1v0   worst 
DFFRX4            18   172.368    slow_vdd1v0   worst 
DFFRXL             1     8.550    slow_vdd1v0   worst 
INVX1             24    16.416    slow_vdd1v0   worst 
INVX2             18    18.468    slow_vdd1v0   worst 
INVX3              8    10.944    slow_vdd1v0   worst 
MX2X1            290   694.260    slow_vdd1v0   worst 
NAND2BX1           8    10.944    slow_vdd1v0   worst 
NAND2BX2           5    11.970    slow_vdd1v0   worst 
NAND2BX4           1     3.762    slow_vdd1v0   worst 
NAND2X1           34    34.884    slow_vdd1v0   worst 
NAND2X2           25    42.750    slow_vdd1v0   worst 
NAND2X4           17    58.140    slow_vdd1v0   worst 
NAND2X6            3    14.364    slow_vdd1v0   worst 
NAND2X8            1     5.472    slow_vdd1v0   worst 
NAND3X4            1     4.788    slow_vdd1v0   worst 
NOR2BX1            5     6.840    slow_vdd1v0   worst 
NOR2BX2           10    27.360    slow_vdd1v0   worst 
NOR2BX4            3    11.286    slow_vdd1v0   worst 
NOR2X1             7     7.182    slow_vdd1v0   worst 
NOR2X2            17    29.070    slow_vdd1v0   worst 
NOR2X4             9    27.702    slow_vdd1v0   worst 
NOR2X6             4    16.416    slow_vdd1v0   worst 
NOR2X8             2    10.944    slow_vdd1v0   worst 
NOR3X2             2     5.472    slow_vdd1v0   worst 
NOR4X8             1    10.602    slow_vdd1v0   worst 
OAI21X2            2     6.156    slow_vdd1v0   worst 
OAI21X4           79   378.252    slow_vdd1v0   worst 
OAI22X1            1     2.052    slow_vdd1v0   worst 
OAI22X2            1     3.420    slow_vdd1v0   worst 
OAI22X4            1     6.498    slow_vdd1v0   worst 
OAI2BB1X1          2     3.420    slow_vdd1v0   worst 
OAI2BB1X2          1     3.078    slow_vdd1v0   worst 
OR2X1              4     5.472    slow_vdd1v0   worst 
OR2X2              4     6.840    slow_vdd1v0   worst 
OR2X4              2     5.472    slow_vdd1v0   worst 
OR2X6              1     3.762    slow_vdd1v0   worst 
OR4X1              4     8.208    slow_vdd1v0   worst 
OR4X2              1     3.420    slow_vdd1v0   worst 
XNOR2X1           14    33.516    slow_vdd1v0   worst 
------------------------------------------------------
total           1273  5075.964                


                                         
     Type      Instances   Area   Area % 
-----------------------------------------
sequential           393 2622.456   51.7 
inverter              88  152.532    3.0 
buffer                40  124.488    2.5 
logic                752 2176.488   42.9 
physical_cells         0    0.000    0.0 
-----------------------------------------
total               1273 5075.964  100.0 

