============================================================
  Generated by:           Genus(TM) Synthesis Solution 21.18-s082_1
  Generated on:           Sep 08 2025  01:44:01 am
  Module:                 square_root_pipe
  Operating conditions:   PVT_0P9V_125C 
  Operating conditions:   PVT_1P32V_0C 
  Interconnect mode:      global
  Area mode:              physical library
============================================================

                                              Library 
   Gate    Instances    Area       Library     Domain 
------------------------------------------------------
ADDHX1             6    22.572    slow_vdd1v0   worst 
ADDHX2             2    10.260    slow_vdd1v0   worst 
ADDHX4             1     7.182    slow_vdd1v0   worst 
AND2X1             2     2.736    slow_vdd1v0   worst 
AND2X4             1     2.736    slow_vdd1v0   worst 
AND2X6             2     7.524    slow_vdd1v0   worst 
AO21X1             1     2.394    slow_vdd1v0   worst 
AOI21X1            1     1.710    slow_vdd1v0   worst 
AOI21X2            5    13.680    slow_vdd1v0   worst 
AOI21X4            1     5.130    slow_vdd1v0   worst 
AOI22X1            1     2.052    slow_vdd1v0   worst 
AOI22X2            1     3.762    slow_vdd1v0   worst 
AOI22X4            4    24.624    slow_vdd1v0   worst 
AOI2BB1X1          1     2.052    slow_vdd1v0   worst 
AOI2BB1X2          4    12.312    slow_vdd1v0   worst 
AOI2BB1X4          5    20.520    slow_vdd1v0   worst 
BUFX2             17    29.070    slow_vdd1v0   worst 
BUFX3              1     2.052    slow_vdd1v0   worst 
BUFX6              6    18.468    slow_vdd1v0   worst 
CLKAND2X2          2     4.104    slow_vdd1v0   worst 
CLKAND2X3          3     9.234    slow_vdd1v0   worst 
CLKAND2X6          4    19.152    slow_vdd1v0   worst 
CLKINVX12          1     4.104    slow_vdd1v0   worst 
CLKINVX2           1     1.368    slow_vdd1v0   worst 
CLKINVX4           2     3.420    slow_vdd1v0   worst 
CLKINVX6           4     9.576    slow_vdd1v0   worst 
CLKINVX8           3     9.234    slow_vdd1v0   worst 
CLKMX2X3           5    20.520    slow_vdd1v0   worst 
CLKXOR2X1          4    10.944    slow_vdd1v0   worst 
DFFRHQX1          49   301.644    slow_vdd1v0   worst 
DFFRHQX2           3    23.598    slow_vdd1v0   worst 
DFFRHQX4          12   114.912    slow_vdd1v0   worst 
DFFRHQX8           4    45.144    slow_vdd1v0   worst 
DFFRX2            10    75.240    slow_vdd1v0   worst 
DFFSHQX2           1     8.208    slow_vdd1v0   worst 
DFFSHQX8           1    10.602    slow_vdd1v0   worst 
INVX1             19    12.996    slow_vdd1v0   worst 
INVX2             30    30.780    slow_vdd1v0   worst 
INVX3              2     2.736    slow_vdd1v0   worst 
MX2X1             70   167.580    slow_vdd1v0   worst 
MX3X1              1     5.130    slow_vdd1v0   worst 
MXI2X2             2     8.892    slow_vdd1v0   worst 
MXI2X4             2    10.260    slow_vdd1v0   worst 
NAND2BX1           1     1.368    slow_vdd1v0   worst 
NAND2BX4           1     3.762    slow_vdd1v0   worst 
NAND2X1            2     2.052    slow_vdd1v0   worst 
NAND2X2            3     5.130    slow_vdd1v0   worst 
NAND2X4            3    10.260    slow_vdd1v0   worst 
NAND2X6            2     9.576    slow_vdd1v0   worst 
NAND3X2            1     2.736    slow_vdd1v0   worst 
NAND3X6            1     7.182    slow_vdd1v0   worst 
NOR2BX2            2     5.472    slow_vdd1v0   worst 
NOR2BX4            1     3.762    slow_vdd1v0   worst 
NOR2X1             2     2.052    slow_vdd1v0   worst 
NOR2X2             2     3.420    slow_vdd1v0   worst 
NOR2X4            14    43.092    slow_vdd1v0   worst 
NOR2X6             8    32.832    slow_vdd1v0   worst 
NOR2X8             2    10.944    slow_vdd1v0   worst 
OA21X1             3     6.156    slow_vdd1v0   worst 
OA21X4             1     3.762    slow_vdd1v0   worst 
OA22X1             3     7.182    slow_vdd1v0   worst 
OAI21X2            4    12.312    slow_vdd1v0   worst 
OAI21X4            5    23.940    slow_vdd1v0   worst 
OAI22X2            3    10.260    slow_vdd1v0   worst 
OAI22X4            1     6.498    slow_vdd1v0   worst 
OAI2BB1X1          2     3.420    slow_vdd1v0   worst 
OAI2BB1X2          2     6.156    slow_vdd1v0   worst 
OAI2BB1X4          1     4.446    slow_vdd1v0   worst 
OR2X1              6     8.208    slow_vdd1v0   worst 
OR2X4              1     2.736    slow_vdd1v0   worst 
OR3X1              1     2.052    slow_vdd1v0   worst 
XNOR2X1           11    26.334    slow_vdd1v0   worst 
XNOR2X2            1     3.078    slow_vdd1v0   worst 
------------------------------------------------------
total            387  1370.394                


                                         
     Type      Instances   Area   Area % 
-----------------------------------------
sequential            80  579.348   42.3 
inverter              62   74.214    5.4 
buffer                24   49.590    3.6 
logic                221  667.242   48.7 
physical_cells         0    0.000    0.0 
-----------------------------------------
total                387 1370.394  100.0 

