============================================================
  Generated by:           Genus(TM) Synthesis Solution 21.18-s082_1
  Generated on:           Oct 15 2025  08:08:47 pm
  Module:                 BubbleSort
  Operating conditions:   PVT_0P9V_125C 
  Operating conditions:   PVT_1P32V_0C 
  Interconnect mode:      global
  Area mode:              physical library
============================================================


Path 1: MET (20 ps) Setup Check with Pin DATA_PATH_SF_9_s_reg[26]/CK->D
          Group: clk
     Startpoint: (R) DATA_PATH_SF_9_s_reg[3]/CK
          Clock: (R) clk
       Endpoint: (R) DATA_PATH_SF_9_s_reg[26]/D
          Clock: (R) clk

                     Capture       Launch     
        Clock Edge:+    1710            0     
       Src Latency:+       0            0     
       Net Latency:+     100 (I)      100 (I) 
           Arrival:=    1810          100     
                                              
             Setup:-     170                  
       Uncertainty:-      50                  
     Required Time:=    1590                  
      Launch Clock:-     100                  
         Data Path:-    1469                  
             Slack:=      20                  

#-----------------------------------------------------------------------------------------------------------------------
#                 Timing Point                   Flags   Arc   Edge   Cell     Fanout Load Trans Delay Arrival Instance 
#                                                                                     (fF)  (ps)  (ps)   (ps)  Location 
#-----------------------------------------------------------------------------------------------------------------------
  DATA_PATH_SF_9_s_reg[3]/CK                     -       -     R     (arrival)    333    -     0     0     100    (-,-) 
  DATA_PATH_SF_9_s_reg[3]/Q                      -       CK->Q R     DFFRHQX4       3  9.6    77   286     386    (-,-) 
  DATA_PATH_COMP_eh_maior_lt_13_33_g1046/Y       -       A->Y  F     CLKINVX8       2  8.0    50    61     446    (-,-) 
  DATA_PATH_COMP_eh_maior_lt_13_33_g1034__8428/Y -       B->Y  R     NAND2X8        2  8.4    52    46     492    (-,-) 
  DATA_PATH_COMP_eh_maior_lt_13_33_g1008/Y       -       A->Y  F     CLKINVX6       1  5.8    43    49     541    (-,-) 
  DATA_PATH_COMP_eh_maior_lt_13_33_g973__4733/Y  -       B->Y  R     NOR2X8         1  6.1    61    58     599    (-,-) 
  DATA_PATH_COMP_eh_maior_lt_13_33_g932__5122/Y  -       A->Y  F     NAND2X8        1  5.8    88    91     690    (-,-) 
  DATA_PATH_COMP_eh_maior_lt_13_33_g917__7410/Y  -       B->Y  R     NAND2X8        1  6.1    51    59     749    (-,-) 
  DATA_PATH_COMP_eh_maior_lt_13_33_g915__2346/Y  -       B->Y  F     NAND2X8        1  4.4    72    71     820    (-,-) 
  DATA_PATH_COMP_eh_maior_lt_13_33_g909__4733/Y  -       A1->Y R     AOI21X4        1  5.3    92   100     920    (-,-) 
  DATA_PATH_COMP_eh_maior_lt_13_33_g907__5115/Y  -       B->Y  F     NOR2X6         1  5.8    57    70     991    (-,-) 
  DATA_PATH_COMP_eh_maior_lt_13_33_g906__1881/Y  -       B->Y  R     NOR2X8         1  6.1    63    63    1054    (-,-) 
  DATA_PATH_COMP_eh_maior_lt_13_33_g905__6131/Y  -       B->Y  F     NOR2X8         1  5.8    53    53    1107    (-,-) 
  g3341__4319/Y                                  -       B->Y  R     NOR2X8         2 20.4   140   106    1213    (-,-) 
  fopt38/Y                                       -       A->Y  F     CLKINVX20     14 42.9    97   106    1318    (-,-) 
  fopt31/Y                                       -       A->Y  R     CLKINVX16      3 20.3    54    68    1386    (-,-) 
  fopt27/Y                                       -       A->Y  F     CLKINVX8       8 18.5    80    70    1456    (-,-) 
  g2617__5107/Y                                  -       A1->Y R     OAI21X2        1  3.2   115   114    1569    (-,-) 
  DATA_PATH_SF_9_s_reg[26]/D                     <<<     -     R     DFFRHQX4       1    -     -     0    1569    (-,-) 
#-----------------------------------------------------------------------------------------------------------------------

