============================================================
  Generated by:           Genus(TM) Synthesis Solution 21.18-s082_1
  Generated on:           Oct 15 2025  08:08:47 pm
  Module:                 BubbleSort
  Operating conditions:   PVT_0P9V_125C 
  Operating conditions:   PVT_1P32V_0C 
  Interconnect mode:      global
  Area mode:              physical library
============================================================

Timing
--------

Clock Period 
-------------
clk   1710.0 


  Cost    Critical         Violating 
 Group   Path Slack  TNS     Paths   
-------------------------------------
clk            20.5   0.0          0 
default    No paths   0.0            
-------------------------------------
Total                 0.0          0 

Instance Count
--------------
Leaf Instance Count             792 
Physical Instance count           0 
Sequential Instance Count       334 
Combinational Instance Count    458 
Hierarchical Instance Count       0 

Area
----
Cell Area                          3724.722
Physical Cell Area                 0.000
Total Cell Area (Cell+Physical)    3724.722
Net Area                           765.614
Total Area (Cell+Physical+Net)     4490.336

Max Fanout                         333 (clk_gated_s)
Min Fanout                         0 (n_0)
Average Fanout                     1.9
Terms to net ratio                 3.2567
Terms to instance ratio            3.3965
Runtime                            23.594637 seconds
Elapsed Runtime                    287 seconds
Genus peak memory usage            1449.89 
Innovus peak memory usage          no_value 
Hostname                           gmicro02
