============================================================
  Generated by:           Genus(TM) Synthesis Solution 21.18-s082_1
  Generated on:           Oct 15 2025  08:08:47 pm
  Module:                 BubbleSort
  Operating conditions:   PVT_0P9V_125C 
  Operating conditions:   PVT_1P32V_0C 
  Interconnect mode:      global
  Area mode:              physical library
============================================================

                                              Library 
   Gate    Instances    Area       Library     Domain 
------------------------------------------------------
AND2X1             1     1.368    slow_vdd1v0   worst 
AND2X6             1     3.762    slow_vdd1v0   worst 
AOI21X2            2     5.472    slow_vdd1v0   worst 
AOI21X4            8    41.040    slow_vdd1v0   worst 
BUFX12             1     5.130    slow_vdd1v0   worst 
BUFX2              5     8.550    slow_vdd1v0   worst 
BUFX6             11    33.858    slow_vdd1v0   worst 
BUFX8             32   120.384    slow_vdd1v0   worst 
CLKAND2X2          4     8.208    slow_vdd1v0   worst 
CLKAND2X6          4    19.152    slow_vdd1v0   worst 
CLKBUFX16          1     6.840    slow_vdd1v0   worst 
CLKBUFX2           1     1.710    slow_vdd1v0   worst 
CLKINVX12         10    41.040    slow_vdd1v0   worst 
CLKINVX16          6    32.832    slow_vdd1v0   worst 
CLKINVX20          2    12.996    slow_vdd1v0   worst 
CLKINVX4          16    27.360    slow_vdd1v0   worst 
CLKINVX6          13    31.122    slow_vdd1v0   worst 
CLKINVX8           4    12.312    slow_vdd1v0   worst 
DFFRHQX1         265  1631.340    slow_vdd1v0   worst 
DFFRHQX2           1     7.866    slow_vdd1v0   worst 
DFFRHQX4          66   632.016    slow_vdd1v0   worst 
DFFRX2             1     7.524    slow_vdd1v0   worst 
INVX1             43    29.412    slow_vdd1v0   worst 
INVX2              6     6.156    slow_vdd1v0   worst 
INVX20             2    12.996    slow_vdd1v0   worst 
INVX3             30    41.040    slow_vdd1v0   worst 
MX2X1              2     4.788    slow_vdd1v0   worst 
MXI2X2            31   137.826    slow_vdd1v0   worst 
NAND2BX1           1     1.368    slow_vdd1v0   worst 
NAND2BX4           1     3.762    slow_vdd1v0   worst 
NAND2X1            8     8.208    slow_vdd1v0   worst 
NAND2X2           40    68.400    slow_vdd1v0   worst 
NAND2X4            6    20.520    slow_vdd1v0   worst 
NAND2X6            5    23.940    slow_vdd1v0   worst 
NAND2X8            9    49.248    slow_vdd1v0   worst 
NAND3BX2           1     3.078    slow_vdd1v0   worst 
NOR2BX1            4     5.472    slow_vdd1v0   worst 
NOR2BX2            4    10.944    slow_vdd1v0   worst 
NOR2BX4            2     7.524    slow_vdd1v0   worst 
NOR2X1             1     1.026    slow_vdd1v0   worst 
NOR2X2             7    11.970    slow_vdd1v0   worst 
NOR2X4            20    61.560    slow_vdd1v0   worst 
NOR2X6            23    94.392    slow_vdd1v0   worst 
NOR2X8             5    27.360    slow_vdd1v0   worst 
NOR3BX4            3    17.442    slow_vdd1v0   worst 
NOR4X2             1     3.420    slow_vdd1v0   worst 
OA22X1             1     2.394    slow_vdd1v0   worst 
OAI21X1            1     1.710    slow_vdd1v0   worst 
OAI21X2           32    98.496    slow_vdd1v0   worst 
OAI21X4            6    28.728    slow_vdd1v0   worst 
OAI22X4           31   201.438    slow_vdd1v0   worst 
OAI31X4            5    34.200    slow_vdd1v0   worst 
OR2X1              3     4.104    slow_vdd1v0   worst 
OR2X2              1     1.710    slow_vdd1v0   worst 
TLATNX1            1     5.814    slow_vdd1v0   worst 
XNOR2X1            1     2.394    slow_vdd1v0   worst 
------------------------------------------------------
total            792  3724.722                


                                         
     Type      Instances   Area   Area % 
-----------------------------------------
sequential           334 2284.560   61.3 
inverter             132  247.266    6.6 
buffer                51  176.472    4.7 
logic                275 1016.424   27.3 
physical_cells         0    0.000    0.0 
-----------------------------------------
total                792 3724.722  100.0 

