============================================================
  Generated by:           Genus(TM) Synthesis Solution 21.18-s082_1
  Generated on:           Sep 11 2025  05:49:11 pm
  Module:                 Square_root
  Operating conditions:   PVT_0P9V_125C 
  Operating conditions:   PVT_1P32V_0C 
  Interconnect mode:      global
  Area mode:              physical library
============================================================

                                              Library 
   Gate    Instances    Area       Library     Domain 
------------------------------------------------------
ADDHX1             3    11.286    slow_vdd1v0   worst 
ADDHX4             1     7.182    slow_vdd1v0   worst 
AND2X1             1     1.368    slow_vdd1v0   worst 
AND2X4             1     2.736    slow_vdd1v0   worst 
AND2X6             1     3.762    slow_vdd1v0   worst 
AO21X1             2     4.788    slow_vdd1v0   worst 
AO21X2             1     2.736    slow_vdd1v0   worst 
AO22X1             1     2.736    slow_vdd1v0   worst 
AOI21X2            4    10.944    slow_vdd1v0   worst 
AOI21X4            7    35.910    slow_vdd1v0   worst 
AOI22X2            1     3.762    slow_vdd1v0   worst 
AOI22X4            1     6.156    slow_vdd1v0   worst 
AOI2BB1X2          2     6.156    slow_vdd1v0   worst 
AOI2BB1X4          2     8.208    slow_vdd1v0   worst 
BUFX16             1     6.840    slow_vdd1v0   worst 
BUFX2             11    18.810    slow_vdd1v0   worst 
BUFX4              1     2.394    slow_vdd1v0   worst 
BUFX6             18    55.404    slow_vdd1v0   worst 
BUFX8              1     3.762    slow_vdd1v0   worst 
CLKAND2X2          5    10.260    slow_vdd1v0   worst 
CLKAND2X3          1     3.078    slow_vdd1v0   worst 
CLKAND2X4          1     3.420    slow_vdd1v0   worst 
CLKAND2X6          1     4.788    slow_vdd1v0   worst 
CLKBUFX6           1     3.078    slow_vdd1v0   worst 
CLKINVX12          1     4.104    slow_vdd1v0   worst 
CLKINVX2           1     1.368    slow_vdd1v0   worst 
CLKINVX20          1     6.498    slow_vdd1v0   worst 
CLKINVX3           3     5.130    slow_vdd1v0   worst 
CLKINVX4           9    15.390    slow_vdd1v0   worst 
CLKINVX6          10    23.940    slow_vdd1v0   worst 
CLKINVX8           8    24.624    slow_vdd1v0   worst 
CLKMX2X3           2     8.208    slow_vdd1v0   worst 
CLKXOR2X1          9    24.624    slow_vdd1v0   worst 
CLKXOR2X2          1     3.420    slow_vdd1v0   worst 
DFFRHQX1          12    73.872    slow_vdd1v0   worst 
DFFRHQX2           4    31.464    slow_vdd1v0   worst 
DFFRHQX4          35   335.160    slow_vdd1v0   worst 
DFFRX2             7    52.668    slow_vdd1v0   worst 
DFFRX4             1     9.576    slow_vdd1v0   worst 
DFFSHQX8           1    10.602    slow_vdd1v0   worst 
INVX1             11     7.524    slow_vdd1v0   worst 
INVX2             19    19.494    slow_vdd1v0   worst 
INVX3              9    12.312    slow_vdd1v0   worst 
MX2X1             46   110.124    slow_vdd1v0   worst 
MX3X1              1     5.130    slow_vdd1v0   worst 
MXI3XL             1     5.814    slow_vdd1v0   worst 
NAND2BX1           2     2.736    slow_vdd1v0   worst 
NAND2BX2           1     2.394    slow_vdd1v0   worst 
NAND2BX4           2     7.524    slow_vdd1v0   worst 
NAND2X1            1     1.026    slow_vdd1v0   worst 
NAND2X2            3     5.130    slow_vdd1v0   worst 
NAND2X4            7    23.940    slow_vdd1v0   worst 
NAND2X6            1     4.788    slow_vdd1v0   worst 
NAND2X8            1     5.472    slow_vdd1v0   worst 
NAND3X8            2    16.416    slow_vdd1v0   worst 
NOR2X1             1     1.026    slow_vdd1v0   worst 
NOR2X2             7    11.970    slow_vdd1v0   worst 
NOR2X4            15    46.170    slow_vdd1v0   worst 
NOR2X6             5    20.520    slow_vdd1v0   worst 
NOR2X8             5    27.360    slow_vdd1v0   worst 
NOR3X2             1     2.736    slow_vdd1v0   worst 
NOR3X6             2    14.364    slow_vdd1v0   worst 
NOR3X8             2    17.784    slow_vdd1v0   worst 
OA22X1             1     2.394    slow_vdd1v0   worst 
OA22X4             1     4.104    slow_vdd1v0   worst 
OAI21X1            1     1.710    slow_vdd1v0   worst 
OAI21X2            3     9.234    slow_vdd1v0   worst 
OAI21X4            8    38.304    slow_vdd1v0   worst 
OAI22X2            3    10.260    slow_vdd1v0   worst 
OAI22X4            1     6.498    slow_vdd1v0   worst 
OAI2BB1X4          1     4.446    slow_vdd1v0   worst 
OAI2BB2X2          1     5.472    slow_vdd1v0   worst 
OAI2BB2X4          2    17.100    slow_vdd1v0   worst 
OR2X1              5     6.840    slow_vdd1v0   worst 
OR2X6              1     3.762    slow_vdd1v0   worst 
XNOR2X1            8    19.152    slow_vdd1v0   worst 
XNOR2X2            2     6.156    slow_vdd1v0   worst 
------------------------------------------------------
total            357  1357.398                


                                         
     Type      Instances   Area   Area % 
-----------------------------------------
sequential            60  513.342   37.8 
inverter              72  120.384    8.9 
buffer                33   90.288    6.7 
logic                192  633.384   46.7 
physical_cells         0    0.000    0.0 
-----------------------------------------
total                357 1357.398  100.0 

