============================================================
  Generated by:           Genus(TM) Synthesis Solution 21.18-s082_1
  Generated on:           Sep 11 2025  05:49:12 pm
  Module:                 Square_root
  Operating conditions:   PVT_0P9V_125C 
  Operating conditions:   PVT_1P32V_0C 
  Interconnect mode:      global
  Area mode:              physical library
============================================================

Timing
--------

Clock Period 
-------------
clk   1390.0 


  Cost    Critical         Violating 
 Group   Path Slack  TNS     Paths   
-------------------------------------
clk             0.1   0.0          0 
default    No paths   0.0            
-------------------------------------
Total                 0.0          0 

Instance Count
--------------
Leaf Instance Count             357 
Physical Instance count           0 
Sequential Instance Count        60 
Combinational Instance Count    297 
Hierarchical Instance Count       0 

Area
----
Cell Area                          1357.398
Physical Cell Area                 0.000
Total Cell Area (Cell+Physical)    1357.398
Net Area                           386.313
Total Area (Cell+Physical+Net)     1743.711

Max Fanout                         60 (clk)
Min Fanout                         0 (rst_n)
Average Fanout                     1.9
Terms to net ratio                 3.0529
Terms to instance ratio            3.2325
Runtime                            22.210545 seconds
Elapsed Runtime                    25 seconds
Genus peak memory usage            1731.98 
Innovus peak memory usage          no_value 
Hostname                           gmicro02
