============================================================
  Generated by:           Genus(TM) Synthesis Solution 21.18-s082_1
  Generated on:           Sep 08 2025  12:29:20 am
  Module:                 square_root
  Operating conditions:   PVT_0P9V_125C 
  Operating conditions:   PVT_1P32V_0C 
  Interconnect mode:      global
  Area mode:              physical library
============================================================

Timing
--------

Clock Period 
-------------
clk   2300.0 


  Cost    Critical         Violating 
 Group   Path Slack  TNS     Paths   
-------------------------------------
clk             0.4   0.0          0 
default    No paths   0.0            
-------------------------------------
Total                 0.0          0 

Instance Count
--------------
Leaf Instance Count             653 
Physical Instance count           0 
Sequential Instance Count        56 
Combinational Instance Count    597 
Hierarchical Instance Count       0 

Area
----
Cell Area                          2192.904
Physical Cell Area                 0.000
Total Cell Area (Cell+Physical)    2192.904
Net Area                           691.605
Total Area (Cell+Physical+Net)     2884.509

Max Fanout                         56 (clk)
Min Fanout                         0 (rst_n)
Average Fanout                     1.9
Terms to net ratio                 2.9434
Terms to instance ratio            3.0245
Runtime                            24.445574999999998 seconds
Elapsed Runtime                    25 seconds
Genus peak memory usage            1390.49 
Innovus peak memory usage          no_value 
Hostname                           gmicro02
