============================================================
  Generated by:           Genus(TM) Synthesis Solution 21.18-s082_1
  Generated on:           Sep 08 2025  12:29:20 am
  Module:                 square_root
  Operating conditions:   PVT_0P9V_125C 
  Operating conditions:   PVT_1P32V_0C 
  Interconnect mode:      global
  Area mode:              physical library
============================================================


Path 1: MET (0 ps) Setup Check with Pin DATA_PATH_2_SQUARE_REG_reg[14].dffn_sig_q_reg/CK->D
          Group: clk
     Startpoint: (R) CONTROL_PATH_CurrentState_reg[1]/CK
          Clock: (R) clk
       Endpoint: (R) DATA_PATH_2_SQUARE_REG_reg[14].dffn_sig_q_reg/D
          Clock: (R) clk

                     Capture       Launch     
        Clock Edge:+    2300            0     
       Src Latency:+       0            0     
       Net Latency:+     100 (I)      100 (I) 
           Arrival:=    2400          100     
                                              
             Setup:-     142                  
       Uncertainty:-      50                  
     Required Time:=    2208                  
      Launch Clock:-     100                  
         Data Path:-    2108                  
             Slack:=       0                  

#-------------------------------------------------------------------------------------------------------------------------
#                  Timing Point                   Flags    Arc   Edge   Cell     Fanout Load Trans Delay Arrival Instance 
#                                                                                       (fF)  (ps)  (ps)   (ps)  Location 
#-------------------------------------------------------------------------------------------------------------------------
  CONTROL_PATH_CurrentState_reg[1]/CK             -       -      R     (arrival)     56    -     0     0     100    (-,-) 
  CONTROL_PATH_CurrentState_reg[1]/Q              -       CK->Q  R     DFFRHQX4       2 12.0    89   292     392    (-,-) 
  g11193/Y                                        -       A->Y   F     CLKINVX16     11 32.9    84    82     475    (-,-) 
  g11184/Y                                        -       A->Y   R     CLKINVX12      2 14.2    48    59     534    (-,-) 
  g11167/Y                                        -       A->Y   F     CLKINVX12      6 16.2    55    53     587    (-,-) 
  g11072__1666/Y                                  -       A->Y   R     NOR2X6         1  6.1    78    80     667    (-,-) 
  g11054__5122/Y                                  -       B->Y   F     NOR2X8         2 10.2    66    68     735    (-,-) 
  fopt11339/Y                                     -       A->Y   R     CLKINVX8       1  4.5    31    44     778    (-,-) 
  g10949__8246/Y                                  -       B->Y   F     NAND2X4        1  4.0    96    75     854    (-,-) 
  g10928__6417/Y                                  -       A->Y   F     CLKAND2X6      2  7.8    54   137     991    (-,-) 
  g10845__2883/Y                                  -       A->Y   F     CLKAND2X3      1  4.0    52   118    1108    (-,-) 
  g10800__8246/Y                                  -       B->Y   F     CLKAND2X6      2  6.3    47   103    1212    (-,-) 
  g10773__6131/Y                                  -       A1->Y  R     AOI221X4       2  5.2   151   165    1377    (-,-) 
  g10744__6161/Y                                  -       A1N->Y R     AOI2BB1X4      1  5.3    87   185    1562    (-,-) 
  g10729__1617/Y                                  -       B->Y   F     NOR2X6         1  5.1    49    66    1628    (-,-) 
  g10719__6417/Y                                  -       B->Y   R     NOR2X6         2  7.2    79    70    1699    (-,-) 
  g10714__5122/Y                                  -       B->Y   F     NOR2X6         1  3.3    50    58    1757    (-,-) 
  g10680__9315/Y                                  -       B->Y   R     XNOR2X1        1  3.3    86   204    1960    (-,-) 
  g10650__1705/Y                                  -       A1->Y  R     AO22X4         1  3.2    67   248    2208    (-,-) 
  DATA_PATH_2_SQUARE_REG_reg[14].dffn_sig_q_reg/D <<<     -      R     DFFRHQX1       1    -     -     0    2208    (-,-) 
#-------------------------------------------------------------------------------------------------------------------------

