============================================================
  Generated by:           Genus(TM) Synthesis Solution 21.18-s082_1
  Generated on:           Sep 08 2025  12:29:20 am
  Module:                 square_root
  Operating conditions:   PVT_0P9V_125C 
  Operating conditions:   PVT_1P32V_0C 
  Interconnect mode:      global
  Area mode:              physical library
============================================================

                                              Library 
   Gate    Instances    Area       Library     Domain 
------------------------------------------------------
ADDHX4             1     7.182    slow_vdd1v0   worst 
AND2X1             5     6.840    slow_vdd1v0   worst 
AND2X2             1     1.710    slow_vdd1v0   worst 
AND2X6             5    18.810    slow_vdd1v0   worst 
AND2X8             3    13.338    slow_vdd1v0   worst 
AO22X1            24    65.664    slow_vdd1v0   worst 
AO22X4             4    15.048    slow_vdd1v0   worst 
AOI211X2           1     3.420    slow_vdd1v0   worst 
AOI21X1            2     3.420    slow_vdd1v0   worst 
AOI21X2            2     5.472    slow_vdd1v0   worst 
AOI21X4           11    56.430    slow_vdd1v0   worst 
AOI221X4           1     7.866    slow_vdd1v0   worst 
AOI22X4            3    18.468    slow_vdd1v0   worst 
AOI2BB1X4         30   123.120    slow_vdd1v0   worst 
AOI2BB2X4          1     7.524    slow_vdd1v0   worst 
BUFX12             1     5.130    slow_vdd1v0   worst 
BUFX2             20    34.200    slow_vdd1v0   worst 
BUFX3              5    10.260    slow_vdd1v0   worst 
BUFX4              1     2.394    slow_vdd1v0   worst 
BUFX6             31    95.418    slow_vdd1v0   worst 
BUFX8              1     3.762    slow_vdd1v0   worst 
CLKAND2X2          3     6.156    slow_vdd1v0   worst 
CLKAND2X3          8    24.624    slow_vdd1v0   worst 
CLKAND2X4          2     6.840    slow_vdd1v0   worst 
CLKAND2X6         10    47.880    slow_vdd1v0   worst 
CLKAND2X8          4    23.256    slow_vdd1v0   worst 
CLKBUFX16          1     6.840    slow_vdd1v0   worst 
CLKINVX12          9    36.936    slow_vdd1v0   worst 
CLKINVX16          1     5.472    slow_vdd1v0   worst 
CLKINVX2           3     4.104    slow_vdd1v0   worst 
CLKINVX20          1     6.498    slow_vdd1v0   worst 
CLKINVX3           2     3.420    slow_vdd1v0   worst 
CLKINVX4          12    20.520    slow_vdd1v0   worst 
CLKINVX6          25    59.850    slow_vdd1v0   worst 
CLKINVX8           7    21.546    slow_vdd1v0   worst 
CLKMX2X3           4    16.416    slow_vdd1v0   worst 
CLKXOR2X1          7    19.152    slow_vdd1v0   worst 
DFFRHQX1          39   240.084    slow_vdd1v0   worst 
DFFRHQX2           9    70.794    slow_vdd1v0   worst 
DFFRHQX4           1     9.576    slow_vdd1v0   worst 
DFFRX2             7    52.668    slow_vdd1v0   worst 
INVX1             33    22.572    slow_vdd1v0   worst 
INVX2             60    61.560    slow_vdd1v0   worst 
INVX3             22    30.096    slow_vdd1v0   worst 
MX2X1             17    40.698    slow_vdd1v0   worst 
MXI2X2             1     4.446    slow_vdd1v0   worst 
MXI2X4             2    10.260    slow_vdd1v0   worst 
NAND2BX1           1     1.368    slow_vdd1v0   worst 
NAND2X1            2     2.052    slow_vdd1v0   worst 
NAND2X2            6    10.260    slow_vdd1v0   worst 
NAND2X4            2     6.840    slow_vdd1v0   worst 
NAND2X6            7    33.516    slow_vdd1v0   worst 
NAND2X8           16    87.552    slow_vdd1v0   worst 
NAND3BX2           1     3.078    slow_vdd1v0   worst 
NAND3X4            2     9.576    slow_vdd1v0   worst 
NOR2BX4            3    11.286    slow_vdd1v0   worst 
NOR2X1             3     3.078    slow_vdd1v0   worst 
NOR2X2             6    10.260    slow_vdd1v0   worst 
NOR2X4            28    86.184    slow_vdd1v0   worst 
NOR2X6            47   192.888    slow_vdd1v0   worst 
NOR2X8            18    98.496    slow_vdd1v0   worst 
NOR3BX4            1     5.814    slow_vdd1v0   worst 
NOR3X2             5    13.680    slow_vdd1v0   worst 
NOR3X4             2    10.260    slow_vdd1v0   worst 
NOR3X6             1     7.182    slow_vdd1v0   worst 
NOR3X8             6    53.352    slow_vdd1v0   worst 
NOR4X4             1     6.498    slow_vdd1v0   worst 
OAI211X4           1     6.498    slow_vdd1v0   worst 
OAI21X4            6    28.728    slow_vdd1v0   worst 
OAI22X4            7    45.486    slow_vdd1v0   worst 
OAI2BB1X1          1     1.710    slow_vdd1v0   worst 
OAI2BB1X4          1     4.446    slow_vdd1v0   worst 
OAI2BB2X4          1     8.550    slow_vdd1v0   worst 
OAI32X2            1     4.446    slow_vdd1v0   worst 
OR2X1              4     5.472    slow_vdd1v0   worst 
OR2X2              1     1.710    slow_vdd1v0   worst 
OR2X4              1     2.736    slow_vdd1v0   worst 
OR2X6              2     7.524    slow_vdd1v0   worst 
XNOR2X1           24    57.456    slow_vdd1v0   worst 
XNOR2X2            1     3.078    slow_vdd1v0   worst 
XOR2X4             1     4.104    slow_vdd1v0   worst 
------------------------------------------------------
total            653  2192.904                


                                         
     Type      Instances   Area   Area % 
-----------------------------------------
sequential            56  373.122   17.0 
inverter             175  272.574   12.4 
buffer                60  158.004    7.2 
logic                362 1389.204   63.3 
physical_cells         0    0.000    0.0 
-----------------------------------------
total                653 2192.904  100.0 

