============================================================
  Generated by:           Genus(TM) Synthesis Solution 21.18-s082_1
  Generated on:           Sep 30 2025  10:17:19 pm
  Module:                 BubbleSort
  Operating conditions:   PVT_0P9V_125C 
  Operating conditions:   PVT_1P32V_0C 
  Interconnect mode:      global
  Area mode:              physical library
============================================================

                                              Library 
   Gate    Instances    Area       Library     Domain 
------------------------------------------------------
ADDHX1             1     3.762    slow_vdd1v0   worst 
AND2X1             3     4.104    slow_vdd1v0   worst 
AND2X6             1     3.762    slow_vdd1v0   worst 
AND3X4             1     3.078    slow_vdd1v0   worst 
AND4X8             1     6.156    slow_vdd1v0   worst 
AOI21X2            3     8.208    slow_vdd1v0   worst 
AOI21X4           10    51.300    slow_vdd1v0   worst 
AOI221X2           2     8.892    slow_vdd1v0   worst 
AOI22X1            3     6.156    slow_vdd1v0   worst 
AOI22X2           32   120.384    slow_vdd1v0   worst 
AOI2BB1X2          2     6.156    slow_vdd1v0   worst 
AOI2BB1X4          2     8.208    slow_vdd1v0   worst 
AOI2BB2X1          1     3.420    slow_vdd1v0   worst 
BUFX12             3    15.390    slow_vdd1v0   worst 
BUFX6             33   101.574    slow_vdd1v0   worst 
BUFX8              2     7.524    slow_vdd1v0   worst 
CLKAND2X2          1     2.052    slow_vdd1v0   worst 
CLKAND2X3          3     9.234    slow_vdd1v0   worst 
CLKAND2X6          1     4.788    slow_vdd1v0   worst 
CLKAND2X8          1     5.814    slow_vdd1v0   worst 
CLKBUFX20          1     8.208    slow_vdd1v0   worst 
CLKINVX12          2     8.208    slow_vdd1v0   worst 
CLKINVX2           1     1.368    slow_vdd1v0   worst 
CLKINVX20          1     6.498    slow_vdd1v0   worst 
CLKINVX3           1     1.710    slow_vdd1v0   worst 
CLKINVX4          11    18.810    slow_vdd1v0   worst 
CLKINVX8           1     3.078    slow_vdd1v0   worst 
CLKMX2X3          32   131.328    slow_vdd1v0   worst 
CLKXOR2X1         37   101.232    slow_vdd1v0   worst 
DFFRHQX1         322  1982.232    slow_vdd1v0   worst 
DFFRHQX2           5    39.330    slow_vdd1v0   worst 
DFFRHQX4          57   545.832    slow_vdd1v0   worst 
DFFRHQX8           2    22.572    slow_vdd1v0   worst 
DFFRX1             4    27.360    slow_vdd1v0   worst 
DFFRX2             2    15.048    slow_vdd1v0   worst 
DFFRX4             1     9.576    slow_vdd1v0   worst 
INVX1             41    28.044    slow_vdd1v0   worst 
INVX2             34    34.884    slow_vdd1v0   worst 
INVX20             2    12.996    slow_vdd1v0   worst 
INVX3             17    23.256    slow_vdd1v0   worst 
MX2X1            323   773.262    slow_vdd1v0   worst 
NAND2BX1           5     6.840    slow_vdd1v0   worst 
NAND2BX2           1     2.394    slow_vdd1v0   worst 
NAND2X1           42    43.092    slow_vdd1v0   worst 
NAND2X2           13    22.230    slow_vdd1v0   worst 
NAND2X4           16    54.720    slow_vdd1v0   worst 
NAND2X6            3    14.364    slow_vdd1v0   worst 
NAND3BX2           1     3.078    slow_vdd1v0   worst 
NOR2BX1           10    13.680    slow_vdd1v0   worst 
NOR2BX2            9    24.624    slow_vdd1v0   worst 
NOR2BX4            3    11.286    slow_vdd1v0   worst 
NOR2X1            10    10.260    slow_vdd1v0   worst 
NOR2X2            16    27.360    slow_vdd1v0   worst 
NOR2X4            14    43.092    slow_vdd1v0   worst 
NOR2X6             3    12.312    slow_vdd1v0   worst 
NOR2X8             3    16.416    slow_vdd1v0   worst 
NOR2XL             1     1.026    slow_vdd1v0   worst 
NOR3X4             3    15.390    slow_vdd1v0   worst 
NOR4X4             2    12.996    slow_vdd1v0   worst 
NOR4X6             3    24.624    slow_vdd1v0   worst 
OA22X1             1     2.394    slow_vdd1v0   worst 
OAI21X1           64   109.440    slow_vdd1v0   worst 
OAI21X2            4    12.312    slow_vdd1v0   worst 
OAI21X4           12    57.456    slow_vdd1v0   worst 
OAI221X2           1     4.788    slow_vdd1v0   worst 
OAI22X1            3     6.156    slow_vdd1v0   worst 
OAI2BB1X1          2     3.420    slow_vdd1v0   worst 
OAI2BB1X2          1     3.078    slow_vdd1v0   worst 
OR2X1              6     8.208    slow_vdd1v0   worst 
OR2X2              2     3.420    slow_vdd1v0   worst 
OR2X4              1     2.736    slow_vdd1v0   worst 
OR2X6              1     3.762    slow_vdd1v0   worst 
OR2X8              1     4.446    slow_vdd1v0   worst 
OR4X1              5    10.260    slow_vdd1v0   worst 
OR4X2              1     3.420    slow_vdd1v0   worst 
XNOR2X1           20    47.880    slow_vdd1v0   worst 
------------------------------------------------------
total           1286  4817.754                


                                         
     Type      Instances   Area   Area % 
-----------------------------------------
sequential           393 2641.950   54.8 
inverter             111  138.852    2.9 
buffer                39  132.696    2.8 
logic                743 1904.256   39.5 
physical_cells         0    0.000    0.0 
-----------------------------------------
total               1286 4817.754  100.0 

