============================================================
  Generated by:           Genus(TM) Synthesis Solution 21.18-s082_1
  Generated on:           Sep 30 2025  10:17:19 pm
  Module:                 BubbleSort
  Operating conditions:   PVT_0P9V_125C 
  Operating conditions:   PVT_1P32V_0C 
  Interconnect mode:      global
  Area mode:              physical library
============================================================

Timing
--------

Clock Period 
-------------
clk   2220.0 


  Cost    Critical         Violating 
 Group   Path Slack  TNS     Paths   
-------------------------------------
clk             0.0   0.0          0 
default    No paths   0.0            
-------------------------------------
Total                 0.0          0 

Instance Count
--------------
Leaf Instance Count             1286 
Physical Instance count            0 
Sequential Instance Count        393 
Combinational Instance Count     893 
Hierarchical Instance Count        0 

Area
----
Cell Area                          4817.754
Physical Cell Area                 0.000
Total Cell Area (Cell+Physical)    4817.754
Net Area                           1453.322
Total Area (Cell+Physical+Net)     6271.076

Max Fanout                         393 (clk)
Min Fanout                         0 (n_46)
Average Fanout                     2.3
Terms to net ratio                 3.5283
Terms to instance ratio            3.6407
Runtime                            28.824368 seconds
Elapsed Runtime                    30 seconds
Genus peak memory usage            1454.21 
Innovus peak memory usage          no_value 
Hostname                           gmicro02
