============================================================
  Generated by:           Genus(TM) Synthesis Solution 21.18-s082_1
  Generated on:           Sep 04 2025  02:13:30 pm
  Module:                 square_root
  Operating conditions:   PVT_0P9V_125C 
  Operating conditions:   PVT_1P32V_0C 
  Interconnect mode:      global
  Area mode:              physical library
============================================================


Path 1: VIOLATED (-34 ps) Setup Check with Pin DATA_PATH_1_ROOT_REG_reg[1].dffn_sig_q_reg/CK->D
          Group: clk
     Startpoint: (R) CONTROL_PATH_CurrentState_reg[1]/CK
          Clock: (R) clk
       Endpoint: (R) DATA_PATH_1_ROOT_REG_reg[1].dffn_sig_q_reg/D
          Clock: (R) clk

                     Capture       Launch     
        Clock Edge:+    2350            0     
       Src Latency:+       0            0     
       Net Latency:+     100 (I)      100 (I) 
           Arrival:=    2450          100     
                                              
             Setup:-     179                  
       Uncertainty:-      50                  
     Required Time:=    2221                  
      Launch Clock:-     100                  
         Data Path:-    2155                  
             Slack:=     -34                  

#---------------------------------------------------------------------------------------------------------------------
#                Timing Point                  Flags   Arc   Edge   Cell     Fanout Load Trans Delay Arrival Instance 
#                                                                                   (fF)  (ps)  (ps)   (ps)  Location 
#---------------------------------------------------------------------------------------------------------------------
  CONTROL_PATH_CurrentState_reg[1]/CK          -       -     R     (arrival)     56    -     0     0     100    (-,-) 
  CONTROL_PATH_CurrentState_reg[1]/Q           -       CK->Q R     DFFRHQX4       1  7.8    68   281     381    (-,-) 
  g9554/Y                                      -       A->Y  F     CLKINVX12      7 29.8    90    79     460    (-,-) 
  g9531/Y                                      -       A->Y  R     CLKINVX16     10 32.0    68    74     534    (-,-) 
  g9506/Y                                      -       A->Y  F     INVX2          1  5.1    83    81     616    (-,-) 
  g9422__6417/Y                                -       B->Y  R     NOR2X6         1  5.3    70    77     693    (-,-) 
  g9403__8428/Y                                -       A->Y  F     NOR2X6         2  6.9    58    70     763    (-,-) 
  g9385/Y                                      -       A->Y  R     INVX3          1  6.1    56    60     822    (-,-) 
  g9302__6783/Y                                -       B->Y  F     NAND2X8        3  8.1    98    88     910    (-,-) 
  g9273__6260/Y                                -       A->Y  F     CLKAND2X6      4 12.8    76   150    1061    (-,-) 
  g9198__6260/Y                                -       B->Y  R     NAND2X8        2  7.0    47    55    1116    (-,-) 
  g9179__6161/Y                                -       B->Y  F     NOR2X6         2  7.7    60    54    1169    (-,-) 
  g9164__8428/Y                                -       B->Y  F     CLKAND2X6      2  8.1    56   111    1280    (-,-) 
  g9159/Y                                      -       A->Y  R     CLKINVX6       1  4.5    32    42    1322    (-,-) 
  g9152__2802/Y                                -       B->Y  F     NOR2X4         1  4.4    54    44    1366    (-,-) 
  g9117__8246/Y                                -       A2->Y R     OAI31X4        1  4.5   135   115    1481    (-,-) 
  g9110__6417/Y                                -       B->Y  F     NAND2X4        1  5.1   120   132    1613    (-,-) 
  g9108__6161/Y                                -       B->Y  R     NOR2X6         3  8.8    99   107    1720    (-,-) 
  g9091__1617/Y                                -       B->Y  R     CLKAND2X6      2  7.6    45   130    1851    (-,-) 
  g9076__6417/Y                                -       A->Y  F     NOR2X4         1  3.6    51    54    1905    (-,-) 
  g9065__6131/Y                                -       C->Y  F     OR3X6          7 16.4   119   223    2128    (-,-) 
  g9015__4319/Y                                -       B1->Y R     OAI22X2        1  3.2   142   127    2255    (-,-) 
  DATA_PATH_1_ROOT_REG_reg[1].dffn_sig_q_reg/D <<<     -     R     DFFRHQX1       1    -     -     0    2255    (-,-) 
#---------------------------------------------------------------------------------------------------------------------

