============================================================
  Generated by:           Genus(TM) Synthesis Solution 21.18-s082_1
  Generated on:           Sep 04 2025  02:13:30 pm
  Module:                 square_root
  Operating conditions:   PVT_0P9V_125C 
  Operating conditions:   PVT_1P32V_0C 
  Interconnect mode:      global
  Area mode:              physical library
============================================================

Timing
--------

Clock Period 
-------------
clk   2350.0 


  Cost    Critical            Violating 
 Group   Path Slack    TNS      Paths   
----------------------------------------
clk           -33.9   -246.7          9 
default    No paths      0.0            
----------------------------------------
Total                 -246.7          9 

Instance Count
--------------
Leaf Instance Count             615 
Physical Instance count           0 
Sequential Instance Count        56 
Combinational Instance Count    559 
Hierarchical Instance Count       0 

Area
----
Cell Area                          1993.860
Physical Cell Area                 0.000
Total Cell Area (Cell+Physical)    1993.860
Net Area                           656.976
Total Area (Cell+Physical+Net)     2650.836

Max Fanout                         56 (clk)
Min Fanout                         0 (rst_n)
Average Fanout                     1.9
Terms to net ratio                 2.9575
Terms to instance ratio            3.0537
Runtime                            40.844043 seconds
Elapsed Runtime                    67 seconds
Genus peak memory usage            1671.06 
Innovus peak memory usage          no_value 
Hostname                           gmicro02
