============================================================
  Generated by:           Genus(TM) Synthesis Solution 21.18-s082_1
  Generated on:           Sep 04 2025  02:13:30 pm
  Module:                 square_root
  Operating conditions:   PVT_0P9V_125C 
  Operating conditions:   PVT_1P32V_0C 
  Interconnect mode:      global
  Area mode:              physical library
============================================================

                                              Library 
   Gate    Instances    Area       Library     Domain 
------------------------------------------------------
ADDHX1             1     3.762    slow_vdd1v0   worst 
ADDHX4             1     7.182    slow_vdd1v0   worst 
AND2X1             8    10.944    slow_vdd1v0   worst 
AND2X2             1     1.710    slow_vdd1v0   worst 
AND2X4             1     2.736    slow_vdd1v0   worst 
AND2X6             5    18.810    slow_vdd1v0   worst 
AND3XL             1     2.052    slow_vdd1v0   worst 
AO21X2             1     2.736    slow_vdd1v0   worst 
AO22X1            21    57.456    slow_vdd1v0   worst 
AO22X4             4    15.048    slow_vdd1v0   worst 
AOI211X2           1     3.420    slow_vdd1v0   worst 
AOI211X4           1     6.498    slow_vdd1v0   worst 
AOI21X1            1     1.710    slow_vdd1v0   worst 
AOI21X4            6    30.780    slow_vdd1v0   worst 
AOI221X4           1     7.866    slow_vdd1v0   worst 
AOI22X4            3    18.468    slow_vdd1v0   worst 
AOI2BB1X4         13    53.352    slow_vdd1v0   worst 
AOI2BB2X2          1     5.130    slow_vdd1v0   worst 
AOI31X4            1     6.498    slow_vdd1v0   worst 
AOI32X2            1     4.446    slow_vdd1v0   worst 
BUFX2             20    34.200    slow_vdd1v0   worst 
BUFX3              6    12.312    slow_vdd1v0   worst 
BUFX6             15    46.170    slow_vdd1v0   worst 
CLKAND2X2          1     2.052    slow_vdd1v0   worst 
CLKAND2X3          6    18.468    slow_vdd1v0   worst 
CLKAND2X6         15    71.820    slow_vdd1v0   worst 
CLKAND2X8          1     5.814    slow_vdd1v0   worst 
CLKBUFX4           2     4.788    slow_vdd1v0   worst 
CLKINVX12          3    12.312    slow_vdd1v0   worst 
CLKINVX16          1     5.472    slow_vdd1v0   worst 
CLKINVX2           1     1.368    slow_vdd1v0   worst 
CLKINVX3           4     6.840    slow_vdd1v0   worst 
CLKINVX4          19    32.490    slow_vdd1v0   worst 
CLKINVX6          23    55.062    slow_vdd1v0   worst 
CLKINVX8          11    33.858    slow_vdd1v0   worst 
CLKMX2X3          16    65.664    slow_vdd1v0   worst 
CLKXOR2X1          8    21.888    slow_vdd1v0   worst 
CLKXOR2X2          1     3.420    slow_vdd1v0   worst 
DFFRHQX1          46   283.176    slow_vdd1v0   worst 
DFFRHQX2           2    15.732    slow_vdd1v0   worst 
DFFRHQX4           3    28.728    slow_vdd1v0   worst 
DFFRX2             5    37.620    slow_vdd1v0   worst 
INVX1             31    21.204    slow_vdd1v0   worst 
INVX2             49    50.274    slow_vdd1v0   worst 
INVX3             17    23.256    slow_vdd1v0   worst 
INVX6              1     2.394    slow_vdd1v0   worst 
INVXL              2     1.368    slow_vdd1v0   worst 
MX2X1             16    38.304    slow_vdd1v0   worst 
NAND2BX1           1     1.368    slow_vdd1v0   worst 
NAND2BX2           1     2.394    slow_vdd1v0   worst 
NAND2BX4           1     3.762    slow_vdd1v0   worst 
NAND2X1            7     7.182    slow_vdd1v0   worst 
NAND2X2            7    11.970    slow_vdd1v0   worst 
NAND2X4            9    30.780    slow_vdd1v0   worst 
NAND2X6            5    23.940    slow_vdd1v0   worst 
NAND2X8            8    43.776    slow_vdd1v0   worst 
NAND3BX4           1     5.130    slow_vdd1v0   worst 
NOR2BX4            2     7.524    slow_vdd1v0   worst 
NOR2X1             2     2.052    slow_vdd1v0   worst 
NOR2X2             7    11.970    slow_vdd1v0   worst 
NOR2X4            21    64.638    slow_vdd1v0   worst 
NOR2X6            39   160.056    slow_vdd1v0   worst 
NOR2X8            33   180.576    slow_vdd1v0   worst 
NOR3BX4            1     5.814    slow_vdd1v0   worst 
NOR3X1             1     1.710    slow_vdd1v0   worst 
NOR3X4             2    10.260    slow_vdd1v0   worst 
NOR3X6             1     7.182    slow_vdd1v0   worst 
NOR3X8             1     8.892    slow_vdd1v0   worst 
OA21X1             3     6.156    slow_vdd1v0   worst 
OAI21X1            2     3.420    slow_vdd1v0   worst 
OAI21X2            1     3.078    slow_vdd1v0   worst 
OAI21X4            4    19.152    slow_vdd1v0   worst 
OAI22X2            7    23.940    slow_vdd1v0   worst 
OAI22X4            2    12.996    slow_vdd1v0   worst 
OAI2BB1X1          1     1.710    slow_vdd1v0   worst 
OAI31X2            3    11.286    slow_vdd1v0   worst 
OAI31X4            3    20.520    slow_vdd1v0   worst 
OR2X1              6     8.208    slow_vdd1v0   worst 
OR2X2              1     1.710    slow_vdd1v0   worst 
OR2X4              2     5.472    slow_vdd1v0   worst 
OR2X6              6    22.572    slow_vdd1v0   worst 
OR3X6              1     4.788    slow_vdd1v0   worst 
OR4X1              1     2.052    slow_vdd1v0   worst 
XNOR2X1           23    55.062    slow_vdd1v0   worst 
XOR2X4             1     4.104    slow_vdd1v0   worst 
------------------------------------------------------
total            615  1993.860                


                                         
     Type      Instances   Area   Area % 
-----------------------------------------
sequential            56  365.256   18.3 
inverter             162  245.898   12.3 
buffer                43   97.470    4.9 
logic                354 1285.236   64.5 
physical_cells         0    0.000    0.0 
-----------------------------------------
total                615 1993.860  100.0 

