============================================================
  Generated by:           Genus(TM) Synthesis Solution 21.18-s082_1
  Generated on:           Oct 02 2025  01:06:29 pm
  Module:                 BubbleSort
  Operating conditions:   PVT_0P9V_125C 
  Operating conditions:   PVT_1P32V_0C 
  Interconnect mode:      global
  Area mode:              physical library
============================================================

Timing
--------

Clock Period 
-------------
clk   2130.0 


  Cost    Critical         Violating 
 Group   Path Slack  TNS     Paths   
-------------------------------------
clk             2.3   0.0          0 
default    No paths   0.0            
-------------------------------------
Total                 0.0          0 

Instance Count
--------------
Leaf Instance Count             1218 
Physical Instance count            0 
Sequential Instance Count        392 
Combinational Instance Count     826 
Hierarchical Instance Count        0 

Area
----
Cell Area                          4704.894
Physical Cell Area                 0.000
Total Cell Area (Cell+Physical)    4704.894
Net Area                           1406.625
Total Area (Cell+Physical+Net)     6111.519

Max Fanout                         392 (clk)
Min Fanout                         0 (n_75)
Average Fanout                     2.2
Terms to net ratio                 3.4466
Terms to instance ratio            3.7381
Runtime                            29.797312999999995 seconds
Elapsed Runtime                    32 seconds
Genus peak memory usage            1731.05 
Innovus peak memory usage          no_value 
Hostname                           gmicro02
