============================================================
  Generated by:           Genus(TM) Synthesis Solution 21.18-s082_1
  Generated on:           Oct 02 2025  01:06:29 pm
  Module:                 BubbleSort
  Operating conditions:   PVT_0P9V_125C 
  Operating conditions:   PVT_1P32V_0C 
  Interconnect mode:      global
  Area mode:              physical library
============================================================

                                              Library 
   Gate    Instances    Area       Library     Domain 
------------------------------------------------------
ADDHX1             1     3.762    slow_vdd1v0   worst 
AND2X1             2     2.736    slow_vdd1v0   worst 
AND2X4             4    10.944    slow_vdd1v0   worst 
AND3X8             1     5.130    slow_vdd1v0   worst 
AOI21X2            4    10.944    slow_vdd1v0   worst 
AOI21X4            7    35.910    slow_vdd1v0   worst 
AOI22X1           32    65.664    slow_vdd1v0   worst 
AOI2BB1X1          1     2.052    slow_vdd1v0   worst 
AOI2BB1X2          2     6.156    slow_vdd1v0   worst 
AOI2BB1X4          3    12.312    slow_vdd1v0   worst 
BUFX6             33   101.574    slow_vdd1v0   worst 
BUFX8              1     3.762    slow_vdd1v0   worst 
CLKAND2X2          1     2.052    slow_vdd1v0   worst 
CLKAND2X6          1     4.788    slow_vdd1v0   worst 
CLKAND2X8          1     5.814    slow_vdd1v0   worst 
CLKBUFX16          2    13.680    slow_vdd1v0   worst 
CLKINVX16          3    16.416    slow_vdd1v0   worst 
CLKINVX2           5     6.840    slow_vdd1v0   worst 
CLKINVX20          1     6.498    slow_vdd1v0   worst 
CLKINVX3           4     6.840    slow_vdd1v0   worst 
CLKINVX4          15    25.650    slow_vdd1v0   worst 
CLKINVX6           2     4.788    slow_vdd1v0   worst 
CLKMX2X3          54   221.616    slow_vdd1v0   worst 
CLKXOR2X1         40   109.440    slow_vdd1v0   worst 
DFFRHQX1         321  1976.076    slow_vdd1v0   worst 
DFFRHQX4           1     9.576    slow_vdd1v0   worst 
DFFRX1             3    20.520    slow_vdd1v0   worst 
DFFRX2            28   210.672    slow_vdd1v0   worst 
DFFRX4            39   373.464    slow_vdd1v0   worst 
INVX1              4     2.736    slow_vdd1v0   worst 
INVX2             35    35.910    slow_vdd1v0   worst 
INVX20             1     6.498    slow_vdd1v0   worst 
INVX3              2     2.736    slow_vdd1v0   worst 
MX2X1            333   797.202    slow_vdd1v0   worst 
NAND2BX1           5     6.840    slow_vdd1v0   worst 
NAND2BX2           4     9.576    slow_vdd1v0   worst 
NAND2BX4           1     3.762    slow_vdd1v0   worst 
NAND2X1            6     6.156    slow_vdd1v0   worst 
NAND2X2           27    46.170    slow_vdd1v0   worst 
NAND2X4           10    34.200    slow_vdd1v0   worst 
NAND2X6            4    19.152    slow_vdd1v0   worst 
NAND2X8            3    16.416    slow_vdd1v0   worst 
NAND3X2            1     2.736    slow_vdd1v0   worst 
NAND3X6            1     7.182    slow_vdd1v0   worst 
NAND3X8            1     8.208    slow_vdd1v0   worst 
NOR2BX1            8    10.944    slow_vdd1v0   worst 
NOR2BX2           10    27.360    slow_vdd1v0   worst 
NOR2BX4            4    15.048    slow_vdd1v0   worst 
NOR2X1             6     6.156    slow_vdd1v0   worst 
NOR2X2            15    25.650    slow_vdd1v0   worst 
NOR2X4            17    52.326    slow_vdd1v0   worst 
NOR2X6             5    20.520    slow_vdd1v0   worst 
NOR2X8             3    16.416    slow_vdd1v0   worst 
NOR2XL             1     1.026    slow_vdd1v0   worst 
NOR3X2             2     5.472    slow_vdd1v0   worst 
NOR3X4             1     5.130    slow_vdd1v0   worst 
OAI21X1           33    56.430    slow_vdd1v0   worst 
OAI21X2            7    21.546    slow_vdd1v0   worst 
OAI21X4            9    43.092    slow_vdd1v0   worst 
OAI22X1            1     2.052    slow_vdd1v0   worst 
OAI2BB1X1          1     1.710    slow_vdd1v0   worst 
OR2X1              8    10.944    slow_vdd1v0   worst 
OR2X8              2     8.892    slow_vdd1v0   worst 
OR3X8              1     5.472    slow_vdd1v0   worst 
OR4X1              6    12.312    slow_vdd1v0   worst 
OR4X6              2    10.944    slow_vdd1v0   worst 
XNOR2X1           23    55.062    slow_vdd1v0   worst 
XNOR2X2            3     9.234    slow_vdd1v0   worst 
------------------------------------------------------
total           1218  4704.894                


                                         
     Type      Instances   Area   Area % 
-----------------------------------------
sequential           392 2590.308   55.1 
inverter              72  114.912    2.4 
buffer                36  119.016    2.5 
logic                718 1880.658   40.0 
physical_cells         0    0.000    0.0 
-----------------------------------------
total               1218 4704.894  100.0 

