============================================================
  Generated by:           Genus(TM) Synthesis Solution 21.18-s082_1
  Generated on:           Oct 01 2025  12:28:11 am
  Module:                 BubbleSort
  Operating conditions:   PVT_0P9V_125C 
  Operating conditions:   PVT_1P32V_0C 
  Interconnect mode:      global
  Area mode:              physical library
============================================================

Timing
--------

Clock Period 
-------------
clk    670.0 


  Cost    Critical         Violating 
 Group   Path Slack  TNS     Paths   
-------------------------------------
clk            23.6   0.0          0 
default    No paths   0.0            
-------------------------------------
Total                 0.0          0 

Instance Count
--------------
Leaf Instance Count             1175 
Physical Instance count            0 
Sequential Instance Count        393 
Combinational Instance Count     782 
Hierarchical Instance Count        0 

Area
----
Cell Area                          4104.342
Physical Cell Area                 0.000
Total Cell Area (Cell+Physical)    4104.342
Net Area                           1353.009
Total Area (Cell+Physical+Net)     5457.351

Max Fanout                         393 (clk)
Min Fanout                         0 (n_29)
Average Fanout                     2.4
Terms to net ratio                 3.6439
Terms to instance ratio            3.7711
Runtime                            27.843781 seconds
Elapsed Runtime                    29 seconds
Genus peak memory usage            1400.82 
Innovus peak memory usage          no_value 
Hostname                           gmicro02
