============================================================
  Generated by:           Genus(TM) Synthesis Solution 21.18-s082_1
  Generated on:           Oct 01 2025  12:28:11 am
  Module:                 BubbleSort
  Operating conditions:   PVT_0P9V_125C 
  Operating conditions:   PVT_1P32V_0C 
  Interconnect mode:      global
  Area mode:              physical library
============================================================

                                              Library 
   Gate    Instances    Area       Library     Domain 
------------------------------------------------------
ADDHX1             1     3.762    fast_vdd1v2    best 
AND2X1             4     5.472    fast_vdd1v2    best 
AND2X2             1     1.710    fast_vdd1v2    best 
AND3X6             1     4.446    fast_vdd1v2    best 
AND4X2             1     3.078    fast_vdd1v2    best 
AOI21X1            1     1.710    fast_vdd1v2    best 
AOI21X2            1     2.736    fast_vdd1v2    best 
AOI221X1           5    11.970    fast_vdd1v2    best 
AOI22X1           32    65.664    fast_vdd1v2    best 
AOI32X1            4     9.576    fast_vdd1v2    best 
BUFX2             93   159.030    fast_vdd1v2    best 
CLKBUFX2           1     1.710    fast_vdd1v2    best 
CLKINVX4           1     1.710    fast_vdd1v2    best 
CLKINVX6           2     4.788    fast_vdd1v2    best 
CLKXOR2X1          3     8.208    fast_vdd1v2    best 
DFFRHQX1         355  2185.380    fast_vdd1v2    best 
DFFRHQX4           5    47.880    fast_vdd1v2    best 
DFFRX1             2    13.680    fast_vdd1v2    best 
DFFRX2            27   203.148    fast_vdd1v2    best 
DFFX1              4    28.728    fast_vdd1v2    best 
INVX1             22    15.048    fast_vdd1v2    best 
INVX2              1     1.026    fast_vdd1v2    best 
INVXL              2     1.368    fast_vdd1v2    best 
MX2X1            384   919.296    fast_vdd1v2    best 
MXI2XL             3     7.182    fast_vdd1v2    best 
NAND2BX1          23    31.464    fast_vdd1v2    best 
NAND2X1            8     8.208    fast_vdd1v2    best 
NAND2X2            2     3.420    fast_vdd1v2    best 
NAND2X4            1     3.420    fast_vdd1v2    best 
NAND3BX1           1     2.052    fast_vdd1v2    best 
NAND3BXL           7    11.970    fast_vdd1v2    best 
NAND4X1            1     2.052    fast_vdd1v2    best 
NAND4XL           15    25.650    fast_vdd1v2    best 
NOR2BX1            7     9.576    fast_vdd1v2    best 
NOR2BX4            1     3.762    fast_vdd1v2    best 
NOR2X1            19    19.494    fast_vdd1v2    best 
NOR3BX1            5    10.260    fast_vdd1v2    best 
NOR4X1             2     3.420    fast_vdd1v2    best 
OA21X1             1     2.052    fast_vdd1v2    best 
OAI211X1           8    13.680    fast_vdd1v2    best 
OAI21X1            2     3.420    fast_vdd1v2    best 
OAI22X1            2     4.104    fast_vdd1v2    best 
OAI2BB1X1         39    66.690    fast_vdd1v2    best 
OAI31X1            2     4.104    fast_vdd1v2    best 
OR2X1              6     8.208    fast_vdd1v2    best 
OR3X1              1     2.052    fast_vdd1v2    best 
OR4X1              3     6.156    fast_vdd1v2    best 
XNOR2X1           63   150.822    fast_vdd1v2    best 
------------------------------------------------------
total           1175  4104.342                


                                         
     Type      Instances   Area   Area % 
-----------------------------------------
sequential           393 2478.816   60.4 
inverter              28   23.940    0.6 
buffer                94  160.740    3.9 
logic                660 1440.846   35.1 
physical_cells         0    0.000    0.0 
-----------------------------------------
total               1175 4104.342  100.0 

