============================================================
  Generated by:           Genus(TM) Synthesis Solution 21.18-s082_1
  Generated on:           Sep 08 2025  12:27:27 am
  Module:                 square_root
  Operating conditions:   PVT_0P9V_125C 
  Operating conditions:   PVT_1P32V_0C 
  Interconnect mode:      global
  Area mode:              physical library
============================================================


Path 1: VIOLATED (-14 ps) Setup Check with Pin DATA_PATH_1_ROOT_REG_reg[7].dffn_sig_q_reg/CK->D
          Group: clk
     Startpoint: (R) CONTROL_PATH_CurrentState_reg[1]/CK
          Clock: (R) clk
       Endpoint: (F) DATA_PATH_1_ROOT_REG_reg[7].dffn_sig_q_reg/D
          Clock: (R) clk

                     Capture       Launch     
        Clock Edge:+    2270            0     
       Src Latency:+       0            0     
       Net Latency:+     100 (I)      100 (I) 
           Arrival:=    2370          100     
                                              
             Setup:-     105                  
       Uncertainty:-      50                  
     Required Time:=    2215                  
      Launch Clock:-     100                  
         Data Path:-    2130                  
             Slack:=     -14                  

#-----------------------------------------------------------------------------------------------------------------------
#                Timing Point                  Flags    Arc   Edge    Cell     Fanout Load Trans Delay Arrival Instance 
#                                                                                     (fF)  (ps)  (ps)   (ps)  Location 
#-----------------------------------------------------------------------------------------------------------------------
  CONTROL_PATH_CurrentState_reg[1]/CK          -       -      R     (arrival)      56    -     0     0     100    (-,-) 
  CONTROL_PATH_CurrentState_reg[1]/Q           -       CK->Q  R     DFFRHQX4        2 11.7    88   292     392    (-,-) 
  g10669/Y                                     -       A->Y   F     CLKINVX6        4 12.4    78    82     473    (-,-) 
  g10668/Y                                     -       A->Y   R     CLKINVX6        2  5.6    40    53     526    (-,-) 
  g10667/Y                                     -       A->Y   R     BUFX6           2  8.4    45    92     618    (-,-) 
  g10573__1666/Y                               -       B->Y   F     NOR2X4          1  4.3    61    50     668    (-,-) 
  g10528__7482/Y                               -       B0->Y  R     AOI2BB1X4       2  8.4   119   112     780    (-,-) 
  g10515/Y                                     -       A->Y   F     INVX2           1  3.3    70    97     877    (-,-) 
  g10391__7098/Y                               -       A0N->Y F     AOI2BB1X4       2  7.0    83   197    1074    (-,-) 
  g10304__5107/Y                               -       C->Y   R     NAND3X6         1  3.3    50    57    1131    (-,-) 
  g10229__5526/Y                               -       A1N->Y R     OAI2BB1X4       1  4.5    64   182    1314    (-,-) 
  g10208__8246/Y                               -       A1->Y  F     AOI21X4         1  5.1   121   117    1430    (-,-) 
  g10194__8428/Y                               -       B->Y   R     NOR2X6          1  4.4    69    90    1520    (-,-) 
  g10186__9945/Y                               -       B->Y   R     CLKAND2X12      6 17.4    56   132    1653    (-,-) 
  g10179/Y                                     -       A->Y   F     INVX2           1  4.3    71    70    1722    (-,-) 
  g10173__7482/Y                               -       C->Y   R     NOR3X4          1  5.3   138   114    1836    (-,-) 
  g10137__9315/Y                               -       B->Y   F     NOR3X6          1  4.0    68    98    1935    (-,-) 
  g10124__8246/Y                               -       A->Y   F     CLKAND2X6       1  8.6    57   125    2060    (-,-) 
  g10120/Y                                     -       A->Y   R     CLKINVX16       7 22.7    50    55    2115    (-,-) 
  g10094__4319/Y                               -       A1->Y  F     OAI22X4         1  3.2   122   115    2230    (-,-) 
  DATA_PATH_1_ROOT_REG_reg[7].dffn_sig_q_reg/D <<<     -      F     DFFRHQX1        1    -     -     0    2230    (-,-) 
#-----------------------------------------------------------------------------------------------------------------------

