============================================================
  Generated by:           Genus(TM) Synthesis Solution 21.18-s082_1
  Generated on:           Sep 05 2025  10:24:08 am
  Module:                 square_root
  Operating conditions:   PVT_0P9V_125C 
  Operating conditions:   PVT_1P32V_0C 
  Interconnect mode:      global
  Area mode:              physical library
============================================================

Timing
--------

Clock Period 
-------------
clk    590.0 


  Cost    Critical         Violating 
 Group   Path Slack  TNS     Paths   
-------------------------------------
clk             0.8   0.0          0 
default    No paths   0.0            
-------------------------------------
Total                 0.0          0 

Instance Count
--------------
Leaf Instance Count             392 
Physical Instance count           0 
Sequential Instance Count        57 
Combinational Instance Count    335 
Hierarchical Instance Count       0 

Area
----
Cell Area                          1211.364
Physical Cell Area                 0.000
Total Cell Area (Cell+Physical)    1211.364
Net Area                           454.221
Total Area (Cell+Physical+Net)     1665.585

Max Fanout                         57 (clk)
Min Fanout                         0 (rst_n)
Average Fanout                     2.0
Terms to net ratio                 3.0413
Terms to instance ratio            3.3827
Runtime                            39.81635 seconds
Elapsed Runtime                    44 seconds
Genus peak memory usage            1679.77 
Innovus peak memory usage          no_value 
Hostname                           gmicro02
