============================================================
  Generated by:           Genus(TM) Synthesis Solution 21.18-s082_1
  Generated on:           Sep 05 2025  10:24:07 am
  Module:                 square_root
  Operating conditions:   PVT_0P9V_125C 
  Operating conditions:   PVT_1P32V_0C 
  Interconnect mode:      global
  Area mode:              physical library
============================================================

                                              Library 
   Gate    Instances    Area       Library     Domain 
------------------------------------------------------
ADDHX1            19    71.478    fast_vdd1v2    best 
ADDHX2             7    35.910    fast_vdd1v2    best 
ADDHX4             1     7.182    fast_vdd1v2    best 
AND2X1             3     4.104    fast_vdd1v2    best 
AND2X2             2     3.420    fast_vdd1v2    best 
AND2X4             4    10.944    fast_vdd1v2    best 
AO21X1             2     4.788    fast_vdd1v2    best 
AO22X1            33    90.288    fast_vdd1v2    best 
AO22X4             1     3.762    fast_vdd1v2    best 
AOI211X1           1     2.394    fast_vdd1v2    best 
AOI21X1            2     3.420    fast_vdd1v2    best 
AOI21X2            3     8.208    fast_vdd1v2    best 
AOI21X4            2    10.260    fast_vdd1v2    best 
AOI221X2           1     4.446    fast_vdd1v2    best 
AOI22X1            1     2.052    fast_vdd1v2    best 
AOI2BB1X1          1     2.052    fast_vdd1v2    best 
AOI2BB1X4          4    16.416    fast_vdd1v2    best 
AOI2BB2X4          1     7.524    fast_vdd1v2    best 
BUFX16             1     6.840    fast_vdd1v2    best 
BUFX2             27    46.170    fast_vdd1v2    best 
BUFX3              3     6.156    fast_vdd1v2    best 
BUFX6              1     3.078    fast_vdd1v2    best 
CLKINVX12          2     8.208    fast_vdd1v2    best 
CLKINVX4           2     3.420    fast_vdd1v2    best 
CLKINVX6           3     7.182    fast_vdd1v2    best 
CLKINVX8           2     6.156    fast_vdd1v2    best 
CLKMX2X3           5    20.520    fast_vdd1v2    best 
CLKXOR2X1          6    16.416    fast_vdd1v2    best 
DFFRHQX1          48   295.488    fast_vdd1v2    best 
DFFRHQX2           1     7.866    fast_vdd1v2    best 
DFFRHQX4           1     9.576    fast_vdd1v2    best 
DFFRHQX8           6    67.716    fast_vdd1v2    best 
DFFRX2             1     7.524    fast_vdd1v2    best 
INVX1             28    19.152    fast_vdd1v2    best 
INVX2             27    27.702    fast_vdd1v2    best 
INVX3              5     6.840    fast_vdd1v2    best 
MX2X1             23    55.062    fast_vdd1v2    best 
NAND2BX1           7     9.576    fast_vdd1v2    best 
NAND2BX4           1     3.762    fast_vdd1v2    best 
NAND2X1            5     5.130    fast_vdd1v2    best 
NAND2X2           11    18.810    fast_vdd1v2    best 
NAND2X4            5    17.100    fast_vdd1v2    best 
NAND2X6            1     4.788    fast_vdd1v2    best 
NAND3X2            1     2.736    fast_vdd1v2    best 
NAND3X4            2     9.576    fast_vdd1v2    best 
NAND4BX4           1     7.524    fast_vdd1v2    best 
NAND4X2            1     3.762    fast_vdd1v2    best 
NOR2BX1            2     2.736    fast_vdd1v2    best 
NOR2BX2            1     2.736    fast_vdd1v2    best 
NOR2X1             2     2.052    fast_vdd1v2    best 
NOR2X2             1     1.710    fast_vdd1v2    best 
NOR2X4             3     9.234    fast_vdd1v2    best 
NOR2X6             1     4.104    fast_vdd1v2    best 
NOR3BX4            1     5.814    fast_vdd1v2    best 
NOR3X1             2     3.420    fast_vdd1v2    best 
NOR4BX1            1     2.394    fast_vdd1v2    best 
NOR4X4             1     6.498    fast_vdd1v2    best 
OA22X1             1     2.394    fast_vdd1v2    best 
OAI211X4           1     6.498    fast_vdd1v2    best 
OAI21X1            1     1.710    fast_vdd1v2    best 
OAI21X2            2     6.156    fast_vdd1v2    best 
OAI21X4            5    23.940    fast_vdd1v2    best 
OAI22X2            4    13.680    fast_vdd1v2    best 
OAI22X4            2    12.996    fast_vdd1v2    best 
OAI2BB1X1          1     1.710    fast_vdd1v2    best 
OAI2BB1X4          2     8.892    fast_vdd1v2    best 
OAI32X1            1     2.394    fast_vdd1v2    best 
OR2X1              6     8.208    fast_vdd1v2    best 
OR2X2              1     1.710    fast_vdd1v2    best 
OR2X4              1     2.736    fast_vdd1v2    best 
OR3X4              1     3.078    fast_vdd1v2    best 
OR4X1              1     2.052    fast_vdd1v2    best 
XNOR2X1           28    67.032    fast_vdd1v2    best 
XNOR2X2            3     9.234    fast_vdd1v2    best 
XNOR2X4            1     3.762    fast_vdd1v2    best 
------------------------------------------------------
total            392  1211.364                


                                         
     Type      Instances   Area   Area % 
-----------------------------------------
sequential            57  388.170   32.0 
inverter              69   78.660    6.5 
buffer                32   62.244    5.1 
logic                234  682.290   56.3 
physical_cells         0    0.000    0.0 
-----------------------------------------
total                392 1211.364  100.0 

