============================================================
  Generated by:           Genus(TM) Synthesis Solution 21.18-s082_1
  Generated on:           Sep 05 2025  10:22:48 am
  Module:                 square_root
  Operating conditions:   PVT_0P9V_125C 
  Operating conditions:   PVT_1P32V_0C 
  Interconnect mode:      global
  Area mode:              physical library
============================================================

Timing
--------

Clock Period 
-------------
clk    620.0 


  Cost    Critical         Violating 
 Group   Path Slack  TNS     Paths   
-------------------------------------
clk             0.0   0.0          0 
default    No paths   0.0            
-------------------------------------
Total                 0.0          0 

Instance Count
--------------
Leaf Instance Count             430 
Physical Instance count           0 
Sequential Instance Count        61 
Combinational Instance Count    369 
Hierarchical Instance Count       0 

Area
----
Cell Area                          1269.504
Physical Cell Area                 0.000
Total Cell Area (Cell+Physical)    1269.504
Net Area                           494.267
Total Area (Cell+Physical+Net)     1763.771

Max Fanout                         61 (clk)
Min Fanout                         0 (rst_n)
Average Fanout                     2.0
Terms to net ratio                 3.0530
Terms to instance ratio            3.3512
Runtime                            37.976055 seconds
Elapsed Runtime                    41 seconds
Genus peak memory usage            1676.76 
Innovus peak memory usage          no_value 
Hostname                           gmicro02
