============================================================
  Generated by:           Genus(TM) Synthesis Solution 21.18-s082_1
  Generated on:           Sep 05 2025  10:22:48 am
  Module:                 square_root
  Operating conditions:   PVT_0P9V_125C 
  Operating conditions:   PVT_1P32V_0C 
  Interconnect mode:      global
  Area mode:              physical library
============================================================

                                              Library 
   Gate    Instances    Area       Library     Domain 
------------------------------------------------------
ADDHX1            20    75.240    fast_vdd1v2    best 
ADDHX2             4    20.520    fast_vdd1v2    best 
AND2X1             2     2.736    fast_vdd1v2    best 
AND2X2             5     8.550    fast_vdd1v2    best 
AND2X4             3     8.208    fast_vdd1v2    best 
AND3X1             1     2.394    fast_vdd1v2    best 
AO21X1             3     7.182    fast_vdd1v2    best 
AO22X1            36    98.496    fast_vdd1v2    best 
AOI21X1            3     5.130    fast_vdd1v2    best 
AOI21X2            4    10.944    fast_vdd1v2    best 
AOI21X4            3    15.390    fast_vdd1v2    best 
AOI22X4            1     6.156    fast_vdd1v2    best 
AOI2BB1X1          2     4.104    fast_vdd1v2    best 
AOI2BB1X4          2     8.208    fast_vdd1v2    best 
AOI2BB2X4          1     7.524    fast_vdd1v2    best 
AOI31X4            1     6.498    fast_vdd1v2    best 
AOI32X1            1     2.394    fast_vdd1v2    best 
BUFX12             1     5.130    fast_vdd1v2    best 
BUFX2             27    46.170    fast_vdd1v2    best 
BUFX3              2     4.104    fast_vdd1v2    best 
BUFX6              2     6.156    fast_vdd1v2    best 
CLKAND2X2          2     4.104    fast_vdd1v2    best 
CLKAND2X3          1     3.078    fast_vdd1v2    best 
CLKINVX12          1     4.104    fast_vdd1v2    best 
CLKINVX4           6    10.260    fast_vdd1v2    best 
CLKINVX6           1     2.394    fast_vdd1v2    best 
CLKINVX8           4    12.312    fast_vdd1v2    best 
CLKMX2X2           1     3.078    fast_vdd1v2    best 
CLKMX2X3           7    28.728    fast_vdd1v2    best 
CLKXOR2X1          8    21.888    fast_vdd1v2    best 
CLKXOR2X2          1     3.420    fast_vdd1v2    best 
DFFRHQX1          53   326.268    fast_vdd1v2    best 
DFFRHQX4           1     9.576    fast_vdd1v2    best 
DFFRHQX8           7    79.002    fast_vdd1v2    best 
INVX1             30    20.520    fast_vdd1v2    best 
INVX2             32    32.832    fast_vdd1v2    best 
INVX3              4     5.472    fast_vdd1v2    best 
MX2X1             21    50.274    fast_vdd1v2    best 
NAND2BX1           5     6.840    fast_vdd1v2    best 
NAND2BX2           1     2.394    fast_vdd1v2    best 
NAND2X1            8     8.208    fast_vdd1v2    best 
NAND2X2           12    20.520    fast_vdd1v2    best 
NAND2X4           13    44.460    fast_vdd1v2    best 
NAND3BX1           1     2.052    fast_vdd1v2    best 
NAND3X2            2     5.472    fast_vdd1v2    best 
NOR2BX1            4     5.472    fast_vdd1v2    best 
NOR2X1             5     5.130    fast_vdd1v2    best 
NOR2X2             2     3.420    fast_vdd1v2    best 
NOR2X4             1     3.078    fast_vdd1v2    best 
OA22X1             2     4.788    fast_vdd1v2    best 
OAI21X1            3     5.130    fast_vdd1v2    best 
OAI21X2            2     6.156    fast_vdd1v2    best 
OAI21X4            3    14.364    fast_vdd1v2    best 
OAI22X1            1     2.052    fast_vdd1v2    best 
OAI22X2            4    13.680    fast_vdd1v2    best 
OAI22X4            3    19.494    fast_vdd1v2    best 
OAI2BB1X1          5     8.550    fast_vdd1v2    best 
OAI2BB1X4          1     4.446    fast_vdd1v2    best 
OAI31X4            1     6.840    fast_vdd1v2    best 
OAI32X1            3     7.182    fast_vdd1v2    best 
OR2X1              7     9.576    fast_vdd1v2    best 
OR2X2              1     1.710    fast_vdd1v2    best 
OR2X4              2     5.472    fast_vdd1v2    best 
XNOR2X1           31    74.214    fast_vdd1v2    best 
XNOR2X2            2     6.156    fast_vdd1v2    best 
XOR2X4             1     4.104    fast_vdd1v2    best 
------------------------------------------------------
total            430  1269.504                


                                         
     Type      Instances   Area   Area % 
-----------------------------------------
sequential            61  414.846   32.7 
inverter              78   87.894    6.9 
buffer                32   61.560    4.8 
logic                259  705.204   55.5 
physical_cells         0    0.000    0.0 
-----------------------------------------
total                430 1269.504  100.0 

