============================================================
  Generated by:           Genus(TM) Synthesis Solution 21.18-s082_1
  Generated on:           Sep 08 2025  01:16:17 am
  Module:                 square_root_pipe
  Operating conditions:   PVT_0P9V_125C 
  Operating conditions:   PVT_1P32V_0C 
  Interconnect mode:      global
  Area mode:              physical library
============================================================

Timing
--------

Clock Period 
-------------
clk   1260.0 


  Cost    Critical           Violating 
 Group   Path Slack   TNS      Paths   
---------------------------------------
clk           -28.6   -60.4          3 
default    No paths     0.0            
---------------------------------------
Total                 -60.4          3 

Instance Count
--------------
Leaf Instance Count             111 
Physical Instance count           0 
Sequential Instance Count        11 
Combinational Instance Count    100 
Hierarchical Instance Count       0 

Area
----
Cell Area                          407.322
Physical Cell Area                 0.000
Total Cell Area (Cell+Physical)    407.322
Net Area                           112.971
Total Area (Cell+Physical+Net)     520.293

Max Fanout                         11 (clk)
Min Fanout                         0 (n_1)
Average Fanout                     1.6
Terms to net ratio                 2.4809
Terms to instance ratio            2.9279
Runtime                            19.6157 seconds
Elapsed Runtime                    21 seconds
Genus peak memory usage            1329.41 
Innovus peak memory usage          no_value 
Hostname                           gmicro02
