============================================================
  Generated by:           Genus(TM) Synthesis Solution 21.18-s082_1
  Generated on:           Sep 08 2025  01:38:05 am
  Module:                 square_root_pipe
  Operating conditions:   PVT_0P9V_125C 
  Operating conditions:   PVT_1P32V_0C 
  Interconnect mode:      global
  Area mode:              physical library
============================================================

Timing
--------

Clock Period 
-------------
clk   1260.0 


  Cost    Critical             Violating 
 Group   Path Slack    TNS       Paths   
-----------------------------------------
clk          -290.3   -3196.6         22 
default    No paths       0.0            
-----------------------------------------
Total                 -3196.6         22 

Instance Count
--------------
Leaf Instance Count             496 
Physical Instance count           0 
Sequential Instance Count        80 
Combinational Instance Count    416 
Hierarchical Instance Count       0 

Area
----
Cell Area                          1909.728
Physical Cell Area                 0.000
Total Cell Area (Cell+Physical)    1909.728
Net Area                           536.992
Total Area (Cell+Physical+Net)     2446.720

Max Fanout                         80 (clk)
Min Fanout                         0 (rst_n)
Average Fanout                     2.0
Terms to net ratio                 3.1240
Terms to instance ratio            3.2500
Runtime                            24.202577 seconds
Elapsed Runtime                    26 seconds
Genus peak memory usage            1449.38 
Innovus peak memory usage          no_value 
Hostname                           gmicro02
