============================================================
  Generated by:           Genus(TM) Synthesis Solution 21.18-s082_1
  Generated on:           Sep 08 2025  01:38:05 am
  Module:                 square_root_pipe
  Operating conditions:   PVT_0P9V_125C 
  Operating conditions:   PVT_1P32V_0C 
  Interconnect mode:      global
  Area mode:              physical library
============================================================

                                              Library 
   Gate    Instances    Area       Library     Domain 
------------------------------------------------------
ADDHX1             1     3.762    slow_vdd1v0   worst 
ADDHX4             1     7.182    slow_vdd1v0   worst 
AND2X1             3     4.104    slow_vdd1v0   worst 
AND2X2             1     1.710    slow_vdd1v0   worst 
AND2X4             1     2.736    slow_vdd1v0   worst 
AND2X6             2     7.524    slow_vdd1v0   worst 
AOI211X4           1     6.498    slow_vdd1v0   worst 
AOI21X4            8    41.040    slow_vdd1v0   worst 
AOI2BB1X1          1     2.052    slow_vdd1v0   worst 
AOI2BB1X2          1     3.078    slow_vdd1v0   worst 
AOI2BB1X4         14    57.456    slow_vdd1v0   worst 
AOI31X4            2    12.996    slow_vdd1v0   worst 
BUFX12             2    10.260    slow_vdd1v0   worst 
BUFX16             1     6.840    slow_vdd1v0   worst 
BUFX2              5     8.550    slow_vdd1v0   worst 
BUFX3              1     2.052    slow_vdd1v0   worst 
BUFX6              5    15.390    slow_vdd1v0   worst 
CLKAND2X2          6    12.312    slow_vdd1v0   worst 
CLKAND2X3          4    12.312    slow_vdd1v0   worst 
CLKAND2X4          1     3.420    slow_vdd1v0   worst 
CLKAND2X6         10    47.880    slow_vdd1v0   worst 
CLKINVX12          1     4.104    slow_vdd1v0   worst 
CLKINVX16          1     5.472    slow_vdd1v0   worst 
CLKINVX20          1     6.498    slow_vdd1v0   worst 
CLKINVX3           3     5.130    slow_vdd1v0   worst 
CLKINVX4           7    11.970    slow_vdd1v0   worst 
CLKINVX6           8    19.152    slow_vdd1v0   worst 
CLKINVX8           6    18.468    slow_vdd1v0   worst 
CLKMX2X3           9    36.936    slow_vdd1v0   worst 
CLKXOR2X1          6    16.416    slow_vdd1v0   worst 
CLKXOR2X2          1     3.420    slow_vdd1v0   worst 
DFFRHQX1          15    92.340    slow_vdd1v0   worst 
DFFRHQX2          18   141.588    slow_vdd1v0   worst 
DFFRHQX4          25   239.400    slow_vdd1v0   worst 
DFFRHQX8           3    33.858    slow_vdd1v0   worst 
DFFRX2            17   127.908    slow_vdd1v0   worst 
DFFSHQX2           1     8.208    slow_vdd1v0   worst 
DFFSHQX8           1    10.602    slow_vdd1v0   worst 
INVX1             27    18.468    slow_vdd1v0   worst 
INVX12             1     4.104    slow_vdd1v0   worst 
INVX2             43    44.118    slow_vdd1v0   worst 
INVX3              7     9.576    slow_vdd1v0   worst 
INVX4              1     1.710    slow_vdd1v0   worst 
INVXL              1     0.684    slow_vdd1v0   worst 
MX2X1             47   112.518    slow_vdd1v0   worst 
MXI2X2             1     4.446    slow_vdd1v0   worst 
MXI2X4             3    15.390    slow_vdd1v0   worst 
MXI3X1             2    12.996    slow_vdd1v0   worst 
NAND2BX1           1     1.368    slow_vdd1v0   worst 
NAND2X1            6     6.156    slow_vdd1v0   worst 
NAND2X2            5     8.550    slow_vdd1v0   worst 
NAND2X4           13    44.460    slow_vdd1v0   worst 
NAND2X6            8    38.304    slow_vdd1v0   worst 
NAND2X8            8    43.776    slow_vdd1v0   worst 
NAND3X2            1     2.736    slow_vdd1v0   worst 
NAND3X4            1     4.788    slow_vdd1v0   worst 
NOR2BX2            1     2.736    slow_vdd1v0   worst 
NOR2BX4            2     7.524    slow_vdd1v0   worst 
NOR2X1             1     1.026    slow_vdd1v0   worst 
NOR2X2             7    11.970    slow_vdd1v0   worst 
NOR2X4            29    89.262    slow_vdd1v0   worst 
NOR2X6            21    86.184    slow_vdd1v0   worst 
NOR2X8            13    71.136    slow_vdd1v0   worst 
NOR3X4             3    15.390    slow_vdd1v0   worst 
NOR3X8             1     8.892    slow_vdd1v0   worst 
OA21X2             1     3.078    slow_vdd1v0   worst 
OAI21X2            1     3.078    slow_vdd1v0   worst 
OAI21X4           10    47.880    slow_vdd1v0   worst 
OAI22X4            4    25.992    slow_vdd1v0   worst 
OAI2BB1X1          7    11.970    slow_vdd1v0   worst 
OAI2BB1X4          4    17.784    slow_vdd1v0   worst 
OAI2BB2X2          2    10.944    slow_vdd1v0   worst 
OAI2BB2X4          3    25.650    slow_vdd1v0   worst 
OAI31X4            1     6.840    slow_vdd1v0   worst 
OR2X1              5     6.840    slow_vdd1v0   worst 
OR2X2              1     1.710    slow_vdd1v0   worst 
OR2X6              3    11.286    slow_vdd1v0   worst 
OR3X4              1     3.078    slow_vdd1v0   worst 
XNOR2X1            1     2.394    slow_vdd1v0   worst 
XNOR2X2            4    12.312    slow_vdd1v0   worst 
------------------------------------------------------
total            496  1909.728                


                                         
     Type      Instances   Area   Area % 
-----------------------------------------
sequential            80  653.904   34.2 
inverter             107  149.454    7.8 
buffer                14   43.092    2.3 
logic                295 1063.278   55.7 
physical_cells         0    0.000    0.0 
-----------------------------------------
total                496 1909.728  100.0 

