============================================================
  Generated by:           Genus(TM) Synthesis Solution 21.18-s082_1
  Generated on:           Oct 02 2025  01:14:48 pm
  Module:                 BubbleSort
  Operating conditions:   PVT_0P9V_125C 
  Operating conditions:   PVT_1P32V_0C 
  Interconnect mode:      global
  Area mode:              physical library
============================================================

Timing
--------

Clock Period 
-------------
clk    460.0 


  Cost    Critical               Violating 
 Group   Path Slack     TNS        Paths   
-------------------------------------------
clk         -1461.4   -361874.8        425 
default    No paths         0.0            
-------------------------------------------
Total                 -361874.8        425 

Instance Count
--------------
Leaf Instance Count             2194 
Physical Instance count            0 
Sequential Instance Count        392 
Combinational Instance Count    1802 
Hierarchical Instance Count        0 

Area
----
Cell Area                          7167.978
Physical Cell Area                 0.000
Total Cell Area (Cell+Physical)    7167.978
Net Area                           2245.772
Total Area (Cell+Physical+Net)     9413.750

Max Fanout                         392 (clk)
Min Fanout                         0 (n_1577)
Average Fanout                     1.9
Terms to net ratio                 3.0646
Terms to instance ratio            3.1121
Runtime                            39.84956699999999 seconds
Elapsed Runtime                    42 seconds
Genus peak memory usage            1784.86 
Innovus peak memory usage          no_value 
Hostname                           gmicro02
