============================================================
  Generated by:           Genus(TM) Synthesis Solution 21.18-s082_1
  Generated on:           Oct 02 2025  01:14:48 pm
  Module:                 BubbleSort
  Operating conditions:   PVT_0P9V_125C 
  Operating conditions:   PVT_1P32V_0C 
  Interconnect mode:      global
  Area mode:              physical library
============================================================


Path 1: VIOLATED (-1461 ps) Setup Check with Pin DATA_PATH_Last_s_reg[29]/CK->D
          Group: clk
     Startpoint: (R) DATA_PATH_Last_s_reg[24]/CK
          Clock: (R) clk
       Endpoint: (R) DATA_PATH_Last_s_reg[29]/D
          Clock: (R) clk

                     Capture       Launch     
        Clock Edge:+     460            0     
       Src Latency:+       0            0     
       Net Latency:+     100 (I)      100 (I) 
           Arrival:=     560          100     
                                              
             Setup:-     154                  
       Uncertainty:-      50                  
     Required Time:=     356                  
      Launch Clock:-     100                  
         Data Path:-    1717                  
             Slack:=   -1461                  

#----------------------------------------------------------------------------------------------------
#        Timing Point         Flags   Arc   Edge   Cell     Fanout Load Trans Delay Arrival Instance 
#                                                                  (fF)  (ps)  (ps)   (ps)  Location 
#----------------------------------------------------------------------------------------------------
  DATA_PATH_Last_s_reg[24]/CK -       -     R     (arrival)    392    -     0     0     100    (-,-) 
  DATA_PATH_Last_s_reg[24]/Q  -       CK->Q R     DFFRHQX2       3  8.6   114   304     404    (-,-) 
  g24750__2883/Y              -       B0->Y R     OA22X4         1  6.1    73   263     668    (-,-) 
  g24609__6131/Y              -       B->Y  F     NAND2X8        1  5.8    85    86     754    (-,-) 
  g23998__1617/Y              -       B->Y  R     NOR2X8         1  6.1    67    75     828    (-,-) 
  g23835__2883/Y              -       A->Y  F     NAND2X8        1  5.8    85    94     922    (-,-) 
  g23669__7098/Y              -       B->Y  R     NOR2X8         2  8.6    80    83    1005    (-,-) 
  g23664/Y                    -       A->Y  F     CLKINVX8       1  4.4    38    55    1060    (-,-) 
  g23647__6131/Y              -       A1->Y R     OAI31X4        1  3.3   117   120    1180    (-,-) 
  g23596__3680/Y              -       B0->Y R     AO21X4         2  8.8    83   164    1345    (-,-) 
  g23592__8428/Y              -       B->Y  F     NOR2X8         2 15.8    80    80    1425    (-,-) 
  fopt2/Y                     -       A->Y  R     CLKINVX16     16 35.0    70    73    1498    (-,-) 
  g23544__3680/Y              -       S0->Y F     CLKMX2X3       2  7.4    93   226    1724    (-,-) 
  g23447__7410/Y              -       A1->Y R     OAI21X4        1  3.2    83    93    1817    (-,-) 
  DATA_PATH_Last_s_reg[29]/D  <<<     -     R     DFFRHQX4       1    -     -     0    1817    (-,-) 
#----------------------------------------------------------------------------------------------------

