============================================================
  Generated by:           Genus(TM) Synthesis Solution 21.18-s082_1
  Generated on:           Oct 02 2025  01:14:48 pm
  Module:                 BubbleSort
  Operating conditions:   PVT_0P9V_125C 
  Operating conditions:   PVT_1P32V_0C 
  Interconnect mode:      global
  Area mode:              physical library
============================================================

                                               Library 
   Gate     Instances    Area       Library     Domain 
-------------------------------------------------------
ADDHX4              1     7.182    slow_vdd1v0   worst 
AND2X2              1     1.710    slow_vdd1v0   worst 
AND2X6              1     3.762    slow_vdd1v0   worst 
AO21X4              1     3.420    slow_vdd1v0   worst 
AO22X1              1     2.736    slow_vdd1v0   worst 
AO22X2              1     3.078    slow_vdd1v0   worst 
AOI211X4            1     6.498    slow_vdd1v0   worst 
AOI211XL            1     2.052    slow_vdd1v0   worst 
AOI21X2             5    13.680    slow_vdd1v0   worst 
AOI21X4             5    25.650    slow_vdd1v0   worst 
AOI221X2            2     8.892    slow_vdd1v0   worst 
AOI221X4            4    31.464    slow_vdd1v0   worst 
AOI22X1             1     2.052    slow_vdd1v0   worst 
AOI22X2            34   127.908    slow_vdd1v0   worst 
AOI22X4            10    61.560    slow_vdd1v0   worst 
AOI2BB1X1           2     4.104    slow_vdd1v0   worst 
AOI2BB1X2           2     6.156    slow_vdd1v0   worst 
AOI2BB1X4           7    28.728    slow_vdd1v0   worst 
BUFX12              2    10.260    slow_vdd1v0   worst 
BUFX16              3    20.520    slow_vdd1v0   worst 
BUFX2              82   140.220    slow_vdd1v0   worst 
BUFX3              29    59.508    slow_vdd1v0   worst 
BUFX4               1     2.394    slow_vdd1v0   worst 
BUFX6              79   243.162    slow_vdd1v0   worst 
BUFX8               1     3.762    slow_vdd1v0   worst 
CLKAND2X12          1     7.524    slow_vdd1v0   worst 
CLKAND2X2           4     8.208    slow_vdd1v0   worst 
CLKAND2X3           2     6.156    slow_vdd1v0   worst 
CLKAND2X4           1     3.420    slow_vdd1v0   worst 
CLKAND2X6           7    33.516    slow_vdd1v0   worst 
CLKAND2X8           1     5.814    slow_vdd1v0   worst 
CLKBUFX3            5    10.260    slow_vdd1v0   worst 
CLKBUFX4            1     2.394    slow_vdd1v0   worst 
CLKINVX12          11    45.144    slow_vdd1v0   worst 
CLKINVX16           5    27.360    slow_vdd1v0   worst 
CLKINVX2            4     5.472    slow_vdd1v0   worst 
CLKINVX3            6    10.260    slow_vdd1v0   worst 
CLKINVX4           53    90.630    slow_vdd1v0   worst 
CLKINVX6           66   158.004    slow_vdd1v0   worst 
CLKINVX8           51   156.978    slow_vdd1v0   worst 
CLKMX2X3           40   164.160    slow_vdd1v0   worst 
CLKXOR2X1           1     2.736    slow_vdd1v0   worst 
DFFRHQX1          288  1772.928    slow_vdd1v0   worst 
DFFRHQX2           39   306.774    slow_vdd1v0   worst 
DFFRHQX4           62   593.712    slow_vdd1v0   worst 
DFFRHQX8            1    11.286    slow_vdd1v0   worst 
DFFRX2              1     7.524    slow_vdd1v0   worst 
DFFRX4              1     9.576    slow_vdd1v0   worst 
DLY4X4              1    10.602    slow_vdd1v0   worst 
INVX1             313   214.092    slow_vdd1v0   worst 
INVX2              35    35.910    slow_vdd1v0   worst 
INVX3              18    24.624    slow_vdd1v0   worst 
INVX4               6    10.260    slow_vdd1v0   worst 
INVX6               2     4.788    slow_vdd1v0   worst 
INVXL               1     0.684    slow_vdd1v0   worst 
MX2X1              23    55.062    slow_vdd1v0   worst 
NAND2BX4            1     3.762    slow_vdd1v0   worst 
NAND2X1             3     3.078    slow_vdd1v0   worst 
NAND2X2           304   519.840    slow_vdd1v0   worst 
NAND2X4            30   102.600    slow_vdd1v0   worst 
NAND2X6            11    52.668    slow_vdd1v0   worst 
NAND2X8            28   153.216    slow_vdd1v0   worst 
NOR2BX1             1     1.368    slow_vdd1v0   worst 
NOR2BX4             1     3.762    slow_vdd1v0   worst 
NOR2X2             15    25.650    slow_vdd1v0   worst 
NOR2X4             18    55.404    slow_vdd1v0   worst 
NOR2X6             12    49.248    slow_vdd1v0   worst 
NOR2X8              8    43.776    slow_vdd1v0   worst 
NOR3X4              2    10.260    slow_vdd1v0   worst 
NOR3X6              1     7.182    slow_vdd1v0   worst 
NOR3X8              3    26.676    slow_vdd1v0   worst 
OA22X1              9    21.546    slow_vdd1v0   worst 
OA22X4              6    24.624    slow_vdd1v0   worst 
OAI21X2           260   800.280    slow_vdd1v0   worst 
OAI21X4           100   478.800    slow_vdd1v0   worst 
OAI22X1             4     8.208    slow_vdd1v0   worst 
OAI22X2             1     3.420    slow_vdd1v0   worst 
OAI22X4             2    12.996    slow_vdd1v0   worst 
OAI2BB1X2           1     3.078    slow_vdd1v0   worst 
OAI2BB1X4           4    17.784    slow_vdd1v0   worst 
OAI2BB2X2           1     5.472    slow_vdd1v0   worst 
OAI31X4             1     6.840    slow_vdd1v0   worst 
OAI32X2             1     4.446    slow_vdd1v0   worst 
OAI32X4             1     8.208    slow_vdd1v0   worst 
OR2X1               4     5.472    slow_vdd1v0   worst 
OR2X4               1     2.736    slow_vdd1v0   worst 
OR2X8               1     4.446    slow_vdd1v0   worst 
XNOR2X1            20    47.880    slow_vdd1v0   worst 
XNOR2X2            12    36.936    slow_vdd1v0   worst 
-------------------------------------------------------
total            2194  7167.978                


                                         
     Type      Instances   Area   Area % 
-----------------------------------------
sequential           392 2701.800   37.7 
inverter             571  784.206   10.9 
buffer               204  503.082    7.0 
logic               1027 3178.890   44.3 
physical_cells         0    0.000    0.0 
-----------------------------------------
total               2194 7167.978  100.0 

