============================================================
  Generated by:           Genus(TM) Synthesis Solution 21.18-s082_1
  Generated on:           Sep 08 2025  01:08:18 am
  Module:                 square_root_pipe
  Operating conditions:   PVT_0P9V_125C 
  Operating conditions:   PVT_1P32V_0C 
  Interconnect mode:      global
  Area mode:              physical library
============================================================


Path 1: MET (106 ps) Setup Check with Pin DATA_PATH_PIPELINE_STAGE1_root_reg_reg[7].dffn_sig_q_reg/CK->D
          Group: clk
     Startpoint: (R) DATA_PATH_PIPELINE_STAGE1_root_reg_reg[1].dffn_sig_q_reg/CK
          Clock: (R) clk
       Endpoint: (R) DATA_PATH_PIPELINE_STAGE1_root_reg_reg[7].dffn_sig_q_reg/D
          Clock: (R) clk

                     Capture       Launch     
        Clock Edge:+    2290            0     
       Src Latency:+       0            0     
       Net Latency:+     100 (I)      100 (I) 
           Arrival:=    2390          100     
                                              
             Setup:-     156                  
       Uncertainty:-      50                  
     Required Time:=    2184                  
      Launch Clock:-     100                  
         Data Path:-    1978                  
             Slack:=     106                  

#------------------------------------------------------------------------------------------------------------------------------------
#                        Timing Point                         Flags   Arc   Edge   Cell     Fanout Load Trans Delay Arrival Instance 
#                                                                                                  (fF)  (ps)  (ps)   (ps)  Location 
#------------------------------------------------------------------------------------------------------------------------------------
  DATA_PATH_PIPELINE_STAGE1_root_reg_reg[1].dffn_sig_q_reg/CK -       -     R     (arrival)     11    -     0     0     100    (-,-) 
  DATA_PATH_PIPELINE_STAGE1_root_reg_reg[1].dffn_sig_q_reg/Q  -       CK->Q R     DFFRHQX8       3 51.3   161   363     463    (-,-) 
  g775__7410/Y                                                -       A->Y  R     CLKAND2X2      6 11.9   139   233     696    (-,-) 
  g766__7482/Y                                                -       S0->Y F     MX2X1          2  5.0   144   258     954    (-,-) 
  g763__8246/Y                                                -       B->Y  F     OR2X1          2  5.0   141   214    1168    (-,-) 
  g758__1617/Y                                                -       B->Y  F     OR2X1          2  5.5   153   219    1387    (-,-) 
  g751__6783/Y                                                -       B->Y  R     NOR2X2         3  7.0   195   185    1572    (-,-) 
  g749__4319/Y                                                -       B->Y  F     NAND2X1        1  3.3   224   235    1807    (-,-) 
  g743__5107/Y                                                -       B->Y  R     XNOR2X1        1  3.2    84   272    2078    (-,-) 
  DATA_PATH_PIPELINE_STAGE1_root_reg_reg[7].dffn_sig_q_reg/D  <<<     -     R     DFFRHQX8       1    -     -     0    2078    (-,-) 
#------------------------------------------------------------------------------------------------------------------------------------

