============================================================
  Generated by:           Genus(TM) Synthesis Solution 21.18-s082_1
  Generated on:           Oct 15 2025  06:30:38 pm
  Module:                 BubbleSort
  Operating conditions:   PVT_0P9V_125C 
  Operating conditions:   PVT_1P32V_0C 
  Interconnect mode:      global
  Area mode:              physical library
============================================================

Timing
--------

Clock Period 
-------------
clk   1820.0 


  Cost    Critical         Violating 
 Group   Path Slack  TNS     Paths   
-------------------------------------
clk            23.2   0.0          0 
default    No paths   0.0            
-------------------------------------
Total                 0.0          0 

Instance Count
--------------
Leaf Instance Count             734 
Physical Instance count           0 
Sequential Instance Count       334 
Combinational Instance Count    400 
Hierarchical Instance Count       0 

Area
----
Cell Area                          3388.878
Physical Cell Area                 0.000
Total Cell Area (Cell+Physical)    3388.878
Net Area                           712.910
Total Area (Cell+Physical+Net)     4101.788

Max Fanout                         333 (clk_gated_s)
Min Fanout                         0 (n_0)
Average Fanout                     2.0
Terms to net ratio                 3.3091
Terms to instance ratio            3.4714
Runtime                            23.564413 seconds
Elapsed Runtime                    286 seconds
Genus peak memory usage            1738.98 
Innovus peak memory usage          no_value 
Hostname                           gmicro02
