============================================================
  Generated by:           Genus(TM) Synthesis Solution 21.18-s082_1
  Generated on:           Oct 15 2025  06:30:38 pm
  Module:                 BubbleSort
  Operating conditions:   PVT_0P9V_125C 
  Operating conditions:   PVT_1P32V_0C 
  Interconnect mode:      global
  Area mode:              physical library
============================================================

                                              Library 
   Gate    Instances    Area       Library     Domain 
------------------------------------------------------
AND2X1             1     1.368    slow_vdd1v0   worst 
AND2X6             1     3.762    slow_vdd1v0   worst 
AOI21X4           11    56.430    slow_vdd1v0   worst 
BUFX2              4     6.840    slow_vdd1v0   worst 
BUFX3              1     2.052    slow_vdd1v0   worst 
BUFX6              1     3.078    slow_vdd1v0   worst 
BUFX8             32   120.384    slow_vdd1v0   worst 
CLKAND2X6          5    23.940    slow_vdd1v0   worst 
CLKINVX12          2     8.208    slow_vdd1v0   worst 
CLKINVX16          1     5.472    slow_vdd1v0   worst 
CLKINVX20          1     6.498    slow_vdd1v0   worst 
CLKINVX4          20    34.200    slow_vdd1v0   worst 
CLKINVX6           8    19.152    slow_vdd1v0   worst 
CLKINVX8           2     6.156    slow_vdd1v0   worst 
DFFRHQX1         265  1631.340    slow_vdd1v0   worst 
DFFRHQX2           8    62.928    slow_vdd1v0   worst 
DFFRHQX4          55   526.680    slow_vdd1v0   worst 
DFFRX2             2    15.048    slow_vdd1v0   worst 
DFFRX4             3    28.728    slow_vdd1v0   worst 
INVX1             34    23.256    slow_vdd1v0   worst 
INVX2              9     9.234    slow_vdd1v0   worst 
INVX3             12    16.416    slow_vdd1v0   worst 
INVXL              3     2.052    slow_vdd1v0   worst 
MX2X1             64   153.216    slow_vdd1v0   worst 
NAND2BX1           2     2.736    slow_vdd1v0   worst 
NAND2BX4           3    11.286    slow_vdd1v0   worst 
NAND2X1            7     7.182    slow_vdd1v0   worst 
NAND2X2           11    18.810    slow_vdd1v0   worst 
NAND2X4           25    85.500    slow_vdd1v0   worst 
NAND2X6           17    81.396    slow_vdd1v0   worst 
NAND2X8            4    21.888    slow_vdd1v0   worst 
NAND3BX2           1     3.078    slow_vdd1v0   worst 
NOR2BX1            3     4.104    slow_vdd1v0   worst 
NOR2BX2            2     5.472    slow_vdd1v0   worst 
NOR2BX4            1     3.762    slow_vdd1v0   worst 
NOR2X2             8    13.680    slow_vdd1v0   worst 
NOR2X4            18    55.404    slow_vdd1v0   worst 
NOR2X6            26   106.704    slow_vdd1v0   worst 
NOR2X8             5    27.360    slow_vdd1v0   worst 
NOR4X2             1     3.420    slow_vdd1v0   worst 
OAI21X1           27    46.170    slow_vdd1v0   worst 
OAI21X2            6    18.468    slow_vdd1v0   worst 
OAI21X4            6    28.728    slow_vdd1v0   worst 
OAI22X1            1     2.052    slow_vdd1v0   worst 
OAI31X4            9    61.560    slow_vdd1v0   worst 
OR2X1              4     5.472    slow_vdd1v0   worst 
TLATNX1            1     5.814    slow_vdd1v0   worst 
XNOR2X1            1     2.394    slow_vdd1v0   worst 
------------------------------------------------------
total            734  3388.878                


                                         
     Type      Instances   Area   Area % 
-----------------------------------------
sequential           334 2270.538   67.0 
inverter              92  130.644    3.9 
buffer                38  132.354    3.9 
logic                270  855.342   25.2 
physical_cells         0    0.000    0.0 
-----------------------------------------
total                734 3388.878  100.0 

