============================================================
  Generated by:           Genus(TM) Synthesis Solution 21.18-s082_1
  Generated on:           Oct 01 2025  12:38:43 am
  Module:                 BubbleSort
  Operating conditions:   PVT_0P9V_125C 
  Operating conditions:   PVT_1P32V_0C 
  Interconnect mode:      global
  Area mode:              physical library
============================================================

                                              Library 
   Gate    Instances    Area       Library     Domain 
------------------------------------------------------
ADDHX1             1     3.762    fast_vdd1v2    best 
AND2X1             1     1.368    fast_vdd1v2    best 
AND2X2             1     1.710    fast_vdd1v2    best 
AND2X4             3     8.208    fast_vdd1v2    best 
AND2X6             1     3.762    fast_vdd1v2    best 
AND4X2             1     3.078    fast_vdd1v2    best 
AO21X1             1     2.394    fast_vdd1v2    best 
AOI21X2            2     5.472    fast_vdd1v2    best 
AOI21X4            7    35.910    fast_vdd1v2    best 
AOI22X1           26    53.352    fast_vdd1v2    best 
AOI22X2            6    22.572    fast_vdd1v2    best 
AOI22X4            1     6.156    fast_vdd1v2    best 
AOI2BB1X4          4    16.416    fast_vdd1v2    best 
AOI31X2            4    13.680    fast_vdd1v2    best 
BUFX2             66   112.860    fast_vdd1v2    best 
BUFX3              1     2.052    fast_vdd1v2    best 
BUFX4             29    69.426    fast_vdd1v2    best 
BUFX6              3     9.234    fast_vdd1v2    best 
CLKAND2X2          2     4.104    fast_vdd1v2    best 
CLKAND2X3          3     9.234    fast_vdd1v2    best 
CLKBUFX2           1     1.710    fast_vdd1v2    best 
CLKINVX20          2    12.996    fast_vdd1v2    best 
CLKINVX4           3     5.130    fast_vdd1v2    best 
CLKINVX6           1     2.394    fast_vdd1v2    best 
CLKINVX8           2     6.156    fast_vdd1v2    best 
CLKMX2X2          11    33.858    fast_vdd1v2    best 
CLKXOR2X1          1     2.736    fast_vdd1v2    best 
DFFRHQX1         320  1969.920    fast_vdd1v2    best 
DFFRHQX2           2    15.732    fast_vdd1v2    best 
DFFRHQX4          62   593.712    fast_vdd1v2    best 
DFFRHQX8           2    22.572    fast_vdd1v2    best 
DFFRX2             2    15.048    fast_vdd1v2    best 
DFFRX4             1     9.576    fast_vdd1v2    best 
DFFX1              4    28.728    fast_vdd1v2    best 
INVX1              6     4.104    fast_vdd1v2    best 
INVX2             14    14.364    fast_vdd1v2    best 
INVX3              8    10.944    fast_vdd1v2    best 
INVXL              2     1.368    fast_vdd1v2    best 
MX2X1            373   892.962    fast_vdd1v2    best 
MXI2XL             3     7.182    fast_vdd1v2    best 
NAND2BX1          17    23.256    fast_vdd1v2    best 
NAND2BX2           6    14.364    fast_vdd1v2    best 
NAND2BX4           3    11.286    fast_vdd1v2    best 
NAND2X1            1     1.026    fast_vdd1v2    best 
NAND2X2            2     3.420    fast_vdd1v2    best 
NAND2X4           16    54.720    fast_vdd1v2    best 
NAND4BX1           1     2.394    fast_vdd1v2    best 
NAND4X2            3    11.286    fast_vdd1v2    best 
NAND4X4            5    34.200    fast_vdd1v2    best 
NAND4XL            8    13.680    fast_vdd1v2    best 
NOR2BX1            8    10.944    fast_vdd1v2    best 
NOR2BX2            1     2.736    fast_vdd1v2    best 
NOR2BX4            2     7.524    fast_vdd1v2    best 
NOR2X1             8     8.208    fast_vdd1v2    best 
NOR2X2             5     8.550    fast_vdd1v2    best 
NOR2X4             7    21.546    fast_vdd1v2    best 
NOR2X6             5    20.520    fast_vdd1v2    best 
NOR4X1             2     3.420    fast_vdd1v2    best 
OAI211X1           1     1.710    fast_vdd1v2    best 
OAI21X4           12    57.456    fast_vdd1v2    best 
OAI22X1            2     4.104    fast_vdd1v2    best 
OAI2BB1X1         19    32.490    fast_vdd1v2    best 
OAI2BB1X2         17    52.326    fast_vdd1v2    best 
OAI2BB1X4          2     8.892    fast_vdd1v2    best 
OAI31X4            4    27.360    fast_vdd1v2    best 
OR2X1             11    15.048    fast_vdd1v2    best 
OR2X2              2     3.420    fast_vdd1v2    best 
OR2X4              1     2.736    fast_vdd1v2    best 
OR2X8              1     4.446    fast_vdd1v2    best 
XNOR2X1           65   155.610    fast_vdd1v2    best 
------------------------------------------------------
total           1220  4654.620                


                                         
     Type      Instances   Area   Area % 
-----------------------------------------
sequential           393 2655.288   57.0 
inverter              38   57.456    1.2 
buffer               100  195.282    4.2 
logic                689 1746.594   37.5 
physical_cells         0    0.000    0.0 
-----------------------------------------
total               1220 4654.620  100.0 

