============================================================
  Generated by:           Genus(TM) Synthesis Solution 21.18-s082_1
  Generated on:           Oct 01 2025  12:38:43 am
  Module:                 BubbleSort
  Operating conditions:   PVT_0P9V_125C 
  Operating conditions:   PVT_1P32V_0C 
  Interconnect mode:      global
  Area mode:              physical library
============================================================

Timing
--------

Clock Period 
-------------
clk    470.0 


  Cost    Critical         Violating 
 Group   Path Slack  TNS     Paths   
-------------------------------------
clk             0.0   0.0          0 
default    No paths   0.0            
-------------------------------------
Total                 0.0          0 

Instance Count
--------------
Leaf Instance Count             1220 
Physical Instance count            0 
Sequential Instance Count        393 
Combinational Instance Count     827 
Hierarchical Instance Count        0 

Area
----
Cell Area                          4654.620
Physical Cell Area                 0.000
Total Cell Area (Cell+Physical)    4654.620
Net Area                           1387.828
Total Area (Cell+Physical+Net)     6042.448

Max Fanout                         393 (clk)
Min Fanout                         0 (n_29)
Average Fanout                     2.3
Terms to net ratio                 3.5642
Terms to instance ratio            3.6869
Runtime                            28.761007999999997 seconds
Elapsed Runtime                    30 seconds
Genus peak memory usage            1461.40 
Innovus peak memory usage          no_value 
Hostname                           gmicro02
