============================================================
  Generated by:           Genus(TM) Synthesis Solution 21.18-s082_1
  Generated on:           Sep 08 2025  01:44:41 am
  Module:                 square_root_pipe
  Operating conditions:   PVT_0P9V_125C 
  Operating conditions:   PVT_1P32V_0C 
  Interconnect mode:      global
  Area mode:              physical library
============================================================

                                              Library 
   Gate    Instances    Area       Library     Domain 
------------------------------------------------------
ADDHX1             5    18.810    slow_vdd1v0   worst 
ADDHX2             2    10.260    slow_vdd1v0   worst 
AND2X1             2     2.736    slow_vdd1v0   worst 
AND2X2             1     1.710    slow_vdd1v0   worst 
AND2X4             1     2.736    slow_vdd1v0   worst 
AO21X1             2     4.788    slow_vdd1v0   worst 
AO21X4             1     3.420    slow_vdd1v0   worst 
AOI21X1            1     1.710    slow_vdd1v0   worst 
AOI21X2            2     5.472    slow_vdd1v0   worst 
AOI21X4            4    20.520    slow_vdd1v0   worst 
AOI221X2           1     4.446    slow_vdd1v0   worst 
AOI22X2            3    11.286    slow_vdd1v0   worst 
AOI22X4            3    18.468    slow_vdd1v0   worst 
AOI2BB1X1          3     6.156    slow_vdd1v0   worst 
AOI2BB1X2          3     9.234    slow_vdd1v0   worst 
AOI2BB1X4          4    16.416    slow_vdd1v0   worst 
AOI31X4            2    12.996    slow_vdd1v0   worst 
BUFX2             18    30.780    slow_vdd1v0   worst 
BUFX3              1     2.052    slow_vdd1v0   worst 
BUFX6             10    30.780    slow_vdd1v0   worst 
CLKAND2X2          1     2.052    slow_vdd1v0   worst 
CLKAND2X3          4    12.312    slow_vdd1v0   worst 
CLKAND2X6          6    28.728    slow_vdd1v0   worst 
CLKBUFX4           1     2.394    slow_vdd1v0   worst 
CLKINVX12          3    12.312    slow_vdd1v0   worst 
CLKINVX3           1     1.710    slow_vdd1v0   worst 
CLKINVX4           5     8.550    slow_vdd1v0   worst 
CLKINVX6           2     4.788    slow_vdd1v0   worst 
CLKINVX8           7    21.546    slow_vdd1v0   worst 
CLKMX2X3           7    28.728    slow_vdd1v0   worst 
CLKXOR2X1          4    10.944    slow_vdd1v0   worst 
DFFRHQX1          54   332.424    slow_vdd1v0   worst 
DFFRHQX4          14   134.064    slow_vdd1v0   worst 
DFFRHQX8           5    56.430    slow_vdd1v0   worst 
DFFRX2             5    37.620    slow_vdd1v0   worst 
DFFSHQX2           1     8.208    slow_vdd1v0   worst 
DFFSHQX8           1    10.602    slow_vdd1v0   worst 
INVX1             12     8.208    slow_vdd1v0   worst 
INVX2             23    23.598    slow_vdd1v0   worst 
INVX3              7     9.576    slow_vdd1v0   worst 
INVX4              1     1.710    slow_vdd1v0   worst 
INVX6              1     2.394    slow_vdd1v0   worst 
MX2X1             66   158.004    slow_vdd1v0   worst 
MX3X1              1     5.130    slow_vdd1v0   worst 
MXI2X2             1     4.446    slow_vdd1v0   worst 
MXI2X4             1     5.130    slow_vdd1v0   worst 
NAND2BX2           1     2.394    slow_vdd1v0   worst 
NAND2BX4           3    11.286    slow_vdd1v0   worst 
NAND2X1            5     5.130    slow_vdd1v0   worst 
NAND2X2            2     3.420    slow_vdd1v0   worst 
NAND2X4            7    23.940    slow_vdd1v0   worst 
NAND2X6            2     9.576    slow_vdd1v0   worst 
NAND2X8            2    10.944    slow_vdd1v0   worst 
NOR2BX1            1     1.368    slow_vdd1v0   worst 
NOR2BX2            1     2.736    slow_vdd1v0   worst 
NOR2BX4            4    15.048    slow_vdd1v0   worst 
NOR2X1             4     4.104    slow_vdd1v0   worst 
NOR2X2             4     6.840    slow_vdd1v0   worst 
NOR2X4            12    36.936    slow_vdd1v0   worst 
NOR2X6             9    36.936    slow_vdd1v0   worst 
NOR2X8             6    32.832    slow_vdd1v0   worst 
NOR3BX2            1     3.420    slow_vdd1v0   worst 
NOR3X8             1     8.892    slow_vdd1v0   worst 
NOR4BBX2           1     5.130    slow_vdd1v0   worst 
OA21X1             2     4.104    slow_vdd1v0   worst 
OAI21X2            3     9.234    slow_vdd1v0   worst 
OAI21X4            5    23.940    slow_vdd1v0   worst 
OAI21XL            1     1.710    slow_vdd1v0   worst 
OAI22X2            2     6.840    slow_vdd1v0   worst 
OAI2BB1X1          5     8.550    slow_vdd1v0   worst 
OAI2BB1X2          2     6.156    slow_vdd1v0   worst 
OR2X1              3     4.104    slow_vdd1v0   worst 
OR2X4              1     2.736    slow_vdd1v0   worst 
XNOR2X1           11    26.334    slow_vdd1v0   worst 
XNOR2X2            1     3.078    slow_vdd1v0   worst 
------------------------------------------------------
total            405  1464.102                


                                         
     Type      Instances   Area   Area % 
-----------------------------------------
sequential            80  579.348   39.6 
inverter              62   94.392    6.4 
buffer                30   66.006    4.5 
logic                233  724.356   49.5 
physical_cells         0    0.000    0.0 
-----------------------------------------
total                405 1464.102  100.0 

