============================================================
  Generated by:           Genus(TM) Synthesis Solution 21.18-s082_1
  Generated on:           Sep 08 2025  01:44:40 am
  Module:                 square_root_pipe
  Operating conditions:   PVT_0P9V_125C 
  Operating conditions:   PVT_1P32V_0C 
  Interconnect mode:      global
  Area mode:              physical library
============================================================


Path 1: VIOLATED (-23 ps) Setup Check with Pin DATA_PATH_PIPELINE_STAGE2_sum_low_reg_reg[7].dffn_sig_q_reg/CK->D
          Group: clk
     Startpoint: (R) DATA_PATH_PIPELINE_STAGE1_wr_square_s_reg_sig_q_reg/CK
          Clock: (R) clk
       Endpoint: (R) DATA_PATH_PIPELINE_STAGE2_sum_low_reg_reg[7].dffn_sig_q_reg/D
          Clock: (R) clk

                     Capture       Launch     
        Clock Edge:+    1870            0     
       Src Latency:+       0            0     
       Net Latency:+     100 (I)      100 (I) 
           Arrival:=    1970          100     
                                              
             Setup:-     155                  
       Uncertainty:-      50                  
     Required Time:=    1765                  
      Launch Clock:-     100                  
         Data Path:-    1688                  
             Slack:=     -23                  

#--------------------------------------------------------------------------------------------------------------------------------------
#                         Timing Point                          Flags   Arc   Edge   Cell     Fanout Load Trans Delay Arrival Instance 
#                                                                                                    (fF)  (ps)  (ps)   (ps)  Location 
#--------------------------------------------------------------------------------------------------------------------------------------
  DATA_PATH_PIPELINE_STAGE1_wr_square_s_reg_sig_q_reg/CK        -       -     R     (arrival)     80    -     0     0     100    (-,-) 
  DATA_PATH_PIPELINE_STAGE1_wr_square_s_reg_sig_q_reg/Q         -       CK->Q R     DFFRHQX4       1  7.8    68   281     381    (-,-) 
  fopt35/Y                                                      -       A->Y  F     CLKINVX12      5 18.7    65    65     446    (-,-) 
  fopt19/Y                                                      -       A->Y  R     CLKINVX12      4 13.6    44    51     497    (-,-) 
  fopt6684/Y                                                    -       A->Y  F     CLKINVX8       1  5.8    36    42     539    (-,-) 
  g6531__2883/Y                                                 -       B->Y  R     NOR2X8         1  6.1    61    55     594    (-,-) 
  g6480__4733/Y                                                 -       B->Y  F     NOR2X8         1  5.8    48    52     646    (-,-) 
  fopt1/Y                                                       -       A->Y  R     CLKINVX8       2  5.8    31    38     684    (-,-) 
  g6329__4319/S                                                 -       B->S  R     ADDHX2         3  6.5   100   213     897    (-,-) 
  g6291__6783/Y                                                 -       AN->Y R     NOR2BX4        1  6.1    98   221    1118    (-,-) 
  g6287__5115/Y                                                 -       C->Y  F     NOR3X8         2  7.5    65    74    1192    (-,-) 
  g6279__4319/Y                                                 -       B->Y  R     NOR2X8         1  6.1    64    67    1259    (-,-) 
  g6260__9945/Y                                                 -       B->Y  F     NOR2X8         2  6.0    59    54    1312    (-,-) 
  g6252__1881/Y                                                 -       B->Y  R     NOR2BX4        1  5.3    87    78    1391    (-,-) 
  g6241__3680/Y                                                 -       B->Y  F     NOR2X6         2  5.5    60    67    1458    (-,-) 
  g6223__5107/Y                                                 -       S0->Y R     MX3X1          1  3.2    94   330    1788    (-,-) 
  DATA_PATH_PIPELINE_STAGE2_sum_low_reg_reg[7].dffn_sig_q_reg/D <<<     -     R     DFFRHQX1       1    -     -     0    1788    (-,-) 
#--------------------------------------------------------------------------------------------------------------------------------------

