============================================================
  Generated by:           Genus(TM) Synthesis Solution 21.18-s082_1
  Generated on:           Sep 04 2025  05:41:00 pm
  Module:                 square_root
  Operating conditions:   PVT_0P9V_125C 
  Operating conditions:   PVT_1P32V_0C 
  Interconnect mode:      global
  Area mode:              physical library
============================================================


Path 1: MET (29 ps) Setup Check with Pin DATA_PATH_2_ROOT_REG_reg[7].dffn_sig_q_reg/CK->D
          Group: clk
     Startpoint: (R) CONTROL_PATH_CurrentState_reg[1]/CK
          Clock: (R) clk
       Endpoint: (F) DATA_PATH_2_ROOT_REG_reg[7].dffn_sig_q_reg/D
          Clock: (R) clk

                     Capture       Launch     
        Clock Edge:+    1000            0     
       Src Latency:+       0            0     
       Net Latency:+     100 (I)      100 (I) 
           Arrival:=    1100          100     
                                              
             Setup:-      12                  
       Uncertainty:-      50                  
     Required Time:=    1038                  
      Launch Clock:-     100                  
         Data Path:-     909                  
             Slack:=      29                  

#----------------------------------------------------------------------------------------------------------------------
#                Timing Point                  Flags    Arc   Edge   Cell     Fanout Load Trans Delay Arrival Instance 
#                                                                                    (fF)  (ps)  (ps)   (ps)  Location 
#----------------------------------------------------------------------------------------------------------------------
  CONTROL_PATH_CurrentState_reg[1]/CK          -       -      R     (arrival)     61    -     0     0     100    (-,-) 
  CONTROL_PATH_CurrentState_reg[1]/Q           -       CK->Q  F     DFFRHQX1       1  3.8    22    49     149    (-,-) 
  g8610/Y                                      -       A->Y   F     BUFX6          4 14.1    18    24     173    (-,-) 
  g8609/Y                                      -       A->Y   F     BUFX6          6 16.4    20    25     198    (-,-) 
  g8607/Y                                      -       A->Y   R     CLKINVX6       2  9.5    13    11     209    (-,-) 
  g8606/Y                                      -       A->Y   F     CLKINVX6       2  6.2    10     9     218    (-,-) 
  g8503__9315/Y                                -       A1->Y  R     OAI22X2        1  3.8    40    23     242    (-,-) 
  g8385__1617/S                                -       B->S   F     ADDHX2         2  6.2    24    45     287    (-,-) 
  g8374/Y                                      -       A->Y   R     INVX2          2  5.3    20    15     302    (-,-) 
  g8334__7410/Y                                -       A0N->Y R     AOI2BB1X2      2  6.9    41    39     341    (-,-) 
  g8328__4733/Y                                -       B->Y   F     NAND2X4        3  8.8    34    26     366    (-,-) 
  g8320__8246/Y                                -       B0->Y  R     AOI221X4       2  6.0    46    36     402    (-,-) 
  g8314__6260/Y                                -       B->Y   F     NOR2BX2        2  6.0    26    21     423    (-,-) 
  g8294__4733/Y                                -       B0->Y  R     AOI2BB1X2      1  3.4    25    21     444    (-,-) 
  g8283__3680/Y                                -       A1->Y  F     OAI22X1        1  3.6    50    36     480    (-,-) 
  g8259__9315/CO                               -       B->CO  F     ADDHX1         1  3.4    20    26     506    (-,-) 
  g8257__1881/Y                                -       B0->Y  R     AOI2BB1X1      2  5.5    61    41     548    (-,-) 
  g8240__3680/Y                                -       A1->Y  F     OAI22X1        1  3.5    54    43     590    (-,-) 
  g8235__4319/Y                                -       B->Y   F     XNOR2X1        3  6.9    40    47     637    (-,-) 
  g8220__2883/Y                                -       A->Y   F     OR2X1          4  9.0    50    50     688    (-,-) 
  g8218__9315/Y                                -       B->Y   F     OR2X1          3  7.1    40    45     732    (-,-) 
  g8215__7482/Y                                -       B->Y   F     OR2X1          3  7.1    40    44     776    (-,-) 
  g8213__6131/Y                                -       B->Y   F     OR2X1          4  8.8    49    49     825    (-,-) 
  g8207__8246/Y                                -       B->Y   F     OR2X1          1  3.4    21    34     859    (-,-) 
  g8202__3680/Y                                -       A1->Y  R     AOI21X1        2  5.0    67    40     899    (-,-) 
  g8199__8428/Y                                -       B0->Y  R     OA21X1         2  5.4    33    46     944    (-,-) 
  g8195__6260/Y                                -       B0->Y  F     OAI2BB1X1      1  3.2    38    30     975    (-,-) 
  g8191__2398/Y                                -       A1N->Y F     OAI2BB1X1      1  3.3    37    34    1009    (-,-) 
  DATA_PATH_2_ROOT_REG_reg[7].dffn_sig_q_reg/D <<<     -      F     DFFRHQX4       1    -     -     0    1009    (-,-) 
#----------------------------------------------------------------------------------------------------------------------

