============================================================
  Generated by:           Genus(TM) Synthesis Solution 21.18-s082_1
  Generated on:           Sep 04 2025  05:41:01 pm
  Module:                 square_root
  Operating conditions:   PVT_0P9V_125C 
  Operating conditions:   PVT_1P32V_0C 
  Interconnect mode:      global
  Area mode:              physical library
============================================================

Timing
--------

Clock Period 
-------------
clk   1000.0 


  Cost    Critical         Violating 
 Group   Path Slack  TNS     Paths   
-------------------------------------
clk            29.3   0.0          0 
default    No paths   0.0            
-------------------------------------
Total                 0.0          0 

Instance Count
--------------
Leaf Instance Count             422 
Physical Instance count           0 
Sequential Instance Count        61 
Combinational Instance Count    361 
Hierarchical Instance Count       0 

Area
----
Cell Area                          1230.174
Physical Cell Area                 0.000
Total Cell Area (Cell+Physical)    1230.174
Net Area                           491.815
Total Area (Cell+Physical+Net)     1721.989

Max Fanout                         61 (clk)
Min Fanout                         0 (rst_n)
Average Fanout                     2.1
Terms to net ratio                 3.1400
Terms to instance ratio            3.4005
Runtime                            36.341586 seconds
Elapsed Runtime                    41 seconds
Genus peak memory usage            1675.56 
Innovus peak memory usage          no_value 
Hostname                           gmicro02
