============================================================
  Generated by:           Genus(TM) Synthesis Solution 21.18-s082_1
  Generated on:           Sep 04 2025  05:41:01 pm
  Module:                 square_root
  Operating conditions:   PVT_0P9V_125C 
  Operating conditions:   PVT_1P32V_0C 
  Interconnect mode:      global
  Area mode:              physical library
============================================================

                                              Library 
   Gate    Instances    Area       Library     Domain 
------------------------------------------------------
ADDHX1             9    33.858    fast_vdd1v2    best 
ADDHX2             7    35.910    fast_vdd1v2    best 
ADDHX4             1     7.182    fast_vdd1v2    best 
AND2X1             9    12.312    fast_vdd1v2    best 
AND2X2             3     5.130    fast_vdd1v2    best 
AND3X1             1     2.394    fast_vdd1v2    best 
AND3XL             1     2.052    fast_vdd1v2    best 
AO21X1             3     7.182    fast_vdd1v2    best 
AO22X1            31    84.816    fast_vdd1v2    best 
AO22X4             1     3.762    fast_vdd1v2    best 
AOI211XL           1     2.052    fast_vdd1v2    best 
AOI21X1            7    11.970    fast_vdd1v2    best 
AOI21X2            1     2.736    fast_vdd1v2    best 
AOI21X4            2    10.260    fast_vdd1v2    best 
AOI221X1           1     2.394    fast_vdd1v2    best 
AOI221X4           1     7.866    fast_vdd1v2    best 
AOI22X1            2     4.104    fast_vdd1v2    best 
AOI2BB1X1          1     2.052    fast_vdd1v2    best 
AOI2BB1X2          2     6.156    fast_vdd1v2    best 
AOI31X1            1     2.052    fast_vdd1v2    best 
AOI31X4            1     6.498    fast_vdd1v2    best 
AOI32X2            1     4.446    fast_vdd1v2    best 
BUFX12             1     5.130    fast_vdd1v2    best 
BUFX2             26    44.460    fast_vdd1v2    best 
BUFX3              5    10.260    fast_vdd1v2    best 
BUFX6              5    15.390    fast_vdd1v2    best 
CLKAND2X3          2     6.156    fast_vdd1v2    best 
CLKINVX4           2     3.420    fast_vdd1v2    best 
CLKINVX6           5    11.970    fast_vdd1v2    best 
CLKINVX8           2     6.156    fast_vdd1v2    best 
CLKMX2X2           1     3.078    fast_vdd1v2    best 
CLKMX2X3           8    32.832    fast_vdd1v2    best 
CLKXOR2X1         10    27.360    fast_vdd1v2    best 
CLKXOR2X2          1     3.420    fast_vdd1v2    best 
DFFRHQX1          54   332.424    fast_vdd1v2    best 
DFFRHQX4           7    67.032    fast_vdd1v2    best 
INVX1             34    23.256    fast_vdd1v2    best 
INVX2             26    26.676    fast_vdd1v2    best 
INVX3              4     5.472    fast_vdd1v2    best 
MX2X1             20    47.880    fast_vdd1v2    best 
MXI2XL             1     2.394    fast_vdd1v2    best 
NAND2BX1           2     2.736    fast_vdd1v2    best 
NAND2BX4           2     7.524    fast_vdd1v2    best 
NAND2X1            6     6.156    fast_vdd1v2    best 
NAND2X2            9    15.390    fast_vdd1v2    best 
NAND2X4            8    27.360    fast_vdd1v2    best 
NAND3BX1           1     2.052    fast_vdd1v2    best 
NAND4X2            1     3.762    fast_vdd1v2    best 
NOR2BX1            1     1.368    fast_vdd1v2    best 
NOR2BX2            1     2.736    fast_vdd1v2    best 
NOR2X1             2     2.052    fast_vdd1v2    best 
NOR3BX4            1     5.814    fast_vdd1v2    best 
NOR3X2             1     2.736    fast_vdd1v2    best 
NOR3X4             1     5.130    fast_vdd1v2    best 
OA21X1             1     2.052    fast_vdd1v2    best 
OA22X1             2     4.788    fast_vdd1v2    best 
OAI21X1            2     3.420    fast_vdd1v2    best 
OAI21X2            1     3.078    fast_vdd1v2    best 
OAI21X4            1     4.788    fast_vdd1v2    best 
OAI22X1            4     8.208    fast_vdd1v2    best 
OAI22X2            4    13.680    fast_vdd1v2    best 
OAI22X4            3    19.494    fast_vdd1v2    best 
OAI2BB1X1          6    10.260    fast_vdd1v2    best 
OAI2BB1X2          3     9.234    fast_vdd1v2    best 
OAI2BB1X4          2     8.892    fast_vdd1v2    best 
OAI31X2            1     3.762    fast_vdd1v2    best 
OAI31X4            1     6.840    fast_vdd1v2    best 
OAI32X1            5    11.970    fast_vdd1v2    best 
OR2X1             14    19.152    fast_vdd1v2    best 
OR2X2              1     1.710    fast_vdd1v2    best 
OR3X1              1     2.052    fast_vdd1v2    best 
OR4X1              1     2.052    fast_vdd1v2    best 
XNOR2X1           30    71.820    fast_vdd1v2    best 
XNOR2X2            2     6.156    fast_vdd1v2    best 
------------------------------------------------------
total            422  1230.174                


                                         
     Type      Instances   Area   Area % 
-----------------------------------------
sequential            61  399.456   32.5 
inverter              73   76.950    6.3 
buffer                37   75.240    6.1 
logic                251  678.528   55.2 
physical_cells         0    0.000    0.0 
-----------------------------------------
total                422 1230.174  100.0 

