============================================================
  Generated by:           Genus(TM) Synthesis Solution 21.18-s082_1
  Generated on:           Sep 05 2025  01:43:57 pm
  Module:                 square_root
  Operating conditions:   PVT_0P9V_125C 
  Operating conditions:   PVT_1P32V_0C 
  Interconnect mode:      global
  Area mode:              physical library
============================================================

Timing
--------

Clock Period 
-------------
clk    510.0 


  Cost    Critical         Violating 
 Group   Path Slack  TNS     Paths   
-------------------------------------
clk             0.0   0.0          0 
default    No paths   0.0            
-------------------------------------
Total                 0.0          0 

Instance Count
--------------
Leaf Instance Count             455 
Physical Instance count           0 
Sequential Instance Count        56 
Combinational Instance Count    399 
Hierarchical Instance Count       0 

Area
----
Cell Area                          1474.362
Physical Cell Area                 0.000
Total Cell Area (Cell+Physical)    1474.362
Net Area                           513.729
Total Area (Cell+Physical+Net)     1988.091

Max Fanout                         56 (clk)
Min Fanout                         0 (rst_n)
Average Fanout                     2.0
Terms to net ratio                 3.0389
Terms to instance ratio            3.2659
Runtime                            36.524798000000004 seconds
Elapsed Runtime                    39 seconds
Genus peak memory usage            1682.22 
Innovus peak memory usage          no_value 
Hostname                           gmicro02
