============================================================
  Generated by:           Genus(TM) Synthesis Solution 21.18-s082_1
  Generated on:           Oct 01 2025  12:27:29 am
  Module:                 BubbleSort
  Operating conditions:   PVT_0P9V_125C 
  Operating conditions:   PVT_1P32V_0C 
  Interconnect mode:      global
  Area mode:              physical library
============================================================

                                              Library 
   Gate    Instances    Area       Library     Domain 
------------------------------------------------------
ADDHX1             1     3.762    fast_vdd1v2    best 
AND2X1             5     6.840    fast_vdd1v2    best 
AND2X2             1     1.710    fast_vdd1v2    best 
AND3X4             1     3.078    fast_vdd1v2    best 
AND4X2             1     3.078    fast_vdd1v2    best 
AOI211XL           1     2.052    fast_vdd1v2    best 
AOI21X1            3     5.130    fast_vdd1v2    best 
AOI221X1           1     2.394    fast_vdd1v2    best 
AOI222X1           2     6.156    fast_vdd1v2    best 
AOI22X1           34    69.768    fast_vdd1v2    best 
AOI2BB1X1          1     2.052    fast_vdd1v2    best 
AOI32X1            5    11.970    fast_vdd1v2    best 
BUFX2             68   116.280    fast_vdd1v2    best 
CLKBUFX2           1     1.710    fast_vdd1v2    best 
CLKINVX4           1     1.710    fast_vdd1v2    best 
CLKXOR2X1          3     8.208    fast_vdd1v2    best 
DFFRHQX1         356  2191.536    fast_vdd1v2    best 
DFFRHQX2           1     7.866    fast_vdd1v2    best 
DFFRHQX4          15   143.640    fast_vdd1v2    best 
DFFRX1             1     6.840    fast_vdd1v2    best 
DFFRX2            16   120.384    fast_vdd1v2    best 
DFFX1              4    28.728    fast_vdd1v2    best 
INVX1             33    22.572    fast_vdd1v2    best 
INVX3              3     4.104    fast_vdd1v2    best 
INVXL              1     0.684    fast_vdd1v2    best 
MX2X1            384   919.296    fast_vdd1v2    best 
MXI2XL             3     7.182    fast_vdd1v2    best 
NAND2BX1          19    25.992    fast_vdd1v2    best 
NAND2X1            2     2.052    fast_vdd1v2    best 
NAND2X4            1     3.420    fast_vdd1v2    best 
NAND3BXL           1     1.710    fast_vdd1v2    best 
NAND3X1            1     1.710    fast_vdd1v2    best 
NAND4XL           15    25.650    fast_vdd1v2    best 
NOR2BX1           12    16.416    fast_vdd1v2    best 
NOR2BX4            1     3.762    fast_vdd1v2    best 
NOR2X1            14    14.364    fast_vdd1v2    best 
NOR3BX1            1     2.052    fast_vdd1v2    best 
NOR4BX1            1     2.394    fast_vdd1v2    best 
NOR4X1             2     3.420    fast_vdd1v2    best 
OA21X1             1     2.052    fast_vdd1v2    best 
OAI211X1           6    10.260    fast_vdd1v2    best 
OAI21X1            3     5.130    fast_vdd1v2    best 
OAI221X1           2     4.788    fast_vdd1v2    best 
OAI222X1           3     8.208    fast_vdd1v2    best 
OAI22X1            2     4.104    fast_vdd1v2    best 
OAI2BB1X1         36    61.560    fast_vdd1v2    best 
OAI31X1            2     4.104    fast_vdd1v2    best 
OR2X1              9    12.312    fast_vdd1v2    best 
OR3X1              2     4.104    fast_vdd1v2    best 
OR4X1              3     6.156    fast_vdd1v2    best 
XNOR2X1           63   150.822    fast_vdd1v2    best 
------------------------------------------------------
total           1148  4075.272                


                                         
     Type      Instances   Area   Area % 
-----------------------------------------
sequential           393 2498.994   61.3 
inverter              38   29.070    0.7 
buffer                69  117.990    2.9 
logic                648 1429.218   35.1 
physical_cells         0    0.000    0.0 
-----------------------------------------
total               1148 4075.272  100.0 

