============================================================
  Generated by:           Genus(TM) Synthesis Solution 21.18-s082_1
  Generated on:           Oct 01 2025  12:27:29 am
  Module:                 BubbleSort
  Operating conditions:   PVT_0P9V_125C 
  Operating conditions:   PVT_1P32V_0C 
  Interconnect mode:      global
  Area mode:              physical library
============================================================

Timing
--------

Clock Period 
-------------
clk    830.0 


  Cost    Critical         Violating 
 Group   Path Slack  TNS     Paths   
-------------------------------------
clk            66.8   0.0          0 
default    No paths   0.0            
-------------------------------------
Total                 0.0          0 

Instance Count
--------------
Leaf Instance Count             1148 
Physical Instance count            0 
Sequential Instance Count        393 
Combinational Instance Count     755 
Hierarchical Instance Count        0 

Area
----
Cell Area                          4075.272
Physical Cell Area                 0.000
Total Cell Area (Cell+Physical)    4075.272
Net Area                           1332.635
Total Area (Cell+Physical+Net)     5407.907

Max Fanout                         393 (clk)
Min Fanout                         0 (n_615)
Average Fanout                     2.4
Terms to net ratio                 3.6726
Terms to instance ratio            3.8005
Runtime                            28.163297 seconds
Elapsed Runtime                    30 seconds
Genus peak memory usage            1412.05 
Innovus peak memory usage          no_value 
Hostname                           gmicro02
