============================================================
  Generated by:           Genus(TM) Synthesis Solution 21.18-s082_1
  Generated on:           Sep 08 2025  01:13:12 am
  Module:                 square_root_pipe
  Operating conditions:   PVT_0P9V_125C 
  Operating conditions:   PVT_1P32V_0C 
  Interconnect mode:      global
  Area mode:              physical library
============================================================

Timing
--------

Clock Period 
-------------
clk   1250.0 


  Cost    Critical           Violating 
 Group   Path Slack   TNS      Paths   
---------------------------------------
clk           -14.3   -24.9          2 
default    No paths     0.0            
---------------------------------------
Total                 -24.9          2 

Instance Count
--------------
Leaf Instance Count             113 
Physical Instance count           0 
Sequential Instance Count        11 
Combinational Instance Count    102 
Hierarchical Instance Count       0 

Area
----
Cell Area                          412.452
Physical Cell Area                 0.000
Total Cell Area (Cell+Physical)    412.452
Net Area                           114.092
Total Area (Cell+Physical+Net)     526.544

Max Fanout                         11 (clk)
Min Fanout                         0 (n_2)
Average Fanout                     1.6
Terms to net ratio                 2.4812
Terms to instance ratio            2.9204
Runtime                            19.602520000000002 seconds
Elapsed Runtime                    22 seconds
Genus peak memory usage            1329.98 
Innovus peak memory usage          no_value 
Hostname                           gmicro02
