============================================================
  Generated by:           Genus(TM) Synthesis Solution 21.18-s082_1
  Generated on:           Sep 08 2025  01:13:12 am
  Module:                 square_root_pipe
  Operating conditions:   PVT_0P9V_125C 
  Operating conditions:   PVT_1P32V_0C 
  Interconnect mode:      global
  Area mode:              physical library
============================================================

                                             Library 
   Gate    Instances   Area       Library     Domain 
-----------------------------------------------------
ADDHX1             1    3.762    slow_vdd1v0   worst 
ADDHX4             1    7.182    slow_vdd1v0   worst 
AND2X1             2    2.736    slow_vdd1v0   worst 
AOI21X4            2   10.260    slow_vdd1v0   worst 
AOI222X4           1    9.576    slow_vdd1v0   worst 
AOI2BB1X4          1    4.104    slow_vdd1v0   worst 
AOI2BB2X4          1    7.524    slow_vdd1v0   worst 
BUFX16             1    6.840    slow_vdd1v0   worst 
BUFX2              6   10.260    slow_vdd1v0   worst 
BUFX3              1    2.052    slow_vdd1v0   worst 
BUFX6             12   36.936    slow_vdd1v0   worst 
CLKAND2X6          3   14.364    slow_vdd1v0   worst 
CLKINVX2           2    2.736    slow_vdd1v0   worst 
CLKINVX3           4    6.840    slow_vdd1v0   worst 
CLKINVX4           2    3.420    slow_vdd1v0   worst 
CLKINVX6           8   19.152    slow_vdd1v0   worst 
CLKINVX8           2    6.156    slow_vdd1v0   worst 
CLKMX2X3           2    8.208    slow_vdd1v0   worst 
CLKXOR2X1          1    2.736    slow_vdd1v0   worst 
DFFRHQX1           1    6.156    slow_vdd1v0   worst 
DFFRHQX2           1    7.866    slow_vdd1v0   worst 
DFFRHQX4           6   57.456    slow_vdd1v0   worst 
DFFRHQX8           1   11.286    slow_vdd1v0   worst 
DFFRX2             1    7.524    slow_vdd1v0   worst 
DFFSRHQX1          1   10.944    slow_vdd1v0   worst 
INVX1              1    0.684    slow_vdd1v0   worst 
INVX2              4    4.104    slow_vdd1v0   worst 
INVX3              2    2.736    slow_vdd1v0   worst 
INVX4              1    1.710    slow_vdd1v0   worst 
INVX6              2    4.788    slow_vdd1v0   worst 
INVX8              1    3.078    slow_vdd1v0   worst 
INVXL              1    0.684    slow_vdd1v0   worst 
MX2X1              2    4.788    slow_vdd1v0   worst 
MX3X1              1    5.130    slow_vdd1v0   worst 
MXI2X4             1    5.130    slow_vdd1v0   worst 
MXI3X1             1    6.498    slow_vdd1v0   worst 
NAND2X1            1    1.026    slow_vdd1v0   worst 
NAND2X2            1    1.710    slow_vdd1v0   worst 
NAND2X4            4   13.680    slow_vdd1v0   worst 
NOR2X2             5    8.550    slow_vdd1v0   worst 
NOR2X4             9   27.702    slow_vdd1v0   worst 
NOR2X6             4   16.416    slow_vdd1v0   worst 
NOR3X4             2   10.260    slow_vdd1v0   worst 
NOR3X6             2   14.364    slow_vdd1v0   worst 
OAI21X4            2    9.576    slow_vdd1v0   worst 
OR2X1              1    1.368    slow_vdd1v0   worst 
XNOR2X1            1    2.394    slow_vdd1v0   worst 
-----------------------------------------------------
total            113  412.452                


                                        
     Type      Instances   Area  Area % 
----------------------------------------
sequential            11 101.232   24.5 
inverter              30  56.088   13.6 
buffer                20  56.088   13.6 
logic                 52 199.044   48.3 
physical_cells         0   0.000    0.0 
----------------------------------------
total                113 412.452  100.0 

