============================================================
  Generated by:           Genus(TM) Synthesis Solution 21.18-s082_1
  Generated on:           Sep 09 2025  02:05:51 pm
  Module:                 square_root_pipe
  Operating conditions:   PVT_0P9V_125C 
  Operating conditions:   PVT_1P32V_0C 
  Interconnect mode:      global
  Area mode:              physical library
============================================================

Timing
--------

Clock Period 
-------------
clk   1920.0 


  Cost    Critical         Violating 
 Group   Path Slack  TNS     Paths   
-------------------------------------
clk             1.2   0.0          0 
default    No paths   0.0            
-------------------------------------
Total                 0.0          0 

Instance Count
--------------
Leaf Instance Count             387 
Physical Instance count           0 
Sequential Instance Count        80 
Combinational Instance Count    307 
Hierarchical Instance Count       0 

Area
----
Cell Area                          1370.394
Physical Cell Area                 0.000
Total Cell Area (Cell+Physical)    1370.394
Net Area                           432.118
Total Area (Cell+Physical+Net)     1802.512

Max Fanout                         80 (clk)
Min Fanout                         0 (rst_n)
Average Fanout                     2.0
Terms to net ratio                 3.1985
Terms to instance ratio            3.4134
Runtime                            22.343864 seconds
Elapsed Runtime                    76 seconds
Genus peak memory usage            1731.84 
Innovus peak memory usage          no_value 
Hostname                           gmicro02
