============================================================
  Generated by:           Genus(TM) Synthesis Solution 21.18-s082_1
  Generated on:           Sep 10 2025  06:15:43 pm
  Module:                 Square_root
  Operating conditions:   PVT_0P9V_125C 
  Operating conditions:   PVT_1P32V_0C 
  Interconnect mode:      global
  Area mode:              physical library
============================================================

                                              Library 
   Gate    Instances    Area       Library     Domain 
------------------------------------------------------
ADDHX1             6    22.572    slow_vdd1v0   worst 
ADDHX2             1     5.130    slow_vdd1v0   worst 
AND2X1             6     8.208    slow_vdd1v0   worst 
AND2X2             1     1.710    slow_vdd1v0   worst 
AND2X4             1     2.736    slow_vdd1v0   worst 
AND2X6             3    11.286    slow_vdd1v0   worst 
AND3X4             1     3.078    slow_vdd1v0   worst 
AO21X1             2     4.788    slow_vdd1v0   worst 
AO21X2             1     2.736    slow_vdd1v0   worst 
AOI211X4           1     6.498    slow_vdd1v0   worst 
AOI21X1            1     1.710    slow_vdd1v0   worst 
AOI21X2            5    13.680    slow_vdd1v0   worst 
AOI21X4            2    10.260    slow_vdd1v0   worst 
AOI22X2            2     7.524    slow_vdd1v0   worst 
AOI22X4            5    30.780    slow_vdd1v0   worst 
AOI2BB1X1          3     6.156    slow_vdd1v0   worst 
AOI2BB1X2          4    12.312    slow_vdd1v0   worst 
AOI2BB1X4          9    36.936    slow_vdd1v0   worst 
BUFX2             16    27.360    slow_vdd1v0   worst 
BUFX3              1     2.052    slow_vdd1v0   worst 
BUFX6              6    18.468    slow_vdd1v0   worst 
CLKAND2X2          2     4.104    slow_vdd1v0   worst 
CLKAND2X3          3     9.234    slow_vdd1v0   worst 
CLKAND2X6          7    33.516    slow_vdd1v0   worst 
CLKINVX12          2     8.208    slow_vdd1v0   worst 
CLKINVX3           1     1.710    slow_vdd1v0   worst 
CLKINVX4           1     1.710    slow_vdd1v0   worst 
CLKINVX6           9    21.546    slow_vdd1v0   worst 
CLKINVX8           4    12.312    slow_vdd1v0   worst 
CLKMX2X3           3    12.312    slow_vdd1v0   worst 
CLKXOR2X1          4    10.944    slow_vdd1v0   worst 
DFFRHQX1          49   301.644    slow_vdd1v0   worst 
DFFRHQX2           7    55.062    slow_vdd1v0   worst 
DFFRHQX4           8    76.608    slow_vdd1v0   worst 
DFFRHQX8           3    33.858    slow_vdd1v0   worst 
DFFRX2            13    97.812    slow_vdd1v0   worst 
DFFSHQX2           1     8.208    slow_vdd1v0   worst 
DFFSHQX8           1    10.602    slow_vdd1v0   worst 
INVX1             24    16.416    slow_vdd1v0   worst 
INVX2             28    28.728    slow_vdd1v0   worst 
INVX3              6     8.208    slow_vdd1v0   worst 
MX2X1             69   165.186    slow_vdd1v0   worst 
MX3X1              1     5.130    slow_vdd1v0   worst 
MXI2X2             2     8.892    slow_vdd1v0   worst 
MXI2X4             1     5.130    slow_vdd1v0   worst 
NAND2BX2           1     2.394    slow_vdd1v0   worst 
NAND2X1            2     2.052    slow_vdd1v0   worst 
NAND2X2            3     5.130    slow_vdd1v0   worst 
NAND2X4            6    20.520    slow_vdd1v0   worst 
NAND2X6            1     4.788    slow_vdd1v0   worst 
NOR2BX2            1     2.736    slow_vdd1v0   worst 
NOR2BX4            2     7.524    slow_vdd1v0   worst 
NOR2X1             3     3.078    slow_vdd1v0   worst 
NOR2X2             2     3.420    slow_vdd1v0   worst 
NOR2X4            13    40.014    slow_vdd1v0   worst 
NOR2X6            13    53.352    slow_vdd1v0   worst 
NOR2X8             5    27.360    slow_vdd1v0   worst 
OAI21X1            2     3.420    slow_vdd1v0   worst 
OAI21X2            2     6.156    slow_vdd1v0   worst 
OAI21X4            8    38.304    slow_vdd1v0   worst 
OAI22X2            1     3.420    slow_vdd1v0   worst 
OAI22X4            1     6.498    slow_vdd1v0   worst 
OAI2BB1X1          3     5.130    slow_vdd1v0   worst 
OAI2BB1X4          2     8.892    slow_vdd1v0   worst 
OR2X1              5     6.840    slow_vdd1v0   worst 
OR2X6              1     3.762    slow_vdd1v0   worst 
OR3X1              1     2.052    slow_vdd1v0   worst 
XNOR2X1           11    26.334    slow_vdd1v0   worst 
XNOR2X2            2     6.156    slow_vdd1v0   worst 
------------------------------------------------------
total            417  1462.392                


                                         
     Type      Instances   Area   Area % 
-----------------------------------------
sequential            82  583.794   39.9 
inverter              75   98.838    6.8 
buffer                23   47.880    3.3 
logic                237  731.880   50.0 
physical_cells         0    0.000    0.0 
-----------------------------------------
total                417 1462.392  100.0 

