============================================================
  Generated by:           Genus(TM) Synthesis Solution 21.18-s082_1
  Generated on:           Sep 10 2025  06:15:43 pm
  Module:                 Square_root
  Operating conditions:   PVT_0P9V_125C 
  Operating conditions:   PVT_1P32V_0C 
  Interconnect mode:      global
  Area mode:              physical library
============================================================

Timing
--------

Clock Period 
-------------
clk   1920.0 


  Cost    Critical         Violating 
 Group   Path Slack  TNS     Paths   
-------------------------------------
clk             0.2   0.0          0 
default    No paths   0.0            
-------------------------------------
Total                 0.0          0 

Instance Count
--------------
Leaf Instance Count             417 
Physical Instance count           0 
Sequential Instance Count        82 
Combinational Instance Count    335 
Hierarchical Instance Count       0 

Area
----
Cell Area                          1462.392
Physical Cell Area                 0.000
Total Cell Area (Cell+Physical)    1462.392
Net Area                           458.669
Total Area (Cell+Physical+Net)     1921.061

Max Fanout                         82 (clk)
Min Fanout                         0 (rst_n)
Average Fanout                     2.0
Terms to net ratio                 3.1652
Terms to instance ratio            3.3549
Runtime                            20.446866 seconds
Elapsed Runtime                    22 seconds
Genus peak memory usage            1733.54 
Innovus peak memory usage          no_value 
Hostname                           gmicro02
