============================================================
  Generated by:           Genus(TM) Synthesis Solution 21.18-s082_1
  Generated on:           Oct 15 2025  06:17:28 pm
  Module:                 BubbleSort
  Operating conditions:   PVT_0P9V_125C 
  Operating conditions:   PVT_1P32V_0C 
  Interconnect mode:      global
  Area mode:              physical library
============================================================

Timing
--------

Clock Period 
-------------
clk   1670.0 


  Cost    Critical            Violating 
 Group   Path Slack    TNS      Paths   
----------------------------------------
clk            -6.8   -123.3         33 
default    No paths      0.0            
----------------------------------------
Total                 -123.3         33 

Instance Count
--------------
Leaf Instance Count             821 
Physical Instance count           0 
Sequential Instance Count       334 
Combinational Instance Count    487 
Hierarchical Instance Count       0 

Area
----
Cell Area                          3903.588
Physical Cell Area                 0.000
Total Cell Area (Cell+Physical)    3903.588
Net Area                           786.748
Total Area (Cell+Physical+Net)     4690.336

Max Fanout                         333 (clk_gated_s)
Min Fanout                         0 (n_0)
Average Fanout                     1.9
Terms to net ratio                 3.2129
Terms to instance ratio            3.3459
Runtime                            24.566610999999998 seconds
Elapsed Runtime                    286 seconds
Genus peak memory usage            1730.46 
Innovus peak memory usage          no_value 
Hostname                           gmicro02
