============================================================
  Generated by:           Genus(TM) Synthesis Solution 21.18-s082_1
  Generated on:           Oct 15 2025  06:17:28 pm
  Module:                 BubbleSort
  Operating conditions:   PVT_0P9V_125C 
  Operating conditions:   PVT_1P32V_0C 
  Interconnect mode:      global
  Area mode:              physical library
============================================================

                                              Library 
   Gate    Instances    Area       Library     Domain 
------------------------------------------------------
AND2X1             1     1.368    slow_vdd1v0   worst 
AND2X6             1     3.762    slow_vdd1v0   worst 
AND2X8             2     8.892    slow_vdd1v0   worst 
AOI21X4           10    51.300    slow_vdd1v0   worst 
BUFX12             1     5.130    slow_vdd1v0   worst 
BUFX2              3     5.130    slow_vdd1v0   worst 
BUFX3              5    10.260    slow_vdd1v0   worst 
BUFX6             36   110.808    slow_vdd1v0   worst 
BUFX8             32   120.384    slow_vdd1v0   worst 
CLKAND2X2          2     4.104    slow_vdd1v0   worst 
CLKAND2X6          4    19.152    slow_vdd1v0   worst 
CLKBUFX20          1     8.208    slow_vdd1v0   worst 
CLKBUFX4           1     2.394    slow_vdd1v0   worst 
CLKINVX12         20    82.080    slow_vdd1v0   worst 
CLKINVX16          4    21.888    slow_vdd1v0   worst 
CLKINVX2           1     1.368    slow_vdd1v0   worst 
CLKINVX3           7    11.970    slow_vdd1v0   worst 
CLKINVX4          11    18.810    slow_vdd1v0   worst 
CLKINVX6          19    45.486    slow_vdd1v0   worst 
CLKINVX8           9    27.702    slow_vdd1v0   worst 
CLKMX2X3           1     4.104    slow_vdd1v0   worst 
DFFRHQX1         266  1637.496    slow_vdd1v0   worst 
DFFRHQX2           1     7.866    slow_vdd1v0   worst 
DFFRHQX4          65   622.440    slow_vdd1v0   worst 
DFFRX2             1     7.524    slow_vdd1v0   worst 
INVX1             50    34.200    slow_vdd1v0   worst 
INVX12             2     8.208    slow_vdd1v0   worst 
INVX2              2     2.052    slow_vdd1v0   worst 
INVX20             2    12.996    slow_vdd1v0   worst 
INVX3              5     6.840    slow_vdd1v0   worst 
INVX6              1     2.394    slow_vdd1v0   worst 
MX2X1             33    79.002    slow_vdd1v0   worst 
NAND2BX4           1     3.762    slow_vdd1v0   worst 
NAND2X1            9     9.234    slow_vdd1v0   worst 
NAND2X2           38    64.980    slow_vdd1v0   worst 
NAND2X4            9    30.780    slow_vdd1v0   worst 
NAND2X6            8    38.304    slow_vdd1v0   worst 
NAND2X8            5    27.360    slow_vdd1v0   worst 
NAND3BX2           1     3.078    slow_vdd1v0   worst 
NOR2BX1            4     5.472    slow_vdd1v0   worst 
NOR2BX2            5    13.680    slow_vdd1v0   worst 
NOR2BX4            4    15.048    slow_vdd1v0   worst 
NOR2X1             2     2.052    slow_vdd1v0   worst 
NOR2X2             5     8.550    slow_vdd1v0   worst 
NOR2X4            14    43.092    slow_vdd1v0   worst 
NOR2X6            20    82.080    slow_vdd1v0   worst 
NOR2X8            12    65.664    slow_vdd1v0   worst 
NOR3BX4            1     5.814    slow_vdd1v0   worst 
NOR3X6             2    14.364    slow_vdd1v0   worst 
OA22X1             1     2.394    slow_vdd1v0   worst 
OAI21X1            3     5.130    slow_vdd1v0   worst 
OAI21X2            1     3.078    slow_vdd1v0   worst 
OAI21X4           35   167.580    slow_vdd1v0   worst 
OAI2BB2X4         30   256.500    slow_vdd1v0   worst 
OAI31X4            5    34.200    slow_vdd1v0   worst 
OR2X1              3     4.104    slow_vdd1v0   worst 
OR2X2              1     1.710    slow_vdd1v0   worst 
OR4X1              1     2.052    slow_vdd1v0   worst 
TLATNX1            1     5.814    slow_vdd1v0   worst 
XNOR2X1            1     2.394    slow_vdd1v0   worst 
------------------------------------------------------
total            821  3903.588                


                                         
     Type      Instances   Area   Area % 
-----------------------------------------
sequential           334 2281.140   58.4 
inverter             133  275.994    7.1 
buffer                79  262.314    6.7 
logic                275 1084.140   27.8 
physical_cells         0    0.000    0.0 
-----------------------------------------
total                821 3903.588  100.0 

