============================================================
  Generated by:           Genus(TM) Synthesis Solution 21.18-s082_1
  Generated on:           Sep 05 2025  01:48:18 pm
  Module:                 square_root
  Operating conditions:   PVT_0P9V_125C 
  Operating conditions:   PVT_1P32V_0C 
  Interconnect mode:      global
  Area mode:              physical library
============================================================


Path 1: VIOLATED (-43 ps) Setup Check with Pin DATA_PATH_1_ROOT_REG_reg[5].dffn_sig_q_reg/CK->D
          Group: clk
     Startpoint: (R) CONTROL_PATH_CurrentState_reg[1]/CK
          Clock: (R) clk
       Endpoint: (R) DATA_PATH_1_ROOT_REG_reg[5].dffn_sig_q_reg/D
          Clock: (R) clk

                     Capture       Launch     
        Clock Edge:+    2330            0     
       Src Latency:+       0            0     
       Net Latency:+     100 (I)      100 (I) 
           Arrival:=    2430          100     
                                              
             Setup:-     149                  
       Uncertainty:-      50                  
     Required Time:=    2231                  
      Launch Clock:-     100                  
         Data Path:-    2174                  
             Slack:=     -43                  

#----------------------------------------------------------------------------------------------------------------------
#                Timing Point                  Flags   Arc   Edge    Cell     Fanout Load Trans Delay Arrival Instance 
#                                                                                    (fF)  (ps)  (ps)   (ps)  Location 
#----------------------------------------------------------------------------------------------------------------------
  CONTROL_PATH_CurrentState_reg[1]/CK          -       -     R     (arrival)      56    -     0     0     100    (-,-) 
  CONTROL_PATH_CurrentState_reg[1]/Q           -       CK->Q R     DFFRHQX4        1  7.8    68   281     381    (-,-) 
  g9727/Y                                      -       A->Y  F     CLKINVX12       4 19.5    67    66     447    (-,-) 
  g9714/Y                                      -       A->Y  R     CLKINVX8        6 22.9    77    70     517    (-,-) 
  g9708/Y                                      -       A->Y  F     CLKINVX8        6 14.5    71    72     590    (-,-) 
  g9706/Y                                      -       A->Y  R     CLKINVX4        1  4.5    41    54     644    (-,-) 
  g9606__9945/Y                                -       B->Y  F     NOR2X4          1  4.3    67    48     692    (-,-) 
  g9556__7482/Y                                -       B0->Y R     AOI2BB1X4       2  8.4   119   115     806    (-,-) 
  g9471__5122/Y                                -       B->Y  F     NAND2X6         4  9.1   133   131     938    (-,-) 
  g9359__1617/Y                                -       B->Y  F     AND2X4          2  7.2    67   160    1098    (-,-) 
  g9323__2398/Y                                -       B0->Y R     AOI21X4         1  5.3    91    89    1187    (-,-) 
  g9310__2802/Y                                -       B->Y  F     NOR2X6          2  5.0    50    68    1255    (-,-) 
  g9288__6161/Y                                -       B->Y  F     OR2X4           1  5.1    68   168    1423    (-,-) 
  g9282__1617/Y                                -       B->Y  R     NOR2X6          1  5.3    68    71    1494    (-,-) 
  g9268__4733/Y                                -       B->Y  F     NOR2X6          1  4.3    46    56    1549    (-,-) 
  g9231__3680/Y                                -       C0->Y R     AOI211X4        1  3.3   111    96    1645    (-,-) 
  g9213__5115/Y                                -       B->Y  F     XNOR2X2         2  7.5   124   240    1885    (-,-) 
  g9198__5526/Y                                -       B->Y  R     NOR2X8          3  8.3    84    98    1983    (-,-) 
  g9179__2346/Y                                -       B->Y  R     CLKAND2X12      6 25.3    69   147    2130    (-,-) 
  g9170__7098/Y                                -       B->Y  F     NAND2X6         1  4.3    84    84    2214    (-,-) 
  g9157__5526/Y                                -       B0->Y R     OAI21X4         1  3.2    82    60    2274    (-,-) 
  DATA_PATH_1_ROOT_REG_reg[5].dffn_sig_q_reg/D <<<     -     R     DFFRHQX1        1    -     -     0    2274    (-,-) 
#----------------------------------------------------------------------------------------------------------------------

