============================================================
  Generated by:           Genus(TM) Synthesis Solution 21.18-s082_1
  Generated on:           Sep 05 2025  01:48:18 pm
  Module:                 square_root
  Operating conditions:   PVT_0P9V_125C 
  Operating conditions:   PVT_1P32V_0C 
  Interconnect mode:      global
  Area mode:              physical library
============================================================

                                               Library 
   Gate     Instances    Area       Library     Domain 
-------------------------------------------------------
ADDHX1              6    22.572    slow_vdd1v0   worst 
ADDHX4              1     7.182    slow_vdd1v0   worst 
AND2X4              1     2.736    slow_vdd1v0   worst 
AND2X6              5    18.810    slow_vdd1v0   worst 
AO21X1              1     2.394    slow_vdd1v0   worst 
AO21X2              1     2.736    slow_vdd1v0   worst 
AO21X4              1     3.420    slow_vdd1v0   worst 
AO22X1             21    57.456    slow_vdd1v0   worst 
AO22X4              7    26.334    slow_vdd1v0   worst 
AOI211X2            1     3.420    slow_vdd1v0   worst 
AOI211X4            1     6.498    slow_vdd1v0   worst 
AOI21X1             3     5.130    slow_vdd1v0   worst 
AOI21X2             2     5.472    slow_vdd1v0   worst 
AOI21X4             3    15.390    slow_vdd1v0   worst 
AOI22X4             3    18.468    slow_vdd1v0   worst 
AOI2BB1X2           1     3.078    slow_vdd1v0   worst 
AOI2BB1X4          18    73.872    slow_vdd1v0   worst 
AOI2BB2X4           2    15.048    slow_vdd1v0   worst 
BUFX2              19    32.490    slow_vdd1v0   worst 
BUFX3               5    10.260    slow_vdd1v0   worst 
BUFX6              21    64.638    slow_vdd1v0   worst 
CLKAND2X12          1     7.524    slow_vdd1v0   worst 
CLKAND2X2           4     8.208    slow_vdd1v0   worst 
CLKAND2X3           4    12.312    slow_vdd1v0   worst 
CLKAND2X4           2     6.840    slow_vdd1v0   worst 
CLKAND2X6          12    57.456    slow_vdd1v0   worst 
CLKAND2X8           1     5.814    slow_vdd1v0   worst 
CLKBUFX4            1     2.394    slow_vdd1v0   worst 
CLKINVX12           3    12.312    slow_vdd1v0   worst 
CLKINVX2            3     4.104    slow_vdd1v0   worst 
CLKINVX3            3     5.130    slow_vdd1v0   worst 
CLKINVX4           20    34.200    slow_vdd1v0   worst 
CLKINVX6           11    26.334    slow_vdd1v0   worst 
CLKINVX8           16    49.248    slow_vdd1v0   worst 
CLKMX2X2            2     6.156    slow_vdd1v0   worst 
CLKMX2X3           10    41.040    slow_vdd1v0   worst 
CLKXOR2X1           7    19.152    slow_vdd1v0   worst 
DFFRHQX1           41   252.396    slow_vdd1v0   worst 
DFFRHQX2            1     7.866    slow_vdd1v0   worst 
DFFRHQX4            2    19.152    slow_vdd1v0   worst 
DFFRX2             12    90.288    slow_vdd1v0   worst 
INVX1              42    28.728    slow_vdd1v0   worst 
INVX2              56    57.456    slow_vdd1v0   worst 
INVX20              1     6.498    slow_vdd1v0   worst 
INVX3              21    28.728    slow_vdd1v0   worst 
INVX6               1     2.394    slow_vdd1v0   worst 
INVXL               1     0.684    slow_vdd1v0   worst 
MX2X1              18    43.092    slow_vdd1v0   worst 
MXI2X4              1     5.130    slow_vdd1v0   worst 
NAND2BX2            1     2.394    slow_vdd1v0   worst 
NAND2BX4            1     3.762    slow_vdd1v0   worst 
NAND2X1             5     5.130    slow_vdd1v0   worst 
NAND2X2             5     8.550    slow_vdd1v0   worst 
NAND2X4            13    44.460    slow_vdd1v0   worst 
NAND2X6            11    52.668    slow_vdd1v0   worst 
NAND2X8             8    43.776    slow_vdd1v0   worst 
NAND3X4             1     4.788    slow_vdd1v0   worst 
NOR2BX4             1     3.762    slow_vdd1v0   worst 
NOR2X1              3     3.078    slow_vdd1v0   worst 
NOR2X2             10    17.100    slow_vdd1v0   worst 
NOR2X4             41   126.198    slow_vdd1v0   worst 
NOR2X6             31   127.224    slow_vdd1v0   worst 
NOR2X8             26   142.272    slow_vdd1v0   worst 
NOR3X1              1     1.710    slow_vdd1v0   worst 
NOR3X2              2     5.472    slow_vdd1v0   worst 
NOR3X4              1     5.130    slow_vdd1v0   worst 
NOR3X6              2    14.364    slow_vdd1v0   worst 
OA21X1              1     2.052    slow_vdd1v0   worst 
OA21X4              1     3.762    slow_vdd1v0   worst 
OA22X1              1     2.394    slow_vdd1v0   worst 
OAI211X4            1     6.498    slow_vdd1v0   worst 
OAI21X2             2     6.156    slow_vdd1v0   worst 
OAI21X4             8    38.304    slow_vdd1v0   worst 
OAI22X4             2    12.996    slow_vdd1v0   worst 
OAI2BB1X1           1     1.710    slow_vdd1v0   worst 
OAI2BB1X4           2     8.892    slow_vdd1v0   worst 
OAI32X4             1     8.208    slow_vdd1v0   worst 
OR2X1               4     5.472    slow_vdd1v0   worst 
OR2X4               3     8.208    slow_vdd1v0   worst 
OR2X6               3    11.286    slow_vdd1v0   worst 
OR3X1               3     6.156    slow_vdd1v0   worst 
OR3X4               1     3.078    slow_vdd1v0   worst 
OR3X8               1     5.472    slow_vdd1v0   worst 
XNOR2X1            18    43.092    slow_vdd1v0   worst 
XNOR2X2             2     6.156    slow_vdd1v0   worst 
-------------------------------------------------------
total             638  2029.770                


                                         
     Type      Instances   Area   Area % 
-----------------------------------------
sequential            56  369.702   18.2 
inverter             178  255.816   12.6 
buffer                46  109.782    5.4 
logic                358 1294.470   63.8 
physical_cells         0    0.000    0.0 
-----------------------------------------
total                638 2029.770  100.0 

