============================================================
  Generated by:           Genus(TM) Synthesis Solution 21.18-s082_1
  Generated on:           Sep 05 2025  01:48:18 pm
  Module:                 square_root
  Operating conditions:   PVT_0P9V_125C 
  Operating conditions:   PVT_1P32V_0C 
  Interconnect mode:      global
  Area mode:              physical library
============================================================

Timing
--------

Clock Period 
-------------
clk   2330.0 


  Cost    Critical            Violating 
 Group   Path Slack    TNS      Paths   
----------------------------------------
clk           -42.6   -300.1          8 
default    No paths      0.0            
----------------------------------------
Total                 -300.1          8 

Instance Count
--------------
Leaf Instance Count             638 
Physical Instance count           0 
Sequential Instance Count        56 
Combinational Instance Count    582 
Hierarchical Instance Count       0 

Area
----
Cell Area                          2029.770
Physical Cell Area                 0.000
Total Cell Area (Cell+Physical)    2029.770
Net Area                           675.203
Total Area (Cell+Physical+Net)     2704.973

Max Fanout                         56 (clk)
Min Fanout                         0 (rst_n)
Average Fanout                     1.9
Terms to net ratio                 2.9170
Terms to instance ratio            3.0313
Runtime                            39.016708 seconds
Elapsed Runtime                    42 seconds
Genus peak memory usage            1668.95 
Innovus peak memory usage          no_value 
Hostname                           gmicro02
