============================================================
  Generated by:           Genus(TM) Synthesis Solution 21.18-s082_1
  Generated on:           Sep 04 2025  05:42:10 pm
  Module:                 square_root
  Operating conditions:   PVT_0P9V_125C 
  Operating conditions:   PVT_1P32V_0C 
  Interconnect mode:      global
  Area mode:              physical library
============================================================


Path 1: MET (18 ps) Setup Check with Pin DATA_PATH_2_ROOT_REG_reg[7].dffn_sig_q_reg/CK->D
          Group: clk
     Startpoint: (R) CONTROL_PATH_CurrentState_reg[1]/CK
          Clock: (R) clk
       Endpoint: (F) DATA_PATH_2_ROOT_REG_reg[7].dffn_sig_q_reg/D
          Clock: (R) clk

                     Capture       Launch     
        Clock Edge:+     830            0     
       Src Latency:+       0            0     
       Net Latency:+     100 (I)      100 (I) 
           Arrival:=     930          100     
                                              
             Setup:-      12                  
       Uncertainty:-      50                  
     Required Time:=     868                  
      Launch Clock:-     100                  
         Data Path:-     750                  
             Slack:=      18                  

#----------------------------------------------------------------------------------------------------------------------
#                Timing Point                  Flags    Arc   Edge   Cell     Fanout Load Trans Delay Arrival Instance 
#                                                                                    (fF)  (ps)  (ps)   (ps)  Location 
#----------------------------------------------------------------------------------------------------------------------
  CONTROL_PATH_CurrentState_reg[1]/CK          -       -      R     (arrival)     57    -     0     0     100    (-,-) 
  CONTROL_PATH_CurrentState_reg[1]/Q           -       CK->Q  R     DFFRHQX4       1  9.0    18    54     154    (-,-) 
  g7793/Y                                      -       A->Y   F     CLKINVX12     15 46.4    28    20     175    (-,-) 
  g7768/Y                                      -       A->Y   R     INVX1          1  3.5    25    20     194    (-,-) 
  g7664__1666/Y                                -       B->Y   F     XNOR2X1        1  3.6    22    33     228    (-,-) 
  g7578__5115/S                                -       B->S   R     ADDHX1         2  5.7    34    38     266    (-,-) 
  g7570/Y                                      -       A->Y   F     INVX2          1  4.9    20    17     283    (-,-) 
  g7547__2883/Y                                -       A0->Y  R     OAI21X4        2  7.0    29    23     305    (-,-) 
  g7538__1705/Y                                -       A1->Y  F     AOI21X4        2  6.7    31    25     330    (-,-) 
  g7532__8246/Y                                -       A1->Y  R     OAI21X4        2  7.0    32    23     353    (-,-) 
  g7517__4319/Y                                -       A1->Y  F     AOI21X4        2  7.6    33    26     379    (-,-) 
  g7511__6417/Y                                -       B->Y   R     NOR2X6         2  7.9    22    17     396    (-,-) 
  g7497__2883/Y                                -       B->Y   F     NAND2X6        2  6.7    27    16     412    (-,-) 
  g7490__1881/Y                                -       B->Y   R     NOR2X4         1  5.0    23    16     429    (-,-) 
  g7489__1617/Y                                -       B->Y   F     NOR2X4         2  7.5    20    14     442    (-,-) 
  g7482__6260/Y                                -       B->Y   R     NOR2X6         2  6.5    20    14     457    (-,-) 
  g7468/Y                                      -       A->Y   F     INVX3          1  5.5    15    12     469    (-,-) 
  g7466__6161/Y                                -       B->Y   R     NOR2X6         2  7.0    20    14     484    (-,-) 
  g7445__1705/Y                                -       C1->Y  F     AOI222X4       2  5.9    61    20     503    (-,-) 
  g7437__6260/Y                                -       A1->Y  R     OAI22X2        1  3.5    44    33     536    (-,-) 
  g7431__6417/Y                                -       B->Y   F     XNOR2X1        2  6.5    38    43     579    (-,-) 
  g7429__1666/Y                                -       B->Y   R     NOR2X4         2  6.9    27    20     600    (-,-) 
  g7426__9315/Y                                -       B->Y   F     NAND2X4        3  8.6    33    23     623    (-,-) 
  g7423__4733/Y                                -       B->Y   R     NOR2X4         2  7.4    28    20     643    (-,-) 
  g7420__1881/Y                                -       B->Y   F     NAND2X4        4  8.8    33    23     666    (-,-) 
  g7414__8246/Y                                -       B->Y   F     OR2X1          1  3.4    21    32     699    (-,-) 
  g7409__1617/Y                                -       A1->Y  R     AOI21X1        2  5.2    69    41     739    (-,-) 
  g7406__8428/Y                                -       B0->Y  R     OA21X1         2  5.4    33    46     785    (-,-) 
  g7402__6260/Y                                -       B0->Y  F     OAI2BB1X1      1  3.2    38    30     816    (-,-) 
  g7398__2398/Y                                -       A1N->Y F     OAI2BB1X1      1  3.3    37    34     850    (-,-) 
  DATA_PATH_2_ROOT_REG_reg[7].dffn_sig_q_reg/D <<<     -      F     DFFRHQX4       1    -     -     0     850    (-,-) 
#----------------------------------------------------------------------------------------------------------------------

