============================================================
  Generated by:           Genus(TM) Synthesis Solution 21.18-s082_1
  Generated on:           Sep 04 2025  05:42:10 pm
  Module:                 square_root
  Operating conditions:   PVT_0P9V_125C 
  Operating conditions:   PVT_1P32V_0C 
  Interconnect mode:      global
  Area mode:              physical library
============================================================

                                              Library 
   Gate    Instances    Area       Library     Domain 
------------------------------------------------------
ADDHX1            11    41.382    fast_vdd1v2    best 
AND2X1             8    10.944    fast_vdd1v2    best 
AND2X2             4     6.840    fast_vdd1v2    best 
AO22X1            29    79.344    fast_vdd1v2    best 
AOI21X1            9    15.390    fast_vdd1v2    best 
AOI21X4            6    30.780    fast_vdd1v2    best 
AOI221X4           1     7.866    fast_vdd1v2    best 
AOI222X4           1     9.576    fast_vdd1v2    best 
AOI2BB1X2          1     3.078    fast_vdd1v2    best 
AOI2BB1X4          1     4.104    fast_vdd1v2    best 
BUFX2             33    56.430    fast_vdd1v2    best 
BUFX3              6    12.312    fast_vdd1v2    best 
CLKINVX12          1     4.104    fast_vdd1v2    best 
CLKINVX4           3     5.130    fast_vdd1v2    best 
CLKINVX6           2     4.788    fast_vdd1v2    best 
CLKINVX8           2     6.156    fast_vdd1v2    best 
CLKMX2X2           1     3.078    fast_vdd1v2    best 
CLKXOR2X1          6    16.416    fast_vdd1v2    best 
DFFRHQX1          48   295.488    fast_vdd1v2    best 
DFFRHQX4           4    38.304    fast_vdd1v2    best 
DFFRHQX8           4    45.144    fast_vdd1v2    best 
DFFRX2             1     7.524    fast_vdd1v2    best 
INVX1             37    25.308    fast_vdd1v2    best 
INVX2             18    18.468    fast_vdd1v2    best 
INVX3              4     5.472    fast_vdd1v2    best 
MX2X1             21    50.274    fast_vdd1v2    best 
MXI2X1             1     2.736    fast_vdd1v2    best 
MXI2X4             2    10.260    fast_vdd1v2    best 
NAND2BX1           2     2.736    fast_vdd1v2    best 
NAND2BX4           1     3.762    fast_vdd1v2    best 
NAND2X1           11    11.286    fast_vdd1v2    best 
NAND2X2            6    10.260    fast_vdd1v2    best 
NAND2X4            6    20.520    fast_vdd1v2    best 
NAND2X6            1     4.788    fast_vdd1v2    best 
NOR2BX1            4     5.472    fast_vdd1v2    best 
NOR2BX2            1     2.736    fast_vdd1v2    best 
NOR2X1             9     9.234    fast_vdd1v2    best 
NOR2X2             2     3.420    fast_vdd1v2    best 
NOR2X4             7    21.546    fast_vdd1v2    best 
NOR2X6             4    16.416    fast_vdd1v2    best 
NOR4X2             1     3.420    fast_vdd1v2    best 
OA21X1             1     2.052    fast_vdd1v2    best 
OA22X1             1     2.394    fast_vdd1v2    best 
OAI21X1            1     1.710    fast_vdd1v2    best 
OAI21X4            4    19.152    fast_vdd1v2    best 
OAI22X1            1     2.052    fast_vdd1v2    best 
OAI22X2            1     3.420    fast_vdd1v2    best 
OAI22X4            4    25.992    fast_vdd1v2    best 
OAI2BB1X1          3     5.130    fast_vdd1v2    best 
OAI2BB1X4          1     4.446    fast_vdd1v2    best 
OAI31X1            1     2.052    fast_vdd1v2    best 
OAI32X1            6    14.364    fast_vdd1v2    best 
OR2X1              6     8.208    fast_vdd1v2    best 
OR2X2              1     1.710    fast_vdd1v2    best 
OR3X1              1     2.052    fast_vdd1v2    best 
OR4X1              1     2.052    fast_vdd1v2    best 
XNOR2X1           44   105.336    fast_vdd1v2    best 
XNOR2X2            1     3.078    fast_vdd1v2    best 
------------------------------------------------------
total            398  1137.492                


                                         
     Type      Instances   Area   Area % 
-----------------------------------------
sequential            57  386.460   34.0 
inverter              67   69.426    6.1 
buffer                39   68.742    6.0 
logic                235  612.864   53.9 
physical_cells         0    0.000    0.0 
-----------------------------------------
total                398 1137.492  100.0 

