============================================================
  Generated by:           Genus(TM) Synthesis Solution 21.18-s082_1
  Generated on:           Sep 04 2025  05:42:10 pm
  Module:                 square_root
  Operating conditions:   PVT_0P9V_125C 
  Operating conditions:   PVT_1P32V_0C 
  Interconnect mode:      global
  Area mode:              physical library
============================================================

Timing
--------

Clock Period 
-------------
clk    830.0 


  Cost    Critical         Violating 
 Group   Path Slack  TNS     Paths   
-------------------------------------
clk            18.4   0.0          0 
default    No paths   0.0            
-------------------------------------
Total                 0.0          0 

Instance Count
--------------
Leaf Instance Count             398 
Physical Instance count           0 
Sequential Instance Count        57 
Combinational Instance Count    341 
Hierarchical Instance Count       0 

Area
----
Cell Area                          1137.492
Physical Cell Area                 0.000
Total Cell Area (Cell+Physical)    1137.492
Net Area                           449.717
Total Area (Cell+Physical+Net)     1587.209

Max Fanout                         57 (clk)
Min Fanout                         0 (rst_n)
Average Fanout                     2.0
Terms to net ratio                 3.0749
Terms to instance ratio            3.2990
Runtime                            33.400459 seconds
Elapsed Runtime                    35 seconds
Genus peak memory usage            1680.29 
Innovus peak memory usage          no_value 
Hostname                           gmicro02
