============================================================
  Generated by:           Genus(TM) Synthesis Solution 21.18-s082_1
  Generated on:           Oct 15 2025  08:19:34 pm
  Module:                 BubbleSort
  Operating conditions:   PVT_0P9V_125C 
  Operating conditions:   PVT_1P32V_0C 
  Interconnect mode:      global
  Area mode:              physical library
============================================================

                                              Library 
   Gate    Instances    Area       Library     Domain 
------------------------------------------------------
AND2X1             1     1.368    slow_vdd1v0   worst 
AND2X6             1     3.762    slow_vdd1v0   worst 
AND2X8             1     4.446    slow_vdd1v0   worst 
AOI21X4           10    51.300    slow_vdd1v0   worst 
BUFX2              3     5.130    slow_vdd1v0   worst 
BUFX3              5    10.260    slow_vdd1v0   worst 
BUFX6             23    70.794    slow_vdd1v0   worst 
BUFX8             32   120.384    slow_vdd1v0   worst 
CLKAND2X2          3     6.156    slow_vdd1v0   worst 
CLKAND2X6          4    19.152    slow_vdd1v0   worst 
CLKBUFX16          1     6.840    slow_vdd1v0   worst 
CLKBUFX20          2    16.416    slow_vdd1v0   worst 
CLKINVX12          7    28.728    slow_vdd1v0   worst 
CLKINVX16          4    21.888    slow_vdd1v0   worst 
CLKINVX2           1     1.368    slow_vdd1v0   worst 
CLKINVX3           4     6.840    slow_vdd1v0   worst 
CLKINVX4          18    30.780    slow_vdd1v0   worst 
CLKINVX6          11    26.334    slow_vdd1v0   worst 
CLKINVX8          12    36.936    slow_vdd1v0   worst 
CLKMX2X3           1     4.104    slow_vdd1v0   worst 
DFFRHQX1         265  1631.340    slow_vdd1v0   worst 
DFFRHQX2           1     7.866    slow_vdd1v0   worst 
DFFRHQX4          65   622.440    slow_vdd1v0   worst 
DFFRHQX8           1    11.286    slow_vdd1v0   worst 
DFFRX2             1     7.524    slow_vdd1v0   worst 
INVX1             57    38.988    slow_vdd1v0   worst 
INVX2              3     3.078    slow_vdd1v0   worst 
INVX20             2    12.996    slow_vdd1v0   worst 
INVX3              5     6.840    slow_vdd1v0   worst 
MX2X1             33    79.002    slow_vdd1v0   worst 
NAND2BX1           1     1.368    slow_vdd1v0   worst 
NAND2BX4           1     3.762    slow_vdd1v0   worst 
NAND2X1           10    10.260    slow_vdd1v0   worst 
NAND2X2           12    20.520    slow_vdd1v0   worst 
NAND2X4            6    20.520    slow_vdd1v0   worst 
NAND2X6           35   167.580    slow_vdd1v0   worst 
NAND2X8            5    27.360    slow_vdd1v0   worst 
NAND3BX1           1     2.052    slow_vdd1v0   worst 
NOR2BX1            4     5.472    slow_vdd1v0   worst 
NOR2BX2            5    13.680    slow_vdd1v0   worst 
NOR2BX4            4    15.048    slow_vdd1v0   worst 
NOR2X1             1     1.026    slow_vdd1v0   worst 
NOR2X2             6    10.260    slow_vdd1v0   worst 
NOR2X4            16    49.248    slow_vdd1v0   worst 
NOR2X6            18    73.872    slow_vdd1v0   worst 
NOR2X8            12    65.664    slow_vdd1v0   worst 
NOR3BX4            1     5.814    slow_vdd1v0   worst 
NOR3X6             2    14.364    slow_vdd1v0   worst 
NOR4X2             1     3.420    slow_vdd1v0   worst 
OA22X1             1     2.394    slow_vdd1v0   worst 
OAI21X2           32    98.496    slow_vdd1v0   worst 
OAI21X4            7    33.516    slow_vdd1v0   worst 
OAI2BB2X4         30   256.500    slow_vdd1v0   worst 
OAI31X4            5    34.200    slow_vdd1v0   worst 
OR2X1              3     4.104    slow_vdd1v0   worst 
OR2X2              1     1.710    slow_vdd1v0   worst 
TLATNX1            1     5.814    slow_vdd1v0   worst 
XNOR2X1            1     2.394    slow_vdd1v0   worst 
------------------------------------------------------
total            799  3844.764                


                                         
     Type      Instances   Area   Area % 
-----------------------------------------
sequential           334 2286.270   59.5 
inverter             124  214.776    5.6 
buffer                66  229.824    6.0 
logic                275 1113.894   29.0 
physical_cells         0    0.000    0.0 
-----------------------------------------
total                799 3844.764  100.0 

