============================================================
  Generated by:           Genus(TM) Synthesis Solution 21.18-s082_1
  Generated on:           Sep 05 2025  10:27:41 am
  Module:                 square_root
  Operating conditions:   PVT_0P9V_125C 
  Operating conditions:   PVT_1P32V_0C 
  Interconnect mode:      global
  Area mode:              physical library
============================================================


Path 1: MET (2 ps) Setup Check with Pin DATA_PATH_2_SQUARE_REG_reg[15].dffn_sig_q_reg/CK->D
          Group: clk
     Startpoint: (R) DATA_PATH_1_ROOT_REG_reg[2].dffn_sig_q_reg/CK
          Clock: (R) clk
       Endpoint: (R) DATA_PATH_2_SQUARE_REG_reg[15].dffn_sig_q_reg/D
          Clock: (R) clk

                     Capture       Launch     
        Clock Edge:+     530            0     
       Src Latency:+       0            0     
       Net Latency:+     100 (I)      100 (I) 
           Arrival:=     630          100     
                                              
             Setup:-      16                  
       Uncertainty:-      50                  
     Required Time:=     564                  
      Launch Clock:-     100                  
         Data Path:-     461                  
             Slack:=       2                  

#------------------------------------------------------------------------------------------------------------------------
#                  Timing Point                   Flags   Arc   Edge   Cell     Fanout Load Trans Delay Arrival Instance 
#                                                                                      (fF)  (ps)  (ps)   (ps)  Location 
#------------------------------------------------------------------------------------------------------------------------
  DATA_PATH_1_ROOT_REG_reg[2].dffn_sig_q_reg/CK   -       -     R     (arrival)     56    -     0     0     100    (-,-) 
  DATA_PATH_1_ROOT_REG_reg[2].dffn_sig_q_reg/Q    -       CK->Q F     DFFRHQX8       4 54.1    46    70     170    (-,-) 
  g9491/Y                                         -       A->Y  R     INVX2          1  4.9    22    18     188    (-,-) 
  g9370__9945/Y                                   -       B0->Y F     OAI22X4        3  9.5    41    31     219    (-,-) 
  g9266__2883/S                                   -       A->S  R     ADDHX2         4  9.3    32    53     272    (-,-) 
  g9256/Y                                         -       A->Y  F     INVX2          1  4.9    20    16     288    (-,-) 
  g9198__2398/Y                                   -       A0->Y R     OAI21X4        2  8.5    32    25     313    (-,-) 
  g9187__5477/Y                                   -       B->Y  F     NOR2X6         2  7.5    16    12     325    (-,-) 
  g9184__2802/Y                                   -       B->Y  R     NOR2X6         2  8.4    22    16     341    (-,-) 
  g9182/Y                                         -       A->Y  F     CLKINVX4       2  6.7    14    12     353    (-,-) 
  g9168__6131/Y                                   -       A1->Y R     AOI21X4        1  6.0    26    19     372    (-,-) 
  g9157__6783/Y                                   -       B->Y  F     NOR2X6         2  6.8    16    11     383    (-,-) 
  g9146__2346/Y                                   -       B->Y  R     NOR2BX4        2  6.0    22    16     399    (-,-) 
  g9121__1705/Y                                   -       C->Y  R     AND3X6         1  3.8    14    35     435    (-,-) 
  g9088__6161/CO                                  -       B->CO R     ADDHX1         1  3.8    24    30     464    (-,-) 
  g9062__5526/CO                                  -       B->CO R     ADDHX1         1  3.5    22    30     494    (-,-) 
  g9061__5107/Y                                   -       B->Y  R     XNOR2X1        1  3.2    21    28     523    (-,-) 
  g9058__2398/Y                                   -       A1->Y R     AO22X1         1  3.3    22    39     561    (-,-) 
  DATA_PATH_2_SQUARE_REG_reg[15].dffn_sig_q_reg/D <<<     -     R     DFFRHQX1       1    -     -     0     561    (-,-) 
#------------------------------------------------------------------------------------------------------------------------

