============================================================
  Generated by:           Genus(TM) Synthesis Solution 21.18-s082_1
  Generated on:           Sep 05 2025  10:27:41 am
  Module:                 square_root
  Operating conditions:   PVT_0P9V_125C 
  Operating conditions:   PVT_1P32V_0C 
  Interconnect mode:      global
  Area mode:              physical library
============================================================

Timing
--------

Clock Period 
-------------
clk    530.0 


  Cost    Critical         Violating 
 Group   Path Slack  TNS     Paths   
-------------------------------------
clk             2.2   0.0          0 
default    No paths   0.0            
-------------------------------------
Total                 0.0          0 

Instance Count
--------------
Leaf Instance Count             436 
Physical Instance count           0 
Sequential Instance Count        56 
Combinational Instance Count    380 
Hierarchical Instance Count       0 

Area
----
Cell Area                          1336.878
Physical Cell Area                 0.000
Total Cell Area (Cell+Physical)    1336.878
Net Area                           500.824
Total Area (Cell+Physical+Net)     1837.702

Max Fanout                         56 (clk)
Min Fanout                         0 (rst_n)
Average Fanout                     2.0
Terms to net ratio                 3.0589
Terms to instance ratio            3.3326
Runtime                            35.655467 seconds
Elapsed Runtime                    39 seconds
Genus peak memory usage            1679.39 
Innovus peak memory usage          no_value 
Hostname                           gmicro02
