============================================================
  Generated by:           Genus(TM) Synthesis Solution 21.18-s082_1
  Generated on:           Sep 05 2025  10:27:41 am
  Module:                 square_root
  Operating conditions:   PVT_0P9V_125C 
  Operating conditions:   PVT_1P32V_0C 
  Interconnect mode:      global
  Area mode:              physical library
============================================================

                                              Library 
   Gate    Instances    Area       Library     Domain 
------------------------------------------------------
ADDHX1            12    45.144    fast_vdd1v2    best 
ADDHX2             5    25.650    fast_vdd1v2    best 
ADDHX4             5    35.910    fast_vdd1v2    best 
AND2X1             5     6.840    fast_vdd1v2    best 
AND2X2             2     3.420    fast_vdd1v2    best 
AND2X4             4    10.944    fast_vdd1v2    best 
AND2X8             1     4.446    fast_vdd1v2    best 
AND3X1             1     2.394    fast_vdd1v2    best 
AND3X6             1     4.446    fast_vdd1v2    best 
AND3XL             1     2.052    fast_vdd1v2    best 
AO22X1            34    93.024    fast_vdd1v2    best 
AOI211X4           1     6.498    fast_vdd1v2    best 
AOI21X1            2     3.420    fast_vdd1v2    best 
AOI21X2            4    10.944    fast_vdd1v2    best 
AOI21X4            4    20.520    fast_vdd1v2    best 
AOI22X1            1     2.052    fast_vdd1v2    best 
AOI2BB1X2          1     3.078    fast_vdd1v2    best 
AOI2BB1X4          3    12.312    fast_vdd1v2    best 
AOI2BB2X2          1     5.130    fast_vdd1v2    best 
AOI31X1            1     2.052    fast_vdd1v2    best 
BUFX12             1     5.130    fast_vdd1v2    best 
BUFX2             24    41.040    fast_vdd1v2    best 
BUFX3              1     2.052    fast_vdd1v2    best 
BUFX6              2     6.156    fast_vdd1v2    best 
CLKAND2X2          1     2.052    fast_vdd1v2    best 
CLKAND2X3          2     6.156    fast_vdd1v2    best 
CLKINVX12          1     4.104    fast_vdd1v2    best 
CLKINVX4           8    13.680    fast_vdd1v2    best 
CLKINVX6           6    14.364    fast_vdd1v2    best 
CLKINVX8           3     9.234    fast_vdd1v2    best 
CLKMX2X2           2     6.156    fast_vdd1v2    best 
CLKMX2X3           5    20.520    fast_vdd1v2    best 
CLKXOR2X1         14    38.304    fast_vdd1v2    best 
DFFRHQX1          44   270.864    fast_vdd1v2    best 
DFFRHQX2           1     7.866    fast_vdd1v2    best 
DFFRHQX4           1     9.576    fast_vdd1v2    best 
DFFRHQX8           7    79.002    fast_vdd1v2    best 
DFFRX2             3    22.572    fast_vdd1v2    best 
INVX1             32    21.888    fast_vdd1v2    best 
INVX2             24    24.624    fast_vdd1v2    best 
INVX3             12    16.416    fast_vdd1v2    best 
MX2X1             22    52.668    fast_vdd1v2    best 
MXI2X1             1     2.736    fast_vdd1v2    best 
NAND2BX1           2     2.736    fast_vdd1v2    best 
NAND2X1            6     6.156    fast_vdd1v2    best 
NAND2X2           15    25.650    fast_vdd1v2    best 
NAND2X4           12    41.040    fast_vdd1v2    best 
NAND2X6            3    14.364    fast_vdd1v2    best 
NAND2X8            3    16.416    fast_vdd1v2    best 
NAND3X1            2     3.420    fast_vdd1v2    best 
NAND3X2            2     5.472    fast_vdd1v2    best 
NAND4BX2           1     4.446    fast_vdd1v2    best 
NAND4X1            1     2.052    fast_vdd1v2    best 
NOR2BX2            1     2.736    fast_vdd1v2    best 
NOR2BX4            3    11.286    fast_vdd1v2    best 
NOR2X1             5     5.130    fast_vdd1v2    best 
NOR2X2             2     3.420    fast_vdd1v2    best 
NOR2X4             2     6.156    fast_vdd1v2    best 
NOR2X6             7    28.728    fast_vdd1v2    best 
NOR3X1             1     1.710    fast_vdd1v2    best 
NOR3X4             1     5.130    fast_vdd1v2    best 
NOR4BX2            1     4.788    fast_vdd1v2    best 
OAI21X1            1     1.710    fast_vdd1v2    best 
OAI21X2            3     9.234    fast_vdd1v2    best 
OAI21X4            3    14.364    fast_vdd1v2    best 
OAI221X1           1     2.394    fast_vdd1v2    best 
OAI22X2            3    10.260    fast_vdd1v2    best 
OAI22X4            4    25.992    fast_vdd1v2    best 
OAI2BB1X1          6    10.260    fast_vdd1v2    best 
OAI32X1            4     9.576    fast_vdd1v2    best 
OR2X1              3     4.104    fast_vdd1v2    best 
OR2X2              1     1.710    fast_vdd1v2    best 
OR2X4              2     5.472    fast_vdd1v2    best 
OR2X8              1     4.446    fast_vdd1v2    best 
OR3X4              1     3.078    fast_vdd1v2    best 
XNOR2X1           25    59.850    fast_vdd1v2    best 
XNOR2X2            2     6.156    fast_vdd1v2    best 
------------------------------------------------------
total            436  1336.878                


                                         
     Type      Instances   Area   Area % 
-----------------------------------------
sequential            56  389.880   29.2 
inverter              86  104.310    7.8 
buffer                28   54.378    4.1 
logic                266  788.310   59.0 
physical_cells         0    0.000    0.0 
-----------------------------------------
total                436 1336.878  100.0 

