============================================================
  Generated by:           Genus(TM) Synthesis Solution 21.18-s082_1
  Generated on:           Sep 05 2025  10:26:41 am
  Module:                 square_root
  Operating conditions:   PVT_0P9V_125C 
  Operating conditions:   PVT_1P32V_0C 
  Interconnect mode:      global
  Area mode:              physical library
============================================================

                                              Library 
   Gate    Instances    Area       Library     Domain 
------------------------------------------------------
ADDHX1            10    37.620    fast_vdd1v2    best 
ADDHX2             7    35.910    fast_vdd1v2    best 
ADDHX4             3    21.546    fast_vdd1v2    best 
AND2X1             2     2.736    fast_vdd1v2    best 
AND2X2             3     5.130    fast_vdd1v2    best 
AND2X4             2     5.472    fast_vdd1v2    best 
AND2X6             2     7.524    fast_vdd1v2    best 
AND3X6             2     8.892    fast_vdd1v2    best 
AO21X4             1     3.420    fast_vdd1v2    best 
AO22X1            33    90.288    fast_vdd1v2    best 
AOI21X1            3     5.130    fast_vdd1v2    best 
AOI21X2            2     5.472    fast_vdd1v2    best 
AOI21X4            6    30.780    fast_vdd1v2    best 
AOI21XL            1     1.710    fast_vdd1v2    best 
AOI22X2            1     3.762    fast_vdd1v2    best 
AOI22X4            1     6.156    fast_vdd1v2    best 
AOI2BB1X1          1     2.052    fast_vdd1v2    best 
AOI2BB1X4          1     4.104    fast_vdd1v2    best 
AOI31X1            1     2.052    fast_vdd1v2    best 
AOI31X2            2     6.840    fast_vdd1v2    best 
AOI32X4            1     7.866    fast_vdd1v2    best 
BUFX12             1     5.130    fast_vdd1v2    best 
BUFX16             1     6.840    fast_vdd1v2    best 
BUFX2             25    42.750    fast_vdd1v2    best 
BUFX3              5    10.260    fast_vdd1v2    best 
BUFX6              4    12.312    fast_vdd1v2    best 
CLKAND2X2          4     8.208    fast_vdd1v2    best 
CLKAND2X3          4    12.312    fast_vdd1v2    best 
CLKAND2X6          2     9.576    fast_vdd1v2    best 
CLKINVX2           1     1.368    fast_vdd1v2    best 
CLKINVX4           6    10.260    fast_vdd1v2    best 
CLKINVX6           5    11.970    fast_vdd1v2    best 
CLKINVX8           2     6.156    fast_vdd1v2    best 
CLKMX2X2           1     3.078    fast_vdd1v2    best 
CLKMX2X3          15    61.560    fast_vdd1v2    best 
CLKXOR2X1          4    10.944    fast_vdd1v2    best 
CLKXOR2X2          2     6.840    fast_vdd1v2    best 
DFFRHQX1          41   252.396    fast_vdd1v2    best 
DFFRHQX4           4    38.304    fast_vdd1v2    best 
DFFRHQX8           6    67.716    fast_vdd1v2    best 
DFFRX2             4    30.096    fast_vdd1v2    best 
DFFRXL             1     8.550    fast_vdd1v2    best 
INVX1             25    17.100    fast_vdd1v2    best 
INVX2             30    30.780    fast_vdd1v2    best 
INVX3             10    13.680    fast_vdd1v2    best 
INVX6              2     4.788    fast_vdd1v2    best 
INVX8              1     3.078    fast_vdd1v2    best 
INVXL              2     1.368    fast_vdd1v2    best 
MX2X1             17    40.698    fast_vdd1v2    best 
MXI2X2             1     4.446    fast_vdd1v2    best 
NAND2BX1           2     2.736    fast_vdd1v2    best 
NAND2BX2           2     4.788    fast_vdd1v2    best 
NAND2BX4           1     3.762    fast_vdd1v2    best 
NAND2X1            4     4.104    fast_vdd1v2    best 
NAND2X2            6    10.260    fast_vdd1v2    best 
NAND2X4           16    54.720    fast_vdd1v2    best 
NAND2X6            7    33.516    fast_vdd1v2    best 
NAND2X8            4    21.888    fast_vdd1v2    best 
NAND3BX4           1     5.130    fast_vdd1v2    best 
NAND3BXL           1     1.710    fast_vdd1v2    best 
NAND3X2            1     2.736    fast_vdd1v2    best 
NAND4X2            1     3.762    fast_vdd1v2    best 
NOR2BX1            1     1.368    fast_vdd1v2    best 
NOR2BX2            1     2.736    fast_vdd1v2    best 
NOR2X1             7     7.182    fast_vdd1v2    best 
NOR2X2             2     3.420    fast_vdd1v2    best 
NOR2X4            12    36.936    fast_vdd1v2    best 
NOR2X6             5    20.520    fast_vdd1v2    best 
NOR2X8             1     5.472    fast_vdd1v2    best 
NOR3X4             2    10.260    fast_vdd1v2    best 
NOR3X6             1     7.182    fast_vdd1v2    best 
NOR4BX1            1     2.394    fast_vdd1v2    best 
OA22X1             1     2.394    fast_vdd1v2    best 
OAI211X1           1     1.710    fast_vdd1v2    best 
OAI21X1            1     1.710    fast_vdd1v2    best 
OAI21X4            7    33.516    fast_vdd1v2    best 
OAI22X1            1     2.052    fast_vdd1v2    best 
OAI22X4            2    12.996    fast_vdd1v2    best 
OAI2BB1X1          3     5.130    fast_vdd1v2    best 
OAI2BB1X4          1     4.446    fast_vdd1v2    best 
OAI31X2            1     3.762    fast_vdd1v2    best 
OAI32X1            1     2.394    fast_vdd1v2    best 
OR2X1              2     2.736    fast_vdd1v2    best 
OR2X2              2     3.420    fast_vdd1v2    best 
OR2X4              1     2.736    fast_vdd1v2    best 
OR2X6              3    11.286    fast_vdd1v2    best 
XNOR2X1           27    64.638    fast_vdd1v2    best 
XNOR2X2            2     6.156    fast_vdd1v2    best 
XNOR2X4            1     3.762    fast_vdd1v2    best 
------------------------------------------------------
total            447  1438.452                


                                         
     Type      Instances   Area   Area % 
-----------------------------------------
sequential            56  397.062   27.6 
inverter              84  100.548    7.0 
buffer                36   77.292    5.4 
logic                271  863.550   60.0 
physical_cells         0    0.000    0.0 
-----------------------------------------
total                447 1438.452  100.0 

