============================================================
  Generated by:           Genus(TM) Synthesis Solution 21.18-s082_1
  Generated on:           Sep 15 2025  10:04:33 pm
  Module:                 Square_root
  Operating conditions:   PVT_0P9V_125C 
  Operating conditions:   PVT_1P32V_0C 
  Interconnect mode:      global
  Area mode:              physical library
============================================================

Timing
--------

Clock Period 
-------------
clk   1270.0 


  Cost    Critical         Violating 
 Group   Path Slack  TNS     Paths   
-------------------------------------
clk             0.2   0.0          0 
default    No paths   0.0            
-------------------------------------
Total                 0.0          0 

Instance Count
--------------
Leaf Instance Count             467 
Physical Instance count           0 
Sequential Instance Count       120 
Combinational Instance Count    347 
Hierarchical Instance Count       0 

Area
----
Cell Area                          1869.372
Physical Cell Area                 0.000
Total Cell Area (Cell+Physical)    1869.372
Net Area                           511.182
Total Area (Cell+Physical+Net)     2380.554

Max Fanout                         120 (clk)
Min Fanout                         0 (rst_n)
Average Fanout                     2.1
Terms to net ratio                 3.3217
Terms to instance ratio            3.4711
Runtime                            23.794037 seconds
Elapsed Runtime                    25 seconds
Genus peak memory usage            1455.44 
Innovus peak memory usage          no_value 
Hostname                           gmicro02
