============================================================
  Generated by:           Genus(TM) Synthesis Solution 21.18-s082_1
  Generated on:           Sep 15 2025  10:04:33 pm
  Module:                 Square_root
  Operating conditions:   PVT_0P9V_125C 
  Operating conditions:   PVT_1P32V_0C 
  Interconnect mode:      global
  Area mode:              physical library
============================================================

                                              Library 
   Gate    Instances    Area       Library     Domain 
------------------------------------------------------
ACHCONX2           1    12.654    slow_vdd1v0   worst 
ADDFHX4            1     9.576    slow_vdd1v0   worst 
ADDHX1             1     3.762    slow_vdd1v0   worst 
ADDHX2             1     5.130    slow_vdd1v0   worst 
AND2X6             2     7.524    slow_vdd1v0   worst 
AO21X1             4     9.576    slow_vdd1v0   worst 
AOI211X2           1     3.420    slow_vdd1v0   worst 
AOI21X1            1     1.710    slow_vdd1v0   worst 
AOI21X4            4    20.520    slow_vdd1v0   worst 
AOI2BB1X2          1     3.078    slow_vdd1v0   worst 
AOI2BB1X4          6    24.624    slow_vdd1v0   worst 
AOI2BB2X4          4    30.096    slow_vdd1v0   worst 
BUFX12             2    10.260    slow_vdd1v0   worst 
BUFX2              5     8.550    slow_vdd1v0   worst 
BUFX3              1     2.052    slow_vdd1v0   worst 
BUFX6             10    30.780    slow_vdd1v0   worst 
CLKAND2X2          2     4.104    slow_vdd1v0   worst 
CLKAND2X3          1     3.078    slow_vdd1v0   worst 
CLKAND2X4          1     3.420    slow_vdd1v0   worst 
CLKAND2X6          2     9.576    slow_vdd1v0   worst 
CLKBUFX20          1     8.208    slow_vdd1v0   worst 
CLKBUFX4           1     2.394    slow_vdd1v0   worst 
CLKINVX12          3    12.312    slow_vdd1v0   worst 
CLKINVX16          1     5.472    slow_vdd1v0   worst 
CLKINVX2           4     5.472    slow_vdd1v0   worst 
CLKINVX4          10    17.100    slow_vdd1v0   worst 
CLKINVX6          11    26.334    slow_vdd1v0   worst 
CLKINVX8           3     9.234    slow_vdd1v0   worst 
CLKXOR2X1          7    19.152    slow_vdd1v0   worst 
CLKXOR2X2          2     6.840    slow_vdd1v0   worst 
DFFRHQX1          57   350.892    slow_vdd1v0   worst 
DFFRHQX2           9    70.794    slow_vdd1v0   worst 
DFFRHQX4          28   268.128    slow_vdd1v0   worst 
DFFRHQX8           4    45.144    slow_vdd1v0   worst 
DFFRX2            16   120.384    slow_vdd1v0   worst 
DFFSHQX1           4    25.992    slow_vdd1v0   worst 
DFFSHQX4           1     9.576    slow_vdd1v0   worst 
DFFSHQX8           1    10.602    slow_vdd1v0   worst 
INVX1              7     4.788    slow_vdd1v0   worst 
INVX2             22    22.572    slow_vdd1v0   worst 
INVX3              4     5.472    slow_vdd1v0   worst 
INVX6              1     2.394    slow_vdd1v0   worst 
INVX8              1     3.078    slow_vdd1v0   worst 
MX2X1            104   248.976    slow_vdd1v0   worst 
MX3X1              1     5.130    slow_vdd1v0   worst 
NAND2BX1           2     2.736    slow_vdd1v0   worst 
NAND2BX2           1     2.394    slow_vdd1v0   worst 
NAND2BX4           1     3.762    slow_vdd1v0   worst 
NAND2X1            3     3.078    slow_vdd1v0   worst 
NAND2X2            5     8.550    slow_vdd1v0   worst 
NAND2X4            5    17.100    slow_vdd1v0   worst 
NAND2X6            6    28.728    slow_vdd1v0   worst 
NAND2X8            3    16.416    slow_vdd1v0   worst 
NOR2BX1            3     4.104    slow_vdd1v0   worst 
NOR2BX2            2     5.472    slow_vdd1v0   worst 
NOR2X1             2     2.052    slow_vdd1v0   worst 
NOR2X2            13    22.230    slow_vdd1v0   worst 
NOR2X4            19    58.482    slow_vdd1v0   worst 
NOR2X6             7    28.728    slow_vdd1v0   worst 
NOR2X8             3    16.416    slow_vdd1v0   worst 
NOR3BX2            1     3.420    slow_vdd1v0   worst 
NOR3X2             2     5.472    slow_vdd1v0   worst 
NOR3X4             1     5.130    slow_vdd1v0   worst 
OAI21X1            1     1.710    slow_vdd1v0   worst 
OAI21X2            2     6.156    slow_vdd1v0   worst 
OAI21X4            7    33.516    slow_vdd1v0   worst 
OAI22X2            1     3.420    slow_vdd1v0   worst 
OAI22X4            3    19.494    slow_vdd1v0   worst 
OAI2BB1X1          2     3.420    slow_vdd1v0   worst 
OAI2BB1X2          1     3.078    slow_vdd1v0   worst 
OAI2BB1X4          1     4.446    slow_vdd1v0   worst 
OAI2BB2X4          1     8.550    slow_vdd1v0   worst 
OAI31X2            1     3.762    slow_vdd1v0   worst 
OR2X1              1     1.368    slow_vdd1v0   worst 
OR2X2              1     1.710    slow_vdd1v0   worst 
OR2X4              1     2.736    slow_vdd1v0   worst 
OR2X6              1     3.762    slow_vdd1v0   worst 
OR3X1              1     2.052    slow_vdd1v0   worst 
OR4X6              1     5.472    slow_vdd1v0   worst 
XNOR2X1            6    14.364    slow_vdd1v0   worst 
XNOR2X2            2     6.156    slow_vdd1v0   worst 
------------------------------------------------------
total            467  1869.372                


                                         
     Type      Instances   Area   Area % 
-----------------------------------------
sequential           120  901.512   48.2 
inverter              67  114.228    6.1 
buffer                20   62.244    3.3 
logic                260  791.388   42.3 
physical_cells         0    0.000    0.0 
-----------------------------------------
total                467 1869.372  100.0 

