============================================================
  Generated by:           Genus(TM) Synthesis Solution 21.18-s082_1
  Generated on:           Oct 15 2025  08:28:05 pm
  Module:                 BubbleSort
  Operating conditions:   PVT_0P9V_125C 
  Operating conditions:   PVT_1P32V_0C 
  Interconnect mode:      global
  Area mode:              physical library
============================================================

                                              Library 
   Gate    Instances    Area       Library     Domain 
------------------------------------------------------
AND2X6             1     3.762    fast_vdd1v2    best 
AOI21X2            8    21.888    fast_vdd1v2    best 
AOI21X4            2    10.260    fast_vdd1v2    best 
AOI22X1           32    65.664    fast_vdd1v2    best 
AOI22X2            2     7.524    fast_vdd1v2    best 
AOI22X4            1     6.156    fast_vdd1v2    best 
AOI31X2            3    10.260    fast_vdd1v2    best 
AOI31X4            2    12.996    fast_vdd1v2    best 
AOI32X2            1     4.446    fast_vdd1v2    best 
BUFX3             32    65.664    fast_vdd1v2    best 
BUFX6              1     3.078    fast_vdd1v2    best 
CLKAND2X2          2     4.104    fast_vdd1v2    best 
CLKAND2X3          2     6.156    fast_vdd1v2    best 
CLKAND2X6          1     4.788    fast_vdd1v2    best 
CLKBUFX2           1     1.710    fast_vdd1v2    best 
CLKINVX12         32   131.328    fast_vdd1v2    best 
CLKINVX16          1     5.472    fast_vdd1v2    best 
CLKINVX4          35    59.850    fast_vdd1v2    best 
DFFRHQX1         234  1440.504    fast_vdd1v2    best 
DFFRHQX2           2    15.732    fast_vdd1v2    best 
DFFRHQX4           2    19.152    fast_vdd1v2    best 
DFFRHQX8          33   372.438    fast_vdd1v2    best 
DFFRX1             1     6.840    fast_vdd1v2    best 
DFFRX2            60   451.440    fast_vdd1v2    best 
DFFRX4             1     9.576    fast_vdd1v2    best 
INVX1             11     7.524    fast_vdd1v2    best 
INVX2             10    10.260    fast_vdd1v2    best 
INVX3              5     6.840    fast_vdd1v2    best 
INVXL              3     2.052    fast_vdd1v2    best 
MX2X1             34    81.396    fast_vdd1v2    best 
MXI2XL             1     2.394    fast_vdd1v2    best 
NAND2BX1           8    10.944    fast_vdd1v2    best 
NAND2BX2           8    19.152    fast_vdd1v2    best 
NAND2BX4           9    33.858    fast_vdd1v2    best 
NAND2X1            3     3.078    fast_vdd1v2    best 
NAND2X2            3     5.130    fast_vdd1v2    best 
NAND2X4            8    27.360    fast_vdd1v2    best 
NAND2X6            2     9.576    fast_vdd1v2    best 
NAND3BX2           1     3.078    fast_vdd1v2    best 
NAND4BX1           2     4.788    fast_vdd1v2    best 
NAND4XL            1     1.710    fast_vdd1v2    best 
NOR2BX1            8    10.944    fast_vdd1v2    best 
NOR2BX2            4    10.944    fast_vdd1v2    best 
NOR2X1             3     3.078    fast_vdd1v2    best 
NOR2X2             4     6.840    fast_vdd1v2    best 
NOR2X4             6    18.468    fast_vdd1v2    best 
NOR2X6             3    12.312    fast_vdd1v2    best 
OAI21X1            1     1.710    fast_vdd1v2    best 
OAI21X2            3     9.234    fast_vdd1v2    best 
OAI21X4            8    38.304    fast_vdd1v2    best 
OAI2BB1X1         32    54.720    fast_vdd1v2    best 
OAI2BB1X2          1     3.078    fast_vdd1v2    best 
OAI2BB1X4          4    17.784    fast_vdd1v2    best 
OAI32X1            1     2.394    fast_vdd1v2    best 
OR2X1              1     1.368    fast_vdd1v2    best 
TLATNXL            1     5.472    fast_vdd1v2    best 
------------------------------------------------------
total            681  3166.578                


                                         
     Type      Instances   Area   Area % 
-----------------------------------------
sequential           334 2321.154   73.3 
inverter              97  223.326    7.1 
buffer                34   70.452    2.2 
logic                216  551.646   17.4 
physical_cells         0    0.000    0.0 
-----------------------------------------
total                681 3166.578  100.0 

