============================================================
  Generated by:           Genus(TM) Synthesis Solution 21.18-s082_1
  Generated on:           Oct 15 2025  08:28:05 pm
  Module:                 BubbleSort
  Operating conditions:   PVT_0P9V_125C 
  Operating conditions:   PVT_1P32V_0C 
  Interconnect mode:      global
  Area mode:              physical library
============================================================

Timing
--------

Clock Period 
-------------
clk    460.0 


  Cost    Critical         Violating 
 Group   Path Slack  TNS     Paths   
-------------------------------------
clk             7.8   0.0          0 
default    No paths   0.0            
-------------------------------------
Total                 0.0          0 

Instance Count
--------------
Leaf Instance Count             681 
Physical Instance count           0 
Sequential Instance Count       334 
Combinational Instance Count    347 
Hierarchical Instance Count       0 

Area
----
Cell Area                          3166.578
Physical Cell Area                 0.000
Total Cell Area (Cell+Physical)    3166.578
Net Area                           671.421
Total Area (Cell+Physical+Net)     3837.999

Max Fanout                         333 (clk_gated_s)
Min Fanout                         0 (n_0)
Average Fanout                     2.0
Terms to net ratio                 3.4895
Terms to instance ratio            3.6637
Runtime                            21.626255 seconds
Elapsed Runtime                    283 seconds
Genus peak memory usage            1457.85 
Innovus peak memory usage          no_value 
Hostname                           gmicro02
