============================================================
  Generated by:           Genus(TM) Synthesis Solution 21.18-s082_1
  Generated on:           Sep 05 2025  01:45:59 pm
  Module:                 square_root
  Operating conditions:   PVT_0P9V_125C 
  Operating conditions:   PVT_1P32V_0C 
  Interconnect mode:      global
  Area mode:              physical library
============================================================

Timing
--------

Clock Period 
-------------
clk    500.0 


  Cost    Critical           Violating 
 Group   Path Slack   TNS      Paths   
---------------------------------------
clk           -12.2   -51.6         10 
default    No paths     0.0            
---------------------------------------
Total                 -51.6         10 

Instance Count
--------------
Leaf Instance Count             447 
Physical Instance count           0 
Sequential Instance Count        56 
Combinational Instance Count    391 
Hierarchical Instance Count       0 

Area
----
Cell Area                          1438.452
Physical Cell Area                 0.000
Total Cell Area (Cell+Physical)    1438.452
Net Area                           506.050
Total Area (Cell+Physical+Net)     1944.502

Max Fanout                         56 (clk)
Min Fanout                         0 (rst_n)
Average Fanout                     2.0
Terms to net ratio                 3.0351
Terms to instance ratio            3.2864
Runtime                            41.032117 seconds
Elapsed Runtime                    44 seconds
Genus peak memory usage            1669.78 
Innovus peak memory usage          no_value 
Hostname                           gmicro02
