============================================================
  Generated by:           Genus(TM) Synthesis Solution 21.18-s082_1
  Generated on:           Oct 16 2025  12:51:11 pm
  Module:                 BubbleSort
  Operating conditions:   PVT_0P9V_125C 
  Operating conditions:   PVT_1P32V_0C 
  Interconnect mode:      global
  Area mode:              physical library
============================================================

Timing
--------

Clock Period 
-------------
clk    420.0 


  Cost    Critical            Violating 
 Group   Path Slack    TNS      Paths   
----------------------------------------
clk            -6.6   -314.1         65 
default    No paths      0.0            
----------------------------------------
Total                 -314.1         65 

Instance Count
--------------
Leaf Instance Count             629 
Physical Instance count           0 
Sequential Instance Count       334 
Combinational Instance Count    295 
Hierarchical Instance Count       0 

Area
----
Cell Area                          3227.454
Physical Cell Area                 0.000
Total Cell Area (Cell+Physical)    3227.454
Net Area                           633.599
Total Area (Cell+Physical+Net)     3861.053

Max Fanout                         333 (clk_gated_s)
Min Fanout                         0 (n_0)
Average Fanout                     2.1
Terms to net ratio                 3.5671
Terms to instance ratio            3.7599
Runtime                            24.483749000000003 seconds
Elapsed Runtime                    26 seconds
Genus peak memory usage            1755.68 
Innovus peak memory usage          no_value 
Hostname                           gmicro02
