============================================================
  Generated by:           Genus(TM) Synthesis Solution 21.18-s082_1
  Generated on:           Sep 18 2025  12:08:10 am
  Module:                 Square_root
  Operating conditions:   PVT_0P9V_125C 
  Operating conditions:   PVT_1P32V_0C 
  Interconnect mode:      global
  Area mode:              physical library
============================================================

Timing
--------

Clock Period 
-------------
clk    440.0 


  Cost    Critical         Violating 
 Group   Path Slack  TNS     Paths   
-------------------------------------
clk             0.3   0.0          0 
default    No paths   0.0            
-------------------------------------
Total                 0.0          0 

Instance Count
--------------
Leaf Instance Count             264 
Physical Instance count           0 
Sequential Instance Count        62 
Combinational Instance Count    202 
Hierarchical Instance Count       0 

Area
----
Cell Area                          915.534
Physical Cell Area                 0.000
Total Cell Area (Cell+Physical)    915.534
Net Area                           306.090
Total Area (Cell+Physical+Net)     1221.624

Max Fanout                         61 (clk)
Min Fanout                         0 (rst_n)
Average Fanout                     2.0
Terms to net ratio                 3.1367
Terms to instance ratio            3.5644
Runtime                            19.769268 seconds
Elapsed Runtime                    21 seconds
Genus peak memory usage            1326.05 
Innovus peak memory usage          no_value 
Hostname                           gmicro02
