============================================================
  Generated by:           Genus(TM) Synthesis Solution 21.18-s082_1
  Generated on:           Sep 18 2025  12:08:10 am
  Module:                 Square_root
  Operating conditions:   PVT_0P9V_125C 
  Operating conditions:   PVT_1P32V_0C 
  Interconnect mode:      global
  Area mode:              physical library
============================================================

                                             Library 
   Gate    Instances   Area       Library     Domain 
-----------------------------------------------------
ADDHX1            17   63.954    fast_vdd1v2    best 
ADDHX2             2   10.260    fast_vdd1v2    best 
AND2X1             2    2.736    fast_vdd1v2    best 
AND2X2             1    1.710    fast_vdd1v2    best 
AO21X1             2    4.788    fast_vdd1v2    best 
AOI211X2           1    3.420    fast_vdd1v2    best 
AOI21X1            1    1.710    fast_vdd1v2    best 
AOI21X4            1    5.130    fast_vdd1v2    best 
AOI221X1           2    4.788    fast_vdd1v2    best 
AOI22X1            2    4.104    fast_vdd1v2    best 
AOI2BB1X1          1    2.052    fast_vdd1v2    best 
AOI31X1            1    2.052    fast_vdd1v2    best 
AOI32X1            1    2.394    fast_vdd1v2    best 
BUFX12             1    5.130    fast_vdd1v2    best 
BUFX16             1    6.840    fast_vdd1v2    best 
BUFX2              5    8.550    fast_vdd1v2    best 
BUFX20             2   16.416    fast_vdd1v2    best 
BUFX3              3    6.156    fast_vdd1v2    best 
BUFX6              1    3.078    fast_vdd1v2    best 
BUFX8              1    3.762    fast_vdd1v2    best 
CLKBUFX16          3   20.520    fast_vdd1v2    best 
CLKBUFX3           6   12.312    fast_vdd1v2    best 
CLKINVX2           1    1.368    fast_vdd1v2    best 
CLKINVX4           1    1.710    fast_vdd1v2    best 
CLKMX2X3           1    4.104    fast_vdd1v2    best 
CLKXOR2X1          8   21.888    fast_vdd1v2    best 
DFFRHQX1          46  283.176    fast_vdd1v2    best 
DFFRHQX2           2   15.732    fast_vdd1v2    best 
DFFRHQX4           4   38.304    fast_vdd1v2    best 
DFFRHQX8           1   11.286    fast_vdd1v2    best 
DFFRX1             2   13.680    fast_vdd1v2    best 
DFFRX2             5   37.620    fast_vdd1v2    best 
DFFSHQX2           1    8.208    fast_vdd1v2    best 
INVX1              8    5.472    fast_vdd1v2    best 
INVX2             12   12.312    fast_vdd1v2    best 
MX2X1             54  129.276    fast_vdd1v2    best 
NAND2BX1           2    2.736    fast_vdd1v2    best 
NAND2X1            3    3.078    fast_vdd1v2    best 
NAND2X2            2    3.420    fast_vdd1v2    best 
NAND2X4            2    6.840    fast_vdd1v2    best 
NAND2X6            1    4.788    fast_vdd1v2    best 
NAND2XL            1    1.026    fast_vdd1v2    best 
NAND4X1            1    2.052    fast_vdd1v2    best 
NOR2BX1            5    6.840    fast_vdd1v2    best 
NOR2BX2            1    2.736    fast_vdd1v2    best 
NOR2BX4            2    7.524    fast_vdd1v2    best 
NOR2X1             6    6.156    fast_vdd1v2    best 
NOR2X2             5    8.550    fast_vdd1v2    best 
NOR2X4             1    3.078    fast_vdd1v2    best 
NOR2X6             1    4.104    fast_vdd1v2    best 
NOR4BX1            1    2.394    fast_vdd1v2    best 
NOR4X2             1    3.420    fast_vdd1v2    best 
OA21X1             2    4.104    fast_vdd1v2    best 
OAI211X1           1    1.710    fast_vdd1v2    best 
OAI21X2            1    3.078    fast_vdd1v2    best 
OAI21X4            1    4.788    fast_vdd1v2    best 
OAI221X1           3    7.182    fast_vdd1v2    best 
OAI22X1            2    4.104    fast_vdd1v2    best 
OAI2BB1X4          2    8.892    fast_vdd1v2    best 
OR2X1              1    1.368    fast_vdd1v2    best 
OR2X2              1    1.710    fast_vdd1v2    best 
OR2X6              2    7.524    fast_vdd1v2    best 
OR3X1              2    4.104    fast_vdd1v2    best 
TLATX1             1    5.472    fast_vdd1v2    best 
XNOR2X1            7   16.758    fast_vdd1v2    best 
-----------------------------------------------------
total            264  915.534                


                                        
     Type      Instances   Area  Area % 
----------------------------------------
sequential            62 413.478   45.2 
inverter              22  20.862    2.3 
buffer                23  82.764    9.0 
logic                157 398.430   43.5 
physical_cells         0   0.000    0.0 
----------------------------------------
total                264 915.534  100.0 

