============================================================
  Generated by:           Genus(TM) Synthesis Solution 21.18-s082_1
  Generated on:           Sep 15 2025  10:36:29 pm
  Module:                 Square_root
  Operating conditions:   PVT_0P9V_125C 
  Operating conditions:   PVT_1P32V_0C 
  Interconnect mode:      global
  Area mode:              physical library
============================================================

                                              Library 
   Gate    Instances    Area       Library     Domain 
------------------------------------------------------
ADDHX1            21    79.002    fast_vdd1v2    best 
AO21X1             1     2.394    fast_vdd1v2    best 
AOI211XL           2     4.104    fast_vdd1v2    best 
AOI21X1            1     1.710    fast_vdd1v2    best 
AOI2BB1X1          1     2.052    fast_vdd1v2    best 
AOI31X1            1     2.052    fast_vdd1v2    best 
BUFX20             3    24.624    fast_vdd1v2    best 
BUFX6              1     3.078    fast_vdd1v2    best 
CLKBUFX3           8    16.416    fast_vdd1v2    best 
CLKMX2X3          16    65.664    fast_vdd1v2    best 
CLKXOR2X1          6    16.416    fast_vdd1v2    best 
DFFRHQX1          97   597.132    fast_vdd1v2    best 
DFFRHQX4           4    38.304    fast_vdd1v2    best 
DFFRHQX8           4    45.144    fast_vdd1v2    best 
DFFSHQX1           5    32.490    fast_vdd1v2    best 
DFFSHQX8           2    21.204    fast_vdd1v2    best 
INVX1              5     3.420    fast_vdd1v2    best 
MX2X1             91   217.854    fast_vdd1v2    best 
NAND2BX1           1     1.368    fast_vdd1v2    best 
NAND3X1            1     1.710    fast_vdd1v2    best 
NOR2BX1            2     2.736    fast_vdd1v2    best 
NOR2X1             3     3.078    fast_vdd1v2    best 
NOR2X2             1     1.710    fast_vdd1v2    best 
OAI21X1            1     1.710    fast_vdd1v2    best 
OAI2BB1X1          3     5.130    fast_vdd1v2    best 
OAI32X1            1     2.394    fast_vdd1v2    best 
OR2X1              9    12.312    fast_vdd1v2    best 
OR2X6              1     3.762    fast_vdd1v2    best 
XNOR2X1            7    16.758    fast_vdd1v2    best 
------------------------------------------------------
total            299  1225.728                


                                         
     Type      Instances   Area   Area % 
-----------------------------------------
sequential           112  734.274   59.9 
inverter               5    3.420    0.3 
buffer                12   44.118    3.6 
unresolved             1    0.000    0.0 
logic                170  443.916   36.2 
physical_cells         0    0.000    0.0 
-----------------------------------------
total                300 1225.728  100.0 

