============================================================
  Generated by:           Genus(TM) Synthesis Solution 21.18-s082_1
  Generated on:           Sep 15 2025  10:36:29 pm
  Module:                 Square_root
  Operating conditions:   PVT_0P9V_125C 
  Operating conditions:   PVT_1P32V_0C 
  Interconnect mode:      global
  Area mode:              physical library
============================================================

Timing
--------

Clock Period 
-------------
clk    440.0 


  Cost    Critical         Violating 
 Group   Path Slack  TNS     Paths   
-------------------------------------
clk             8.0   0.0          0 
default    No paths   0.0            
-------------------------------------
Total                 0.0          0 

Instance Count
--------------
Leaf Instance Count             299 
Physical Instance count           0 
Sequential Instance Count       112 
Combinational Instance Count    187 
Hierarchical Instance Count       2 

Area
----
Cell Area                          1225.728
Physical Cell Area                 0.000
Total Cell Area (Cell+Physical)    1225.728
Net Area                           357.406
Total Area (Cell+Physical+Net)     1583.134

Max Fanout                         112 (clk)
Min Fanout                         0 (rst_n)
Average Fanout                     2.2
Terms to net ratio                 3.3441
Terms to instance ratio            3.8027
Runtime                            20.577095 seconds
Elapsed Runtime                    23 seconds
Genus peak memory usage            1463.91 
Innovus peak memory usage          no_value 
Hostname                           gmicro02
