============================================================
  Generated by:           Genus(TM) Synthesis Solution 21.18-s082_1
  Generated on:           Oct 16 2025  12:49:55 pm
  Module:                 BubbleSort
  Operating conditions:   PVT_0P9V_125C 
  Operating conditions:   PVT_1P32V_0C 
  Interconnect mode:      global
  Area mode:              physical library
============================================================

                                              Library 
   Gate    Instances    Area       Library     Domain 
------------------------------------------------------
AND2X1             2     2.736    fast_vdd1v2    best 
AND2X8             1     4.446    fast_vdd1v2    best 
AOI21X1            5     8.550    fast_vdd1v2    best 
AOI21X2            9    24.624    fast_vdd1v2    best 
AOI21X4            3    15.390    fast_vdd1v2    best 
AOI22X1           32    65.664    fast_vdd1v2    best 
AOI2BB1X2          2     6.156    fast_vdd1v2    best 
AOI2BB1X4          1     4.104    fast_vdd1v2    best 
AOI31X2            1     3.420    fast_vdd1v2    best 
AOI31X4            1     6.498    fast_vdd1v2    best 
BUFX12             1     5.130    fast_vdd1v2    best 
BUFX2              1     1.710    fast_vdd1v2    best 
BUFX3              1     2.052    fast_vdd1v2    best 
CLKAND2X3          1     3.078    fast_vdd1v2    best 
CLKBUFX2           1     1.710    fast_vdd1v2    best 
CLKINVX12         62   254.448    fast_vdd1v2    best 
CLKINVX4           2     3.420    fast_vdd1v2    best 
CLKINVX6          32    76.608    fast_vdd1v2    best 
CLKINVX8           2     6.156    fast_vdd1v2    best 
DFFRHQX1         235  1446.660    fast_vdd1v2    best 
DFFRHQX2          58   456.228    fast_vdd1v2    best 
DFFRHQX8          34   383.724    fast_vdd1v2    best 
DFFRX2             6    45.144    fast_vdd1v2    best 
INVX1             10     6.840    fast_vdd1v2    best 
INVX2              8     8.208    fast_vdd1v2    best 
INVX3              4     5.472    fast_vdd1v2    best 
INVXL              3     2.052    fast_vdd1v2    best 
MX2X1             32    76.608    fast_vdd1v2    best 
MXI2XL             1     2.394    fast_vdd1v2    best 
NAND2BX1          18    24.624    fast_vdd1v2    best 
NAND2X1            7     7.182    fast_vdd1v2    best 
NAND2X2            5     8.550    fast_vdd1v2    best 
NAND2X4            5    17.100    fast_vdd1v2    best 
NAND3BXL           2     3.420    fast_vdd1v2    best 
NAND3X1            2     3.420    fast_vdd1v2    best 
NOR2BX1            3     4.104    fast_vdd1v2    best 
NOR2BX2           11    30.096    fast_vdd1v2    best 
NOR2BX4            1     3.762    fast_vdd1v2    best 
NOR2X1             1     1.026    fast_vdd1v2    best 
NOR2X2             5     8.550    fast_vdd1v2    best 
NOR2X4             8    24.624    fast_vdd1v2    best 
NOR4X1             1     1.710    fast_vdd1v2    best 
OA21X1             1     2.052    fast_vdd1v2    best 
OAI21X1            1     1.710    fast_vdd1v2    best 
OAI21X2           11    33.858    fast_vdd1v2    best 
OAI21X4           34   162.792    fast_vdd1v2    best 
OAI221X1           1     2.394    fast_vdd1v2    best 
OAI2BB1X4          1     4.446    fast_vdd1v2    best 
OAI31X2            5    18.810    fast_vdd1v2    best 
OR2X1              1     1.368    fast_vdd1v2    best 
OR3X1              1     2.052    fast_vdd1v2    best 
TLATNXL            1     5.472    fast_vdd1v2    best 
------------------------------------------------------
total            677  3302.352                


                                         
     Type      Instances   Area   Area % 
-----------------------------------------
sequential           334 2337.228   70.8 
inverter             123  363.204   11.0 
buffer                 4   10.602    0.3 
logic                216  591.318   17.9 
physical_cells         0    0.000    0.0 
-----------------------------------------
total                677 3302.352  100.0 

