============================================================
  Generated by:           Genus(TM) Synthesis Solution 21.18-s082_1
  Generated on:           Oct 16 2025  12:49:55 pm
  Module:                 BubbleSort
  Operating conditions:   PVT_0P9V_125C 
  Operating conditions:   PVT_1P32V_0C 
  Interconnect mode:      global
  Area mode:              physical library
============================================================

Timing
--------

Clock Period 
-------------
clk    430.0 


  Cost    Critical         Violating 
 Group   Path Slack  TNS     Paths   
-------------------------------------
clk             0.0   0.0          0 
default    No paths   0.0            
-------------------------------------
Total                 0.0          0 

Instance Count
--------------
Leaf Instance Count             677 
Physical Instance count           0 
Sequential Instance Count       334 
Combinational Instance Count    343 
Hierarchical Instance Count       0 

Area
----
Cell Area                          3302.352
Physical Cell Area                 0.000
Total Cell Area (Cell+Physical)    3302.352
Net Area                           669.178
Total Area (Cell+Physical+Net)     3971.530

Max Fanout                         333 (clk_gated_s)
Min Fanout                         0 (n_0)
Average Fanout                     2.0
Terms to net ratio                 3.4219
Terms to instance ratio            3.5938
Runtime                            23.391973 seconds
Elapsed Runtime                    25 seconds
Genus peak memory usage            1761.01 
Innovus peak memory usage          no_value 
Hostname                           gmicro02
