============================================================
  Generated by:           Genus(TM) Synthesis Solution 21.18-s082_1
  Generated on:           Sep 30 2025  10:18:48 pm
  Module:                 BubbleSort
  Operating conditions:   PVT_0P9V_125C 
  Operating conditions:   PVT_1P32V_0C 
  Interconnect mode:      global
  Area mode:              physical library
============================================================

Timing
--------

Clock Period 
-------------
clk   2130.0 


  Cost    Critical         Violating 
 Group   Path Slack  TNS     Paths   
-------------------------------------
clk             3.5   0.0          0 
default    No paths   0.0            
-------------------------------------
Total                 0.0          0 

Instance Count
--------------
Leaf Instance Count             1224 
Physical Instance count            0 
Sequential Instance Count        393 
Combinational Instance Count     831 
Hierarchical Instance Count        0 

Area
----
Cell Area                          4765.086
Physical Cell Area                 0.000
Total Cell Area (Cell+Physical)    4765.086
Net Area                           1409.134
Total Area (Cell+Physical+Net)     6174.220

Max Fanout                         393 (clk)
Min Fanout                         0 (n_72)
Average Fanout                     2.2
Terms to net ratio                 3.4565
Terms to instance ratio            3.7304
Runtime                            28.77048599999999 seconds
Elapsed Runtime                    30 seconds
Genus peak memory usage            1444.15 
Innovus peak memory usage          no_value 
Hostname                           gmicro02
