============================================================
  Generated by:           Genus(TM) Synthesis Solution 21.18-s082_1
  Generated on:           Oct 02 2025  01:10:43 pm
  Module:                 BubbleSort
  Operating conditions:   PVT_0P9V_125C 
  Operating conditions:   PVT_1P32V_0C 
  Interconnect mode:      global
  Area mode:              physical library
============================================================

                                               Library 
   Gate     Instances    Area       Library     Domain 
-------------------------------------------------------
ADDHX1              1     3.762    slow_vdd1v0   worst 
AND2X1              3     4.104    slow_vdd1v0   worst 
AND2X2              1     1.710    slow_vdd1v0   worst 
AND3X8              1     5.130    slow_vdd1v0   worst 
AOI211XL            1     2.052    slow_vdd1v0   worst 
AOI21X2             4    10.944    slow_vdd1v0   worst 
AOI21X4             7    35.910    slow_vdd1v0   worst 
AOI22X1            32    65.664    slow_vdd1v0   worst 
AOI2BB1X2           6    18.468    slow_vdd1v0   worst 
AOI2BB1X4           5    20.520    slow_vdd1v0   worst 
BUFX6              43   132.354    slow_vdd1v0   worst 
BUFX8               1     3.762    slow_vdd1v0   worst 
CLKAND2X12          1     7.524    slow_vdd1v0   worst 
CLKAND2X2          14    28.728    slow_vdd1v0   worst 
CLKAND2X3           1     3.078    slow_vdd1v0   worst 
CLKAND2X6           1     4.788    slow_vdd1v0   worst 
CLKAND2X8           1     5.814    slow_vdd1v0   worst 
CLKBUFX20           1     8.208    slow_vdd1v0   worst 
CLKBUFX6            1     3.078    slow_vdd1v0   worst 
CLKINVX12           3    12.312    slow_vdd1v0   worst 
CLKINVX16           4    21.888    slow_vdd1v0   worst 
CLKINVX2            1     1.368    slow_vdd1v0   worst 
CLKINVX3            2     3.420    slow_vdd1v0   worst 
CLKINVX4           20    34.200    slow_vdd1v0   worst 
CLKINVX6            1     2.394    slow_vdd1v0   worst 
CLKMX2X3           50   205.200    slow_vdd1v0   worst 
CLKXOR2X1          15    41.040    slow_vdd1v0   worst 
DFFRHQX1          321  1976.076    slow_vdd1v0   worst 
DFFRHQX4            2    19.152    slow_vdd1v0   worst 
DFFRHQX8            1    11.286    slow_vdd1v0   worst 
DFFRX1              5    34.200    slow_vdd1v0   worst 
DFFRX2              4    30.096    slow_vdd1v0   worst 
DFFRX4             59   564.984    slow_vdd1v0   worst 
INVX1              10     6.840    slow_vdd1v0   worst 
INVX2              21    21.546    slow_vdd1v0   worst 
INVX3               3     4.104    slow_vdd1v0   worst 
MX2X1             337   806.778    slow_vdd1v0   worst 
NAND2BX1           14    19.152    slow_vdd1v0   worst 
NAND2BX2            8    19.152    slow_vdd1v0   worst 
NAND2BX4            2     7.524    slow_vdd1v0   worst 
NAND2X1             6     6.156    slow_vdd1v0   worst 
NAND2X2             8    13.680    slow_vdd1v0   worst 
NAND2X4            15    51.300    slow_vdd1v0   worst 
NAND2X6             8    38.304    slow_vdd1v0   worst 
NAND2X8             2    10.944    slow_vdd1v0   worst 
NOR2BX1             8    10.944    slow_vdd1v0   worst 
NOR2BX2             5    13.680    slow_vdd1v0   worst 
NOR2BX4             7    26.334    slow_vdd1v0   worst 
NOR2X1              9     9.234    slow_vdd1v0   worst 
NOR2X2              7    11.970    slow_vdd1v0   worst 
NOR2X4              9    27.702    slow_vdd1v0   worst 
NOR2X6              3    12.312    slow_vdd1v0   worst 
NOR2X8              2    10.944    slow_vdd1v0   worst 
NOR3X2              2     5.472    slow_vdd1v0   worst 
OA21X1              2     4.104    slow_vdd1v0   worst 
OAI21X1            32    54.720    slow_vdd1v0   worst 
OAI21X2             3     9.234    slow_vdd1v0   worst 
OAI21X4            13    62.244    slow_vdd1v0   worst 
OAI2BB1X1           2     3.420    slow_vdd1v0   worst 
OAI31X2             1     3.762    slow_vdd1v0   worst 
OR2X1               6     8.208    slow_vdd1v0   worst 
OR2X8               3    13.338    slow_vdd1v0   worst 
OR4X1               6    12.312    slow_vdd1v0   worst 
XNOR2X1            51   122.094    slow_vdd1v0   worst 
-------------------------------------------------------
total            1218  4750.722                


                                         
     Type      Instances   Area   Area % 
-----------------------------------------
sequential           392 2635.794   55.5 
inverter              65  108.072    2.3 
buffer                46  147.402    3.1 
logic                715 1859.454   39.1 
physical_cells         0    0.000    0.0 
-----------------------------------------
total               1218 4750.722  100.0 

