============================================================
  Generated by:           Genus(TM) Synthesis Solution 21.18-s082_1
  Generated on:           Sep 04 2025  02:07:02 pm
  Module:                 square_root
  Operating conditions:   PVT_0P9V_125C 
  Operating conditions:   PVT_1P32V_0C 
  Interconnect mode:      global
  Area mode:              physical library
============================================================

                                               Library 
   Gate     Instances    Area       Library     Domain 
-------------------------------------------------------
ADDHX1              2     7.524    slow_vdd1v0   worst 
ADDHX2              1     5.130    slow_vdd1v0   worst 
AND2X1              7     9.576    slow_vdd1v0   worst 
AND2X4              1     2.736    slow_vdd1v0   worst 
AND2X6              7    26.334    slow_vdd1v0   worst 
AND3XL              2     4.104    slow_vdd1v0   worst 
AO21X2              1     2.736    slow_vdd1v0   worst 
AO21X4              1     3.420    slow_vdd1v0   worst 
AO22X1             14    38.304    slow_vdd1v0   worst 
AO22X4             14    52.668    slow_vdd1v0   worst 
AOI211X2            1     3.420    slow_vdd1v0   worst 
AOI21X2             1     2.736    slow_vdd1v0   worst 
AOI21X4             7    35.910    slow_vdd1v0   worst 
AOI21XL             1     1.710    slow_vdd1v0   worst 
AOI221X4            2    15.732    slow_vdd1v0   worst 
AOI22X4             3    18.468    slow_vdd1v0   worst 
AOI2BB1X4          21    86.184    slow_vdd1v0   worst 
AOI2BB2X4           1     7.524    slow_vdd1v0   worst 
AOI31X4             3    19.494    slow_vdd1v0   worst 
BUFX2              17    29.070    slow_vdd1v0   worst 
BUFX3               2     4.104    slow_vdd1v0   worst 
BUFX4               1     2.394    slow_vdd1v0   worst 
BUFX6              12    36.936    slow_vdd1v0   worst 
CLKAND2X12          1     7.524    slow_vdd1v0   worst 
CLKAND2X2           3     6.156    slow_vdd1v0   worst 
CLKAND2X3           4    12.312    slow_vdd1v0   worst 
CLKAND2X4           1     3.420    slow_vdd1v0   worst 
CLKAND2X6          17    81.396    slow_vdd1v0   worst 
CLKBUFX3            1     2.052    slow_vdd1v0   worst 
CLKINVX12           7    28.728    slow_vdd1v0   worst 
CLKINVX16           1     5.472    slow_vdd1v0   worst 
CLKINVX2            1     1.368    slow_vdd1v0   worst 
CLKINVX20           1     6.498    slow_vdd1v0   worst 
CLKINVX3            1     1.710    slow_vdd1v0   worst 
CLKINVX4           25    42.750    slow_vdd1v0   worst 
CLKINVX6           17    40.698    slow_vdd1v0   worst 
CLKINVX8            8    24.624    slow_vdd1v0   worst 
CLKMX2X2            1     3.078    slow_vdd1v0   worst 
CLKMX2X3           15    61.560    slow_vdd1v0   worst 
CLKXOR2X1           8    21.888    slow_vdd1v0   worst 
CLKXOR2X2           1     3.420    slow_vdd1v0   worst 
DFFRHQX1           29   178.524    slow_vdd1v0   worst 
DFFRHQX2            5    39.330    slow_vdd1v0   worst 
DFFRHQX4            6    57.456    slow_vdd1v0   worst 
DFFRX2             16   120.384    slow_vdd1v0   worst 
INVX1              41    28.044    slow_vdd1v0   worst 
INVX2              51    52.326    slow_vdd1v0   worst 
INVX3              18    24.624    slow_vdd1v0   worst 
INVX6               1     2.394    slow_vdd1v0   worst 
INVXL               1     0.684    slow_vdd1v0   worst 
MX2X1              16    38.304    slow_vdd1v0   worst 
MXI2X6              1     5.130    slow_vdd1v0   worst 
NAND2BX1            3     4.104    slow_vdd1v0   worst 
NAND2BX4            2     7.524    slow_vdd1v0   worst 
NAND2X1             3     3.078    slow_vdd1v0   worst 
NAND2X2             2     3.420    slow_vdd1v0   worst 
NAND2X4            10    34.200    slow_vdd1v0   worst 
NAND2X6             6    28.728    slow_vdd1v0   worst 
NAND2X8            15    82.080    slow_vdd1v0   worst 
NAND3BX4            1     5.130    slow_vdd1v0   worst 
NAND3X2             1     2.736    slow_vdd1v0   worst 
NAND3X4             1     4.788    slow_vdd1v0   worst 
NOR2BX1             1     1.368    slow_vdd1v0   worst 
NOR2BX2             1     2.736    slow_vdd1v0   worst 
NOR2BX4             1     3.762    slow_vdd1v0   worst 
NOR2X1             10    10.260    slow_vdd1v0   worst 
NOR2X2              7    11.970    slow_vdd1v0   worst 
NOR2X4             34   104.652    slow_vdd1v0   worst 
NOR2X6             26   106.704    slow_vdd1v0   worst 
NOR2X8             23   125.856    slow_vdd1v0   worst 
NOR3X1              1     1.710    slow_vdd1v0   worst 
NOR3X2              3     8.208    slow_vdd1v0   worst 
NOR3X4              4    20.520    slow_vdd1v0   worst 
NOR3X6              1     7.182    slow_vdd1v0   worst 
NOR3X8              1     8.892    slow_vdd1v0   worst 
OA21X2              1     3.078    slow_vdd1v0   worst 
OAI21X2             2     6.156    slow_vdd1v0   worst 
OAI21X4             6    28.728    slow_vdd1v0   worst 
OAI22X2             1     3.420    slow_vdd1v0   worst 
OAI22X4             8    51.984    slow_vdd1v0   worst 
OAI2BB1X1           1     1.710    slow_vdd1v0   worst 
OAI2BB1X4           1     4.446    slow_vdd1v0   worst 
OAI2BB2X4           2    17.100    slow_vdd1v0   worst 
OR2X1               3     4.104    slow_vdd1v0   worst 
OR2X2               4     6.840    slow_vdd1v0   worst 
OR2X4               1     2.736    slow_vdd1v0   worst 
OR2X6               4    15.048    slow_vdd1v0   worst 
OR3X1               1     2.052    slow_vdd1v0   worst 
XNOR2X1            20    47.880    slow_vdd1v0   worst 
XNOR2X2             1     3.078    slow_vdd1v0   worst 
-------------------------------------------------------
total             633  2106.036                


                                         
     Type      Instances   Area   Area % 
-----------------------------------------
sequential            56  395.694   18.8 
inverter             173  259.920   12.3 
buffer                33   74.556    3.5 
logic                371 1375.866   65.3 
physical_cells         0    0.000    0.0 
-----------------------------------------
total                633 2106.036  100.0 

