============================================================
  Generated by:           Genus(TM) Synthesis Solution 21.18-s082_1
  Generated on:           Sep 04 2025  02:07:02 pm
  Module:                 square_root
  Operating conditions:   PVT_0P9V_125C 
  Operating conditions:   PVT_1P32V_0C 
  Interconnect mode:      global
  Area mode:              physical library
============================================================


Path 1: VIOLATED (-100 ps) Setup Check with Pin DATA_PATH_1_SQUARE_REG_reg[16].dffn_sig_q_reg/CK->D
          Group: clk
     Startpoint: (R) CONTROL_PATH_CurrentState_reg[1]/CK
          Clock: (R) clk
       Endpoint: (R) DATA_PATH_1_SQUARE_REG_reg[16].dffn_sig_q_reg/D
          Clock: (R) clk

                     Capture       Launch     
        Clock Edge:+    2220            0     
       Src Latency:+       0            0     
       Net Latency:+     100 (I)      100 (I) 
           Arrival:=    2320          100     
                                              
             Setup:-     142                  
       Uncertainty:-      50                  
     Required Time:=    2128                  
      Launch Clock:-     100                  
         Data Path:-    2128                  
             Slack:=    -100                  

#-------------------------------------------------------------------------------------------------------------------------
#                  Timing Point                   Flags    Arc   Edge   Cell     Fanout Load Trans Delay Arrival Instance 
#                                                                                       (fF)  (ps)  (ps)   (ps)  Location 
#-------------------------------------------------------------------------------------------------------------------------
  CONTROL_PATH_CurrentState_reg[1]/CK             -       -      R     (arrival)     56    -     0     0     100    (-,-) 
  CONTROL_PATH_CurrentState_reg[1]/Q              -       CK->Q  R     DFFRHQX4       1  7.8    68   281     381    (-,-) 
  g11780/Y                                        -       A->Y   F     CLKINVX12      2 11.6    49    56     437    (-,-) 
  g11779/Y                                        -       A->Y   R     CLKINVX12      2 18.8    49    50     487    (-,-) 
  g11763/Y                                        -       A->Y   F     CLKINVX20     20 52.2    92    76     563    (-,-) 
  g11762/Y                                        -       A->Y   F     BUFX6          2  5.0    40   108     671    (-,-) 
  g11635__7410/Y                                  -       A1N->Y F     AOI2BB1X4      2  5.3    72   167     838    (-,-) 
  g11543__1666/Y                                  -       B->Y   F     AND2X6         2  8.4    56   114     951    (-,-) 
  g11492__2802/Y                                  -       A->Y   R     NOR2X8         2  6.6    67    76    1028    (-,-) 
  g11449__7098/Y                                  -       A->Y   R     CLKAND2X6      4 14.9    69   140    1168    (-,-) 
  g11440/Y                                        -       A->Y   F     CLKINVX6       2  7.3    53    61    1228    (-,-) 
  g11385__7410/Y                                  -       C->Y   R     NOR3X6         2  8.1   136   105    1334    (-,-) 
  g11359__3680/Y                                  -       B->Y   F     NAND2X8        2  6.6    98   117    1450    (-,-) 
  g11337__1705/Y                                  -       A1->Y  R     AOI21X4        2  7.6   119   126    1577    (-,-) 
  g11311__6161/Y                                  -       B->Y   F     NOR2X4         1  4.0    56    85    1662    (-,-) 
  g11302__1705/Y                                  -       B->Y   F     CLKAND2X6      3  7.3    52   108    1770    (-,-) 
  g11280__5115/Y                                  -       S0->Y  R     CLKMX2X3       2  6.4    75   216    1986    (-,-) 
  g11239__2346/Y                                  -       A1->Y  R     AO22X4         1  3.2    67   242    2228    (-,-) 
  DATA_PATH_1_SQUARE_REG_reg[16].dffn_sig_q_reg/D <<<     -      R     DFFRHQX1       1    -     -     0    2228    (-,-) 
#-------------------------------------------------------------------------------------------------------------------------

