============================================================
  Generated by:           Genus(TM) Synthesis Solution 21.18-s082_1
  Generated on:           Sep 04 2025  02:07:02 pm
  Module:                 square_root
  Operating conditions:   PVT_0P9V_125C 
  Operating conditions:   PVT_1P32V_0C 
  Interconnect mode:      global
  Area mode:              physical library
============================================================

Timing
--------

Clock Period 
-------------
clk   2220.0 


  Cost    Critical             Violating 
 Group   Path Slack    TNS       Paths   
-----------------------------------------
clk           -99.6   -1166.1         16 
default    No paths       0.0            
-----------------------------------------
Total                 -1166.1         16 

Instance Count
--------------
Leaf Instance Count             633 
Physical Instance count           0 
Sequential Instance Count        56 
Combinational Instance Count    577 
Hierarchical Instance Count       0 

Area
----
Cell Area                          2106.036
Physical Cell Area                 0.000
Total Cell Area (Cell+Physical)    2106.036
Net Area                           682.976
Total Area (Cell+Physical+Net)     2789.012

Max Fanout                         56 (clk)
Min Fanout                         0 (rst_n)
Average Fanout                     1.9
Terms to net ratio                 2.9969
Terms to instance ratio            3.0964
Runtime                            42.136889000000004 seconds
Elapsed Runtime                    65 seconds
Genus peak memory usage            1672.00 
Innovus peak memory usage          no_value 
Hostname                           gmicro02
