======================================================================

Annotating SDF timing data:
  Compiled SDF file:     /home/schultz/Documents/ARQIII_Works/ACTV_03_LogicalSynthesis/square_root/synthesis/deliverables/421_MHz/WORST/square_root.sdf.X
  Log file:              sdf.log
  Backannotation scope:  square_root_tb/DUV
  Configuration file:    
  MTM control:           MAXIMUM
  Scale factors:         1:1:1
  Scale type:            FROM_MTM

Time units: 1ps

xmelab: *W,SDFNET: Unable to annotate to non-existent timing check (RECREM (posedge RN) (posedge CK) (-61.8) (91.3)) of instance square_root_tb.DUV.\DATA_PATH_1_SQUARE_REG_reg[15].dffn_sig_q_reg  of module DFFRHQX1 <../deliverables/421_MHz/WORST/square_root.sdf, line 27>.
		$setuphold (posedge CK, posedge D, 0, 0, notifier,,, delayed_CK, delayed_D);
		         |
xmelab: *W,SDFNGL (/home/tools/design_kits/cadence/GPDK045/gsclib045_all_v4.4/gsclib045/verilog/slow_vdd1v0_basicCells.v,3285|11): Attempt to annotate negative timing check limit in instance (square_root_tb.DUV.\DATA_PATH_1_SQUARE_REG_reg[15].dffn_sig_q_reg ), yet -NONEG_TCHK was specified, setting to 0 <../deliverables/421_MHz/WORST/square_root.sdf, line 28>.
		$setuphold (posedge CK, negedge D, 0, 0, notifier,,, delayed_CK, delayed_D);
		         |
xmelab: *W,SDFNGL (/home/tools/design_kits/cadence/GPDK045/gsclib045_all_v4.4/gsclib045/verilog/slow_vdd1v0_basicCells.v,3286|11): Attempt to annotate negative timing check limit in instance (square_root_tb.DUV.\DATA_PATH_1_SQUARE_REG_reg[15].dffn_sig_q_reg ), yet -NONEG_TCHK was specified, setting to 0 <../deliverables/421_MHz/WORST/square_root.sdf, line 29>.
xmelab: *W,SDFNET: Unable to annotate to non-existent timing check (RECREM (posedge RN) (posedge CK) (-61.8) (91.3)) of instance square_root_tb.DUV.\DATA_PATH_1_SQUARE_REG_reg[13].dffn_sig_q_reg  of module DFFRHQX1 <../deliverables/421_MHz/WORST/square_root.sdf, line 48>.
		$setuphold (posedge CK, posedge D, 0, 0, notifier,,, delayed_CK, delayed_D);
		         |
xmelab: *W,SDFNGL (/home/tools/design_kits/cadence/GPDK045/gsclib045_all_v4.4/gsclib045/verilog/slow_vdd1v0_basicCells.v,3285|11): Attempt to annotate negative timing check limit in instance (square_root_tb.DUV.\DATA_PATH_1_SQUARE_REG_reg[13].dffn_sig_q_reg ), yet -NONEG_TCHK was specified, setting to 0 <../deliverables/421_MHz/WORST/square_root.sdf, line 49>.
		$setuphold (posedge CK, negedge D, 0, 0, notifier,,, delayed_CK, delayed_D);
		         |
xmelab: *W,SDFNGL (/home/tools/design_kits/cadence/GPDK045/gsclib045_all_v4.4/gsclib045/verilog/slow_vdd1v0_basicCells.v,3286|11): Attempt to annotate negative timing check limit in instance (square_root_tb.DUV.\DATA_PATH_1_SQUARE_REG_reg[13].dffn_sig_q_reg ), yet -NONEG_TCHK was specified, setting to 0 <../deliverables/421_MHz/WORST/square_root.sdf, line 50>.
xmelab: *W,SDFNET: Unable to annotate to non-existent timing check (RECREM (posedge RN) (posedge CK) (-61.8) (91.3)) of instance square_root_tb.DUV.\DATA_PATH_2_SQUARE_REG_reg[15].dffn_sig_q_reg  of module DFFRHQX1 <../deliverables/421_MHz/WORST/square_root.sdf, line 69>.
		$setuphold (posedge CK, posedge D, 0, 0, notifier,,, delayed_CK, delayed_D);
		         |
xmelab: *W,SDFNGL (/home/tools/design_kits/cadence/GPDK045/gsclib045_all_v4.4/gsclib045/verilog/slow_vdd1v0_basicCells.v,3285|11): Attempt to annotate negative timing check limit in instance (square_root_tb.DUV.\DATA_PATH_2_SQUARE_REG_reg[15].dffn_sig_q_reg ), yet -NONEG_TCHK was specified, setting to 0 <../deliverables/421_MHz/WORST/square_root.sdf, line 70>.
		$setuphold (posedge CK, negedge D, 0, 0, notifier,,, delayed_CK, delayed_D);
		         |
xmelab: *W,SDFNGL (/home/tools/design_kits/cadence/GPDK045/gsclib045_all_v4.4/gsclib045/verilog/slow_vdd1v0_basicCells.v,3286|11): Attempt to annotate negative timing check limit in instance (square_root_tb.DUV.\DATA_PATH_2_SQUARE_REG_reg[15].dffn_sig_q_reg ), yet -NONEG_TCHK was specified, setting to 0 <../deliverables/421_MHz/WORST/square_root.sdf, line 71>.
xmelab: *W,SDFNET: Unable to annotate to non-existent timing check (RECREM (posedge RN) (posedge CK) (-61.8) (91.3)) of instance square_root_tb.DUV.\DATA_PATH_2_SQUARE_REG_reg[13].dffn_sig_q_reg  of module DFFRHQX1 <../deliverables/421_MHz/WORST/square_root.sdf, line 104>.
		$setuphold (posedge CK, posedge D, 0, 0, notifier,,, delayed_CK, delayed_D);
		         |
xmelab: *W,SDFNGL (/home/tools/design_kits/cadence/GPDK045/gsclib045_all_v4.4/gsclib045/verilog/slow_vdd1v0_basicCells.v,3285|11): Attempt to annotate negative timing check limit in instance (square_root_tb.DUV.\DATA_PATH_2_SQUARE_REG_reg[13].dffn_sig_q_reg ), yet -NONEG_TCHK was specified, setting to 0 <../deliverables/421_MHz/WORST/square_root.sdf, line 105>.
		$setuphold (posedge CK, negedge D, 0, 0, notifier,,, delayed_CK, delayed_D);
		         |
xmelab: *W,SDFNGL (/home/tools/design_kits/cadence/GPDK045/gsclib045_all_v4.4/gsclib045/verilog/slow_vdd1v0_basicCells.v,3286|11): Attempt to annotate negative timing check limit in instance (square_root_tb.DUV.\DATA_PATH_2_SQUARE_REG_reg[13].dffn_sig_q_reg ), yet -NONEG_TCHK was specified, setting to 0 <../deliverables/421_MHz/WORST/square_root.sdf, line 106>.
xmelab: *W,SDFNET: Unable to annotate to non-existent timing check (RECREM (posedge RN) (posedge CK) (-61.8) (91.3)) of instance square_root_tb.DUV.\DATA_PATH_2_SQUARE_REG_reg[14].dffn_sig_q_reg  of module DFFRHQX1 <../deliverables/421_MHz/WORST/square_root.sdf, line 157>.
		$setuphold (posedge CK, posedge D, 0, 0, notifier,,, delayed_CK, delayed_D);
		         |
xmelab: *W,SDFNGL (/home/tools/design_kits/cadence/GPDK045/gsclib045_all_v4.4/gsclib045/verilog/slow_vdd1v0_basicCells.v,3285|11): Attempt to annotate negative timing check limit in instance (square_root_tb.DUV.\DATA_PATH_2_SQUARE_REG_reg[14].dffn_sig_q_reg ), yet -NONEG_TCHK was specified, setting to 0 <../deliverables/421_MHz/WORST/square_root.sdf, line 158>.
		$setuphold (posedge CK, negedge D, 0, 0, notifier,,, delayed_CK, delayed_D);
		         |
xmelab: *W,SDFNGL (/home/tools/design_kits/cadence/GPDK045/gsclib045_all_v4.4/gsclib045/verilog/slow_vdd1v0_basicCells.v,3286|11): Attempt to annotate negative timing check limit in instance (square_root_tb.DUV.\DATA_PATH_2_SQUARE_REG_reg[14].dffn_sig_q_reg ), yet -NONEG_TCHK was specified, setting to 0 <../deliverables/421_MHz/WORST/square_root.sdf, line 159>.
xmelab: *W,SDFNET: Unable to annotate to non-existent timing check (RECREM (posedge RN) (posedge CK) (-61.8) (91.3)) of instance square_root_tb.DUV.\DATA_PATH_1_SQUARE_REG_reg[11].dffn_sig_q_reg  of module DFFRHQX1 <../deliverables/421_MHz/WORST/square_root.sdf, line 194>.
		$setuphold (posedge CK, posedge D, 0, 0, notifier,,, delayed_CK, delayed_D);
		         |
xmelab: *W,SDFNGL (/home/tools/design_kits/cadence/GPDK045/gsclib045_all_v4.4/gsclib045/verilog/slow_vdd1v0_basicCells.v,3285|11): Attempt to annotate negative timing check limit in instance (square_root_tb.DUV.\DATA_PATH_1_SQUARE_REG_reg[11].dffn_sig_q_reg ), yet -NONEG_TCHK was specified, setting to 0 <../deliverables/421_MHz/WORST/square_root.sdf, line 195>.
		$setuphold (posedge CK, negedge D, 0, 0, notifier,,, delayed_CK, delayed_D);
		         |
xmelab: *W,SDFNGL (/home/tools/design_kits/cadence/GPDK045/gsclib045_all_v4.4/gsclib045/verilog/slow_vdd1v0_basicCells.v,3286|11): Attempt to annotate negative timing check limit in instance (square_root_tb.DUV.\DATA_PATH_1_SQUARE_REG_reg[11].dffn_sig_q_reg ), yet -NONEG_TCHK was specified, setting to 0 <../deliverables/421_MHz/WORST/square_root.sdf, line 196>.
xmelab: *W,SDFNET: Unable to annotate to non-existent timing check (RECREM (posedge RN) (posedge CK) (-61.8) (91.3)) of instance square_root_tb.DUV.\DATA_PATH_1_SQUARE_REG_reg[14].dffn_sig_q_reg  of module DFFRHQX1 <../deliverables/421_MHz/WORST/square_root.sdf, line 215>.
		$setuphold (posedge CK, posedge D, 0, 0, notifier,,, delayed_CK, delayed_D);
		         |
xmelab: *W,SDFNGL (/home/tools/design_kits/cadence/GPDK045/gsclib045_all_v4.4/gsclib045/verilog/slow_vdd1v0_basicCells.v,3285|11): Attempt to annotate negative timing check limit in instance (square_root_tb.DUV.\DATA_PATH_1_SQUARE_REG_reg[14].dffn_sig_q_reg ), yet -NONEG_TCHK was specified, setting to 0 <../deliverables/421_MHz/WORST/square_root.sdf, line 216>.
		$setuphold (posedge CK, negedge D, 0, 0, notifier,,, delayed_CK, delayed_D);
		         |
xmelab: *W,SDFNGL (/home/tools/design_kits/cadence/GPDK045/gsclib045_all_v4.4/gsclib045/verilog/slow_vdd1v0_basicCells.v,3286|11): Attempt to annotate negative timing check limit in instance (square_root_tb.DUV.\DATA_PATH_1_SQUARE_REG_reg[14].dffn_sig_q_reg ), yet -NONEG_TCHK was specified, setting to 0 <../deliverables/421_MHz/WORST/square_root.sdf, line 217>.
xmelab: *W,SDFNET: Unable to annotate to non-existent timing check (RECREM (posedge RN) (posedge CK) (-61.8) (91.3)) of instance square_root_tb.DUV.\DATA_PATH_1_ROOT_REG_reg[4].dffn_sig_q_reg  of module DFFRHQX1 <../deliverables/421_MHz/WORST/square_root.sdf, line 236>.
		$setuphold (posedge CK, posedge D, 0, 0, notifier,,, delayed_CK, delayed_D);
		         |
xmelab: *W,SDFNGL (/home/tools/design_kits/cadence/GPDK045/gsclib045_all_v4.4/gsclib045/verilog/slow_vdd1v0_basicCells.v,3285|11): Attempt to annotate negative timing check limit in instance (square_root_tb.DUV.\DATA_PATH_1_ROOT_REG_reg[4].dffn_sig_q_reg ), yet -NONEG_TCHK was specified, setting to 0 <../deliverables/421_MHz/WORST/square_root.sdf, line 237>.
		$setuphold (posedge CK, negedge D, 0, 0, notifier,,, delayed_CK, delayed_D);
		         |
xmelab: *W,SDFNGL (/home/tools/design_kits/cadence/GPDK045/gsclib045_all_v4.4/gsclib045/verilog/slow_vdd1v0_basicCells.v,3286|11): Attempt to annotate negative timing check limit in instance (square_root_tb.DUV.\DATA_PATH_1_ROOT_REG_reg[4].dffn_sig_q_reg ), yet -NONEG_TCHK was specified, setting to 0 <../deliverables/421_MHz/WORST/square_root.sdf, line 238>.
xmelab: *W,SDFNET: Unable to annotate to non-existent timing check (RECREM (posedge RN) (posedge CK) (-61.8) (91.3)) of instance square_root_tb.DUV.\DATA_PATH_2_SQUARE_REG_reg[10].dffn_sig_q_reg  of module DFFRHQX1 <../deliverables/421_MHz/WORST/square_root.sdf, line 257>.
		$setuphold (posedge CK, posedge D, 0, 0, notifier,,, delayed_CK, delayed_D);
		         |
xmelab: *W,SDFNGL (/home/tools/design_kits/cadence/GPDK045/gsclib045_all_v4.4/gsclib045/verilog/slow_vdd1v0_basicCells.v,3285|11): Attempt to annotate negative timing check limit in instance (square_root_tb.DUV.\DATA_PATH_2_SQUARE_REG_reg[10].dffn_sig_q_reg ), yet -NONEG_TCHK was specified, setting to 0 <../deliverables/421_MHz/WORST/square_root.sdf, line 258>.
		$setuphold (posedge CK, negedge D, 0, 0, notifier,,, delayed_CK, delayed_D);
		         |
xmelab: *W,SDFNGL (/home/tools/design_kits/cadence/GPDK045/gsclib045_all_v4.4/gsclib045/verilog/slow_vdd1v0_basicCells.v,3286|11): Attempt to annotate negative timing check limit in instance (square_root_tb.DUV.\DATA_PATH_2_SQUARE_REG_reg[10].dffn_sig_q_reg ), yet -NONEG_TCHK was specified, setting to 0 <../deliverables/421_MHz/WORST/square_root.sdf, line 259>.
xmelab: *W,SDFNET: Unable to annotate to non-existent timing check (RECREM (posedge RN) (posedge CK) (-61.8) (91.3)) of instance square_root_tb.DUV.\DATA_PATH_1_ROOT_REG_reg[5].dffn_sig_q_reg  of module DFFRHQX1 <../deliverables/421_MHz/WORST/square_root.sdf, line 294>.
		$setuphold (posedge CK, posedge D, 0, 0, notifier,,, delayed_CK, delayed_D);
		         |
xmelab: *W,SDFNGL (/home/tools/design_kits/cadence/GPDK045/gsclib045_all_v4.4/gsclib045/verilog/slow_vdd1v0_basicCells.v,3285|11): Attempt to annotate negative timing check limit in instance (square_root_tb.DUV.\DATA_PATH_1_ROOT_REG_reg[5].dffn_sig_q_reg ), yet -NONEG_TCHK was specified, setting to 0 <../deliverables/421_MHz/WORST/square_root.sdf, line 295>.
		$setuphold (posedge CK, negedge D, 0, 0, notifier,,, delayed_CK, delayed_D);
		         |
xmelab: *W,SDFNGL (/home/tools/design_kits/cadence/GPDK045/gsclib045_all_v4.4/gsclib045/verilog/slow_vdd1v0_basicCells.v,3286|11): Attempt to annotate negative timing check limit in instance (square_root_tb.DUV.\DATA_PATH_1_ROOT_REG_reg[5].dffn_sig_q_reg ), yet -NONEG_TCHK was specified, setting to 0 <../deliverables/421_MHz/WORST/square_root.sdf, line 296>.
xmelab: *W,SDFNET: Unable to annotate to non-existent timing check (RECREM (posedge RN) (posedge CK) (-56.8) (86.4)) of instance square_root_tb.DUV.\DATA_PATH_1_ROOT_REG_reg[6].dffn_sig_q_reg  of module DFFRHQX4 <../deliverables/421_MHz/WORST/square_root.sdf, line 315>.
		$setuphold (posedge CK, posedge D, 0, 0, notifier,,, delayed_CK, delayed_D);
		         |
xmelab: *W,SDFNGL (/home/tools/design_kits/cadence/GPDK045/gsclib045_all_v4.4/gsclib045/verilog/slow_vdd1v0_basicCells.v,3349|11): Attempt to annotate negative timing check limit in instance (square_root_tb.DUV.\DATA_PATH_1_ROOT_REG_reg[6].dffn_sig_q_reg ), yet -NONEG_TCHK was specified, setting to 0 <../deliverables/421_MHz/WORST/square_root.sdf, line 316>.
		$setuphold (posedge CK, negedge D, 0, 0, notifier,,, delayed_CK, delayed_D);
		         |
xmelab: *W,SDFNGL (/home/tools/design_kits/cadence/GPDK045/gsclib045_all_v4.4/gsclib045/verilog/slow_vdd1v0_basicCells.v,3350|11): Attempt to annotate negative timing check limit in instance (square_root_tb.DUV.\DATA_PATH_1_ROOT_REG_reg[6].dffn_sig_q_reg ), yet -NONEG_TCHK was specified, setting to 0 <../deliverables/421_MHz/WORST/square_root.sdf, line 317>.
xmelab: *W,SDFNET: Unable to annotate to non-existent timing check (RECREM (posedge RN) (posedge CK) (-61.8) (91.3)) of instance square_root_tb.DUV.\DATA_PATH_1_ROOT_REG_reg[7].dffn_sig_q_reg  of module DFFRHQX1 <../deliverables/421_MHz/WORST/square_root.sdf, line 348>.
		$setuphold (posedge CK, posedge D, 0, 0, notifier,,, delayed_CK, delayed_D);
		         |
xmelab: *W,SDFNGL (/home/tools/design_kits/cadence/GPDK045/gsclib045_all_v4.4/gsclib045/verilog/slow_vdd1v0_basicCells.v,3285|11): Attempt to annotate negative timing check limit in instance (square_root_tb.DUV.\DATA_PATH_1_ROOT_REG_reg[7].dffn_sig_q_reg ), yet -NONEG_TCHK was specified, setting to 0 <../deliverables/421_MHz/WORST/square_root.sdf, line 349>.
		$setuphold (posedge CK, negedge D, 0, 0, notifier,,, delayed_CK, delayed_D);
		         |
xmelab: *W,SDFNGL (/home/tools/design_kits/cadence/GPDK045/gsclib045_all_v4.4/gsclib045/verilog/slow_vdd1v0_basicCells.v,3286|11): Attempt to annotate negative timing check limit in instance (square_root_tb.DUV.\DATA_PATH_1_ROOT_REG_reg[7].dffn_sig_q_reg ), yet -NONEG_TCHK was specified, setting to 0 <../deliverables/421_MHz/WORST/square_root.sdf, line 350>.
xmelab: *W,SDFNET: Unable to annotate to non-existent timing check (RECREM (posedge RN) (posedge CK) (-61.8) (91.3)) of instance square_root_tb.DUV.\DATA_PATH_1_ROOT_REG_reg[3].dffn_sig_q_reg  of module DFFRHQX1 <../deliverables/421_MHz/WORST/square_root.sdf, line 369>.
		$setuphold (posedge CK, posedge D, 0, 0, notifier,,, delayed_CK, delayed_D);
		         |
xmelab: *W,SDFNGL (/home/tools/design_kits/cadence/GPDK045/gsclib045_all_v4.4/gsclib045/verilog/slow_vdd1v0_basicCells.v,3285|11): Attempt to annotate negative timing check limit in instance (square_root_tb.DUV.\DATA_PATH_1_ROOT_REG_reg[3].dffn_sig_q_reg ), yet -NONEG_TCHK was specified, setting to 0 <../deliverables/421_MHz/WORST/square_root.sdf, line 370>.
		$setuphold (posedge CK, negedge D, 0, 0, notifier,,, delayed_CK, delayed_D);
		         |
xmelab: *W,SDFNGL (/home/tools/design_kits/cadence/GPDK045/gsclib045_all_v4.4/gsclib045/verilog/slow_vdd1v0_basicCells.v,3286|11): Attempt to annotate negative timing check limit in instance (square_root_tb.DUV.\DATA_PATH_1_ROOT_REG_reg[3].dffn_sig_q_reg ), yet -NONEG_TCHK was specified, setting to 0 <../deliverables/421_MHz/WORST/square_root.sdf, line 371>.
xmelab: *W,SDFNET: Unable to annotate to non-existent timing check (RECREM (posedge RN) (posedge CK) (-61.8) (91.3)) of instance square_root_tb.DUV.\DATA_PATH_1_ROOT_REG_reg[1].dffn_sig_q_reg  of module DFFRHQX1 <../deliverables/421_MHz/WORST/square_root.sdf, line 390>.
		$setuphold (posedge CK, posedge D, 0, 0, notifier,,, delayed_CK, delayed_D);
		         |
xmelab: *W,SDFNGL (/home/tools/design_kits/cadence/GPDK045/gsclib045_all_v4.4/gsclib045/verilog/slow_vdd1v0_basicCells.v,3285|11): Attempt to annotate negative timing check limit in instance (square_root_tb.DUV.\DATA_PATH_1_ROOT_REG_reg[1].dffn_sig_q_reg ), yet -NONEG_TCHK was specified, setting to 0 <../deliverables/421_MHz/WORST/square_root.sdf, line 391>.
		$setuphold (posedge CK, negedge D, 0, 0, notifier,,, delayed_CK, delayed_D);
		         |
xmelab: *W,SDFNGL (/home/tools/design_kits/cadence/GPDK045/gsclib045_all_v4.4/gsclib045/verilog/slow_vdd1v0_basicCells.v,3286|11): Attempt to annotate negative timing check limit in instance (square_root_tb.DUV.\DATA_PATH_1_ROOT_REG_reg[1].dffn_sig_q_reg ), yet -NONEG_TCHK was specified, setting to 0 <../deliverables/421_MHz/WORST/square_root.sdf, line 392>.
xmelab: *W,SDFNET: Unable to annotate to non-existent timing check (RECREM (posedge RN) (posedge CK) (-61.8) (91.3)) of instance square_root_tb.DUV.\DATA_PATH_2_SQUARE_REG_reg[11].dffn_sig_q_reg  of module DFFRHQX1 <../deliverables/421_MHz/WORST/square_root.sdf, line 411>.
		$setuphold (posedge CK, posedge D, 0, 0, notifier,,, delayed_CK, delayed_D);
		         |
xmelab: *W,SDFNGL (/home/tools/design_kits/cadence/GPDK045/gsclib045_all_v4.4/gsclib045/verilog/slow_vdd1v0_basicCells.v,3285|11): Attempt to annotate negative timing check limit in instance (square_root_tb.DUV.\DATA_PATH_2_SQUARE_REG_reg[11].dffn_sig_q_reg ), yet -NONEG_TCHK was specified, setting to 0 <../deliverables/421_MHz/WORST/square_root.sdf, line 412>.
		$setuphold (posedge CK, negedge D, 0, 0, notifier,,, delayed_CK, delayed_D);
		         |
xmelab: *W,SDFNGL (/home/tools/design_kits/cadence/GPDK045/gsclib045_all_v4.4/gsclib045/verilog/slow_vdd1v0_basicCells.v,3286|11): Attempt to annotate negative timing check limit in instance (square_root_tb.DUV.\DATA_PATH_2_SQUARE_REG_reg[11].dffn_sig_q_reg ), yet -NONEG_TCHK was specified, setting to 0 <../deliverables/421_MHz/WORST/square_root.sdf, line 413>.
xmelab: *W,SDFNET: Unable to annotate to non-existent timing check (RECREM (posedge RN) (posedge CK) (-61.2) (91.3)) of instance square_root_tb.DUV.\DATA_PATH_1_ROOT_REG_reg[2].dffn_sig_q_reg  of module DFFRHQX2 <../deliverables/421_MHz/WORST/square_root.sdf, line 432>.
		$setuphold (posedge CK, posedge D, 0, 0, notifier,,, delayed_CK, delayed_D);
		         |
xmelab: *W,SDFNGL (/home/tools/design_kits/cadence/GPDK045/gsclib045_all_v4.4/gsclib045/verilog/slow_vdd1v0_basicCells.v,3317|11): Attempt to annotate negative timing check limit in instance (square_root_tb.DUV.\DATA_PATH_1_ROOT_REG_reg[2].dffn_sig_q_reg ), yet -NONEG_TCHK was specified, setting to 0 <../deliverables/421_MHz/WORST/square_root.sdf, line 433>.
		$setuphold (posedge CK, negedge D, 0, 0, notifier,,, delayed_CK, delayed_D);
		         |
xmelab: *W,SDFNGL (/home/tools/design_kits/cadence/GPDK045/gsclib045_all_v4.4/gsclib045/verilog/slow_vdd1v0_basicCells.v,3318|11): Attempt to annotate negative timing check limit in instance (square_root_tb.DUV.\DATA_PATH_1_ROOT_REG_reg[2].dffn_sig_q_reg ), yet -NONEG_TCHK was specified, setting to 0 <../deliverables/421_MHz/WORST/square_root.sdf, line 434>.
xmelab: *W,SDFNET: Unable to annotate to non-existent timing check (RECREM (posedge RN) (posedge CK) (-61.8) (91.3)) of instance square_root_tb.DUV.\DATA_PATH_1_SQUARE_REG_reg[10].dffn_sig_q_reg  of module DFFRHQX1 <../deliverables/421_MHz/WORST/square_root.sdf, line 509>.
		$setuphold (posedge CK, posedge D, 0, 0, notifier,,, delayed_CK, delayed_D);
		         |
xmelab: *W,SDFNGL (/home/tools/design_kits/cadence/GPDK045/gsclib045_all_v4.4/gsclib045/verilog/slow_vdd1v0_basicCells.v,3285|11): Attempt to annotate negative timing check limit in instance (square_root_tb.DUV.\DATA_PATH_1_SQUARE_REG_reg[10].dffn_sig_q_reg ), yet -NONEG_TCHK was specified, setting to 0 <../deliverables/421_MHz/WORST/square_root.sdf, line 510>.
		$setuphold (posedge CK, negedge D, 0, 0, notifier,,, delayed_CK, delayed_D);
		         |
xmelab: *W,SDFNGL (/home/tools/design_kits/cadence/GPDK045/gsclib045_all_v4.4/gsclib045/verilog/slow_vdd1v0_basicCells.v,3286|11): Attempt to annotate negative timing check limit in instance (square_root_tb.DUV.\DATA_PATH_1_SQUARE_REG_reg[10].dffn_sig_q_reg ), yet -NONEG_TCHK was specified, setting to 0 <../deliverables/421_MHz/WORST/square_root.sdf, line 511>.
xmelab: *W,SDFNET: Unable to annotate to non-existent timing check (RECREM (posedge RN) (posedge CK) (-61.8) (91.3)) of instance square_root_tb.DUV.\DATA_PATH_1_SQUARE_REG_reg[9].dffn_sig_q_reg  of module DFFRHQX1 <../deliverables/421_MHz/WORST/square_root.sdf, line 530>.
		$setuphold (posedge CK, posedge D, 0, 0, notifier,,, delayed_CK, delayed_D);
		         |
xmelab: *W,SDFNGL (/home/tools/design_kits/cadence/GPDK045/gsclib045_all_v4.4/gsclib045/verilog/slow_vdd1v0_basicCells.v,3285|11): Attempt to annotate negative timing check limit in instance (square_root_tb.DUV.\DATA_PATH_1_SQUARE_REG_reg[9].dffn_sig_q_reg ), yet -NONEG_TCHK was specified, setting to 0 <../deliverables/421_MHz/WORST/square_root.sdf, line 531>.
		$setuphold (posedge CK, negedge D, 0, 0, notifier,,, delayed_CK, delayed_D);
		         |
xmelab: *W,SDFNGL (/home/tools/design_kits/cadence/GPDK045/gsclib045_all_v4.4/gsclib045/verilog/slow_vdd1v0_basicCells.v,3286|11): Attempt to annotate negative timing check limit in instance (square_root_tb.DUV.\DATA_PATH_1_SQUARE_REG_reg[9].dffn_sig_q_reg ), yet -NONEG_TCHK was specified, setting to 0 <../deliverables/421_MHz/WORST/square_root.sdf, line 532>.
xmelab: *W,SDFNET: Unable to annotate to non-existent timing check (RECREM (posedge RN) (posedge CK) (-61.8) (91.3)) of instance square_root_tb.DUV.\ROOT_REG_reg[0].dffn_sig_q_reg  of module DFFRHQX1 <../deliverables/421_MHz/WORST/square_root.sdf, line 763>.
		$setuphold (posedge CK, posedge D, 0, 0, notifier,,, delayed_CK, delayed_D);
		         |
xmelab: *W,SDFNGL (/home/tools/design_kits/cadence/GPDK045/gsclib045_all_v4.4/gsclib045/verilog/slow_vdd1v0_basicCells.v,3285|11): Attempt to annotate negative timing check limit in instance (square_root_tb.DUV.\ROOT_REG_reg[0].dffn_sig_q_reg ), yet -NONEG_TCHK was specified, setting to 0 <../deliverables/421_MHz/WORST/square_root.sdf, line 764>.
		$setuphold (posedge CK, negedge D, 0, 0, notifier,,, delayed_CK, delayed_D);
		         |
xmelab: *W,SDFNGL (/home/tools/design_kits/cadence/GPDK045/gsclib045_all_v4.4/gsclib045/verilog/slow_vdd1v0_basicCells.v,3286|11): Attempt to annotate negative timing check limit in instance (square_root_tb.DUV.\ROOT_REG_reg[0].dffn_sig_q_reg ), yet -NONEG_TCHK was specified, setting to 0 <../deliverables/421_MHz/WORST/square_root.sdf, line 765>.
xmelab: *W,SDFNET: Unable to annotate to non-existent timing check (RECREM (posedge RN) (posedge CK) (-61.8) (91.3)) of instance square_root_tb.DUV.\DATA_PATH_2_SQUARE_REG_reg[16].dffn_sig_q_reg  of module DFFRHQX1 <../deliverables/421_MHz/WORST/square_root.sdf, line 784>.
		$setuphold (posedge CK, posedge D, 0, 0, notifier,,, delayed_CK, delayed_D);
		         |
xmelab: *W,SDFNGL (/home/tools/design_kits/cadence/GPDK045/gsclib045_all_v4.4/gsclib045/verilog/slow_vdd1v0_basicCells.v,3285|11): Attempt to annotate negative timing check limit in instance (square_root_tb.DUV.\DATA_PATH_2_SQUARE_REG_reg[16].dffn_sig_q_reg ), yet -NONEG_TCHK was specified, setting to 0 <../deliverables/421_MHz/WORST/square_root.sdf, line 785>.
		$setuphold (posedge CK, negedge D, 0, 0, notifier,,, delayed_CK, delayed_D);
		         |
xmelab: *W,SDFNGL (/home/tools/design_kits/cadence/GPDK045/gsclib045_all_v4.4/gsclib045/verilog/slow_vdd1v0_basicCells.v,3286|11): Attempt to annotate negative timing check limit in instance (square_root_tb.DUV.\DATA_PATH_2_SQUARE_REG_reg[16].dffn_sig_q_reg ), yet -NONEG_TCHK was specified, setting to 0 <../deliverables/421_MHz/WORST/square_root.sdf, line 786>.
xmelab: *W,SDFNET: Unable to annotate to non-existent timing check (RECREM (posedge RN) (posedge CK) (-61.8) (91.3)) of instance square_root_tb.DUV.\CONTROL_PATH_CurrentState_reg[0]  of module DFFRHQX1 <../deliverables/421_MHz/WORST/square_root.sdf, line 805>.
		$setuphold (posedge CK, posedge D, 0, 0, notifier,,, delayed_CK, delayed_D);
		         |
xmelab: *W,SDFNGL (/home/tools/design_kits/cadence/GPDK045/gsclib045_all_v4.4/gsclib045/verilog/slow_vdd1v0_basicCells.v,3285|11): Attempt to annotate negative timing check limit in instance (square_root_tb.DUV.\CONTROL_PATH_CurrentState_reg[0] ), yet -NONEG_TCHK was specified, setting to 0 <../deliverables/421_MHz/WORST/square_root.sdf, line 806>.
		$setuphold (posedge CK, negedge D, 0, 0, notifier,,, delayed_CK, delayed_D);
		         |
xmelab: *W,SDFNGL (/home/tools/design_kits/cadence/GPDK045/gsclib045_all_v4.4/gsclib045/verilog/slow_vdd1v0_basicCells.v,3286|11): Attempt to annotate negative timing check limit in instance (square_root_tb.DUV.\CONTROL_PATH_CurrentState_reg[0] ), yet -NONEG_TCHK was specified, setting to 0 <../deliverables/421_MHz/WORST/square_root.sdf, line 807>.
xmelab: *W,SDFNET: Unable to annotate to non-existent timing check (RECREM (posedge RN) (posedge CK) (-61.8) (91.3)) of instance square_root_tb.DUV.\DATA_PATH_2_SQUARE_REG_reg[9].dffn_sig_q_reg  of module DFFRHQX1 <../deliverables/421_MHz/WORST/square_root.sdf, line 860>.
		$setuphold (posedge CK, posedge D, 0, 0, notifier,,, delayed_CK, delayed_D);
		         |
xmelab: *W,SDFNGL (/home/tools/design_kits/cadence/GPDK045/gsclib045_all_v4.4/gsclib045/verilog/slow_vdd1v0_basicCells.v,3285|11): Attempt to annotate negative timing check limit in instance (square_root_tb.DUV.\DATA_PATH_2_SQUARE_REG_reg[9].dffn_sig_q_reg ), yet -NONEG_TCHK was specified, setting to 0 <../deliverables/421_MHz/WORST/square_root.sdf, line 861>.
		$setuphold (posedge CK, negedge D, 0, 0, notifier,,, delayed_CK, delayed_D);
		         |
xmelab: *W,SDFNGL (/home/tools/design_kits/cadence/GPDK045/gsclib045_all_v4.4/gsclib045/verilog/slow_vdd1v0_basicCells.v,3286|11): Attempt to annotate negative timing check limit in instance (square_root_tb.DUV.\DATA_PATH_2_SQUARE_REG_reg[9].dffn_sig_q_reg ), yet -NONEG_TCHK was specified, setting to 0 <../deliverables/421_MHz/WORST/square_root.sdf, line 862>.
xmelab: *W,SDFNET: Unable to annotate to non-existent timing check (RECREM (posedge RN) (posedge CK) (-61.8) (91.3)) of instance square_root_tb.DUV.\DATA_PATH_1_SQUARE_REG_reg[16].dffn_sig_q_reg  of module DFFRHQX1 <../deliverables/421_MHz/WORST/square_root.sdf, line 893>.
		$setuphold (posedge CK, posedge D, 0, 0, notifier,,, delayed_CK, delayed_D);
		         |
xmelab: *W,SDFNGL (/home/tools/design_kits/cadence/GPDK045/gsclib045_all_v4.4/gsclib045/verilog/slow_vdd1v0_basicCells.v,3285|11): Attempt to annotate negative timing check limit in instance (square_root_tb.DUV.\DATA_PATH_1_SQUARE_REG_reg[16].dffn_sig_q_reg ), yet -NONEG_TCHK was specified, setting to 0 <../deliverables/421_MHz/WORST/square_root.sdf, line 894>.
		$setuphold (posedge CK, negedge D, 0, 0, notifier,,, delayed_CK, delayed_D);
		         |
xmelab: *W,SDFNGL (/home/tools/design_kits/cadence/GPDK045/gsclib045_all_v4.4/gsclib045/verilog/slow_vdd1v0_basicCells.v,3286|11): Attempt to annotate negative timing check limit in instance (square_root_tb.DUV.\DATA_PATH_1_SQUARE_REG_reg[16].dffn_sig_q_reg ), yet -NONEG_TCHK was specified, setting to 0 <../deliverables/421_MHz/WORST/square_root.sdf, line 895>.
xmelab: *W,SDFNET: Unable to annotate to non-existent timing check (RECREM (posedge RN) (posedge CK) (-61.8) (91.3)) of instance square_root_tb.DUV.\DATA_PATH_1_SQUARE_REG_reg[12].dffn_sig_q_reg  of module DFFRHQX1 <../deliverables/421_MHz/WORST/square_root.sdf, line 1002>.
		$setuphold (posedge CK, posedge D, 0, 0, notifier,,, delayed_CK, delayed_D);
		         |
xmelab: *W,SDFNGL (/home/tools/design_kits/cadence/GPDK045/gsclib045_all_v4.4/gsclib045/verilog/slow_vdd1v0_basicCells.v,3285|11): Attempt to annotate negative timing check limit in instance (square_root_tb.DUV.\DATA_PATH_1_SQUARE_REG_reg[12].dffn_sig_q_reg ), yet -NONEG_TCHK was specified, setting to 0 <../deliverables/421_MHz/WORST/square_root.sdf, line 1003>.
		$setuphold (posedge CK, negedge D, 0, 0, notifier,,, delayed_CK, delayed_D);
		         |
xmelab: *W,SDFNGL (/home/tools/design_kits/cadence/GPDK045/gsclib045_all_v4.4/gsclib045/verilog/slow_vdd1v0_basicCells.v,3286|11): Attempt to annotate negative timing check limit in instance (square_root_tb.DUV.\DATA_PATH_1_SQUARE_REG_reg[12].dffn_sig_q_reg ), yet -NONEG_TCHK was specified, setting to 0 <../deliverables/421_MHz/WORST/square_root.sdf, line 1004>.
xmelab: *W,SDFNET: Unable to annotate to non-existent timing check (RECREM (posedge RN) (posedge CK) (-61.8) (91.3)) of instance square_root_tb.DUV.\DATA_PATH_1_SQUARE_REG_reg[8].dffn_sig_q_reg  of module DFFRHQX1 <../deliverables/421_MHz/WORST/square_root.sdf, line 1115>.
		$setuphold (posedge CK, posedge D, 0, 0, notifier,,, delayed_CK, delayed_D);
		         |
xmelab: *W,SDFNGL (/home/tools/design_kits/cadence/GPDK045/gsclib045_all_v4.4/gsclib045/verilog/slow_vdd1v0_basicCells.v,3285|11): Attempt to annotate negative timing check limit in instance (square_root_tb.DUV.\DATA_PATH_1_SQUARE_REG_reg[8].dffn_sig_q_reg ), yet -NONEG_TCHK was specified, setting to 0 <../deliverables/421_MHz/WORST/square_root.sdf, line 1116>.
		$setuphold (posedge CK, negedge D, 0, 0, notifier,,, delayed_CK, delayed_D);
		         |
xmelab: *W,SDFNGL (/home/tools/design_kits/cadence/GPDK045/gsclib045_all_v4.4/gsclib045/verilog/slow_vdd1v0_basicCells.v,3286|11): Attempt to annotate negative timing check limit in instance (square_root_tb.DUV.\DATA_PATH_1_SQUARE_REG_reg[8].dffn_sig_q_reg ), yet -NONEG_TCHK was specified, setting to 0 <../deliverables/421_MHz/WORST/square_root.sdf, line 1117>.
xmelab: *W,SDFNET: Unable to annotate to non-existent timing check (RECREM (posedge RN) (posedge CK) (-61.8) (91.3)) of instance square_root_tb.DUV.\DATA_PATH_2_SQUARE_REG_reg[12].dffn_sig_q_reg  of module DFFRHQX1 <../deliverables/421_MHz/WORST/square_root.sdf, line 1148>.
		$setuphold (posedge CK, posedge D, 0, 0, notifier,,, delayed_CK, delayed_D);
		         |
xmelab: *W,SDFNGL (/home/tools/design_kits/cadence/GPDK045/gsclib045_all_v4.4/gsclib045/verilog/slow_vdd1v0_basicCells.v,3285|11): Attempt to annotate negative timing check limit in instance (square_root_tb.DUV.\DATA_PATH_2_SQUARE_REG_reg[12].dffn_sig_q_reg ), yet -NONEG_TCHK was specified, setting to 0 <../deliverables/421_MHz/WORST/square_root.sdf, line 1149>.
		$setuphold (posedge CK, negedge D, 0, 0, notifier,,, delayed_CK, delayed_D);
		         |
xmelab: *W,SDFNGL (/home/tools/design_kits/cadence/GPDK045/gsclib045_all_v4.4/gsclib045/verilog/slow_vdd1v0_basicCells.v,3286|11): Attempt to annotate negative timing check limit in instance (square_root_tb.DUV.\DATA_PATH_2_SQUARE_REG_reg[12].dffn_sig_q_reg ), yet -NONEG_TCHK was specified, setting to 0 <../deliverables/421_MHz/WORST/square_root.sdf, line 1150>.
xmelab: *W,SDFNET: Unable to annotate to non-existent timing check (RECREM (posedge RN) (posedge CK) (-61.8) (91.3)) of instance square_root_tb.DUV.\DATA_PATH_2_SQUARE_REG_reg[7].dffn_sig_q_reg  of module DFFRHQX1 <../deliverables/421_MHz/WORST/square_root.sdf, line 1287>.
		$setuphold (posedge CK, posedge D, 0, 0, notifier,,, delayed_CK, delayed_D);
		         |
xmelab: *W,SDFNGL (/home/tools/design_kits/cadence/GPDK045/gsclib045_all_v4.4/gsclib045/verilog/slow_vdd1v0_basicCells.v,3285|11): Attempt to annotate negative timing check limit in instance (square_root_tb.DUV.\DATA_PATH_2_SQUARE_REG_reg[7].dffn_sig_q_reg ), yet -NONEG_TCHK was specified, setting to 0 <../deliverables/421_MHz/WORST/square_root.sdf, line 1288>.
		$setuphold (posedge CK, negedge D, 0, 0, notifier,,, delayed_CK, delayed_D);
		         |
xmelab: *W,SDFNGL (/home/tools/design_kits/cadence/GPDK045/gsclib045_all_v4.4/gsclib045/verilog/slow_vdd1v0_basicCells.v,3286|11): Attempt to annotate negative timing check limit in instance (square_root_tb.DUV.\DATA_PATH_2_SQUARE_REG_reg[7].dffn_sig_q_reg ), yet -NONEG_TCHK was specified, setting to 0 <../deliverables/421_MHz/WORST/square_root.sdf, line 1289>.
xmelab: *W,SDFNET: Unable to annotate to non-existent timing check (RECREM (posedge RN) (posedge CK) (-61.8) (91.3)) of instance square_root_tb.DUV.\DATA_PATH_1_SQUARE_REG_reg[7].dffn_sig_q_reg  of module DFFRHQX1 <../deliverables/421_MHz/WORST/square_root.sdf, line 1346>.
		$setuphold (posedge CK, posedge D, 0, 0, notifier,,, delayed_CK, delayed_D);
		         |
xmelab: *W,SDFNGL (/home/tools/design_kits/cadence/GPDK045/gsclib045_all_v4.4/gsclib045/verilog/slow_vdd1v0_basicCells.v,3285|11): Attempt to annotate negative timing check limit in instance (square_root_tb.DUV.\DATA_PATH_1_SQUARE_REG_reg[7].dffn_sig_q_reg ), yet -NONEG_TCHK was specified, setting to 0 <../deliverables/421_MHz/WORST/square_root.sdf, line 1347>.
		$setuphold (posedge CK, negedge D, 0, 0, notifier,,, delayed_CK, delayed_D);
		         |
xmelab: *W,SDFNGL (/home/tools/design_kits/cadence/GPDK045/gsclib045_all_v4.4/gsclib045/verilog/slow_vdd1v0_basicCells.v,3286|11): Attempt to annotate negative timing check limit in instance (square_root_tb.DUV.\DATA_PATH_1_SQUARE_REG_reg[7].dffn_sig_q_reg ), yet -NONEG_TCHK was specified, setting to 0 <../deliverables/421_MHz/WORST/square_root.sdf, line 1348>.
xmelab: *W,SDFNET: Unable to annotate to non-existent timing check (RECREM (posedge RN) (posedge CK) (-61.8) (91.3)) of instance square_root_tb.DUV.\DATA_PATH_2_SQUARE_REG_reg[8].dffn_sig_q_reg  of module DFFRHQX1 <../deliverables/421_MHz/WORST/square_root.sdf, line 1391>.
		$setuphold (posedge CK, posedge D, 0, 0, notifier,,, delayed_CK, delayed_D);
		         |
xmelab: *W,SDFNGL (/home/tools/design_kits/cadence/GPDK045/gsclib045_all_v4.4/gsclib045/verilog/slow_vdd1v0_basicCells.v,3285|11): Attempt to annotate negative timing check limit in instance (square_root_tb.DUV.\DATA_PATH_2_SQUARE_REG_reg[8].dffn_sig_q_reg ), yet -NONEG_TCHK was specified, setting to 0 <../deliverables/421_MHz/WORST/square_root.sdf, line 1392>.
		$setuphold (posedge CK, negedge D, 0, 0, notifier,,, delayed_CK, delayed_D);
		         |
xmelab: *W,SDFNGL (/home/tools/design_kits/cadence/GPDK045/gsclib045_all_v4.4/gsclib045/verilog/slow_vdd1v0_basicCells.v,3286|11): Attempt to annotate negative timing check limit in instance (square_root_tb.DUV.\DATA_PATH_2_SQUARE_REG_reg[8].dffn_sig_q_reg ), yet -NONEG_TCHK was specified, setting to 0 <../deliverables/421_MHz/WORST/square_root.sdf, line 1393>.
xmelab: *W,SDFNET: Unable to annotate to non-existent timing check (RECREM (posedge RN) (posedge CK) (-50.5) (81.6)) of instance square_root_tb.DUV.\DATA_PATH_2_SQUARE_REG_reg[5].dffn_sig_q_reg  of module DFFRX2 <../deliverables/421_MHz/WORST/square_root.sdf, line 1454>.
		$setuphold (posedge CK, posedge D, 0, 0, notifier,,, delayed_CK, delayed_D);
		         |
xmelab: *W,SDFNGL (/home/tools/design_kits/cadence/GPDK045/gsclib045_all_v4.4/gsclib045/verilog/slow_vdd1v0_basicCells.v,3455|11): Attempt to annotate negative timing check limit in instance (square_root_tb.DUV.\DATA_PATH_2_SQUARE_REG_reg[5].dffn_sig_q_reg ), yet -NONEG_TCHK was specified, setting to 0 <../deliverables/421_MHz/WORST/square_root.sdf, line 1455>.
		$setuphold (posedge CK, negedge D, 0, 0, notifier,,, delayed_CK, delayed_D);
		         |
xmelab: *W,SDFNGL (/home/tools/design_kits/cadence/GPDK045/gsclib045_all_v4.4/gsclib045/verilog/slow_vdd1v0_basicCells.v,3456|11): Attempt to annotate negative timing check limit in instance (square_root_tb.DUV.\DATA_PATH_2_SQUARE_REG_reg[5].dffn_sig_q_reg ), yet -NONEG_TCHK was specified, setting to 0 <../deliverables/421_MHz/WORST/square_root.sdf, line 1456>.
xmelab: *W,SDFNET: Unable to annotate to non-existent timing check (RECREM (posedge RN) (posedge CK) (-61.8) (91.3)) of instance square_root_tb.DUV.\DATA_PATH_2_SQUARE_REG_reg[6].dffn_sig_q_reg  of module DFFRHQX1 <../deliverables/421_MHz/WORST/square_root.sdf, line 1613>.
		$setuphold (posedge CK, posedge D, 0, 0, notifier,,, delayed_CK, delayed_D);
		         |
xmelab: *W,SDFNGL (/home/tools/design_kits/cadence/GPDK045/gsclib045_all_v4.4/gsclib045/verilog/slow_vdd1v0_basicCells.v,3285|11): Attempt to annotate negative timing check limit in instance (square_root_tb.DUV.\DATA_PATH_2_SQUARE_REG_reg[6].dffn_sig_q_reg ), yet -NONEG_TCHK was specified, setting to 0 <../deliverables/421_MHz/WORST/square_root.sdf, line 1614>.
		$setuphold (posedge CK, negedge D, 0, 0, notifier,,, delayed_CK, delayed_D);
		         |
xmelab: *W,SDFNGL (/home/tools/design_kits/cadence/GPDK045/gsclib045_all_v4.4/gsclib045/verilog/slow_vdd1v0_basicCells.v,3286|11): Attempt to annotate negative timing check limit in instance (square_root_tb.DUV.\DATA_PATH_2_SQUARE_REG_reg[6].dffn_sig_q_reg ), yet -NONEG_TCHK was specified, setting to 0 <../deliverables/421_MHz/WORST/square_root.sdf, line 1615>.
xmelab: *W,SDFNET: Unable to annotate to non-existent timing check (RECREM (posedge RN) (posedge CK) (-61.8) (91.3)) of instance square_root_tb.DUV.\DATA_PATH_1_SQUARE_REG_reg[6].dffn_sig_q_reg  of module DFFRHQX1 <../deliverables/421_MHz/WORST/square_root.sdf, line 1658>.
		$setuphold (posedge CK, posedge D, 0, 0, notifier,,, delayed_CK, delayed_D);
		         |
xmelab: *W,SDFNGL (/home/tools/design_kits/cadence/GPDK045/gsclib045_all_v4.4/gsclib045/verilog/slow_vdd1v0_basicCells.v,3285|11): Attempt to annotate negative timing check limit in instance (square_root_tb.DUV.\DATA_PATH_1_SQUARE_REG_reg[6].dffn_sig_q_reg ), yet -NONEG_TCHK was specified, setting to 0 <../deliverables/421_MHz/WORST/square_root.sdf, line 1659>.
		$setuphold (posedge CK, negedge D, 0, 0, notifier,,, delayed_CK, delayed_D);
		         |
xmelab: *W,SDFNGL (/home/tools/design_kits/cadence/GPDK045/gsclib045_all_v4.4/gsclib045/verilog/slow_vdd1v0_basicCells.v,3286|11): Attempt to annotate negative timing check limit in instance (square_root_tb.DUV.\DATA_PATH_1_SQUARE_REG_reg[6].dffn_sig_q_reg ), yet -NONEG_TCHK was specified, setting to 0 <../deliverables/421_MHz/WORST/square_root.sdf, line 1660>.
xmelab: *W,SDFNET: Unable to annotate to non-existent timing check (RECREM (posedge RN) (posedge CK) (-50.5) (81.6)) of instance square_root_tb.DUV.\DATA_PATH_2_SQUARE_REG_reg[4].dffn_sig_q_reg  of module DFFRX2 <../deliverables/421_MHz/WORST/square_root.sdf, line 1859>.
		$setuphold (posedge CK, posedge D, 0, 0, notifier,,, delayed_CK, delayed_D);
		         |
xmelab: *W,SDFNGL (/home/tools/design_kits/cadence/GPDK045/gsclib045_all_v4.4/gsclib045/verilog/slow_vdd1v0_basicCells.v,3455|11): Attempt to annotate negative timing check limit in instance (square_root_tb.DUV.\DATA_PATH_2_SQUARE_REG_reg[4].dffn_sig_q_reg ), yet -NONEG_TCHK was specified, setting to 0 <../deliverables/421_MHz/WORST/square_root.sdf, line 1860>.
		$setuphold (posedge CK, negedge D, 0, 0, notifier,,, delayed_CK, delayed_D);
		         |
xmelab: *W,SDFNGL (/home/tools/design_kits/cadence/GPDK045/gsclib045_all_v4.4/gsclib045/verilog/slow_vdd1v0_basicCells.v,3456|11): Attempt to annotate negative timing check limit in instance (square_root_tb.DUV.\DATA_PATH_2_SQUARE_REG_reg[4].dffn_sig_q_reg ), yet -NONEG_TCHK was specified, setting to 0 <../deliverables/421_MHz/WORST/square_root.sdf, line 1861>.
xmelab: *W,SDFNET: Unable to annotate to non-existent timing check (RECREM (posedge RN) (posedge CK) (-61.8) (91.3)) of instance square_root_tb.DUV.\DATA_PATH_1_SQUARE_REG_reg[5].dffn_sig_q_reg  of module DFFRHQX1 <../deliverables/421_MHz/WORST/square_root.sdf, line 1922>.
		$setuphold (posedge CK, posedge D, 0, 0, notifier,,, delayed_CK, delayed_D);
		         |
xmelab: *W,SDFNGL (/home/tools/design_kits/cadence/GPDK045/gsclib045_all_v4.4/gsclib045/verilog/slow_vdd1v0_basicCells.v,3285|11): Attempt to annotate negative timing check limit in instance (square_root_tb.DUV.\DATA_PATH_1_SQUARE_REG_reg[5].dffn_sig_q_reg ), yet -NONEG_TCHK was specified, setting to 0 <../deliverables/421_MHz/WORST/square_root.sdf, line 1923>.
		$setuphold (posedge CK, negedge D, 0, 0, notifier,,, delayed_CK, delayed_D);
		         |
xmelab: *W,SDFNGL (/home/tools/design_kits/cadence/GPDK045/gsclib045_all_v4.4/gsclib045/verilog/slow_vdd1v0_basicCells.v,3286|11): Attempt to annotate negative timing check limit in instance (square_root_tb.DUV.\DATA_PATH_1_SQUARE_REG_reg[5].dffn_sig_q_reg ), yet -NONEG_TCHK was specified, setting to 0 <../deliverables/421_MHz/WORST/square_root.sdf, line 1924>.
xmelab: *W,SDFNET: Unable to annotate to non-existent timing check (RECREM (posedge RN) (posedge CK) (-61.8) (91.3)) of instance square_root_tb.DUV.\DATA_PATH_2_SQUARE_REG_reg[2].dffn_sig_q_reg  of module DFFRHQX1 <../deliverables/421_MHz/WORST/square_root.sdf, line 2009>.
		$setuphold (posedge CK, posedge D, 0, 0, notifier,,, delayed_CK, delayed_D);
		         |
xmelab: *W,SDFNGL (/home/tools/design_kits/cadence/GPDK045/gsclib045_all_v4.4/gsclib045/verilog/slow_vdd1v0_basicCells.v,3285|11): Attempt to annotate negative timing check limit in instance (square_root_tb.DUV.\DATA_PATH_2_SQUARE_REG_reg[2].dffn_sig_q_reg ), yet -NONEG_TCHK was specified, setting to 0 <../deliverables/421_MHz/WORST/square_root.sdf, line 2010>.
		$setuphold (posedge CK, negedge D, 0, 0, notifier,,, delayed_CK, delayed_D);
		         |
xmelab: *W,SDFNGL (/home/tools/design_kits/cadence/GPDK045/gsclib045_all_v4.4/gsclib045/verilog/slow_vdd1v0_basicCells.v,3286|11): Attempt to annotate negative timing check limit in instance (square_root_tb.DUV.\DATA_PATH_2_SQUARE_REG_reg[2].dffn_sig_q_reg ), yet -NONEG_TCHK was specified, setting to 0 <../deliverables/421_MHz/WORST/square_root.sdf, line 2011>.
xmelab: *W,SDFNET: Unable to annotate to non-existent timing check (RECREM (posedge RN) (posedge CK) (-61.8) (91.3)) of instance square_root_tb.DUV.\DATA_PATH_1_SQUARE_REG_reg[3].dffn_sig_q_reg  of module DFFRHQX1 <../deliverables/421_MHz/WORST/square_root.sdf, line 2158>.
		$setuphold (posedge CK, posedge D, 0, 0, notifier,,, delayed_CK, delayed_D);
		         |
xmelab: *W,SDFNGL (/home/tools/design_kits/cadence/GPDK045/gsclib045_all_v4.4/gsclib045/verilog/slow_vdd1v0_basicCells.v,3285|11): Attempt to annotate negative timing check limit in instance (square_root_tb.DUV.\DATA_PATH_1_SQUARE_REG_reg[3].dffn_sig_q_reg ), yet -NONEG_TCHK was specified, setting to 0 <../deliverables/421_MHz/WORST/square_root.sdf, line 2159>.
		$setuphold (posedge CK, negedge D, 0, 0, notifier,,, delayed_CK, delayed_D);
		         |
xmelab: *W,SDFNGL (/home/tools/design_kits/cadence/GPDK045/gsclib045_all_v4.4/gsclib045/verilog/slow_vdd1v0_basicCells.v,3286|11): Attempt to annotate negative timing check limit in instance (square_root_tb.DUV.\DATA_PATH_1_SQUARE_REG_reg[3].dffn_sig_q_reg ), yet -NONEG_TCHK was specified, setting to 0 <../deliverables/421_MHz/WORST/square_root.sdf, line 2160>.
xmelab: *W,SDFNET: Unable to annotate to non-existent timing check (RECREM (posedge RN) (posedge CK) (-61.8) (91.3)) of instance square_root_tb.DUV.\DATA_PATH_1_SQUARE_REG_reg[4].dffn_sig_q_reg  of module DFFRHQX1 <../deliverables/421_MHz/WORST/square_root.sdf, line 2291>.
		$setuphold (posedge CK, posedge D, 0, 0, notifier,,, delayed_CK, delayed_D);
		         |
xmelab: *W,SDFNGL (/home/tools/design_kits/cadence/GPDK045/gsclib045_all_v4.4/gsclib045/verilog/slow_vdd1v0_basicCells.v,3285|11): Attempt to annotate negative timing check limit in instance (square_root_tb.DUV.\DATA_PATH_1_SQUARE_REG_reg[4].dffn_sig_q_reg ), yet -NONEG_TCHK was specified, setting to 0 <../deliverables/421_MHz/WORST/square_root.sdf, line 2292>.
		$setuphold (posedge CK, negedge D, 0, 0, notifier,,, delayed_CK, delayed_D);
		         |
xmelab: *W,SDFNGL (/home/tools/design_kits/cadence/GPDK045/gsclib045_all_v4.4/gsclib045/verilog/slow_vdd1v0_basicCells.v,3286|11): Attempt to annotate negative timing check limit in instance (square_root_tb.DUV.\DATA_PATH_1_SQUARE_REG_reg[4].dffn_sig_q_reg ), yet -NONEG_TCHK was specified, setting to 0 <../deliverables/421_MHz/WORST/square_root.sdf, line 2293>.
xmelab: *W,SDFNET: Unable to annotate to non-existent timing check (RECREM (posedge RN) (posedge CK) (-61.8) (91.3)) of instance square_root_tb.DUV.\DATA_PATH_2_SQUARE_REG_reg[3].dffn_sig_q_reg  of module DFFRHQX1 <../deliverables/421_MHz/WORST/square_root.sdf, line 2312>.
		$setuphold (posedge CK, posedge D, 0, 0, notifier,,, delayed_CK, delayed_D);
		         |
xmelab: *W,SDFNGL (/home/tools/design_kits/cadence/GPDK045/gsclib045_all_v4.4/gsclib045/verilog/slow_vdd1v0_basicCells.v,3285|11): Attempt to annotate negative timing check limit in instance (square_root_tb.DUV.\DATA_PATH_2_SQUARE_REG_reg[3].dffn_sig_q_reg ), yet -NONEG_TCHK was specified, setting to 0 <../deliverables/421_MHz/WORST/square_root.sdf, line 2313>.
		$setuphold (posedge CK, negedge D, 0, 0, notifier,,, delayed_CK, delayed_D);
		         |
xmelab: *W,SDFNGL (/home/tools/design_kits/cadence/GPDK045/gsclib045_all_v4.4/gsclib045/verilog/slow_vdd1v0_basicCells.v,3286|11): Attempt to annotate negative timing check limit in instance (square_root_tb.DUV.\DATA_PATH_2_SQUARE_REG_reg[3].dffn_sig_q_reg ), yet -NONEG_TCHK was specified, setting to 0 <../deliverables/421_MHz/WORST/square_root.sdf, line 2314>.
xmelab: *W,SDFNET: Unable to annotate to non-existent timing check (RECREM (posedge RN) (posedge CK) (-61.8) (91.3)) of instance square_root_tb.DUV.\INPUT_REG_reg[12].dffn_sig_q_reg  of module DFFRHQX1 <../deliverables/421_MHz/WORST/square_root.sdf, line 2443>.
		$setuphold (posedge CK, posedge D, 0, 0, notifier,,, delayed_CK, delayed_D);
		         |
xmelab: *W,SDFNGL (/home/tools/design_kits/cadence/GPDK045/gsclib045_all_v4.4/gsclib045/verilog/slow_vdd1v0_basicCells.v,3285|11): Attempt to annotate negative timing check limit in instance (square_root_tb.DUV.\INPUT_REG_reg[12].dffn_sig_q_reg ), yet -NONEG_TCHK was specified, setting to 0 <../deliverables/421_MHz/WORST/square_root.sdf, line 2444>.
		$setuphold (posedge CK, negedge D, 0, 0, notifier,,, delayed_CK, delayed_D);
		         |
xmelab: *W,SDFNGL (/home/tools/design_kits/cadence/GPDK045/gsclib045_all_v4.4/gsclib045/verilog/slow_vdd1v0_basicCells.v,3286|11): Attempt to annotate negative timing check limit in instance (square_root_tb.DUV.\INPUT_REG_reg[12].dffn_sig_q_reg ), yet -NONEG_TCHK was specified, setting to 0 <../deliverables/421_MHz/WORST/square_root.sdf, line 2445>.
xmelab: *W,SDFNET: Unable to annotate to non-existent timing check (RECREM (posedge RN) (posedge CK) (-61.8) (91.3)) of instance square_root_tb.DUV.\INPUT_REG_reg[6].dffn_sig_q_reg  of module DFFRHQX1 <../deliverables/421_MHz/WORST/square_root.sdf, line 2476>.
		$setuphold (posedge CK, posedge D, 0, 0, notifier,,, delayed_CK, delayed_D);
		         |
xmelab: *W,SDFNGL (/home/tools/design_kits/cadence/GPDK045/gsclib045_all_v4.4/gsclib045/verilog/slow_vdd1v0_basicCells.v,3285|11): Attempt to annotate negative timing check limit in instance (square_root_tb.DUV.\INPUT_REG_reg[6].dffn_sig_q_reg ), yet -NONEG_TCHK was specified, setting to 0 <../deliverables/421_MHz/WORST/square_root.sdf, line 2477>.
		$setuphold (posedge CK, negedge D, 0, 0, notifier,,, delayed_CK, delayed_D);
		         |
xmelab: *W,SDFNGL (/home/tools/design_kits/cadence/GPDK045/gsclib045_all_v4.4/gsclib045/verilog/slow_vdd1v0_basicCells.v,3286|11): Attempt to annotate negative timing check limit in instance (square_root_tb.DUV.\INPUT_REG_reg[6].dffn_sig_q_reg ), yet -NONEG_TCHK was specified, setting to 0 <../deliverables/421_MHz/WORST/square_root.sdf, line 2478>.
xmelab: *W,SDFNET: Unable to annotate to non-existent timing check (RECREM (posedge RN) (posedge CK) (-50.5) (81.6)) of instance square_root_tb.DUV.\INPUT_REG_reg[4].dffn_sig_q_reg  of module DFFRX2 <../deliverables/421_MHz/WORST/square_root.sdf, line 2513>.
		$setuphold (posedge CK, posedge D, 0, 0, notifier,,, delayed_CK, delayed_D);
		         |
xmelab: *W,SDFNGL (/home/tools/design_kits/cadence/GPDK045/gsclib045_all_v4.4/gsclib045/verilog/slow_vdd1v0_basicCells.v,3455|11): Attempt to annotate negative timing check limit in instance (square_root_tb.DUV.\INPUT_REG_reg[4].dffn_sig_q_reg ), yet -NONEG_TCHK was specified, setting to 0 <../deliverables/421_MHz/WORST/square_root.sdf, line 2514>.
		$setuphold (posedge CK, negedge D, 0, 0, notifier,,, delayed_CK, delayed_D);
		         |
xmelab: *W,SDFNGL (/home/tools/design_kits/cadence/GPDK045/gsclib045_all_v4.4/gsclib045/verilog/slow_vdd1v0_basicCells.v,3456|11): Attempt to annotate negative timing check limit in instance (square_root_tb.DUV.\INPUT_REG_reg[4].dffn_sig_q_reg ), yet -NONEG_TCHK was specified, setting to 0 <../deliverables/421_MHz/WORST/square_root.sdf, line 2515>.
xmelab: *W,SDFNET: Unable to annotate to non-existent timing check (RECREM (posedge RN) (posedge CK) (-50.5) (81.6)) of instance square_root_tb.DUV.\INPUT_REG_reg[8].dffn_sig_q_reg  of module DFFRX2 <../deliverables/421_MHz/WORST/square_root.sdf, line 2552>.
		$setuphold (posedge CK, posedge D, 0, 0, notifier,,, delayed_CK, delayed_D);
		         |
xmelab: *W,SDFNGL (/home/tools/design_kits/cadence/GPDK045/gsclib045_all_v4.4/gsclib045/verilog/slow_vdd1v0_basicCells.v,3455|11): Attempt to annotate negative timing check limit in instance (square_root_tb.DUV.\INPUT_REG_reg[8].dffn_sig_q_reg ), yet -NONEG_TCHK was specified, setting to 0 <../deliverables/421_MHz/WORST/square_root.sdf, line 2553>.
		$setuphold (posedge CK, negedge D, 0, 0, notifier,,, delayed_CK, delayed_D);
		         |
xmelab: *W,SDFNGL (/home/tools/design_kits/cadence/GPDK045/gsclib045_all_v4.4/gsclib045/verilog/slow_vdd1v0_basicCells.v,3456|11): Attempt to annotate negative timing check limit in instance (square_root_tb.DUV.\INPUT_REG_reg[8].dffn_sig_q_reg ), yet -NONEG_TCHK was specified, setting to 0 <../deliverables/421_MHz/WORST/square_root.sdf, line 2554>.
xmelab: *W,SDFNET: Unable to annotate to non-existent timing check (RECREM (posedge RN) (posedge CK) (-50.5) (81.6)) of instance square_root_tb.DUV.\INPUT_REG_reg[5].dffn_sig_q_reg  of module DFFRX2 <../deliverables/421_MHz/WORST/square_root.sdf, line 2575>.
		$setuphold (posedge CK, posedge D, 0, 0, notifier,,, delayed_CK, delayed_D);
		         |
xmelab: *W,SDFNGL (/home/tools/design_kits/cadence/GPDK045/gsclib045_all_v4.4/gsclib045/verilog/slow_vdd1v0_basicCells.v,3455|11): Attempt to annotate negative timing check limit in instance (square_root_tb.DUV.\INPUT_REG_reg[5].dffn_sig_q_reg ), yet -NONEG_TCHK was specified, setting to 0 <../deliverables/421_MHz/WORST/square_root.sdf, line 2576>.
		$setuphold (posedge CK, negedge D, 0, 0, notifier,,, delayed_CK, delayed_D);
		         |
xmelab: *W,SDFNGL (/home/tools/design_kits/cadence/GPDK045/gsclib045_all_v4.4/gsclib045/verilog/slow_vdd1v0_basicCells.v,3456|11): Attempt to annotate negative timing check limit in instance (square_root_tb.DUV.\INPUT_REG_reg[5].dffn_sig_q_reg ), yet -NONEG_TCHK was specified, setting to 0 <../deliverables/421_MHz/WORST/square_root.sdf, line 2577>.
xmelab: *W,SDFNET: Unable to annotate to non-existent timing check (RECREM (posedge RN) (posedge CK) (-50.5) (81.6)) of instance square_root_tb.DUV.\INPUT_REG_reg[7].dffn_sig_q_reg  of module DFFRX2 <../deliverables/421_MHz/WORST/square_root.sdf, line 2598>.
		$setuphold (posedge CK, posedge D, 0, 0, notifier,,, delayed_CK, delayed_D);
		         |
xmelab: *W,SDFNGL (/home/tools/design_kits/cadence/GPDK045/gsclib045_all_v4.4/gsclib045/verilog/slow_vdd1v0_basicCells.v,3455|11): Attempt to annotate negative timing check limit in instance (square_root_tb.DUV.\INPUT_REG_reg[7].dffn_sig_q_reg ), yet -NONEG_TCHK was specified, setting to 0 <../deliverables/421_MHz/WORST/square_root.sdf, line 2599>.
		$setuphold (posedge CK, negedge D, 0, 0, notifier,,, delayed_CK, delayed_D);
		         |
xmelab: *W,SDFNGL (/home/tools/design_kits/cadence/GPDK045/gsclib045_all_v4.4/gsclib045/verilog/slow_vdd1v0_basicCells.v,3456|11): Attempt to annotate negative timing check limit in instance (square_root_tb.DUV.\INPUT_REG_reg[7].dffn_sig_q_reg ), yet -NONEG_TCHK was specified, setting to 0 <../deliverables/421_MHz/WORST/square_root.sdf, line 2600>.
xmelab: *W,SDFNET: Unable to annotate to non-existent timing check (RECREM (posedge RN) (posedge CK) (-61.8) (91.3)) of instance square_root_tb.DUV.\INPUT_REG_reg[9].dffn_sig_q_reg  of module DFFRHQX1 <../deliverables/421_MHz/WORST/square_root.sdf, line 2619>.
		$setuphold (posedge CK, posedge D, 0, 0, notifier,,, delayed_CK, delayed_D);
		         |
xmelab: *W,SDFNGL (/home/tools/design_kits/cadence/GPDK045/gsclib045_all_v4.4/gsclib045/verilog/slow_vdd1v0_basicCells.v,3285|11): Attempt to annotate negative timing check limit in instance (square_root_tb.DUV.\INPUT_REG_reg[9].dffn_sig_q_reg ), yet -NONEG_TCHK was specified, setting to 0 <../deliverables/421_MHz/WORST/square_root.sdf, line 2620>.
		$setuphold (posedge CK, negedge D, 0, 0, notifier,,, delayed_CK, delayed_D);
		         |
xmelab: *W,SDFNGL (/home/tools/design_kits/cadence/GPDK045/gsclib045_all_v4.4/gsclib045/verilog/slow_vdd1v0_basicCells.v,3286|11): Attempt to annotate negative timing check limit in instance (square_root_tb.DUV.\INPUT_REG_reg[9].dffn_sig_q_reg ), yet -NONEG_TCHK was specified, setting to 0 <../deliverables/421_MHz/WORST/square_root.sdf, line 2621>.
xmelab: *W,SDFNET: Unable to annotate to non-existent timing check (RECREM (posedge RN) (posedge CK) (-61.8) (91.3)) of instance square_root_tb.DUV.\INPUT_REG_reg[10].dffn_sig_q_reg  of module DFFRHQX1 <../deliverables/421_MHz/WORST/square_root.sdf, line 2640>.
		$setuphold (posedge CK, posedge D, 0, 0, notifier,,, delayed_CK, delayed_D);
		         |
xmelab: *W,SDFNGL (/home/tools/design_kits/cadence/GPDK045/gsclib045_all_v4.4/gsclib045/verilog/slow_vdd1v0_basicCells.v,3285|11): Attempt to annotate negative timing check limit in instance (square_root_tb.DUV.\INPUT_REG_reg[10].dffn_sig_q_reg ), yet -NONEG_TCHK was specified, setting to 0 <../deliverables/421_MHz/WORST/square_root.sdf, line 2641>.
		$setuphold (posedge CK, negedge D, 0, 0, notifier,,, delayed_CK, delayed_D);
		         |
xmelab: *W,SDFNGL (/home/tools/design_kits/cadence/GPDK045/gsclib045_all_v4.4/gsclib045/verilog/slow_vdd1v0_basicCells.v,3286|11): Attempt to annotate negative timing check limit in instance (square_root_tb.DUV.\INPUT_REG_reg[10].dffn_sig_q_reg ), yet -NONEG_TCHK was specified, setting to 0 <../deliverables/421_MHz/WORST/square_root.sdf, line 2642>.
xmelab: *W,SDFNET: Unable to annotate to non-existent timing check (RECREM (posedge RN) (posedge CK) (-61.8) (91.3)) of instance square_root_tb.DUV.\INPUT_REG_reg[11].dffn_sig_q_reg  of module DFFRHQX1 <../deliverables/421_MHz/WORST/square_root.sdf, line 2661>.
		$setuphold (posedge CK, posedge D, 0, 0, notifier,,, delayed_CK, delayed_D);
		         |
xmelab: *W,SDFNGL (/home/tools/design_kits/cadence/GPDK045/gsclib045_all_v4.4/gsclib045/verilog/slow_vdd1v0_basicCells.v,3285|11): Attempt to annotate negative timing check limit in instance (square_root_tb.DUV.\INPUT_REG_reg[11].dffn_sig_q_reg ), yet -NONEG_TCHK was specified, setting to 0 <../deliverables/421_MHz/WORST/square_root.sdf, line 2662>.
		$setuphold (posedge CK, negedge D, 0, 0, notifier,,, delayed_CK, delayed_D);
		         |
xmelab: *W,SDFNGL (/home/tools/design_kits/cadence/GPDK045/gsclib045_all_v4.4/gsclib045/verilog/slow_vdd1v0_basicCells.v,3286|11): Attempt to annotate negative timing check limit in instance (square_root_tb.DUV.\INPUT_REG_reg[11].dffn_sig_q_reg ), yet -NONEG_TCHK was specified, setting to 0 <../deliverables/421_MHz/WORST/square_root.sdf, line 2663>.
xmelab: *W,SDFNET: Unable to annotate to non-existent timing check (RECREM (posedge RN) (posedge CK) (-61.8) (91.3)) of instance square_root_tb.DUV.\INPUT_REG_reg[13].dffn_sig_q_reg  of module DFFRHQX1 <../deliverables/421_MHz/WORST/square_root.sdf, line 2682>.
		$setuphold (posedge CK, posedge D, 0, 0, notifier,,, delayed_CK, delayed_D);
		         |
xmelab: *W,SDFNGL (/home/tools/design_kits/cadence/GPDK045/gsclib045_all_v4.4/gsclib045/verilog/slow_vdd1v0_basicCells.v,3285|11): Attempt to annotate negative timing check limit in instance (square_root_tb.DUV.\INPUT_REG_reg[13].dffn_sig_q_reg ), yet -NONEG_TCHK was specified, setting to 0 <../deliverables/421_MHz/WORST/square_root.sdf, line 2683>.
		$setuphold (posedge CK, negedge D, 0, 0, notifier,,, delayed_CK, delayed_D);
		         |
xmelab: *W,SDFNGL (/home/tools/design_kits/cadence/GPDK045/gsclib045_all_v4.4/gsclib045/verilog/slow_vdd1v0_basicCells.v,3286|11): Attempt to annotate negative timing check limit in instance (square_root_tb.DUV.\INPUT_REG_reg[13].dffn_sig_q_reg ), yet -NONEG_TCHK was specified, setting to 0 <../deliverables/421_MHz/WORST/square_root.sdf, line 2684>.
xmelab: *W,SDFNET: Unable to annotate to non-existent timing check (RECREM (posedge RN) (posedge CK) (-61.8) (91.3)) of instance square_root_tb.DUV.\INPUT_REG_reg[14].dffn_sig_q_reg  of module DFFRHQX1 <../deliverables/421_MHz/WORST/square_root.sdf, line 2703>.
		$setuphold (posedge CK, posedge D, 0, 0, notifier,,, delayed_CK, delayed_D);
		         |
xmelab: *W,SDFNGL (/home/tools/design_kits/cadence/GPDK045/gsclib045_all_v4.4/gsclib045/verilog/slow_vdd1v0_basicCells.v,3285|11): Attempt to annotate negative timing check limit in instance (square_root_tb.DUV.\INPUT_REG_reg[14].dffn_sig_q_reg ), yet -NONEG_TCHK was specified, setting to 0 <../deliverables/421_MHz/WORST/square_root.sdf, line 2704>.
		$setuphold (posedge CK, negedge D, 0, 0, notifier,,, delayed_CK, delayed_D);
		         |
xmelab: *W,SDFNGL (/home/tools/design_kits/cadence/GPDK045/gsclib045_all_v4.4/gsclib045/verilog/slow_vdd1v0_basicCells.v,3286|11): Attempt to annotate negative timing check limit in instance (square_root_tb.DUV.\INPUT_REG_reg[14].dffn_sig_q_reg ), yet -NONEG_TCHK was specified, setting to 0 <../deliverables/421_MHz/WORST/square_root.sdf, line 2705>.
xmelab: *W,SDFNET: Unable to annotate to non-existent timing check (RECREM (posedge RN) (posedge CK) (-61.8) (91.3)) of instance square_root_tb.DUV.\INPUT_REG_reg[15].dffn_sig_q_reg  of module DFFRHQX1 <../deliverables/421_MHz/WORST/square_root.sdf, line 2724>.
		$setuphold (posedge CK, posedge D, 0, 0, notifier,,, delayed_CK, delayed_D);
		         |
xmelab: *W,SDFNGL (/home/tools/design_kits/cadence/GPDK045/gsclib045_all_v4.4/gsclib045/verilog/slow_vdd1v0_basicCells.v,3285|11): Attempt to annotate negative timing check limit in instance (square_root_tb.DUV.\INPUT_REG_reg[15].dffn_sig_q_reg ), yet -NONEG_TCHK was specified, setting to 0 <../deliverables/421_MHz/WORST/square_root.sdf, line 2725>.
		$setuphold (posedge CK, negedge D, 0, 0, notifier,,, delayed_CK, delayed_D);
		         |
xmelab: *W,SDFNGL (/home/tools/design_kits/cadence/GPDK045/gsclib045_all_v4.4/gsclib045/verilog/slow_vdd1v0_basicCells.v,3286|11): Attempt to annotate negative timing check limit in instance (square_root_tb.DUV.\INPUT_REG_reg[15].dffn_sig_q_reg ), yet -NONEG_TCHK was specified, setting to 0 <../deliverables/421_MHz/WORST/square_root.sdf, line 2726>.
xmelab: *W,SDFNET: Unable to annotate to non-existent timing check (RECREM (posedge RN) (posedge CK) (-61.8) (91.3)) of instance square_root_tb.DUV.\INPUT_REG_reg[0].dffn_sig_q_reg  of module DFFRHQX1 <../deliverables/421_MHz/WORST/square_root.sdf, line 2745>.
		$setuphold (posedge CK, posedge D, 0, 0, notifier,,, delayed_CK, delayed_D);
		         |
xmelab: *W,SDFNGL (/home/tools/design_kits/cadence/GPDK045/gsclib045_all_v4.4/gsclib045/verilog/slow_vdd1v0_basicCells.v,3285|11): Attempt to annotate negative timing check limit in instance (square_root_tb.DUV.\INPUT_REG_reg[0].dffn_sig_q_reg ), yet -NONEG_TCHK was specified, setting to 0 <../deliverables/421_MHz/WORST/square_root.sdf, line 2746>.
		$setuphold (posedge CK, negedge D, 0, 0, notifier,,, delayed_CK, delayed_D);
		         |
xmelab: *W,SDFNGL (/home/tools/design_kits/cadence/GPDK045/gsclib045_all_v4.4/gsclib045/verilog/slow_vdd1v0_basicCells.v,3286|11): Attempt to annotate negative timing check limit in instance (square_root_tb.DUV.\INPUT_REG_reg[0].dffn_sig_q_reg ), yet -NONEG_TCHK was specified, setting to 0 <../deliverables/421_MHz/WORST/square_root.sdf, line 2747>.
xmelab: *W,SDFNET: Unable to annotate to non-existent timing check (RECREM (posedge RN) (posedge CK) (-50.5) (81.6)) of instance square_root_tb.DUV.\INPUT_REG_reg[3].dffn_sig_q_reg  of module DFFRX2 <../deliverables/421_MHz/WORST/square_root.sdf, line 2768>.
		$setuphold (posedge CK, posedge D, 0, 0, notifier,,, delayed_CK, delayed_D);
		         |
xmelab: *W,SDFNGL (/home/tools/design_kits/cadence/GPDK045/gsclib045_all_v4.4/gsclib045/verilog/slow_vdd1v0_basicCells.v,3455|11): Attempt to annotate negative timing check limit in instance (square_root_tb.DUV.\INPUT_REG_reg[3].dffn_sig_q_reg ), yet -NONEG_TCHK was specified, setting to 0 <../deliverables/421_MHz/WORST/square_root.sdf, line 2769>.
		$setuphold (posedge CK, negedge D, 0, 0, notifier,,, delayed_CK, delayed_D);
		         |
xmelab: *W,SDFNGL (/home/tools/design_kits/cadence/GPDK045/gsclib045_all_v4.4/gsclib045/verilog/slow_vdd1v0_basicCells.v,3456|11): Attempt to annotate negative timing check limit in instance (square_root_tb.DUV.\INPUT_REG_reg[3].dffn_sig_q_reg ), yet -NONEG_TCHK was specified, setting to 0 <../deliverables/421_MHz/WORST/square_root.sdf, line 2770>.
xmelab: *W,SDFNET: Unable to annotate to non-existent timing check (RECREM (posedge RN) (posedge CK) (-61.8) (91.3)) of instance square_root_tb.DUV.\INPUT_REG_reg[1].dffn_sig_q_reg  of module DFFRHQX1 <../deliverables/421_MHz/WORST/square_root.sdf, line 2789>.
		$setuphold (posedge CK, posedge D, 0, 0, notifier,,, delayed_CK, delayed_D);
		         |
xmelab: *W,SDFNGL (/home/tools/design_kits/cadence/GPDK045/gsclib045_all_v4.4/gsclib045/verilog/slow_vdd1v0_basicCells.v,3285|11): Attempt to annotate negative timing check limit in instance (square_root_tb.DUV.\INPUT_REG_reg[1].dffn_sig_q_reg ), yet -NONEG_TCHK was specified, setting to 0 <../deliverables/421_MHz/WORST/square_root.sdf, line 2790>.
		$setuphold (posedge CK, negedge D, 0, 0, notifier,,, delayed_CK, delayed_D);
		         |
xmelab: *W,SDFNGL (/home/tools/design_kits/cadence/GPDK045/gsclib045_all_v4.4/gsclib045/verilog/slow_vdd1v0_basicCells.v,3286|11): Attempt to annotate negative timing check limit in instance (square_root_tb.DUV.\INPUT_REG_reg[1].dffn_sig_q_reg ), yet -NONEG_TCHK was specified, setting to 0 <../deliverables/421_MHz/WORST/square_root.sdf, line 2791>.
xmelab: *W,SDFNET: Unable to annotate to non-existent timing check (RECREM (posedge RN) (posedge CK) (-61.8) (91.3)) of instance square_root_tb.DUV.\INPUT_REG_reg[2].dffn_sig_q_reg  of module DFFRHQX1 <../deliverables/421_MHz/WORST/square_root.sdf, line 2810>.
		$setuphold (posedge CK, posedge D, 0, 0, notifier,,, delayed_CK, delayed_D);
		         |
xmelab: *W,SDFNGL (/home/tools/design_kits/cadence/GPDK045/gsclib045_all_v4.4/gsclib045/verilog/slow_vdd1v0_basicCells.v,3285|11): Attempt to annotate negative timing check limit in instance (square_root_tb.DUV.\INPUT_REG_reg[2].dffn_sig_q_reg ), yet -NONEG_TCHK was specified, setting to 0 <../deliverables/421_MHz/WORST/square_root.sdf, line 2811>.
		$setuphold (posedge CK, negedge D, 0, 0, notifier,,, delayed_CK, delayed_D);
		         |
xmelab: *W,SDFNGL (/home/tools/design_kits/cadence/GPDK045/gsclib045_all_v4.4/gsclib045/verilog/slow_vdd1v0_basicCells.v,3286|11): Attempt to annotate negative timing check limit in instance (square_root_tb.DUV.\INPUT_REG_reg[2].dffn_sig_q_reg ), yet -NONEG_TCHK was specified, setting to 0 <../deliverables/421_MHz/WORST/square_root.sdf, line 2812>.
xmelab: *W,SDFNET: Unable to annotate to non-existent timing check (RECREM (posedge RN) (posedge CK) (-61.2) (91.3)) of instance square_root_tb.DUV.\DATA_PATH_1_SQUARE_REG_reg[0].dffn_sig_q_reg  of module DFFRHQX2 <../deliverables/421_MHz/WORST/square_root.sdf, line 2951>.
		$setuphold (posedge CK, posedge D, 0, 0, notifier,,, delayed_CK, delayed_D);
		         |
xmelab: *W,SDFNGL (/home/tools/design_kits/cadence/GPDK045/gsclib045_all_v4.4/gsclib045/verilog/slow_vdd1v0_basicCells.v,3317|11): Attempt to annotate negative timing check limit in instance (square_root_tb.DUV.\DATA_PATH_1_SQUARE_REG_reg[0].dffn_sig_q_reg ), yet -NONEG_TCHK was specified, setting to 0 <../deliverables/421_MHz/WORST/square_root.sdf, line 2952>.
		$setuphold (posedge CK, negedge D, 0, 0, notifier,,, delayed_CK, delayed_D);
		         |
xmelab: *W,SDFNGL (/home/tools/design_kits/cadence/GPDK045/gsclib045_all_v4.4/gsclib045/verilog/slow_vdd1v0_basicCells.v,3318|11): Attempt to annotate negative timing check limit in instance (square_root_tb.DUV.\DATA_PATH_1_SQUARE_REG_reg[0].dffn_sig_q_reg ), yet -NONEG_TCHK was specified, setting to 0 <../deliverables/421_MHz/WORST/square_root.sdf, line 2953>.
xmelab: *W,SDFNET: Unable to annotate to non-existent timing check (RECREM (posedge RN) (posedge CK) (-56.8) (86.4)) of instance square_root_tb.DUV.\CONTROL_PATH_CurrentState_reg[1]  of module DFFRHQX4 <../deliverables/421_MHz/WORST/square_root.sdf, line 3274>.
		$setuphold (posedge CK, posedge D, 0, 0, notifier,,, delayed_CK, delayed_D);
		         |
xmelab: *W,SDFNGL (/home/tools/design_kits/cadence/GPDK045/gsclib045_all_v4.4/gsclib045/verilog/slow_vdd1v0_basicCells.v,3349|11): Attempt to annotate negative timing check limit in instance (square_root_tb.DUV.\CONTROL_PATH_CurrentState_reg[1] ), yet -NONEG_TCHK was specified, setting to 0 <../deliverables/421_MHz/WORST/square_root.sdf, line 3275>.
		$setuphold (posedge CK, negedge D, 0, 0, notifier,,, delayed_CK, delayed_D);
		         |
xmelab: *W,SDFNGL (/home/tools/design_kits/cadence/GPDK045/gsclib045_all_v4.4/gsclib045/verilog/slow_vdd1v0_basicCells.v,3350|11): Attempt to annotate negative timing check limit in instance (square_root_tb.DUV.\CONTROL_PATH_CurrentState_reg[1] ), yet -NONEG_TCHK was specified, setting to 0 <../deliverables/421_MHz/WORST/square_root.sdf, line 3276>.
