============================================================
  Generated by:           Genus(TM) Synthesis Solution 21.18-s082_1
  Generated on:           Sep 08 2025  01:40:00 am
  Module:                 square_root_pipe
  Operating conditions:   PVT_0P9V_125C 
  Operating conditions:   PVT_1P32V_0C 
  Interconnect mode:      global
  Area mode:              physical library
============================================================

Timing
--------

Clock Period 
-------------
clk   1450.0 


  Cost    Critical             Violating 
 Group   Path Slack    TNS       Paths   
-----------------------------------------
clk          -143.4   -1051.3         14 
default    No paths       0.0            
-----------------------------------------
Total                 -1051.3         14 

Instance Count
--------------
Leaf Instance Count             463 
Physical Instance count           0 
Sequential Instance Count        80 
Combinational Instance Count    383 
Hierarchical Instance Count       0 

Area
----
Cell Area                          1696.662
Physical Cell Area                 0.000
Total Cell Area (Cell+Physical)    1696.662
Net Area                           500.634
Total Area (Cell+Physical+Net)     2197.296

Max Fanout                         80 (clk)
Min Fanout                         0 (rst_n)
Average Fanout                     2.0
Terms to net ratio                 3.1054
Terms to instance ratio            3.2462
Runtime                            23.166031 seconds
Elapsed Runtime                    25 seconds
Genus peak memory usage            1456.65 
Innovus peak memory usage          no_value 
Hostname                           gmicro02
