============================================================
  Generated by:           Genus(TM) Synthesis Solution 21.18-s082_1
  Generated on:           Sep 08 2025  01:40:00 am
  Module:                 square_root_pipe
  Operating conditions:   PVT_0P9V_125C 
  Operating conditions:   PVT_1P32V_0C 
  Interconnect mode:      global
  Area mode:              physical library
============================================================

                                              Library 
   Gate    Instances    Area       Library     Domain 
------------------------------------------------------
ADDHX1             2     7.524    slow_vdd1v0   worst 
ADDHX2             1     5.130    slow_vdd1v0   worst 
AND2X1             2     2.736    slow_vdd1v0   worst 
AND2X4             1     2.736    slow_vdd1v0   worst 
AND2X6             1     3.762    slow_vdd1v0   worst 
AO21X1             2     4.788    slow_vdd1v0   worst 
AOI211X4           1     6.498    slow_vdd1v0   worst 
AOI21X2            4    10.944    slow_vdd1v0   worst 
AOI21X4            8    41.040    slow_vdd1v0   worst 
AOI22X2            1     3.762    slow_vdd1v0   worst 
AOI22X4            3    18.468    slow_vdd1v0   worst 
AOI2BB1X2          2     6.156    slow_vdd1v0   worst 
AOI2BB1X4          5    20.520    slow_vdd1v0   worst 
AOI32X2            2     8.892    slow_vdd1v0   worst 
BUFX2             19    32.490    slow_vdd1v0   worst 
BUFX6             10    30.780    slow_vdd1v0   worst 
CLKAND2X2          1     2.052    slow_vdd1v0   worst 
CLKAND2X3          4    12.312    slow_vdd1v0   worst 
CLKAND2X4          1     3.420    slow_vdd1v0   worst 
CLKAND2X6          6    28.728    slow_vdd1v0   worst 
CLKINVX12          2     8.208    slow_vdd1v0   worst 
CLKINVX2           2     2.736    slow_vdd1v0   worst 
CLKINVX4           9    15.390    slow_vdd1v0   worst 
CLKINVX6          10    23.940    slow_vdd1v0   worst 
CLKINVX8           5    15.390    slow_vdd1v0   worst 
CLKMX2X3          10    41.040    slow_vdd1v0   worst 
CLKXOR2X1          6    16.416    slow_vdd1v0   worst 
CLKXOR2X2          1     3.420    slow_vdd1v0   worst 
DFFRHQX1          33   203.148    slow_vdd1v0   worst 
DFFRHQX2           7    55.062    slow_vdd1v0   worst 
DFFRHQX4          29   277.704    slow_vdd1v0   worst 
DFFRHQX8           2    22.572    slow_vdd1v0   worst 
DFFRX2             7    52.668    slow_vdd1v0   worst 
DFFSHQX2           1     8.208    slow_vdd1v0   worst 
DFFSHQX8           1    10.602    slow_vdd1v0   worst 
INVX1             28    19.152    slow_vdd1v0   worst 
INVX2             30    30.780    slow_vdd1v0   worst 
INVX3              9    12.312    slow_vdd1v0   worst 
INVX6              1     2.394    slow_vdd1v0   worst 
INVXL              3     2.052    slow_vdd1v0   worst 
MX2X1             54   129.276    slow_vdd1v0   worst 
MX3X1              1     5.130    slow_vdd1v0   worst 
MXI2X1             1     2.736    slow_vdd1v0   worst 
MXI2X2             1     4.446    slow_vdd1v0   worst 
MXI2X4             4    20.520    slow_vdd1v0   worst 
MXI3X1             2    12.996    slow_vdd1v0   worst 
NAND2BX2           1     2.394    slow_vdd1v0   worst 
NAND2BX4           3    11.286    slow_vdd1v0   worst 
NAND2X1            2     2.052    slow_vdd1v0   worst 
NAND2X2            8    13.680    slow_vdd1v0   worst 
NAND2X4           11    37.620    slow_vdd1v0   worst 
NAND2X6            5    23.940    slow_vdd1v0   worst 
NAND2X8            2    10.944    slow_vdd1v0   worst 
NOR2BX1            1     1.368    slow_vdd1v0   worst 
NOR2BX4            3    11.286    slow_vdd1v0   worst 
NOR2X1             2     2.052    slow_vdd1v0   worst 
NOR2X2             5     8.550    slow_vdd1v0   worst 
NOR2X4            23    70.794    slow_vdd1v0   worst 
NOR2X6            10    41.040    slow_vdd1v0   worst 
NOR2X8             9    49.248    slow_vdd1v0   worst 
NOR3X8             1     8.892    slow_vdd1v0   worst 
OA21X1             4     8.208    slow_vdd1v0   worst 
OA21X2             1     3.078    slow_vdd1v0   worst 
OAI21X1            1     1.710    slow_vdd1v0   worst 
OAI21X2            2     6.156    slow_vdd1v0   worst 
OAI21X4            7    33.516    slow_vdd1v0   worst 
OAI22X2            2     6.840    slow_vdd1v0   worst 
OAI22X4            1     6.498    slow_vdd1v0   worst 
OAI2BB1X1          3     5.130    slow_vdd1v0   worst 
OAI2BB1X2          1     3.078    slow_vdd1v0   worst 
OAI2BB1X4          1     4.446    slow_vdd1v0   worst 
OAI2BB2X4          3    25.650    slow_vdd1v0   worst 
OAI32X2            1     4.446    slow_vdd1v0   worst 
OR2X1              3     4.104    slow_vdd1v0   worst 
OR2X4              2     5.472    slow_vdd1v0   worst 
OR2X6              3    11.286    slow_vdd1v0   worst 
OR2X8              1     4.446    slow_vdd1v0   worst 
XNOR2X1            3     7.182    slow_vdd1v0   worst 
XNOR2X2            3     9.234    slow_vdd1v0   worst 
------------------------------------------------------
total            463  1696.662                


                                         
     Type      Instances   Area   Area % 
-----------------------------------------
sequential            80  629.964   37.1 
inverter              99  132.354    7.8 
buffer                29   63.270    3.7 
logic                255  871.074   51.3 
physical_cells         0    0.000    0.0 
-----------------------------------------
total                463 1696.662  100.0 

