============================================================
  Generated by:           Genus(TM) Synthesis Solution 21.18-s082_1
  Generated on:           Oct 16 2025  12:52:32 am
  Module:                 BubbleSort
  Operating conditions:   PVT_0P9V_125C 
  Operating conditions:   PVT_1P32V_0C 
  Interconnect mode:      global
  Area mode:              physical library
============================================================

                                               Library 
   Gate     Instances    Area       Library     Domain 
-------------------------------------------------------
AOI211X2            2     6.840    fast_vdd1v2    best 
AOI211X4            1     6.498    fast_vdd1v2    best 
AOI21X2             6    16.416    fast_vdd1v2    best 
AOI21X4             2    10.260    fast_vdd1v2    best 
AOI22X1            33    67.716    fast_vdd1v2    best 
AOI22X2             2     7.524    fast_vdd1v2    best 
AOI31X1             1     2.052    fast_vdd1v2    best 
AOI31X2             4    13.680    fast_vdd1v2    best 
BUFX3               1     2.052    fast_vdd1v2    best 
BUFX6              13    40.014    fast_vdd1v2    best 
CLKAND2X12          2    15.048    fast_vdd1v2    best 
CLKAND2X2           1     2.052    fast_vdd1v2    best 
CLKAND2X3           1     3.078    fast_vdd1v2    best 
CLKAND2X6           1     4.788    fast_vdd1v2    best 
CLKBUFX16           1     6.840    fast_vdd1v2    best 
CLKBUFX3           33    67.716    fast_vdd1v2    best 
CLKBUFX4            1     2.394    fast_vdd1v2    best 
CLKINVX12           6    24.624    fast_vdd1v2    best 
CLKINVX2            8    10.944    fast_vdd1v2    best 
CLKINVX20           1     6.498    fast_vdd1v2    best 
CLKINVX4           11    18.810    fast_vdd1v2    best 
CLKINVX6           37    88.578    fast_vdd1v2    best 
CLKINVX8            8    24.624    fast_vdd1v2    best 
DFFRHQX1          233  1434.348    fast_vdd1v2    best 
DFFRHQX2           57   448.362    fast_vdd1v2    best 
DFFRHQX4            4    38.304    fast_vdd1v2    best 
DFFRHQX8           32   361.152    fast_vdd1v2    best 
DFFRX1              2    13.680    fast_vdd1v2    best 
DFFRX2              3    22.572    fast_vdd1v2    best 
DFFRX4              2    19.152    fast_vdd1v2    best 
DLY2X4              1     6.840    fast_vdd1v2    best 
INVX1              19    12.996    fast_vdd1v2    best 
INVX2               7     7.182    fast_vdd1v2    best 
INVX3              14    19.152    fast_vdd1v2    best 
INVX4               1     1.710    fast_vdd1v2    best 
INVX6               2     4.788    fast_vdd1v2    best 
INVXL               3     2.052    fast_vdd1v2    best 
MX2X1              32    76.608    fast_vdd1v2    best 
NAND2BX1            7     9.576    fast_vdd1v2    best 
NAND2BX2            2     4.788    fast_vdd1v2    best 
NAND2X1             4     4.104    fast_vdd1v2    best 
NAND2X2             4     6.840    fast_vdd1v2    best 
NAND2X4             2     6.840    fast_vdd1v2    best 
NAND2X6             1     4.788    fast_vdd1v2    best 
NAND3BX2            2     6.156    fast_vdd1v2    best 
NAND3X1             2     3.420    fast_vdd1v2    best 
NAND3X2             2     5.472    fast_vdd1v2    best 
NAND3X4             4    19.152    fast_vdd1v2    best 
NAND4XL             1     1.710    fast_vdd1v2    best 
NOR2BX1             9    12.312    fast_vdd1v2    best 
NOR2BX2             2     5.472    fast_vdd1v2    best 
NOR2BX4             2     7.524    fast_vdd1v2    best 
NOR2X1              7     7.182    fast_vdd1v2    best 
NOR2X2              6    10.260    fast_vdd1v2    best 
NOR2X4              3     9.234    fast_vdd1v2    best 
NOR2X6              1     4.104    fast_vdd1v2    best 
NOR3X4              2    10.260    fast_vdd1v2    best 
NOR3X6              2    14.364    fast_vdd1v2    best 
NOR4X2              1     3.420    fast_vdd1v2    best 
OA21X1              1     2.052    fast_vdd1v2    best 
OAI21X2            25    76.950    fast_vdd1v2    best 
OAI21X4            11    52.668    fast_vdd1v2    best 
OAI221X1            1     2.394    fast_vdd1v2    best 
OAI222X2            1     5.814    fast_vdd1v2    best 
OAI22X1             4     8.208    fast_vdd1v2    best 
OAI2BB1X1           3     5.130    fast_vdd1v2    best 
OAI2BB1X2           2     6.156    fast_vdd1v2    best 
OR2X6               1     3.762    fast_vdd1v2    best 
OR2X8               1     4.446    fast_vdd1v2    best 
TLATNXL             1     5.472    fast_vdd1v2    best 
-------------------------------------------------------
total             705  3247.974                


                                         
     Type      Instances   Area   Area % 
-----------------------------------------
sequential           334 2343.042   72.1 
inverter             117  221.958    6.8 
buffer                50  125.856    3.9 
logic                204  557.118   17.2 
physical_cells         0    0.000    0.0 
-----------------------------------------
total                705 3247.974  100.0 

