============================================================
  Generated by:           Genus(TM) Synthesis Solution 21.18-s082_1
  Generated on:           Oct 16 2025  12:52:32 am
  Module:                 BubbleSort
  Operating conditions:   PVT_0P9V_125C 
  Operating conditions:   PVT_1P32V_0C 
  Interconnect mode:      global
  Area mode:              physical library
============================================================

Timing
--------

Clock Period 
-------------
clk    330.0 


  Cost    Critical             Violating 
 Group   Path Slack    TNS       Paths   
-----------------------------------------
clk          -115.0   -8777.0         97 
default    No paths       0.0            
-----------------------------------------
Total                 -8777.0         97 

Instance Count
--------------
Leaf Instance Count             705 
Physical Instance count           0 
Sequential Instance Count       334 
Combinational Instance Count    371 
Hierarchical Instance Count       0 

Area
----
Cell Area                          3247.974
Physical Cell Area                 0.000
Total Cell Area (Cell+Physical)    3247.974
Net Area                           691.054
Total Area (Cell+Physical+Net)     3939.028

Max Fanout                         333 (clk_gated_s)
Min Fanout                         0 (n_0)
Average Fanout                     2.0
Terms to net ratio                 3.3649
Terms to instance ratio            3.5319
Runtime                            24.606592000000003 seconds
Elapsed Runtime                    288 seconds
Genus peak memory usage            1474.41 
Innovus peak memory usage          no_value 
Hostname                           gmicro02
