============================================================
  Generated by:           Genus(TM) Synthesis Solution 21.18-s082_1
  Generated on:           Sep 08 2025  01:43:19 am
  Module:                 square_root_pipe
  Operating conditions:   PVT_0P9V_125C 
  Operating conditions:   PVT_1P32V_0C 
  Interconnect mode:      global
  Area mode:              physical library
============================================================

                                              Library 
   Gate    Instances    Area       Library     Domain 
------------------------------------------------------
ADDHX1             4    15.048    slow_vdd1v0   worst 
ADDHX2             3    15.390    slow_vdd1v0   worst 
AND2X1             2     2.736    slow_vdd1v0   worst 
AND2X4             1     2.736    slow_vdd1v0   worst 
AND2X6             1     3.762    slow_vdd1v0   worst 
AND2X8             1     4.446    slow_vdd1v0   worst 
AND4X1             1     2.394    slow_vdd1v0   worst 
AO21X1             1     2.394    slow_vdd1v0   worst 
AO21X4             1     3.420    slow_vdd1v0   worst 
AOI211X4           1     6.498    slow_vdd1v0   worst 
AOI21X1            1     1.710    slow_vdd1v0   worst 
AOI21X2            3     8.208    slow_vdd1v0   worst 
AOI21X4            2    10.260    slow_vdd1v0   worst 
AOI22X2            3    11.286    slow_vdd1v0   worst 
AOI22X4            5    30.780    slow_vdd1v0   worst 
AOI2BB1X1          2     4.104    slow_vdd1v0   worst 
AOI2BB1X2          5    15.390    slow_vdd1v0   worst 
AOI2BB1X4          8    32.832    slow_vdd1v0   worst 
AOI31X4            1     6.498    slow_vdd1v0   worst 
BUFX2             14    23.940    slow_vdd1v0   worst 
BUFX6              8    24.624    slow_vdd1v0   worst 
CLKAND2X2          2     4.104    slow_vdd1v0   worst 
CLKAND2X3          3     9.234    slow_vdd1v0   worst 
CLKAND2X6          5    23.940    slow_vdd1v0   worst 
CLKBUFX16          1     6.840    slow_vdd1v0   worst 
CLKINVX12          1     4.104    slow_vdd1v0   worst 
CLKINVX16          2    10.944    slow_vdd1v0   worst 
CLKINVX2           2     2.736    slow_vdd1v0   worst 
CLKINVX3           1     1.710    slow_vdd1v0   worst 
CLKINVX4           4     6.840    slow_vdd1v0   worst 
CLKINVX6           2     4.788    slow_vdd1v0   worst 
CLKINVX8           7    21.546    slow_vdd1v0   worst 
CLKMX2X2           1     3.078    slow_vdd1v0   worst 
CLKMX2X3           4    16.416    slow_vdd1v0   worst 
CLKXOR2X1          2     5.472    slow_vdd1v0   worst 
DFFRHQX1          51   313.956    slow_vdd1v0   worst 
DFFRHQX2           2    15.732    slow_vdd1v0   worst 
DFFRHQX4           9    86.184    slow_vdd1v0   worst 
DFFRHQX8           5    56.430    slow_vdd1v0   worst 
DFFRX2            11    82.764    slow_vdd1v0   worst 
DFFSHQX2           1     8.208    slow_vdd1v0   worst 
DFFSHQX8           1    10.602    slow_vdd1v0   worst 
INVX1             17    11.628    slow_vdd1v0   worst 
INVX12             1     4.104    slow_vdd1v0   worst 
INVX2             24    24.624    slow_vdd1v0   worst 
INVX3              4     5.472    slow_vdd1v0   worst 
INVX4              1     1.710    slow_vdd1v0   worst 
INVX6              2     4.788    slow_vdd1v0   worst 
MX2X1             64   153.216    slow_vdd1v0   worst 
MXI2X1             1     2.736    slow_vdd1v0   worst 
MXI2X2             2     8.892    slow_vdd1v0   worst 
MXI2X4             1     5.130    slow_vdd1v0   worst 
MXI3X1             1     6.498    slow_vdd1v0   worst 
NAND2BX4           3    11.286    slow_vdd1v0   worst 
NAND2X1            4     4.104    slow_vdd1v0   worst 
NAND2X2            3     5.130    slow_vdd1v0   worst 
NAND2X4            6    20.520    slow_vdd1v0   worst 
NAND2X6            2     9.576    slow_vdd1v0   worst 
NAND3X2            2     5.472    slow_vdd1v0   worst 
NAND3X6            1     7.182    slow_vdd1v0   worst 
NOR2BX1            1     1.368    slow_vdd1v0   worst 
NOR2BX2            2     5.472    slow_vdd1v0   worst 
NOR2BX4            1     3.762    slow_vdd1v0   worst 
NOR2X1             3     3.078    slow_vdd1v0   worst 
NOR2X2             4     6.840    slow_vdd1v0   worst 
NOR2X4            13    40.014    slow_vdd1v0   worst 
NOR2X6             9    36.936    slow_vdd1v0   worst 
NOR2X8             8    43.776    slow_vdd1v0   worst 
NOR3X4             1     5.130    slow_vdd1v0   worst 
OA21X1             2     4.104    slow_vdd1v0   worst 
OA21X4             1     3.762    slow_vdd1v0   worst 
OAI21X1            3     5.130    slow_vdd1v0   worst 
OAI21X4            6    28.728    slow_vdd1v0   worst 
OAI22X2            3    10.260    slow_vdd1v0   worst 
OAI22X4            1     6.498    slow_vdd1v0   worst 
OAI2BB1X1          3     5.130    slow_vdd1v0   worst 
OAI2BB1X2          1     3.078    slow_vdd1v0   worst 
OR2X1              4     5.472    slow_vdd1v0   worst 
XNOR2X1           12    28.728    slow_vdd1v0   worst 
------------------------------------------------------
total            402  1463.418                


                                         
     Type      Instances   Area   Area % 
-----------------------------------------
sequential            80  573.876   39.2 
inverter              68  104.994    7.2 
buffer                23   55.404    3.8 
logic                231  729.144   49.8 
physical_cells         0    0.000    0.0 
-----------------------------------------
total                402 1463.418  100.0 

