============================================================
  Generated by:           Genus(TM) Synthesis Solution 21.18-s082_1
  Generated on:           Sep 08 2025  01:43:19 am
  Module:                 square_root_pipe
  Operating conditions:   PVT_0P9V_125C 
  Operating conditions:   PVT_1P32V_0C 
  Interconnect mode:      global
  Area mode:              physical library
============================================================

Timing
--------

Clock Period 
-------------
clk   1820.0 


  Cost    Critical          Violating 
 Group   Path Slack   TNS     Paths   
--------------------------------------
clk            -4.0   -7.3          2 
default    No paths    0.0            
--------------------------------------
Total                 -7.3          2 

Instance Count
--------------
Leaf Instance Count             402 
Physical Instance count           0 
Sequential Instance Count        80 
Combinational Instance Count    322 
Hierarchical Instance Count       0 

Area
----
Cell Area                          1463.418
Physical Cell Area                 0.000
Total Cell Area (Cell+Physical)    1463.418
Net Area                           447.189
Total Area (Cell+Physical+Net)     1910.607

Max Fanout                         80 (clk)
Min Fanout                         0 (rst_n)
Average Fanout                     2.0
Terms to net ratio                 3.1897
Terms to instance ratio            3.3881
Runtime                            21.398896 seconds
Elapsed Runtime                    23 seconds
Genus peak memory usage            1404.57 
Innovus peak memory usage          no_value 
Hostname                           gmicro02
