============================================================
  Generated by:           Genus(TM) Synthesis Solution 21.18-s082_1
  Generated on:           Sep 04 2025  02:21:00 pm
  Module:                 square_root
  Operating conditions:   PVT_0P9V_125C 
  Operating conditions:   PVT_1P32V_0C 
  Interconnect mode:      global
  Area mode:              physical library
============================================================


Path 1: MET (1 ps) Setup Check with Pin DATA_PATH_1_ROOT_REG_reg[1].dffn_sig_q_reg/CK->D
          Group: clk
     Startpoint: (R) CONTROL_PATH_CurrentState_reg[1]/CK
          Clock: (R) clk
       Endpoint: (R) DATA_PATH_1_ROOT_REG_reg[1].dffn_sig_q_reg/D
          Clock: (R) clk

                     Capture       Launch     
        Clock Edge:+    2380            0     
       Src Latency:+       0            0     
       Net Latency:+     100 (I)      100 (I) 
           Arrival:=    2480          100     
                                              
             Setup:-     179                  
       Uncertainty:-      50                  
     Required Time:=    2251                  
      Launch Clock:-     100                  
         Data Path:-    2150                  
             Slack:=       1                  

#---------------------------------------------------------------------------------------------------------------------
#                Timing Point                  Flags   Arc   Edge   Cell     Fanout Load Trans Delay Arrival Instance 
#                                                                                   (fF)  (ps)  (ps)   (ps)  Location 
#---------------------------------------------------------------------------------------------------------------------
  CONTROL_PATH_CurrentState_reg[1]/CK          -       -     R     (arrival)     56    -     0     0     100    (-,-) 
  CONTROL_PATH_CurrentState_reg[1]/Q           -       CK->Q R     DFFRHQX4       1  7.8    68   281     381    (-,-) 
  g10309/Y                                     -       A->Y  F     CLKINVX12      4 18.4    64    65     445    (-,-) 
  g10308/Y                                     -       A->Y  R     CLKINVX12      4 18.2    51    56     501    (-,-) 
  g10307/Y                                     -       A->Y  F     CLKINVX12      4 18.8    62    58     559    (-,-) 
  g10300/Y                                     -       A->Y  R     CLKINVX6       6 15.7    70    65     624    (-,-) 
  g10135__4319/Y                               -       B->Y  R     OR2X6          4 12.8    62   119     743    (-,-) 
  g10114/Y                                     -       A->Y  F     INVX2          1  5.1    82    78     821    (-,-) 
  g10015__1705/Y                               -       A->Y  R     NOR2X6         2  8.0    90    99     920    (-,-) 
  g9987/Y                                      -       A->Y  F     INVX3          2  6.1    74    84    1004    (-,-) 
  g9937__6161/Y                                -       A2->Y R     AOI31X4        1  3.2    76    93    1097    (-,-) 
  g9920__5115/Y                                -       A->Y  R     CLKAND2X2      1  3.3    51   144    1240    (-,-) 
  g9880__2346/Y                                -       A1->Y R     OA22X4         1  5.3    69   226    1466    (-,-) 
  g9825__6161/Y                                -       A->Y  F     NAND2X6        1  4.3    87    94    1560    (-,-) 
  g9812__7098/Y                                -       B0->Y R     AOI21X4        2  5.2    92    98    1658    (-,-) 
  g9796__1666/Y                                -       B->Y  F     XNOR2X2        2  6.9   117   228    1886    (-,-) 
  g9768__6131/Y                                -       B->Y  R     NAND2X6        2  8.0    59    78    1964    (-,-) 
  g9758__5526/Y                                -       B->Y  F     NAND2X8        7 16.4   160   122    2086    (-,-) 
  g9745__5115/Y                                -       A1->Y R     OAI22X2        1  3.2   142   164    2250    (-,-) 
  DATA_PATH_1_ROOT_REG_reg[1].dffn_sig_q_reg/D <<<     -     R     DFFRHQX1       1    -     -     0    2250    (-,-) 
#---------------------------------------------------------------------------------------------------------------------

