============================================================
  Generated by:           Genus(TM) Synthesis Solution 21.18-s082_1
  Generated on:           Sep 04 2025  02:21:01 pm
  Module:                 square_root
  Operating conditions:   PVT_0P9V_125C 
  Operating conditions:   PVT_1P32V_0C 
  Interconnect mode:      global
  Area mode:              physical library
============================================================

Timing
--------

Clock Period 
-------------
clk   2380.0 


  Cost    Critical         Violating 
 Group   Path Slack  TNS     Paths   
-------------------------------------
clk             1.0   0.0          0 
default    No paths   0.0            
-------------------------------------
Total                 0.0          0 

Instance Count
--------------
Leaf Instance Count             602 
Physical Instance count           0 
Sequential Instance Count        56 
Combinational Instance Count    546 
Hierarchical Instance Count       0 

Area
----
Cell Area                          1862.874
Physical Cell Area                 0.000
Total Cell Area (Cell+Physical)    1862.874
Net Area                           641.220
Total Area (Cell+Physical+Net)     2504.094

Max Fanout                         56 (clk)
Min Fanout                         0 (rst_n)
Average Fanout                     1.9
Terms to net ratio                 2.9502
Terms to instance ratio            3.0532
Runtime                            39.183657 seconds
Elapsed Runtime                    75 seconds
Genus peak memory usage            1678.53 
Innovus peak memory usage          no_value 
Hostname                           gmicro02
