============================================================
  Generated by:           Genus(TM) Synthesis Solution 21.18-s082_1
  Generated on:           Oct 15 2025  08:13:58 pm
  Module:                 BubbleSort
  Operating conditions:   PVT_0P9V_125C 
  Operating conditions:   PVT_1P32V_0C 
  Interconnect mode:      global
  Area mode:              physical library
============================================================

Timing
--------

Clock Period 
-------------
clk   1680.0 


  Cost    Critical         Violating 
 Group   Path Slack  TNS     Paths   
-------------------------------------
clk             0.1   0.0          0 
default    No paths   0.0            
-------------------------------------
Total                 0.0          0 

Instance Count
--------------
Leaf Instance Count             799 
Physical Instance count           0 
Sequential Instance Count       334 
Combinational Instance Count    465 
Hierarchical Instance Count       0 

Area
----
Cell Area                          3844.764
Physical Cell Area                 0.000
Total Cell Area (Cell+Physical)    3844.764
Net Area                           770.441
Total Area (Cell+Physical+Net)     4615.205

Max Fanout                         333 (clk_gated_s)
Min Fanout                         0 (n_0)
Average Fanout                     1.9
Terms to net ratio                 3.2449
Terms to instance ratio            3.3830
Runtime                            22.599206 seconds
Elapsed Runtime                    285 seconds
Genus peak memory usage            1451.92 
Innovus peak memory usage          no_value 
Hostname                           gmicro02
