============================================================
  Generated by:           Genus(TM) Synthesis Solution 21.18-s082_1
  Generated on:           Oct 01 2025  12:29:38 am
  Module:                 BubbleSort
  Operating conditions:   PVT_0P9V_125C 
  Operating conditions:   PVT_1P32V_0C 
  Interconnect mode:      global
  Area mode:              physical library
============================================================

                                              Library 
   Gate    Instances    Area       Library     Domain 
------------------------------------------------------
ADDHX1             1     3.762    fast_vdd1v2    best 
AND2X1            44    60.192    fast_vdd1v2    best 
AND2X4             1     2.736    fast_vdd1v2    best 
AND2X6             1     3.762    fast_vdd1v2    best 
AND2X8             3    13.338    fast_vdd1v2    best 
AND3X8             1     5.130    fast_vdd1v2    best 
AND4X1             2     4.788    fast_vdd1v2    best 
AND4X2             1     3.078    fast_vdd1v2    best 
AOI211X1           1     2.394    fast_vdd1v2    best 
AOI21X1           36    61.560    fast_vdd1v2    best 
AOI21X2            5    13.680    fast_vdd1v2    best 
AOI221X1           7    16.758    fast_vdd1v2    best 
AOI22X1           77   158.004    fast_vdd1v2    best 
AOI22X2            1     3.762    fast_vdd1v2    best 
AOI2BB1X2          3     9.234    fast_vdd1v2    best 
AOI31X1            3     6.156    fast_vdd1v2    best 
AOI31X2            3    10.260    fast_vdd1v2    best 
AOI31X4            1     6.498    fast_vdd1v2    best 
AOI32X2            1     4.446    fast_vdd1v2    best 
BUFX2             65   111.150    fast_vdd1v2    best 
BUFX4             32    76.608    fast_vdd1v2    best 
BUFX6              1     3.078    fast_vdd1v2    best 
BUFX8              1     3.762    fast_vdd1v2    best 
CLKBUFX20          1     8.208    fast_vdd1v2    best 
CLKXOR2X1          6    16.416    fast_vdd1v2    best 
DFFRHQX1         317  1951.452    fast_vdd1v2    best 
DFFRHQX4          14   134.064    fast_vdd1v2    best 
DFFRX1            10    68.400    fast_vdd1v2    best 
DFFRX2            30   225.720    fast_vdd1v2    best 
DFFRX4            18   172.368    fast_vdd1v2    best 
DFFX1              4    28.728    fast_vdd1v2    best 
INVX1             17    11.628    fast_vdd1v2    best 
INVX2              5     5.130    fast_vdd1v2    best 
INVX3              4     5.472    fast_vdd1v2    best 
INVXL              2     1.368    fast_vdd1v2    best 
MX2X1            320   766.080    fast_vdd1v2    best 
MXI2XL             3     7.182    fast_vdd1v2    best 
NAND2BX1          17    23.256    fast_vdd1v2    best 
NAND2BX2          10    23.940    fast_vdd1v2    best 
NAND2X1           44    45.144    fast_vdd1v2    best 
NAND2X2           10    17.100    fast_vdd1v2    best 
NAND2X4            2     6.840    fast_vdd1v2    best 
NAND3X1            2     3.420    fast_vdd1v2    best 
NAND4BX1           1     2.394    fast_vdd1v2    best 
NAND4XL            1     1.710    fast_vdd1v2    best 
NOR2BX1           16    21.888    fast_vdd1v2    best 
NOR2BX2            3     8.208    fast_vdd1v2    best 
NOR2X1            15    15.390    fast_vdd1v2    best 
NOR2X2             4     6.840    fast_vdd1v2    best 
NOR2X4             2     6.156    fast_vdd1v2    best 
NOR3BX2            1     3.420    fast_vdd1v2    best 
NOR3X1             1     1.710    fast_vdd1v2    best 
NOR3X2             1     2.736    fast_vdd1v2    best 
NOR4X1             1     1.710    fast_vdd1v2    best 
NOR4X4             1     6.498    fast_vdd1v2    best 
OA22X1             3     7.182    fast_vdd1v2    best 
OAI211X1           4     6.840    fast_vdd1v2    best 
OAI21X1            4     6.840    fast_vdd1v2    best 
OAI21X2            6    18.468    fast_vdd1v2    best 
OAI21X4            1     4.788    fast_vdd1v2    best 
OAI221X1           6    14.364    fast_vdd1v2    best 
OAI22X1            8    16.416    fast_vdd1v2    best 
OAI2BB1X1         36    61.560    fast_vdd1v2    best 
OAI2BB1X2          2     6.156    fast_vdd1v2    best 
OAI32X2            1     4.446    fast_vdd1v2    best 
OR2X1              5     6.840    fast_vdd1v2    best 
OR3X1              1     2.052    fast_vdd1v2    best 
OR4X1              1     2.052    fast_vdd1v2    best 
XNOR2X1           23    55.062    fast_vdd1v2    best 
------------------------------------------------------
total           1275  4397.778                


                                         
     Type      Instances   Area   Area % 
-----------------------------------------
sequential           393 2580.732   58.7 
inverter              28   23.598    0.5 
buffer               100  202.806    4.6 
logic                754 1590.642   36.2 
physical_cells         0    0.000    0.0 
-----------------------------------------
total               1275 4397.778  100.0 

