============================================================
  Generated by:           Genus(TM) Synthesis Solution 21.18-s082_1
  Generated on:           Oct 01 2025  12:29:38 am
  Module:                 BubbleSort
  Operating conditions:   PVT_0P9V_125C 
  Operating conditions:   PVT_1P32V_0C 
  Interconnect mode:      global
  Area mode:              physical library
============================================================

Timing
--------

Clock Period 
-------------
clk    560.0 


  Cost    Critical         Violating 
 Group   Path Slack  TNS     Paths   
-------------------------------------
clk             7.9   0.0          0 
default    No paths   0.0            
-------------------------------------
Total                 0.0          0 

Instance Count
--------------
Leaf Instance Count             1275 
Physical Instance count            0 
Sequential Instance Count        393 
Combinational Instance Count     882 
Hierarchical Instance Count        0 

Area
----
Cell Area                          4397.778
Physical Cell Area                 0.000
Total Cell Area (Cell+Physical)    4397.778
Net Area                           1506.292
Total Area (Cell+Physical+Net)     5904.070

Max Fanout                         393 (clk)
Min Fanout                         0 (n_52)
Average Fanout                     2.3
Terms to net ratio                 3.5604
Terms to instance ratio            3.7922
Runtime                            28.567665 seconds
Elapsed Runtime                    30 seconds
Genus peak memory usage            1445.93 
Innovus peak memory usage          no_value 
Hostname                           gmicro02
