============================================================
  Generated by:           Genus(TM) Synthesis Solution 21.18-s082_1
  Generated on:           Oct 15 2025  06:06:28 pm
  Module:                 BubbleSort
  Operating conditions:   PVT_0P9V_125C 
  Operating conditions:   PVT_1P32V_0C 
  Interconnect mode:      global
  Area mode:              physical library
============================================================

                                              Library 
   Gate    Instances    Area       Library     Domain 
------------------------------------------------------
AND2X1             2     2.736    slow_vdd1v0   worst 
AND2X6             1     3.762    slow_vdd1v0   worst 
AOI21X2            3     8.208    slow_vdd1v0   worst 
AOI21X4            6    30.780    slow_vdd1v0   worst 
AOI22X4            1     6.156    slow_vdd1v0   worst 
AOI2BB1X2          2     6.156    slow_vdd1v0   worst 
AOI2BB1X4          7    28.728    slow_vdd1v0   worst 
AOI31X2            1     3.420    slow_vdd1v0   worst 
AOI31X4            1     6.498    slow_vdd1v0   worst 
BUFX2              1     1.710    slow_vdd1v0   worst 
BUFX8             32   120.384    slow_vdd1v0   worst 
CLKINVX12          1     4.104    slow_vdd1v0   worst 
CLKINVX16          2    10.944    slow_vdd1v0   worst 
CLKINVX4           4     6.840    slow_vdd1v0   worst 
CLKINVX6           1     2.394    slow_vdd1v0   worst 
DFFRHQX1         266  1637.496    slow_vdd1v0   worst 
DFFRHQX2           1     7.866    slow_vdd1v0   worst 
DFFRHQX8           1    11.286    slow_vdd1v0   worst 
DFFRX1             4    27.360    slow_vdd1v0   worst 
DFFRX2            61   458.964    slow_vdd1v0   worst 
INVX1              6     4.104    slow_vdd1v0   worst 
INVX2             20    20.520    slow_vdd1v0   worst 
INVX3             12    16.416    slow_vdd1v0   worst 
MX2X1             33    79.002    slow_vdd1v0   worst 
MX3XL             32   153.216    slow_vdd1v0   worst 
NAND2BX1           5     6.840    slow_vdd1v0   worst 
NAND2BX2           1     2.394    slow_vdd1v0   worst 
NAND2BX4           5    18.810    slow_vdd1v0   worst 
NAND2X1           10    10.260    slow_vdd1v0   worst 
NAND2X2            7    11.970    slow_vdd1v0   worst 
NAND2X4            4    13.680    slow_vdd1v0   worst 
NAND2X6            2     9.576    slow_vdd1v0   worst 
NOR2BX1            8    10.944    slow_vdd1v0   worst 
NOR2BX4            1     3.762    slow_vdd1v0   worst 
NOR2X1             1     1.026    slow_vdd1v0   worst 
NOR2X2             4     6.840    slow_vdd1v0   worst 
NOR2X4            21    64.638    slow_vdd1v0   worst 
NOR2X6             2     8.208    slow_vdd1v0   worst 
NOR4X2             1     3.420    slow_vdd1v0   worst 
OA21X1             1     2.052    slow_vdd1v0   worst 
OAI21X2            1     3.078    slow_vdd1v0   worst 
OAI21X4            5    23.940    slow_vdd1v0   worst 
OAI22X1            1     2.052    slow_vdd1v0   worst 
OAI2BB1X2          3     9.234    slow_vdd1v0   worst 
OAI2BB1X4          1     4.446    slow_vdd1v0   worst 
OAI31X2            1     3.762    slow_vdd1v0   worst 
OAI31X4            4    27.360    slow_vdd1v0   worst 
OAI32X4            3    24.624    slow_vdd1v0   worst 
OR2X1              5     6.840    slow_vdd1v0   worst 
TLATNX1            1     5.814    slow_vdd1v0   worst 
XNOR2X1            1     2.394    slow_vdd1v0   worst 
------------------------------------------------------
total            600  2947.014                


                                         
     Type      Instances   Area   Area % 
-----------------------------------------
sequential           334 2148.786   72.9 
inverter              46   65.322    2.2 
buffer                33  122.094    4.1 
logic                187  610.812   20.7 
physical_cells         0    0.000    0.0 
-----------------------------------------
total                600 2947.014  100.0 

