============================================================
  Generated by:           Genus(TM) Synthesis Solution 21.18-s082_1
  Generated on:           Oct 15 2025  06:06:28 pm
  Module:                 BubbleSort
  Operating conditions:   PVT_0P9V_125C 
  Operating conditions:   PVT_1P32V_0C 
  Interconnect mode:      global
  Area mode:              physical library
============================================================

Timing
--------

Clock Period 
-------------
clk   2130.0 


  Cost    Critical         Violating 
 Group   Path Slack  TNS     Paths   
-------------------------------------
clk            89.0   0.0          0 
default    No paths   0.0            
-------------------------------------
Total                 0.0          0 

Instance Count
--------------
Leaf Instance Count             600 
Physical Instance count           0 
Sequential Instance Count       334 
Combinational Instance Count    266 
Hierarchical Instance Count       0 

Area
----
Cell Area                          2947.014
Physical Cell Area                 0.000
Total Cell Area (Cell+Physical)    2947.014
Net Area                           600.548
Total Area (Cell+Physical+Net)     3547.562

Max Fanout                         333 (clk_gated_s)
Min Fanout                         0 (n_0)
Average Fanout                     2.1
Terms to net ratio                 3.6388
Terms to instance ratio            3.8450
Runtime                            22.409582999999998 seconds
Elapsed Runtime                    161 seconds
Genus peak memory usage            1678.25 
Innovus peak memory usage          no_value 
Hostname                           gmicro02
