============================================================
  Generated by:           Genus(TM) Synthesis Solution 21.18-s082_1
  Generated on:           Oct 01 2025  12:40:57 am
  Module:                 BubbleSort
  Operating conditions:   PVT_0P9V_125C 
  Operating conditions:   PVT_1P32V_0C 
  Interconnect mode:      global
  Area mode:              physical library
============================================================

Timing
--------

Clock Period 
-------------
clk    460.0 


  Cost    Critical         Violating 
 Group   Path Slack  TNS     Paths   
-------------------------------------
clk             0.2   0.0          0 
default    No paths   0.0            
-------------------------------------
Total                 0.0          0 

Instance Count
--------------
Leaf Instance Count             1258 
Physical Instance count            0 
Sequential Instance Count        393 
Combinational Instance Count     865 
Hierarchical Instance Count        0 

Area
----
Cell Area                          4992.516
Physical Cell Area                 0.000
Total Cell Area (Cell+Physical)    4992.516
Net Area                           1414.873
Total Area (Cell+Physical+Net)     6407.389

Max Fanout                         393 (clk)
Min Fanout                         0 (n_25)
Average Fanout                     2.3
Terms to net ratio                 3.5223
Terms to instance ratio            3.6343
Runtime                            28.951943999999976 seconds
Elapsed Runtime                    30 seconds
Genus peak memory usage            1460.07 
Innovus peak memory usage          no_value 
Hostname                           gmicro02
