============================================================
  Generated by:           Genus(TM) Synthesis Solution 21.18-s082_1
  Generated on:           Oct 01 2025  12:40:57 am
  Module:                 BubbleSort
  Operating conditions:   PVT_0P9V_125C 
  Operating conditions:   PVT_1P32V_0C 
  Interconnect mode:      global
  Area mode:              physical library
============================================================

                                              Library 
   Gate    Instances    Area       Library     Domain 
------------------------------------------------------
ADDHX1             1     3.762    fast_vdd1v2    best 
AND2X1             1     1.368    fast_vdd1v2    best 
AND2X2             3     5.130    fast_vdd1v2    best 
AND2X4             2     5.472    fast_vdd1v2    best 
AND2X6             2     7.524    fast_vdd1v2    best 
AND4X4             1     3.762    fast_vdd1v2    best 
AO21X1             1     2.394    fast_vdd1v2    best 
AOI21X2            5    13.680    fast_vdd1v2    best 
AOI21X4            7    35.910    fast_vdd1v2    best 
AOI22X1           11    22.572    fast_vdd1v2    best 
AOI22X2           21    79.002    fast_vdd1v2    best 
AOI2BB1X4          4    16.416    fast_vdd1v2    best 
AOI31X2            1     3.420    fast_vdd1v2    best 
BUFX12             2    10.260    fast_vdd1v2    best 
BUFX2              2     3.420    fast_vdd1v2    best 
BUFX20             4    32.832    fast_vdd1v2    best 
BUFX6             30    92.340    fast_vdd1v2    best 
CLKAND2X3          4    12.312    fast_vdd1v2    best 
CLKBUFX16         10    68.400    fast_vdd1v2    best 
CLKBUFX3          57   116.964    fast_vdd1v2    best 
CLKINVX12          4    16.416    fast_vdd1v2    best 
CLKINVX16          2    10.944    fast_vdd1v2    best 
CLKINVX2           1     1.368    fast_vdd1v2    best 
CLKINVX20          2    12.996    fast_vdd1v2    best 
CLKINVX3           2     3.420    fast_vdd1v2    best 
CLKINVX4          16    27.360    fast_vdd1v2    best 
CLKINVX6          13    31.122    fast_vdd1v2    best 
CLKINVX8           8    24.624    fast_vdd1v2    best 
CLKMX2X2          31    95.418    fast_vdd1v2    best 
CLKXOR2X1          1     2.736    fast_vdd1v2    best 
DFFRHQX1         321  1976.076    fast_vdd1v2    best 
DFFRHQX4          59   564.984    fast_vdd1v2    best 
DFFRHQX8           7    79.002    fast_vdd1v2    best 
DFFRX2             2    15.048    fast_vdd1v2    best 
DFFX1              4    28.728    fast_vdd1v2    best 
INVX1              5     3.420    fast_vdd1v2    best 
INVX2              6     6.156    fast_vdd1v2    best 
INVX3              5     6.840    fast_vdd1v2    best 
INVXL              2     1.368    fast_vdd1v2    best 
MX2X1            353   845.082    fast_vdd1v2    best 
MXI2X1             3     8.208    fast_vdd1v2    best 
NAND2BX1          14    19.152    fast_vdd1v2    best 
NAND2BX2           8    19.152    fast_vdd1v2    best 
NAND2BX4           3    11.286    fast_vdd1v2    best 
NAND2X1            1     1.026    fast_vdd1v2    best 
NAND2X2            6    10.260    fast_vdd1v2    best 
NAND2X4           13    44.460    fast_vdd1v2    best 
NAND2X6            2     9.576    fast_vdd1v2    best 
NAND4BX1           1     2.394    fast_vdd1v2    best 
NAND4X4            8    54.720    fast_vdd1v2    best 
NAND4XL            8    13.680    fast_vdd1v2    best 
NOR2BX1            9    12.312    fast_vdd1v2    best 
NOR2BX2            3     8.208    fast_vdd1v2    best 
NOR2X1            11    11.286    fast_vdd1v2    best 
NOR2X2             5     8.550    fast_vdd1v2    best 
NOR2X4            11    33.858    fast_vdd1v2    best 
NOR2X6             3    12.312    fast_vdd1v2    best 
NOR4X1             2     3.420    fast_vdd1v2    best 
OAI211X1           1     1.710    fast_vdd1v2    best 
OAI21X2            2     6.156    fast_vdd1v2    best 
OAI21X4            9    43.092    fast_vdd1v2    best 
OAI22X1            2     4.104    fast_vdd1v2    best 
OAI2BB1X1          3     5.130    fast_vdd1v2    best 
OAI2BB1X2          3     9.234    fast_vdd1v2    best 
OAI2BB1X4         32   142.272    fast_vdd1v2    best 
OAI31X2            1     3.762    fast_vdd1v2    best 
OAI31X4            3    20.520    fast_vdd1v2    best 
OR2X1              8    10.944    fast_vdd1v2    best 
OR2X2              1     1.710    fast_vdd1v2    best 
OR2X4              2     5.472    fast_vdd1v2    best 
OR2X8              2     8.892    fast_vdd1v2    best 
XNOR2X1           65   155.610    fast_vdd1v2    best 
------------------------------------------------------
total           1258  4992.516                


                                         
     Type      Instances   Area   Area % 
-----------------------------------------
sequential           393 2663.838   53.4 
inverter              66  146.034    2.9 
buffer               105  324.216    6.5 
logic                694 1858.428   37.2 
physical_cells         0    0.000    0.0 
-----------------------------------------
total               1258 4992.516  100.0 

