============================================================
  Generated by:           Genus(TM) Synthesis Solution 21.18-s082_1
  Generated on:           Oct 16 2025  12:49:17 pm
  Module:                 BubbleSort
  Operating conditions:   PVT_0P9V_125C 
  Operating conditions:   PVT_1P32V_0C 
  Interconnect mode:      global
  Area mode:              physical library
============================================================

                                              Library 
   Gate    Instances    Area       Library     Domain 
------------------------------------------------------
AND2X1             1     1.368    fast_vdd1v2    best 
AND2X6             1     3.762    fast_vdd1v2    best 
AND3XL             1     2.052    fast_vdd1v2    best 
AOI21X2            3     8.208    fast_vdd1v2    best 
AOI21X4            8    41.040    fast_vdd1v2    best 
AOI22X1           32    65.664    fast_vdd1v2    best 
AOI2BB1X4          4    16.416    fast_vdd1v2    best 
AOI31X2            3    10.260    fast_vdd1v2    best 
AOI31X4            1     6.498    fast_vdd1v2    best 
AOI32X2            1     4.446    fast_vdd1v2    best 
BUFX2              1     1.710    fast_vdd1v2    best 
BUFX6              1     3.078    fast_vdd1v2    best 
CLKAND2X2          1     2.052    fast_vdd1v2    best 
CLKAND2X3          2     6.156    fast_vdd1v2    best 
CLKBUFX2           1     1.710    fast_vdd1v2    best 
CLKBUFX3           6    12.312    fast_vdd1v2    best 
CLKINVX12          2     8.208    fast_vdd1v2    best 
CLKINVX16          1     5.472    fast_vdd1v2    best 
CLKINVX2           1     1.368    fast_vdd1v2    best 
CLKINVX4           3     5.130    fast_vdd1v2    best 
CLKINVX6          32    76.608    fast_vdd1v2    best 
CLKINVX8           1     3.078    fast_vdd1v2    best 
DFFRHQX1         203  1249.668    fast_vdd1v2    best 
DFFRHQX2          40   314.640    fast_vdd1v2    best 
DFFRHQX4          22   210.672    fast_vdd1v2    best 
DFFRHQX8          34   383.724    fast_vdd1v2    best 
DFFRX2             2    15.048    fast_vdd1v2    best 
DFFRXL            32   273.600    fast_vdd1v2    best 
INVX1              7     4.788    fast_vdd1v2    best 
INVX2             16    16.416    fast_vdd1v2    best 
INVX3             10    13.680    fast_vdd1v2    best 
INVXL              3     2.052    fast_vdd1v2    best 
MX2X1             32    76.608    fast_vdd1v2    best 
MXI2XL             1     2.394    fast_vdd1v2    best 
NAND2BX1           7     9.576    fast_vdd1v2    best 
NAND2BX2           3     7.182    fast_vdd1v2    best 
NAND2BX4           6    22.572    fast_vdd1v2    best 
NAND2X1            2     2.052    fast_vdd1v2    best 
NAND2X2            5     8.550    fast_vdd1v2    best 
NAND2X4            3    10.260    fast_vdd1v2    best 
NAND2X6            4    19.152    fast_vdd1v2    best 
NAND3BXL           1     1.710    fast_vdd1v2    best 
NAND4XL            2     3.420    fast_vdd1v2    best 
NOR2BX1            4     5.472    fast_vdd1v2    best 
NOR2BX2            3     8.208    fast_vdd1v2    best 
NOR2X1             2     2.052    fast_vdd1v2    best 
NOR2X2             2     3.420    fast_vdd1v2    best 
NOR2X4            11    33.858    fast_vdd1v2    best 
NOR2X6             5    20.520    fast_vdd1v2    best 
NOR3BX4            1     5.814    fast_vdd1v2    best 
OA21X1             1     2.052    fast_vdd1v2    best 
OAI211X4           1     6.498    fast_vdd1v2    best 
OAI21X1            1     1.710    fast_vdd1v2    best 
OAI21X2           32    98.496    fast_vdd1v2    best 
OAI21X4           11    52.668    fast_vdd1v2    best 
OAI221X1           1     2.394    fast_vdd1v2    best 
OAI22X4            1     6.498    fast_vdd1v2    best 
OAI2BB1X2          1     3.078    fast_vdd1v2    best 
OAI2BB1X4          3    13.338    fast_vdd1v2    best 
OAI31X2            3    11.286    fast_vdd1v2    best 
OAI31X4            1     6.840    fast_vdd1v2    best 
OR2X1              1     1.368    fast_vdd1v2    best 
OR3X1              1     2.052    fast_vdd1v2    best 
TLATNXL            1     5.472    fast_vdd1v2    best 
------------------------------------------------------
total            629  3227.454                


                                         
     Type      Instances   Area   Area % 
-----------------------------------------
sequential           334 2452.824   76.0 
inverter              76  136.800    4.2 
buffer                 9   18.810    0.6 
logic                210  619.020   19.2 
physical_cells         0    0.000    0.0 
-----------------------------------------
total                629 3227.454  100.0 

