============================================================
  Generated by:           Genus(TM) Synthesis Solution 21.18-s082_1
  Generated on:           Sep 08 2025  01:38:42 am
  Module:                 square_root_pipe
  Operating conditions:   PVT_0P9V_125C 
  Operating conditions:   PVT_1P32V_0C 
  Interconnect mode:      global
  Area mode:              physical library
============================================================

                                              Library 
   Gate    Instances    Area       Library     Domain 
------------------------------------------------------
ADDHX1             1     3.762    slow_vdd1v0   worst 
ADDHX2             2    10.260    slow_vdd1v0   worst 
AND2X1             3     4.104    slow_vdd1v0   worst 
AND2X4             1     2.736    slow_vdd1v0   worst 
AND2X6             1     3.762    slow_vdd1v0   worst 
AO21X1             1     2.394    slow_vdd1v0   worst 
AOI21X1            1     1.710    slow_vdd1v0   worst 
AOI21X2            3     8.208    slow_vdd1v0   worst 
AOI21X4            5    25.650    slow_vdd1v0   worst 
AOI22X1            1     2.052    slow_vdd1v0   worst 
AOI22X4            4    24.624    slow_vdd1v0   worst 
AOI2BB1X2          6    18.468    slow_vdd1v0   worst 
AOI2BB1X4          6    24.624    slow_vdd1v0   worst 
AOI31X2            1     3.420    slow_vdd1v0   worst 
AOI31X4            1     6.498    slow_vdd1v0   worst 
BUFX2             12    20.520    slow_vdd1v0   worst 
BUFX3              3     6.156    slow_vdd1v0   worst 
BUFX6             10    30.780    slow_vdd1v0   worst 
CLKAND2X2          3     6.156    slow_vdd1v0   worst 
CLKAND2X3          4    12.312    slow_vdd1v0   worst 
CLKAND2X6          7    33.516    slow_vdd1v0   worst 
CLKBUFX3           1     2.052    slow_vdd1v0   worst 
CLKINVX12          2     8.208    slow_vdd1v0   worst 
CLKINVX2           2     2.736    slow_vdd1v0   worst 
CLKINVX3           4     6.840    slow_vdd1v0   worst 
CLKINVX4           6    10.260    slow_vdd1v0   worst 
CLKINVX6           5    11.970    slow_vdd1v0   worst 
CLKINVX8           2     6.156    slow_vdd1v0   worst 
CLKMX2X3          14    57.456    slow_vdd1v0   worst 
CLKXOR2X1          5    13.680    slow_vdd1v0   worst 
CLKXOR2X2          1     3.420    slow_vdd1v0   worst 
DFFRHQX1          33   203.148    slow_vdd1v0   worst 
DFFRHQX2           8    62.928    slow_vdd1v0   worst 
DFFRHQX4          23   220.248    slow_vdd1v0   worst 
DFFRHQX8           2    22.572    slow_vdd1v0   worst 
DFFRX2            12    90.288    slow_vdd1v0   worst 
DFFSHQX2           1     8.208    slow_vdd1v0   worst 
DFFSHQX8           1    10.602    slow_vdd1v0   worst 
INVX1             15    10.260    slow_vdd1v0   worst 
INVX2             24    24.624    slow_vdd1v0   worst 
INVX3              7     9.576    slow_vdd1v0   worst 
MX2X1             54   129.276    slow_vdd1v0   worst 
MX3X1              1     5.130    slow_vdd1v0   worst 
MXI2X1             1     2.736    slow_vdd1v0   worst 
MXI2X2             1     4.446    slow_vdd1v0   worst 
MXI2X4             3    15.390    slow_vdd1v0   worst 
MXI3X1             2    12.996    slow_vdd1v0   worst 
NAND2BX4           1     3.762    slow_vdd1v0   worst 
NAND2X1            7     7.182    slow_vdd1v0   worst 
NAND2X2            4     6.840    slow_vdd1v0   worst 
NAND2X4            3    10.260    slow_vdd1v0   worst 
NAND2X6            4    19.152    slow_vdd1v0   worst 
NAND2X8            3    16.416    slow_vdd1v0   worst 
NOR2BX2            2     5.472    slow_vdd1v0   worst 
NOR2BX4            1     3.762    slow_vdd1v0   worst 
NOR2X2            10    17.100    slow_vdd1v0   worst 
NOR2X4            19    58.482    slow_vdd1v0   worst 
NOR2X6             8    32.832    slow_vdd1v0   worst 
NOR2X8             6    32.832    slow_vdd1v0   worst 
NOR3BX4            1     5.814    slow_vdd1v0   worst 
NOR3X6             1     7.182    slow_vdd1v0   worst 
OA21X1             1     2.052    slow_vdd1v0   worst 
OAI21X1            2     3.420    slow_vdd1v0   worst 
OAI21X2            3     9.234    slow_vdd1v0   worst 
OAI21X4           13    62.244    slow_vdd1v0   worst 
OAI22X2            1     3.420    slow_vdd1v0   worst 
OAI22X4            1     6.498    slow_vdd1v0   worst 
OAI2BB1X1          4     6.840    slow_vdd1v0   worst 
OAI2BB1X2          2     6.156    slow_vdd1v0   worst 
OAI2BB1X4          2     8.892    slow_vdd1v0   worst 
OAI2BB2X4          1     8.550    slow_vdd1v0   worst 
OAI32X4            1     8.208    slow_vdd1v0   worst 
OR2X1              6     8.208    slow_vdd1v0   worst 
OR2X2              1     1.710    slow_vdd1v0   worst 
OR2X4              2     5.472    slow_vdd1v0   worst 
OR2X6              1     3.762    slow_vdd1v0   worst 
XNOR2X1            5    11.970    slow_vdd1v0   worst 
------------------------------------------------------
total            422  1590.642                


                                         
     Type      Instances   Area   Area % 
-----------------------------------------
sequential            80  617.994   38.9 
inverter              67   90.630    5.7 
buffer                26   59.508    3.7 
logic                249  822.510   51.7 
physical_cells         0    0.000    0.0 
-----------------------------------------
total                422 1590.642  100.0 

