============================================================
  Generated by:           Genus(TM) Synthesis Solution 21.18-s082_1
  Generated on:           Sep 08 2025  01:38:42 am
  Module:                 square_root_pipe
  Operating conditions:   PVT_0P9V_125C 
  Operating conditions:   PVT_1P32V_0C 
  Interconnect mode:      global
  Area mode:              physical library
============================================================

Timing
--------

Clock Period 
-------------
clk   1430.0 


  Cost    Critical             Violating 
 Group   Path Slack    TNS       Paths   
-----------------------------------------
clk          -146.7   -1063.6         15 
default    No paths       0.0            
-----------------------------------------
Total                 -1063.6         15 

Instance Count
--------------
Leaf Instance Count             422 
Physical Instance count           0 
Sequential Instance Count        80 
Combinational Instance Count    342 
Hierarchical Instance Count       0 

Area
----
Cell Area                          1590.642
Physical Cell Area                 0.000
Total Cell Area (Cell+Physical)    1590.642
Net Area                           469.521
Total Area (Cell+Physical+Net)     2060.163

Max Fanout                         80 (clk)
Min Fanout                         0 (rst_n)
Average Fanout                     2.1
Terms to net ratio                 3.2144
Terms to instance ratio            3.3744
Runtime                            23.275006 seconds
Elapsed Runtime                    24 seconds
Genus peak memory usage            1449.28 
Innovus peak memory usage          no_value 
Hostname                           gmicro02
