============================================================
  Generated by:           Genus(TM) Synthesis Solution 21.18-s082_1
  Generated on:           Sep 04 2025  02:11:19 pm
  Module:                 square_root
  Operating conditions:   PVT_0P9V_125C 
  Operating conditions:   PVT_1P32V_0C 
  Interconnect mode:      global
  Area mode:              physical library
============================================================

                                              Library 
   Gate    Instances    Area       Library     Domain 
------------------------------------------------------
ADDHX1             3    11.286    slow_vdd1v0   worst 
ADDHX4             1     7.182    slow_vdd1v0   worst 
AND2X1             8    10.944    slow_vdd1v0   worst 
AND2X2             1     1.710    slow_vdd1v0   worst 
AND2X4             1     2.736    slow_vdd1v0   worst 
AND2X6             5    18.810    slow_vdd1v0   worst 
AND3XL             1     2.052    slow_vdd1v0   worst 
AO21X1             2     4.788    slow_vdd1v0   worst 
AO21X4             2     6.840    slow_vdd1v0   worst 
AO22X1            23    62.928    slow_vdd1v0   worst 
AO22X2             1     3.078    slow_vdd1v0   worst 
AO22X4             3    11.286    slow_vdd1v0   worst 
AOI211X2           1     3.420    slow_vdd1v0   worst 
AOI21X4            5    25.650    slow_vdd1v0   worst 
AOI221X4           2    15.732    slow_vdd1v0   worst 
AOI22X4            1     6.156    slow_vdd1v0   worst 
AOI2BB1X4         20    82.080    slow_vdd1v0   worst 
AOI31X4            2    12.996    slow_vdd1v0   worst 
BUFX12             1     5.130    slow_vdd1v0   worst 
BUFX2             20    34.200    slow_vdd1v0   worst 
BUFX3              5    10.260    slow_vdd1v0   worst 
BUFX6              5    15.390    slow_vdd1v0   worst 
CLKAND2X2          7    14.364    slow_vdd1v0   worst 
CLKAND2X3          7    21.546    slow_vdd1v0   worst 
CLKAND2X4          1     3.420    slow_vdd1v0   worst 
CLKAND2X6         12    57.456    slow_vdd1v0   worst 
CLKINVX12          5    20.520    slow_vdd1v0   worst 
CLKINVX16          2    10.944    slow_vdd1v0   worst 
CLKINVX4          14    23.940    slow_vdd1v0   worst 
CLKINVX6          21    50.274    slow_vdd1v0   worst 
CLKINVX8           4    12.312    slow_vdd1v0   worst 
CLKMX2X3          10    41.040    slow_vdd1v0   worst 
CLKXOR2X1          7    19.152    slow_vdd1v0   worst 
DFFRHQX1          45   277.020    slow_vdd1v0   worst 
DFFRHQX2           2    15.732    slow_vdd1v0   worst 
DFFRHQX4           2    19.152    slow_vdd1v0   worst 
DFFRX2             7    52.668    slow_vdd1v0   worst 
INVX1             44    30.096    slow_vdd1v0   worst 
INVX2             59    60.534    slow_vdd1v0   worst 
INVX3             19    25.992    slow_vdd1v0   worst 
MX2X1             17    40.698    slow_vdd1v0   worst 
MXI2X4             2    10.260    slow_vdd1v0   worst 
NAND2BX1           1     1.368    slow_vdd1v0   worst 
NAND2X1            3     3.078    slow_vdd1v0   worst 
NAND2X2            7    11.970    slow_vdd1v0   worst 
NAND2X4            7    23.940    slow_vdd1v0   worst 
NAND2X6            6    28.728    slow_vdd1v0   worst 
NAND2X8           14    76.608    slow_vdd1v0   worst 
NAND4X4            1     6.840    slow_vdd1v0   worst 
NOR2BX4            1     3.762    slow_vdd1v0   worst 
NOR2X1             5     5.130    slow_vdd1v0   worst 
NOR2X2            12    20.520    slow_vdd1v0   worst 
NOR2X4            38   116.964    slow_vdd1v0   worst 
NOR2X6            35   143.640    slow_vdd1v0   worst 
NOR2X8            18    98.496    slow_vdd1v0   worst 
NOR3X2             1     2.736    slow_vdd1v0   worst 
NOR3X4             1     5.130    slow_vdd1v0   worst 
NOR3X6             1     7.182    slow_vdd1v0   worst 
OA21X1             1     2.052    slow_vdd1v0   worst 
OA22X4             1     4.104    slow_vdd1v0   worst 
OAI21X2            1     3.078    slow_vdd1v0   worst 
OAI21X4            2     9.576    slow_vdd1v0   worst 
OAI22X2            7    23.940    slow_vdd1v0   worst 
OAI22X4            1     6.498    slow_vdd1v0   worst 
OAI2BB1X1          1     1.710    slow_vdd1v0   worst 
OAI2BB1X4          1     4.446    slow_vdd1v0   worst 
OAI31X2            1     3.762    slow_vdd1v0   worst 
OAI32X2            2     8.892    slow_vdd1v0   worst 
OR2X1              5     6.840    slow_vdd1v0   worst 
OR2X2              1     1.710    slow_vdd1v0   worst 
OR2X4              1     2.736    slow_vdd1v0   worst 
OR2X6              2     7.524    slow_vdd1v0   worst 
XNOR2X1           23    55.062    slow_vdd1v0   worst 
XNOR2X2            1     3.078    slow_vdd1v0   worst 
------------------------------------------------------
total            602  1862.874                


                                         
     Type      Instances   Area   Area % 
-----------------------------------------
sequential            56  364.572   19.6 
inverter             168  234.612   12.6 
buffer                31   64.980    3.5 
logic                347 1198.710   64.3 
physical_cells         0    0.000    0.0 
-----------------------------------------
total                602 1862.874  100.0 

