============================================================
  Generated by:           Genus(TM) Synthesis Solution 21.18-s082_1
  Generated on:           Sep 05 2025  01:46:56 pm
  Module:                 square_root
  Operating conditions:   PVT_0P9V_125C 
  Operating conditions:   PVT_1P32V_0C 
  Interconnect mode:      global
  Area mode:              physical library
============================================================

                                              Library 
   Gate    Instances    Area       Library     Domain 
------------------------------------------------------
ADDHX1            12    45.144    fast_vdd1v2    best 
ADDHX2             3    15.390    fast_vdd1v2    best 
ADDHX4             2    14.364    fast_vdd1v2    best 
AND2X1             2     2.736    fast_vdd1v2    best 
AND2X2             3     5.130    fast_vdd1v2    best 
AND2X4             3     8.208    fast_vdd1v2    best 
AND2X6             1     3.762    fast_vdd1v2    best 
AO21X4             1     3.420    fast_vdd1v2    best 
AO22X1            32    87.552    fast_vdd1v2    best 
AOI21X1            1     1.710    fast_vdd1v2    best 
AOI21X2            5    13.680    fast_vdd1v2    best 
AOI21X4            3    15.390    fast_vdd1v2    best 
AOI221X4           1     7.866    fast_vdd1v2    best 
AOI22X4            2    12.312    fast_vdd1v2    best 
AOI2BB1X1          1     2.052    fast_vdd1v2    best 
AOI2BB1X4          1     4.104    fast_vdd1v2    best 
AOI31X1            1     2.052    fast_vdd1v2    best 
AOI31X2            1     3.420    fast_vdd1v2    best 
AOI31X4            2    12.996    fast_vdd1v2    best 
AOI32X1            1     2.394    fast_vdd1v2    best 
BUFX2             16    27.360    fast_vdd1v2    best 
BUFX3              3     6.156    fast_vdd1v2    best 
BUFX6              8    24.624    fast_vdd1v2    best 
CLKAND2X2          1     2.052    fast_vdd1v2    best 
CLKAND2X3          4    12.312    fast_vdd1v2    best 
CLKAND2X6          2     9.576    fast_vdd1v2    best 
CLKBUFX12          2    10.260    fast_vdd1v2    best 
CLKBUFX16          1     6.840    fast_vdd1v2    best 
CLKBUFX3          15    30.780    fast_vdd1v2    best 
CLKINVX12          2     8.208    fast_vdd1v2    best 
CLKINVX2           7     9.576    fast_vdd1v2    best 
CLKINVX3           1     1.710    fast_vdd1v2    best 
CLKINVX4          16    27.360    fast_vdd1v2    best 
CLKINVX6           5    11.970    fast_vdd1v2    best 
CLKINVX8           2     6.156    fast_vdd1v2    best 
CLKMX2X2           1     3.078    fast_vdd1v2    best 
CLKMX2X3          10    41.040    fast_vdd1v2    best 
CLKXOR2X1          8    21.888    fast_vdd1v2    best 
CLKXOR2X2          1     3.420    fast_vdd1v2    best 
DFFRHQX1          45   277.020    fast_vdd1v2    best 
DFFRHQX2           2    15.732    fast_vdd1v2    best 
DFFRHQX4           1     9.576    fast_vdd1v2    best 
DFFRHQX8           7    79.002    fast_vdd1v2    best 
DFFRX2             1     7.524    fast_vdd1v2    best 
INVX1             25    17.100    fast_vdd1v2    best 
INVX2             22    22.572    fast_vdd1v2    best 
INVX3              5     6.840    fast_vdd1v2    best 
MX2X1             19    45.486    fast_vdd1v2    best 
MXI2X4             1     5.130    fast_vdd1v2    best 
NAND2BX1           1     1.368    fast_vdd1v2    best 
NAND2BX2           1     2.394    fast_vdd1v2    best 
NAND2BX4           1     3.762    fast_vdd1v2    best 
NAND2X1            6     6.156    fast_vdd1v2    best 
NAND2X2            4     6.840    fast_vdd1v2    best 
NAND2X4           12    41.040    fast_vdd1v2    best 
NAND2X6            9    43.092    fast_vdd1v2    best 
NAND2X8            2    10.944    fast_vdd1v2    best 
NAND3X2            2     5.472    fast_vdd1v2    best 
NAND3X4            2     9.576    fast_vdd1v2    best 
NAND3X6            2    14.364    fast_vdd1v2    best 
NAND4X4            1     6.840    fast_vdd1v2    best 
NOR2BX2            3     8.208    fast_vdd1v2    best 
NOR2BX4            1     3.762    fast_vdd1v2    best 
NOR2X1             8     8.208    fast_vdd1v2    best 
NOR2X2             4     6.840    fast_vdd1v2    best 
NOR2X4             7    21.546    fast_vdd1v2    best 
NOR2X6             4    16.416    fast_vdd1v2    best 
NOR2X8             2    10.944    fast_vdd1v2    best 
NOR3BX1            1     2.052    fast_vdd1v2    best 
NOR3X4             3    15.390    fast_vdd1v2    best 
NOR3X6             1     7.182    fast_vdd1v2    best 
NOR4BX1            1     2.394    fast_vdd1v2    best 
OA21X2             1     3.078    fast_vdd1v2    best 
OA22X1             1     2.394    fast_vdd1v2    best 
OAI211X1           1     1.710    fast_vdd1v2    best 
OAI21X1            1     1.710    fast_vdd1v2    best 
OAI21X2            3     9.234    fast_vdd1v2    best 
OAI21X4           10    47.880    fast_vdd1v2    best 
OAI22X1            2     4.104    fast_vdd1v2    best 
OAI22X2            1     3.420    fast_vdd1v2    best 
OAI22X4            2    12.996    fast_vdd1v2    best 
OAI2BB1X1          2     3.420    fast_vdd1v2    best 
OAI2BB1X4          2     8.892    fast_vdd1v2    best 
OAI31X1            1     2.052    fast_vdd1v2    best 
OAI31X4            1     6.840    fast_vdd1v2    best 
OR2X1              2     2.736    fast_vdd1v2    best 
OR2X4              2     5.472    fast_vdd1v2    best 
OR2X6              3    11.286    fast_vdd1v2    best 
XNOR2X1           26    62.244    fast_vdd1v2    best 
XNOR2X2            4    12.312    fast_vdd1v2    best 
XNOR2X4            1     3.762    fast_vdd1v2    best 
------------------------------------------------------
total            455  1474.362                


                                         
     Type      Instances   Area   Area % 
-----------------------------------------
sequential            56  388.854   26.4 
inverter              85  111.492    7.6 
buffer                45  106.020    7.2 
logic                269  867.996   58.9 
physical_cells         0    0.000    0.0 
-----------------------------------------
total                455 1474.362  100.0 

