============================================================
  Generated by:           Genus(TM) Synthesis Solution 21.18-s082_1
  Generated on:           Oct 16 2025  12:48:42 pm
  Module:                 BubbleSort
  Operating conditions:   PVT_0P9V_125C 
  Operating conditions:   PVT_1P32V_0C 
  Interconnect mode:      global
  Area mode:              physical library
============================================================

Timing
--------

Clock Period 
-------------
clk    400.0 


  Cost    Critical             Violating 
 Group   Path Slack    TNS       Paths   
-----------------------------------------
clk           -28.1   -1880.1         91 
default    No paths       0.0            
-----------------------------------------
Total                 -1880.1         91 

Instance Count
--------------
Leaf Instance Count             608 
Physical Instance count           0 
Sequential Instance Count       334 
Combinational Instance Count    274 
Hierarchical Instance Count       0 

Area
----
Cell Area                          3074.922
Physical Cell Area                 0.000
Total Cell Area (Cell+Physical)    3074.922
Net Area                           616.247
Total Area (Cell+Physical+Net)     3691.169

Max Fanout                         333 (clk_gated_s)
Min Fanout                         0 (n_0)
Average Fanout                     2.1
Terms to net ratio                 3.5919
Terms to instance ratio            3.7928
Runtime                            24.788014 seconds
Elapsed Runtime                    27 seconds
Genus peak memory usage            1758.91 
Innovus peak memory usage          no_value 
Hostname                           gmicro02
