============================================================
  Generated by:           Genus(TM) Synthesis Solution 21.18-s082_1
  Generated on:           Oct 16 2025  12:48:42 pm
  Module:                 BubbleSort
  Operating conditions:   PVT_0P9V_125C 
  Operating conditions:   PVT_1P32V_0C 
  Interconnect mode:      global
  Area mode:              physical library
============================================================

                                               Library 
   Gate     Instances    Area       Library     Domain 
-------------------------------------------------------
AND2X1              1     1.368    fast_vdd1v2    best 
AOI211X2            5    17.100    fast_vdd1v2    best 
AOI211X4            1     6.498    fast_vdd1v2    best 
AOI21X1             2     3.420    fast_vdd1v2    best 
AOI21X2             1     2.736    fast_vdd1v2    best 
AOI21X4             3    15.390    fast_vdd1v2    best 
AOI22X1            31    63.612    fast_vdd1v2    best 
AOI22X2             1     3.762    fast_vdd1v2    best 
BUFX6               1     3.078    fast_vdd1v2    best 
CLKAND2X12          2    15.048    fast_vdd1v2    best 
CLKAND2X2           1     2.052    fast_vdd1v2    best 
CLKAND2X3           1     3.078    fast_vdd1v2    best 
CLKBUFX12           1     5.130    fast_vdd1v2    best 
CLKBUFX3            6    12.312    fast_vdd1v2    best 
CLKINVX12           2     8.208    fast_vdd1v2    best 
CLKINVX16           1     5.472    fast_vdd1v2    best 
CLKINVX2            1     1.368    fast_vdd1v2    best 
CLKINVX4            1     1.710    fast_vdd1v2    best 
CLKINVX6           26    62.244    fast_vdd1v2    best 
CLKINVX8            8    24.624    fast_vdd1v2    best 
DFFRHQX1          235  1446.660    fast_vdd1v2    best 
DFFRHQX2            9    70.794    fast_vdd1v2    best 
DFFRHQX4           31   296.856    fast_vdd1v2    best 
DFFRHQX8           34   383.724    fast_vdd1v2    best 
DFFRX2             22   165.528    fast_vdd1v2    best 
DFFRX4              1     9.576    fast_vdd1v2    best 
DFFRXL              1     8.550    fast_vdd1v2    best 
INVX1              15    10.260    fast_vdd1v2    best 
INVX2              10    10.260    fast_vdd1v2    best 
INVX3               2     2.736    fast_vdd1v2    best 
INVX4               1     1.710    fast_vdd1v2    best 
INVXL               2     1.368    fast_vdd1v2    best 
MX2X1              32    76.608    fast_vdd1v2    best 
MXI2XL              1     2.394    fast_vdd1v2    best 
NAND2BX1            3     4.104    fast_vdd1v2    best 
NAND2X1             7     7.182    fast_vdd1v2    best 
NAND2X2             1     1.710    fast_vdd1v2    best 
NAND2X4             1     3.420    fast_vdd1v2    best 
NAND3BX4            1     5.130    fast_vdd1v2    best 
NAND3BXL            1     1.710    fast_vdd1v2    best 
NAND3X1             2     3.420    fast_vdd1v2    best 
NAND3X2             1     2.736    fast_vdd1v2    best 
NAND4XL             1     1.710    fast_vdd1v2    best 
NOR2BX1            17    23.256    fast_vdd1v2    best 
NOR2BX2             5    13.680    fast_vdd1v2    best 
NOR2X2              2     3.420    fast_vdd1v2    best 
NOR2X4              4    12.312    fast_vdd1v2    best 
NOR2X8              1     5.472    fast_vdd1v2    best 
NOR3BX1             3     6.156    fast_vdd1v2    best 
NOR3X1              1     1.710    fast_vdd1v2    best 
NOR3X4              6    30.780    fast_vdd1v2    best 
NOR4X1              1     1.710    fast_vdd1v2    best 
OA21X1              1     2.052    fast_vdd1v2    best 
OAI211X2            1     4.104    fast_vdd1v2    best 
OAI21X1             1     1.710    fast_vdd1v2    best 
OAI21X2            21    64.638    fast_vdd1v2    best 
OAI21X4            16    76.608    fast_vdd1v2    best 
OAI221X1            1     2.394    fast_vdd1v2    best 
OAI22X1             7    14.364    fast_vdd1v2    best 
OAI2BB1X2           1     3.078    fast_vdd1v2    best 
OAI2BB1X4           2     8.892    fast_vdd1v2    best 
OAI31X2             3    11.286    fast_vdd1v2    best 
OR2X1               2     2.736    fast_vdd1v2    best 
OR2X4               1     2.736    fast_vdd1v2    best 
TLATNXL             1     5.472    fast_vdd1v2    best 
-------------------------------------------------------
total             608  3074.922                


                                         
     Type      Instances   Area   Area % 
-----------------------------------------
sequential           334 2387.160   77.6 
inverter              69  129.960    4.2 
buffer                 8   20.520    0.7 
logic                197  537.282   17.5 
physical_cells         0    0.000    0.0 
-----------------------------------------
total                608 3074.922  100.0 

