============================================================
  Generated by:           Genus(TM) Synthesis Solution 21.18-s082_1
  Generated on:           Sep 15 2025  10:47:15 pm
  Module:                 Square_root
  Operating conditions:   PVT_0P9V_125C 
  Operating conditions:   PVT_1P32V_0C 
  Interconnect mode:      global
  Area mode:              physical library
============================================================

                                             Library 
   Gate    Instances   Area       Library     Domain 
-----------------------------------------------------
ADDFHX1            1    7.524    fast_vdd1v2    best 
ADDFHX2            1    8.208    fast_vdd1v2    best 
ADDFX1             1    5.130    fast_vdd1v2    best 
ADDHX1            12   45.144    fast_vdd1v2    best 
AND2X1             2    2.736    fast_vdd1v2    best 
AND2X2             1    1.710    fast_vdd1v2    best 
AO21X1             2    4.788    fast_vdd1v2    best 
AO21X4             3   10.260    fast_vdd1v2    best 
AOI21X1            1    1.710    fast_vdd1v2    best 
AOI21X2            1    2.736    fast_vdd1v2    best 
AOI221X2           2    8.892    fast_vdd1v2    best 
AOI22X1            4    8.208    fast_vdd1v2    best 
AOI2BB1X1          1    2.052    fast_vdd1v2    best 
AOI32X1            1    2.394    fast_vdd1v2    best 
BUFX12             1    5.130    fast_vdd1v2    best 
BUFX16             1    6.840    fast_vdd1v2    best 
BUFX2              2    3.420    fast_vdd1v2    best 
BUFX3              1    2.052    fast_vdd1v2    best 
BUFX6              8   24.624    fast_vdd1v2    best 
CLKBUFX16          5   34.200    fast_vdd1v2    best 
CLKBUFX3           7   14.364    fast_vdd1v2    best 
CLKINVX4           3    5.130    fast_vdd1v2    best 
CLKINVX8           1    3.078    fast_vdd1v2    best 
CLKMX2X3           1    4.104    fast_vdd1v2    best 
CLKXOR2X1          7   19.152    fast_vdd1v2    best 
DFFRHQX1          46  283.176    fast_vdd1v2    best 
DFFRHQX2           3   23.598    fast_vdd1v2    best 
DFFRHQX4           3   28.728    fast_vdd1v2    best 
DFFRHQX8           1   11.286    fast_vdd1v2    best 
DFFRX1             1    6.840    fast_vdd1v2    best 
DFFRX2             5   37.620    fast_vdd1v2    best 
DFFSHQX8           1   10.602    fast_vdd1v2    best 
INVX1              9    6.156    fast_vdd1v2    best 
INVX2              9    9.234    fast_vdd1v2    best 
MX2X1             50  119.700    fast_vdd1v2    best 
NAND2BX1           3    4.104    fast_vdd1v2    best 
NAND2X1            8    8.208    fast_vdd1v2    best 
NAND2X2            3    5.130    fast_vdd1v2    best 
NAND2X4            1    3.420    fast_vdd1v2    best 
NAND3BX1           2    4.104    fast_vdd1v2    best 
NAND3BXL           2    3.420    fast_vdd1v2    best 
NOR2BX1            3    4.104    fast_vdd1v2    best 
NOR2X1            10   10.260    fast_vdd1v2    best 
NOR2X2             3    5.130    fast_vdd1v2    best 
NOR2X4             2    6.156    fast_vdd1v2    best 
OAI211X1           5    8.550    fast_vdd1v2    best 
OAI21X4            3   14.364    fast_vdd1v2    best 
OAI222X1           1    2.736    fast_vdd1v2    best 
OAI22X1            1    2.052    fast_vdd1v2    best 
OAI2BB1X1          2    3.420    fast_vdd1v2    best 
OAI32X4            1    8.208    fast_vdd1v2    best 
OR2X1              3    4.104    fast_vdd1v2    best 
OR3X1              1    2.052    fast_vdd1v2    best 
XNOR2X1            6   14.364    fast_vdd1v2    best 
-----------------------------------------------------
total            258  884.412                


                                        
     Type      Instances   Area  Area % 
----------------------------------------
sequential            60 401.850   45.4 
inverter              22  23.598    2.7 
buffer                25  90.630   10.2 
logic                151 368.334   41.6 
physical_cells         0   0.000    0.0 
----------------------------------------
total                258 884.412  100.0 

