============================================================
  Generated by:           Genus(TM) Synthesis Solution 21.18-s082_1
  Generated on:           Oct 01 2025  12:33:20 am
  Module:                 BubbleSort
  Operating conditions:   PVT_0P9V_125C 
  Operating conditions:   PVT_1P32V_0C 
  Interconnect mode:      global
  Area mode:              physical library
============================================================

Timing
--------

Clock Period 
-------------
clk    500.0 


  Cost    Critical         Violating 
 Group   Path Slack  TNS     Paths   
-------------------------------------
clk             0.0   0.0          0 
default    No paths   0.0            
-------------------------------------
Total                 0.0          0 

Instance Count
--------------
Leaf Instance Count             1224 
Physical Instance count            0 
Sequential Instance Count        393 
Combinational Instance Count     831 
Hierarchical Instance Count        0 

Area
----
Cell Area                          4486.356
Physical Cell Area                 0.000
Total Cell Area (Cell+Physical)    4486.356
Net Area                           1472.157
Total Area (Cell+Physical+Net)     5958.513

Max Fanout                         393 (clk)
Min Fanout                         0 (n_74)
Average Fanout                     2.4
Terms to net ratio                 3.6153
Terms to instance ratio            3.8693
Runtime                            28.738488 seconds
Elapsed Runtime                    30 seconds
Genus peak memory usage            1461.20 
Innovus peak memory usage          no_value 
Hostname                           gmicro02
