============================================================
  Generated by:           Genus(TM) Synthesis Solution 21.18-s082_1
  Generated on:           Oct 01 2025  12:33:20 am
  Module:                 BubbleSort
  Operating conditions:   PVT_0P9V_125C 
  Operating conditions:   PVT_1P32V_0C 
  Interconnect mode:      global
  Area mode:              physical library
============================================================

                                               Library 
   Gate     Instances    Area       Library     Domain 
-------------------------------------------------------
ADDHX1              1     3.762    fast_vdd1v2    best 
AND2X1             16    21.888    fast_vdd1v2    best 
AND2X2              2     3.420    fast_vdd1v2    best 
AND2X4              2     5.472    fast_vdd1v2    best 
AND2X8              1     4.446    fast_vdd1v2    best 
AND4X1              2     4.788    fast_vdd1v2    best 
AND4X2              1     3.078    fast_vdd1v2    best 
AO21X1              1     2.394    fast_vdd1v2    best 
AOI211X1            1     2.394    fast_vdd1v2    best 
AOI211X2            3    10.260    fast_vdd1v2    best 
AOI21X2             6    16.416    fast_vdd1v2    best 
AOI21X4             3    15.390    fast_vdd1v2    best 
AOI221X1            5    11.970    fast_vdd1v2    best 
AOI221X2            1     4.446    fast_vdd1v2    best 
AOI222X1           32    98.496    fast_vdd1v2    best 
AOI22X1            45    92.340    fast_vdd1v2    best 
AOI22X2             1     3.762    fast_vdd1v2    best 
AOI2BB1X2           3     9.234    fast_vdd1v2    best 
AOI2BB1X4           4    16.416    fast_vdd1v2    best 
AOI31X2             4    13.680    fast_vdd1v2    best 
BUFX12              1     5.130    fast_vdd1v2    best 
BUFX2              65   111.150    fast_vdd1v2    best 
BUFX20              2    16.416    fast_vdd1v2    best 
BUFX3              22    45.144    fast_vdd1v2    best 
BUFX4              10    23.940    fast_vdd1v2    best 
CLKAND2X12          1     7.524    fast_vdd1v2    best 
CLKAND2X2           2     4.104    fast_vdd1v2    best 
CLKAND2X6           1     4.788    fast_vdd1v2    best 
CLKAND2X8           1     5.814    fast_vdd1v2    best 
CLKBUFX3            1     2.052    fast_vdd1v2    best 
CLKINVX12           1     4.104    fast_vdd1v2    best 
CLKINVX20           1     6.498    fast_vdd1v2    best 
CLKINVX6            1     2.394    fast_vdd1v2    best 
CLKXOR2X1           3     8.208    fast_vdd1v2    best 
DFFRHQX1          315  1939.140    fast_vdd1v2    best 
DFFRHQX2            4    31.464    fast_vdd1v2    best 
DFFRHQX4           16   153.216    fast_vdd1v2    best 
DFFRX1              5    34.200    fast_vdd1v2    best 
DFFRX2             31   233.244    fast_vdd1v2    best 
DFFRX4             18   172.368    fast_vdd1v2    best 
DFFX1               4    28.728    fast_vdd1v2    best 
INVX1              13     8.892    fast_vdd1v2    best 
INVX2              16    16.416    fast_vdd1v2    best 
INVX3               1     1.368    fast_vdd1v2    best 
INVXL               2     1.368    fast_vdd1v2    best 
MX2X1             320   766.080    fast_vdd1v2    best 
MXI2XL              3     7.182    fast_vdd1v2    best 
NAND2BX1           16    21.888    fast_vdd1v2    best 
NAND2BX2           12    28.728    fast_vdd1v2    best 
NAND2BX4            2     7.524    fast_vdd1v2    best 
NAND2X1             5     5.130    fast_vdd1v2    best 
NAND2X2             6    10.260    fast_vdd1v2    best 
NAND2X4             5    17.100    fast_vdd1v2    best 
NAND2X6             2     9.576    fast_vdd1v2    best 
NAND3BX4            1     5.130    fast_vdd1v2    best 
NAND3X1             1     1.710    fast_vdd1v2    best 
NAND3X2             1     2.736    fast_vdd1v2    best 
NAND4BX1            1     2.394    fast_vdd1v2    best 
NAND4X2             1     3.762    fast_vdd1v2    best 
NAND4X4             1     6.840    fast_vdd1v2    best 
NAND4XL             1     1.710    fast_vdd1v2    best 
NOR2BX1            14    19.152    fast_vdd1v2    best 
NOR2BX2             1     2.736    fast_vdd1v2    best 
NOR2X1             13    13.338    fast_vdd1v2    best 
NOR2X2              4     6.840    fast_vdd1v2    best 
NOR2X4              3     9.234    fast_vdd1v2    best 
NOR2X6              1     4.104    fast_vdd1v2    best 
NOR2X8              1     5.472    fast_vdd1v2    best 
NOR3X4              1     5.130    fast_vdd1v2    best 
NOR4X1              1     1.710    fast_vdd1v2    best 
OA22X1              3     7.182    fast_vdd1v2    best 
OAI211X1            3     5.130    fast_vdd1v2    best 
OAI21X2             4    12.312    fast_vdd1v2    best 
OAI21X4             5    23.940    fast_vdd1v2    best 
OAI221X1            4     9.576    fast_vdd1v2    best 
OAI22X1             6    12.312    fast_vdd1v2    best 
OAI22X2             6    20.520    fast_vdd1v2    best 
OAI2BB1X1          66   112.860    fast_vdd1v2    best 
OAI2BB1X2           4    12.312    fast_vdd1v2    best 
OAI2BB1X4           1     4.446    fast_vdd1v2    best 
OAI31X2             1     3.762    fast_vdd1v2    best 
OAI31X4             1     6.840    fast_vdd1v2    best 
OAI32X4             1     8.208    fast_vdd1v2    best 
OR2X1               5     6.840    fast_vdd1v2    best 
OR2X6               1     3.762    fast_vdd1v2    best 
OR3X1               1     2.052    fast_vdd1v2    best 
OR4X1               1     2.052    fast_vdd1v2    best 
XNOR2X1            23    55.062    fast_vdd1v2    best 
-------------------------------------------------------
total            1224  4486.356                


                                         
     Type      Instances   Area   Area % 
-----------------------------------------
sequential           393 2592.360   57.8 
inverter              35   41.040    0.9 
buffer               101  203.832    4.5 
logic                695 1649.124   36.8 
physical_cells         0    0.000    0.0 
-----------------------------------------
total               1224 4486.356  100.0 

