============================================================
  Generated by:           Genus(TM) Synthesis Solution 21.18-s082_1
  Generated on:           Oct 01 2025  12:32:10 am
  Module:                 BubbleSort
  Operating conditions:   PVT_0P9V_125C 
  Operating conditions:   PVT_1P32V_0C 
  Interconnect mode:      global
  Area mode:              physical library
============================================================

                                              Library 
   Gate    Instances    Area       Library     Domain 
------------------------------------------------------
ADDHX1             1     3.762    fast_vdd1v2    best 
AND2X1             5     6.840    fast_vdd1v2    best 
AND2X4             2     5.472    fast_vdd1v2    best 
AND2X8             1     4.446    fast_vdd1v2    best 
AND3X2             1     2.736    fast_vdd1v2    best 
AND3X8             1     5.130    fast_vdd1v2    best 
AND4X2             1     3.078    fast_vdd1v2    best 
AO21X2             1     2.736    fast_vdd1v2    best 
AOI21X1            1     1.710    fast_vdd1v2    best 
AOI21X2            8    21.888    fast_vdd1v2    best 
AOI21X4            1     5.130    fast_vdd1v2    best 
AOI22X1           32    65.664    fast_vdd1v2    best 
AOI22X2            1     3.762    fast_vdd1v2    best 
AOI22X4            1     6.156    fast_vdd1v2    best 
AOI2BB1X2          2     6.156    fast_vdd1v2    best 
AOI2BB1X4          2     8.208    fast_vdd1v2    best 
AOI31X2            2     6.840    fast_vdd1v2    best 
AOI31X4            1     6.498    fast_vdd1v2    best 
BUFX12             1     5.130    fast_vdd1v2    best 
BUFX2             65   111.150    fast_vdd1v2    best 
BUFX4             32    76.608    fast_vdd1v2    best 
BUFX6              1     3.078    fast_vdd1v2    best 
CLKAND2X2          1     2.052    fast_vdd1v2    best 
CLKBUFX2           1     1.710    fast_vdd1v2    best 
CLKXOR2X1          1     2.736    fast_vdd1v2    best 
DFFRHQX1         321  1976.076    fast_vdd1v2    best 
DFFRHQX4          32   306.432    fast_vdd1v2    best 
DFFRX1             2    13.680    fast_vdd1v2    best 
DFFRX2            33   248.292    fast_vdd1v2    best 
DFFRX4             1     9.576    fast_vdd1v2    best 
DFFX1              3    21.546    fast_vdd1v2    best 
DFFX2              1     8.208    fast_vdd1v2    best 
INVX1             13     8.892    fast_vdd1v2    best 
INVX2              9     9.234    fast_vdd1v2    best 
INVX3              2     2.736    fast_vdd1v2    best 
INVXL              2     1.368    fast_vdd1v2    best 
MX2X1            385   921.690    fast_vdd1v2    best 
MXI2XL             3     7.182    fast_vdd1v2    best 
NAND2BX1          15    20.520    fast_vdd1v2    best 
NAND2BX2          12    28.728    fast_vdd1v2    best 
NAND2X1            9     9.234    fast_vdd1v2    best 
NAND2X2            6    10.260    fast_vdd1v2    best 
NAND2X4            4    13.680    fast_vdd1v2    best 
NAND3BX4           2    10.260    fast_vdd1v2    best 
NAND3X2            1     2.736    fast_vdd1v2    best 
NAND4X2            8    30.096    fast_vdd1v2    best 
NAND4XL            8    13.680    fast_vdd1v2    best 
NOR2BX1            9    12.312    fast_vdd1v2    best 
NOR2BX2            4    10.944    fast_vdd1v2    best 
NOR2X1             8     8.208    fast_vdd1v2    best 
NOR2X2             6    10.260    fast_vdd1v2    best 
NOR2X4             4    12.312    fast_vdd1v2    best 
NOR4X1             2     3.420    fast_vdd1v2    best 
NOR4X4             1     6.498    fast_vdd1v2    best 
OA21X1             2     4.104    fast_vdd1v2    best 
OA21X2             1     3.078    fast_vdd1v2    best 
OAI211X4           1     6.498    fast_vdd1v2    best 
OAI21X1            2     3.420    fast_vdd1v2    best 
OAI21X2            5    15.390    fast_vdd1v2    best 
OAI21X4            3    14.364    fast_vdd1v2    best 
OAI221X1           1     2.394    fast_vdd1v2    best 
OAI22X1            2     4.104    fast_vdd1v2    best 
OAI2BB1X1         33    56.430    fast_vdd1v2    best 
OAI2BB1X2          3     9.234    fast_vdd1v2    best 
OAI2BB1X4          3    13.338    fast_vdd1v2    best 
OAI31X2            1     3.762    fast_vdd1v2    best 
OAI32X2            1     4.446    fast_vdd1v2    best 
OR2X1              3     4.104    fast_vdd1v2    best 
OR2X6              1     3.762    fast_vdd1v2    best 
OR3X1              1     2.052    fast_vdd1v2    best 
XNOR2X1           65   155.610    fast_vdd1v2    best 
------------------------------------------------------
total           1200  4412.826                


                                         
     Type      Instances   Area   Area % 
-----------------------------------------
sequential           393 2583.810   58.6 
inverter              26   22.230    0.5 
buffer               100  197.676    4.5 
logic                681 1609.110   36.5 
physical_cells         0    0.000    0.0 
-----------------------------------------
total               1200 4412.826  100.0 

