============================================================
  Generated by:           Genus(TM) Synthesis Solution 21.18-s082_1
  Generated on:           Oct 01 2025  12:32:10 am
  Module:                 BubbleSort
  Operating conditions:   PVT_0P9V_125C 
  Operating conditions:   PVT_1P32V_0C 
  Interconnect mode:      global
  Area mode:              physical library
============================================================

Timing
--------

Clock Period 
-------------
clk    530.0 


  Cost    Critical         Violating 
 Group   Path Slack  TNS     Paths   
-------------------------------------
clk             2.2   0.0          0 
default    No paths   0.0            
-------------------------------------
Total                 0.0          0 

Instance Count
--------------
Leaf Instance Count             1200 
Physical Instance count            0 
Sequential Instance Count        393 
Combinational Instance Count     807 
Hierarchical Instance Count        0 

Area
----
Cell Area                          4412.826
Physical Cell Area                 0.000
Total Cell Area (Cell+Physical)    4412.826
Net Area                           1373.726
Total Area (Cell+Physical+Net)     5786.552

Max Fanout                         393 (clk)
Min Fanout                         0 (n_33)
Average Fanout                     2.3
Terms to net ratio                 3.6176
Terms to instance ratio            3.7442
Runtime                            28.743075 seconds
Elapsed Runtime                    30 seconds
Genus peak memory usage            1460.80 
Innovus peak memory usage          no_value 
Hostname                           gmicro02
