============================================================
  Generated by:           Genus(TM) Synthesis Solution 21.18-s082_1
  Generated on:           Sep 08 2025  12:25:14 am
  Module:                 square_root
  Operating conditions:   PVT_0P9V_125C 
  Operating conditions:   PVT_1P32V_0C 
  Interconnect mode:      global
  Area mode:              physical library
============================================================


Path 1: VIOLATED (-265 ps) Setup Check with Pin DATA_PATH_1_ROOT_REG_reg[1].dffn_sig_q_reg/CK->D
          Group: clk
     Startpoint: (R) CONTROL_PATH_CurrentState_reg[1]/CK
          Clock: (R) clk
       Endpoint: (R) DATA_PATH_1_ROOT_REG_reg[1].dffn_sig_q_reg/D
          Clock: (R) clk

                     Capture       Launch     
        Clock Edge:+    2000            0     
       Src Latency:+       0            0     
       Net Latency:+     100 (I)      100 (I) 
           Arrival:=    2100          100     
                                              
             Setup:-     150                  
       Uncertainty:-      50                  
     Required Time:=    1900                  
      Launch Clock:-     100                  
         Data Path:-    2065                  
             Slack:=    -265                  

#----------------------------------------------------------------------------------------------------------------------
#                Timing Point                  Flags    Arc   Edge   Cell     Fanout Load Trans Delay Arrival Instance 
#                                                                                    (fF)  (ps)  (ps)   (ps)  Location 
#----------------------------------------------------------------------------------------------------------------------
  CONTROL_PATH_CurrentState_reg[1]/CK          -       -      R     (arrival)     56    -     0     0     100    (-,-) 
  CONTROL_PATH_CurrentState_reg[1]/Q           -       CK->Q  R     DFFRHQX4       1  7.8    68   281     381    (-,-) 
  g12205/Y                                     -       A->Y   F     CLKINVX12      2 11.6    49    56     437    (-,-) 
  g12180/Y                                     -       A->Y   R     CLKINVX12      2 17.3    47    49     486    (-,-) 
  g12179/Y                                     -       A->Y   F     CLKINVX12      4 16.2    55    53     538    (-,-) 
  g12178/Y                                     -       A->Y   R     CLKINVX12      4 16.8    47    51     589    (-,-) 
  g12177/Y                                     -       A->Y   F     CLKINVX6       2  6.1    44    48     637    (-,-) 
  g12176/Y                                     -       A->Y   R     CLKINVX4       1  6.1    44    46     682    (-,-) 
  g12080__8246/Y                               -       B->Y   F     NAND2X8        1  5.8    82    74     756    (-,-) 
  g11986__6161/Y                               -       B->Y   R     NAND2X8        2  9.2    57    61     817    (-,-) 
  g11967/Y                                     -       A->Y   F     CLKINVX4       1  5.1    50    56     873    (-,-) 
  g11933__1666/Y                               -       B->Y   R     NAND2X6        1  5.3    42    44     917    (-,-) 
  g11864__5477/Y                               -       A->Y   F     NAND2X6        2  6.1    97    91    1008    (-,-) 
  g11784__7482/Y                               -       B->Y   R     NOR2X4         1  3.3    69    83    1091    (-,-) 
  g11725__8428/Y                               -       A1N->Y R     AOI2BB1X4      1  5.3    86   143    1235    (-,-) 
  g11714__1881/Y                               -       A->Y   F     NAND2X6        1  5.1    88   107    1342    (-,-) 
  g11695__1666/Y                               -       B->Y   R     NOR2X6         1  5.3    71    79    1421    (-,-) 
  g11684__1617/Y                               -       B->Y   F     NOR2X6         2  8.7    70    67    1488    (-,-) 
  g11657__2346/Y                               -       A->Y   R     NAND2X8        1  3.7    44    51    1539    (-,-) 
  g11645__5122/Y                               -       B->Y   R     OR2X6          2  6.8    41    95    1634    (-,-) 
  g11617__2883/Y                               -       A1->Y  F     AOI21X4        1  5.8   132   112    1746    (-,-) 
  g11605__1881/Y                               -       A->Y   R     NOR2X8         2  7.8    77   113    1859    (-,-) 
  g11601__1705/Y                               -       B->Y   F     NOR2X8         8 17.9   104    81    1940    (-,-) 
  g11576__6260/Y                               -       S0->Y  R     MX2X1          1  3.2    85   224    2165    (-,-) 
  DATA_PATH_1_ROOT_REG_reg[1].dffn_sig_q_reg/D <<<     -      R     DFFRHQX1       1    -     -     0    2165    (-,-) 
#----------------------------------------------------------------------------------------------------------------------

