============================================================
  Generated by:           Genus(TM) Synthesis Solution 21.18-s082_1
  Generated on:           Sep 08 2025  12:25:14 am
  Module:                 square_root
  Operating conditions:   PVT_0P9V_125C 
  Operating conditions:   PVT_1P32V_0C 
  Interconnect mode:      global
  Area mode:              physical library
============================================================

Timing
--------

Clock Period 
-------------
clk   2000.0 


  Cost    Critical             Violating 
 Group   Path Slack    TNS       Paths   
-----------------------------------------
clk          -265.0   -5215.8         29 
default    No paths       0.0            
-----------------------------------------
Total                 -5215.8         29 

Instance Count
--------------
Leaf Instance Count             683 
Physical Instance count           0 
Sequential Instance Count        56 
Combinational Instance Count    627 
Hierarchical Instance Count       0 

Area
----
Cell Area                          2401.524
Physical Cell Area                 0.000
Total Cell Area (Cell+Physical)    2401.524
Net Area                           720.057
Total Area (Cell+Physical+Net)     3121.581

Max Fanout                         56 (clk)
Min Fanout                         0 (rst_n)
Average Fanout                     1.9
Terms to net ratio                 2.9050
Terms to instance ratio            2.9985
Runtime                            26.413041 seconds
Elapsed Runtime                    28 seconds
Genus peak memory usage            1398.29 
Innovus peak memory usage          no_value 
Hostname                           gmicro02
