============================================================
  Generated by:           Genus(TM) Synthesis Solution 21.18-s082_1
  Generated on:           Sep 08 2025  12:25:14 am
  Module:                 square_root
  Operating conditions:   PVT_0P9V_125C 
  Operating conditions:   PVT_1P32V_0C 
  Interconnect mode:      global
  Area mode:              physical library
============================================================

                                              Library 
   Gate    Instances    Area       Library     Domain 
------------------------------------------------------
ADDHX1             4    15.048    slow_vdd1v0   worst 
ADDHX2             1     5.130    slow_vdd1v0   worst 
AND2X1             6     8.208    slow_vdd1v0   worst 
AND2X4             1     2.736    slow_vdd1v0   worst 
AND2X6             6    22.572    slow_vdd1v0   worst 
AO22X1             8    21.888    slow_vdd1v0   worst 
AO22X4            10    37.620    slow_vdd1v0   worst 
AOI211X1           1     2.394    slow_vdd1v0   worst 
AOI211X4           2    12.996    slow_vdd1v0   worst 
AOI21X1            2     3.420    slow_vdd1v0   worst 
AOI21X2            1     2.736    slow_vdd1v0   worst 
AOI21X4            9    46.170    slow_vdd1v0   worst 
AOI2BB1X4         21    86.184    slow_vdd1v0   worst 
AOI31X2            1     3.420    slow_vdd1v0   worst 
AOI31X4            1     6.498    slow_vdd1v0   worst 
AOI32X4            1     7.866    slow_vdd1v0   worst 
BUFX2             21    35.910    slow_vdd1v0   worst 
BUFX3              1     2.052    slow_vdd1v0   worst 
BUFX6             27    83.106    slow_vdd1v0   worst 
CLKAND2X2          2     4.104    slow_vdd1v0   worst 
CLKAND2X3          6    18.468    slow_vdd1v0   worst 
CLKAND2X4          1     3.420    slow_vdd1v0   worst 
CLKAND2X6         19    90.972    slow_vdd1v0   worst 
CLKBUFX3           1     2.052    slow_vdd1v0   worst 
CLKBUFX4           4     9.576    slow_vdd1v0   worst 
CLKINVX12          6    24.624    slow_vdd1v0   worst 
CLKINVX16          1     5.472    slow_vdd1v0   worst 
CLKINVX2           2     2.736    slow_vdd1v0   worst 
CLKINVX20          1     6.498    slow_vdd1v0   worst 
CLKINVX3           1     1.710    slow_vdd1v0   worst 
CLKINVX4          29    49.590    slow_vdd1v0   worst 
CLKINVX6          25    59.850    slow_vdd1v0   worst 
CLKINVX8          10    30.780    slow_vdd1v0   worst 
CLKMX2X3           8    32.832    slow_vdd1v0   worst 
CLKXOR2X1          9    24.624    slow_vdd1v0   worst 
CLKXOR2X2          3    10.260    slow_vdd1v0   worst 
DFFRHQX1          11    67.716    slow_vdd1v0   worst 
DFFRHQX2          11    86.526    slow_vdd1v0   worst 
DFFRHQX4          31   296.856    slow_vdd1v0   worst 
DFFRX2             3    22.572    slow_vdd1v0   worst 
INVX1             28    19.152    slow_vdd1v0   worst 
INVX2             53    54.378    slow_vdd1v0   worst 
INVX3             17    23.256    slow_vdd1v0   worst 
INVX4              1     1.710    slow_vdd1v0   worst 
INVX6              1     2.394    slow_vdd1v0   worst 
INVXL              1     0.684    slow_vdd1v0   worst 
MX2X1             19    45.486    slow_vdd1v0   worst 
MXI2X4             5    25.650    slow_vdd1v0   worst 
NAND2BX1           2     2.736    slow_vdd1v0   worst 
NAND2BX4           1     3.762    slow_vdd1v0   worst 
NAND2X1            5     5.130    slow_vdd1v0   worst 
NAND2X2            2     3.420    slow_vdd1v0   worst 
NAND2X4           15    51.300    slow_vdd1v0   worst 
NAND2X6           11    52.668    slow_vdd1v0   worst 
NAND2X8           26   142.272    slow_vdd1v0   worst 
NOR2BX2            2     5.472    slow_vdd1v0   worst 
NOR2BX4            4    15.048    slow_vdd1v0   worst 
NOR2X1             6     6.156    slow_vdd1v0   worst 
NOR2X2             6    10.260    slow_vdd1v0   worst 
NOR2X4            36   110.808    slow_vdd1v0   worst 
NOR2X6            54   221.616    slow_vdd1v0   worst 
NOR2X8            17    93.024    slow_vdd1v0   worst 
NOR3X2             1     2.736    slow_vdd1v0   worst 
NOR3X4             1     5.130    slow_vdd1v0   worst 
NOR3X6             4    28.728    slow_vdd1v0   worst 
NOR3X8             1     8.892    slow_vdd1v0   worst 
OA21X1             1     2.052    slow_vdd1v0   worst 
OA21X4             1     3.762    slow_vdd1v0   worst 
OAI211X2           1     4.104    slow_vdd1v0   worst 
OAI21X2            1     3.078    slow_vdd1v0   worst 
OAI21X4           11    52.668    slow_vdd1v0   worst 
OAI22X2            4    13.680    slow_vdd1v0   worst 
OAI22X4            5    32.490    slow_vdd1v0   worst 
OAI2BB1X1          1     1.710    slow_vdd1v0   worst 
OAI2BB1X2          1     3.078    slow_vdd1v0   worst 
OAI2BB1X4          5    22.230    slow_vdd1v0   worst 
OR2X1              2     2.736    slow_vdd1v0   worst 
OR2X2              3     5.130    slow_vdd1v0   worst 
OR2X6              4    15.048    slow_vdd1v0   worst 
OR3X1              2     4.104    slow_vdd1v0   worst 
OR3X6              1     4.788    slow_vdd1v0   worst 
XNOR2X1           12    28.728    slow_vdd1v0   worst 
XNOR2X2            1     3.078    slow_vdd1v0   worst 
------------------------------------------------------
total            683  2401.524                


                                         
     Type      Instances   Area   Area % 
-----------------------------------------
sequential            56  473.670   19.7 
inverter             176  282.834   11.8 
buffer                54  132.696    5.5 
logic                397 1512.324   63.0 
physical_cells         0    0.000    0.0 
-----------------------------------------
total                683 2401.524  100.0 

