============================================================
  Generated by:           Genus(TM) Synthesis Solution 21.18-s082_1
  Generated on:           Oct 16 2025  12:48:05 pm
  Module:                 BubbleSort
  Operating conditions:   PVT_0P9V_125C 
  Operating conditions:   PVT_1P32V_0C 
  Interconnect mode:      global
  Area mode:              physical library
============================================================

Timing
--------

Clock Period 
-------------
clk    380.0 


  Cost    Critical             Violating 
 Group   Path Slack    TNS       Paths   
-----------------------------------------
clk           -50.8   -3961.3         97 
default    No paths       0.0            
-----------------------------------------
Total                 -3961.3         97 

Instance Count
--------------
Leaf Instance Count             607 
Physical Instance count           0 
Sequential Instance Count       334 
Combinational Instance Count    273 
Hierarchical Instance Count       0 

Area
----
Cell Area                          3106.728
Physical Cell Area                 0.000
Total Cell Area (Cell+Physical)    3106.728
Net Area                           615.866
Total Area (Cell+Physical+Net)     3722.594

Max Fanout                         333 (clk_gated_s)
Min Fanout                         0 (n_0)
Average Fanout                     2.1
Terms to net ratio                 3.6037
Terms to instance ratio            3.8056
Runtime                            24.822773 seconds
Elapsed Runtime                    27 seconds
Genus peak memory usage            1751.63 
Innovus peak memory usage          no_value 
Hostname                           gmicro02
