============================================================
  Generated by:           Genus(TM) Synthesis Solution 21.18-s082_1
  Generated on:           Oct 16 2025  12:48:05 pm
  Module:                 BubbleSort
  Operating conditions:   PVT_0P9V_125C 
  Operating conditions:   PVT_1P32V_0C 
  Interconnect mode:      global
  Area mode:              physical library
============================================================

                                               Library 
   Gate     Instances    Area       Library     Domain 
-------------------------------------------------------
AND2X1              2     2.736    fast_vdd1v2    best 
AND4X1              1     2.394    fast_vdd1v2    best 
AOI211X2            4    13.680    fast_vdd1v2    best 
AOI21X1             5     8.550    fast_vdd1v2    best 
AOI21X2             1     2.736    fast_vdd1v2    best 
AOI21X4             1     5.130    fast_vdd1v2    best 
AOI22X1            32    65.664    fast_vdd1v2    best 
AOI2BB1X1           1     2.052    fast_vdd1v2    best 
AOI31X1             1     2.052    fast_vdd1v2    best 
BUFX20              1     8.208    fast_vdd1v2    best 
BUFX3               1     2.052    fast_vdd1v2    best 
BUFX6               3     9.234    fast_vdd1v2    best 
CLKAND2X12          1     7.524    fast_vdd1v2    best 
CLKAND2X3           1     3.078    fast_vdd1v2    best 
CLKBUFX16           1     6.840    fast_vdd1v2    best 
CLKBUFX3            5    10.260    fast_vdd1v2    best 
CLKINVX12           1     4.104    fast_vdd1v2    best 
CLKINVX2            1     1.368    fast_vdd1v2    best 
CLKINVX4            3     5.130    fast_vdd1v2    best 
CLKINVX6           35    83.790    fast_vdd1v2    best 
CLKINVX8            2     6.156    fast_vdd1v2    best 
DFFRHQX1          208  1280.448    fast_vdd1v2    best 
DFFRHQX4           64   612.864    fast_vdd1v2    best 
DFFRHQX8           32   361.152    fast_vdd1v2    best 
DFFRX1             28   191.520    fast_vdd1v2    best 
DFFRX2              1     7.524    fast_vdd1v2    best 
INVX1              14     9.576    fast_vdd1v2    best 
INVX2               8     8.208    fast_vdd1v2    best 
INVX4               1     1.710    fast_vdd1v2    best 
INVXL               2     1.368    fast_vdd1v2    best 
MX2X1              32    76.608    fast_vdd1v2    best 
MXI2XL              1     2.394    fast_vdd1v2    best 
NAND2BX1            6     8.208    fast_vdd1v2    best 
NAND2BX2            1     2.394    fast_vdd1v2    best 
NAND2X1             5     5.130    fast_vdd1v2    best 
NAND2X2             3     5.130    fast_vdd1v2    best 
NAND2X4             1     3.420    fast_vdd1v2    best 
NAND2X8             1     5.472    fast_vdd1v2    best 
NAND3BX2            1     3.078    fast_vdd1v2    best 
NAND3BXL            1     1.710    fast_vdd1v2    best 
NAND3X4             1     4.788    fast_vdd1v2    best 
NAND4BX1            1     2.394    fast_vdd1v2    best 
NAND4XL             1     1.710    fast_vdd1v2    best 
NOR2BX1            13    17.784    fast_vdd1v2    best 
NOR2BX2             5    13.680    fast_vdd1v2    best 
NOR2X1              2     2.052    fast_vdd1v2    best 
NOR2X2              2     3.420    fast_vdd1v2    best 
NOR2X4              3     9.234    fast_vdd1v2    best 
NOR3BX1             1     2.052    fast_vdd1v2    best 
NOR3X2              4    10.944    fast_vdd1v2    best 
NOR3X4              2    10.260    fast_vdd1v2    best 
OA21X1              2     4.104    fast_vdd1v2    best 
OA22X1              1     2.394    fast_vdd1v2    best 
OAI211X2            1     4.104    fast_vdd1v2    best 
OAI21X2            31    95.418    fast_vdd1v2    best 
OAI21X4             6    28.728    fast_vdd1v2    best 
OAI221X1            1     2.394    fast_vdd1v2    best 
OAI22X1             6    12.312    fast_vdd1v2    best 
OAI2BB1X1           1     1.710    fast_vdd1v2    best 
OAI2BB1X2           4    12.312    fast_vdd1v2    best 
OAI31X2             5    18.810    fast_vdd1v2    best 
TLATNXL             1     5.472    fast_vdd1v2    best 
-------------------------------------------------------
total             607  3106.728                


                                         
     Type      Instances   Area   Area % 
-----------------------------------------
sequential           334 2458.980   79.2 
inverter              67  121.410    3.9 
buffer                11   36.594    1.2 
logic                195  489.744   15.8 
physical_cells         0    0.000    0.0 
-----------------------------------------
total                607 3106.728  100.0 

